#
# A fatal error has been detected by the Java Runtime Environment:
#
#  EXCEPTION_ACCESS_VIOLATION (0xc0000005) at pc=0x0000000180005b00, pid=13352, tid=21848
#
# JRE version: Java(TM) SE Runtime Environment (9.0+11) (build 9.0.4+11)
# Java VM: Java HotSpot(TM) 64-Bit Server VM (9.0.4+11, mixed mode, tiered, compressed oops, g1 gc, windows-amd64)
# Problematic frame:
# C  0x0000000180005b00
#
# No core dump will be written. Minidumps are not enabled by default on client versions of Windows
#
# If you would like to submit a bug report, please visit:
#   http://bugreport.java.com/bugreport/crash.jsp
# The crash happened outside the Java Virtual Machine in native code.
# See problematic frame for where to report the bug.
#

---------------  S U M M A R Y ------------

Command Line: -javaagent:D:\IntelliJ IDEA 2017.3.3\lib\idea_rt.jar=53475:D:\IntelliJ IDEA 2017.3.3\bin -Dfile.encoding=UTF-8 sample.Main

Host: Intel(R) Core(TM) i5-6500 CPU @ 3.20GHz, 4 cores, 7G,  Windows 10 , 64 bit Build 16299 (10.0.16299.15)
Time: Mon Mar 26 12:56:45 2018 GMT Summer Time elapsed time: 4 seconds (0d 0h 0m 4s)

---------------  T H R E A D  ---------------

Current thread (0x0000013d526fa800):  JavaThread "Thread-3" [_thread_in_native, id=21848, stack(0x0000003413d00000,0x0000003413e00000)]

Stack: [0x0000003413d00000,0x0000003413e00000],  sp=0x0000003413dfdf20,  free space=1015k
Native frames: (J=compiled Java code, j=interpreted, Vv=VM code, C=native code)
C  0x0000000180005b00
C  0x0000000180005f3f
C  0x0000013d38d4921c

Java frames: (J=compiled Java code, j=interpreted, Vv=VM code)
j  gnu.io.RXTXPort.readByte()I+0
j  gnu.io.RXTXPort$SerialInputStream.read()I+81
j  org.sintef.jarduino.comm.Serial4JArduino$SerialReader.serialEvent(Lgnu/io/SerialPortEvent;)V+7
j  gnu.io.RXTXPort.sendEvent(IZ)Z+382
v  ~StubRoutines::call_stub
j  gnu.io.RXTXPort.eventLoop()V+0
j  gnu.io.RXTXPort$MonitorThread.run()V+12
v  ~StubRoutines::call_stub

siginfo: EXCEPTION_ACCESS_VIOLATION (0xc0000005), reading address 0x0000000013dfe8c8


Register to memory mapping:

RIP=0x0000000180005b00 is an unknown value
RAX=0x0000000000000001 is an unknown value
RBX=0x0000000000000000 is an unknown value
RCX=0x000000018001d4d5 is an unknown value
RDX=0xfffffffffffff665 is an unknown value
RSP=0x0000003413dfdf20 is pointing into the stack for thread: 0x0000013d526fa800
RBP=
[error occurred during error reporting (printing register info), id 0xc0000005]

Registers:
RAX=0x0000000000000001, RBX=0x0000000000000000, RCX=0x000000018001d4d5, RDX=0xfffffffffffff665
RSP=0x0000003413dfdf20, RBP=0x00000000ffffffff, RSI=0x0000000000000000, RDI=0x0000013d526faa18
R8 =0x0000000000000002, R9 =0xfffffffffffff63c, R10=0x0000000000000020, R11=0x8101010101010100
R12=0x0000000013dfe8c0, R13=0x0000000000000001, R14=0x0000003413dfe0c8, R15=0x0000000000000000
RIP=0x0000000180005b00, EFLAGS=0x0000000000010202

Top of Stack: (sp=0x0000003413dfdf20)
0x0000003413dfdf20:   0000000000000000 0000000000000000
0x0000003413dfdf30:   0000003413dfe0c8 0000000000000000
0x0000003413dfdf40:   0000013d526fa800 0000003413dfe0c8
0x0000003413dfdf50:   0000013d5af6aae8 0000003413dfe0c8
0x0000003413dfdf60:   ffffffffffffffff 0000000000000001
0x0000003413dfdf70:   0000013d52721040 0000000180005f3f
0x0000003413dfdf80:   0000013d526faa18 0000013d526faa18
0x0000003413dfdf90:   0000013d00000001 0000003413dfdfb0
0x0000003413dfdfa0:   0000013d00000001 0000013dffffffff
0x0000003413dfdfb0:   0000013d529cb8f0 0000003413dfe0c8
0x0000003413dfdfc0:   0000003413dfe538 0000013d00000000
0x0000003413dfdfd0:   0000013d5af6aaf0 0000013d526fa800
0x0000003413dfdfe0:   0000013d5af6aaf0 0000013d526fa800
0x0000003413dfdff0:   0000000000000148 0000013d38d49074
0x0000003413dfe000:   0000c562832fe522 0000013d526fa800
0x0000003413dfe010:   0000000000000000 0000000000000148 

Instructions: (pc=0x0000000180005b00)
0x0000000180005ae0:   15 23 7a 01 00 48 8d 48 60 e8 3a 5d 00 00 4c 8b
0x0000000180005af0:   e5 8b ac 24 88 00 00 00 44 8b ac 24 80 00 00 00
0x0000000180005b00:   45 8b 74 24 08 41 89 5c 24 08 41 8b fd 85 ed 78
0x0000000180005b10:   09 ff 15 e9 14 01 00 44 8b f8 45 85 ed 7e 4a 90 



---------------  P R O C E S S  ---------------

Java Threads: ( => current thread )
  0x0000013d526f9000 JavaThread "Thread-4" [_thread_blocked, id=25664, stack(0x0000003413e00000,0x0000003413f00000)]
=>0x0000013d526fa800 JavaThread "Thread-3" [_thread_in_native, id=21848, stack(0x0000003413d00000,0x0000003413e00000)]
  0x0000013d523da000 JavaThread "Prism Font Disposer" daemon [_thread_blocked, id=22228, stack(0x0000003413700000,0x0000003413800000)]
  0x0000013d523e1800 JavaThread "Java2D Disposer" daemon [_thread_blocked, id=24768, stack(0x0000003413600000,0x0000003413700000)]
  0x0000013d50bc8000 JavaThread "Thread-2" daemon [_thread_in_native, id=25760, stack(0x0000003413300000,0x0000003413400000)]
  0x0000013d51d98000 JavaThread "Abandoned connection cleanup thread" daemon [_thread_blocked, id=19392, stack(0x0000003413500000,0x0000003413600000)]
  0x0000013d5064b000 JavaThread "JavaFX-Launcher" [_thread_blocked, id=23164, stack(0x0000003413400000,0x0000003413500000)]
  0x0000013d5087c000 JavaThread "JavaFX Application Thread" [_thread_in_native, id=23548, stack(0x0000003413200000,0x0000003413300000)]
  0x0000013d51ecc000 JavaThread "InvokeLaterDispatcher" daemon [_thread_blocked, id=9732, stack(0x0000003413100000,0x0000003413200000)]
  0x0000013d5081f000 JavaThread "QuantumRenderer-0" daemon [_thread_blocked, id=21908, stack(0x0000003412e00000,0x0000003412f00000)]
  0x0000013d5060c000 JavaThread "Service Thread" daemon [_thread_blocked, id=23584, stack(0x0000003412c00000,0x0000003412d00000)]
  0x0000013d5060b800 JavaThread "Monitor Ctrl-Break" daemon [_thread_in_native, id=22020, stack(0x0000003412b00000,0x0000003412c00000)]
  0x0000013d5027b800 JavaThread "Common-Cleaner" daemon [_thread_blocked, id=26972, stack(0x0000003412a00000,0x0000003412b00000)]
  0x0000013d50253800 JavaThread "Sweeper thread" daemon [_thread_blocked, id=22352, stack(0x0000003412900000,0x0000003412a00000)]
  0x0000013d501f0000 JavaThread "C1 CompilerThread2" daemon [_thread_blocked, id=22360, stack(0x0000003412800000,0x0000003412900000)]
  0x0000013d501db000 JavaThread "C2 CompilerThread1" daemon [_thread_blocked, id=19660, stack(0x0000003412700000,0x0000003412800000)]
  0x0000013d501d8800 JavaThread "C2 CompilerThread0" daemon [_thread_blocked, id=20212, stack(0x0000003412600000,0x0000003412700000)]
  0x0000013d501d3800 JavaThread "Attach Listener" daemon [_thread_blocked, id=11712, stack(0x0000003412500000,0x0000003412600000)]
  0x0000013d501d2800 JavaThread "Signal Dispatcher" daemon [_thread_blocked, id=18904, stack(0x0000003412400000,0x0000003412500000)]
  0x0000013d50187000 JavaThread "Finalizer" daemon [_thread_blocked, id=27052, stack(0x0000003412300000,0x0000003412400000)]
  0x0000013d5017d800 JavaThread "Reference Handler" daemon [_thread_blocked, id=11344, stack(0x0000003412200000,0x0000003412300000)]
  0x0000013d2cd85000 JavaThread "main" [_thread_blocked, id=19916, stack(0x0000003411500000,0x0000003411600000)]

Other Threads:
  0x0000013d50178800 VMThread "VM Thread" [stack: 0x0000003412100000,0x0000003412200000] [id=3576]
  0x0000013d50648800 WatcherThread [stack: 0x0000003412d00000,0x0000003412e00000] [id=22248]
  0x0000013d2cd9b000 GCTaskThread "GC Thread#0" [stack: 0x0000003411600000,0x0000003411700000] [id=26604]
  0x0000013d2cd9c000 GCTaskThread "GC Thread#1" [stack: 0x0000003411700000,0x0000003411800000] [id=30560]
  0x0000013d2cd9e800 GCTaskThread "GC Thread#2" [stack: 0x0000003411800000,0x0000003411900000] [id=25676]
  0x0000013d2cda0000 GCTaskThread "GC Thread#3" [stack: 0x0000003411900000,0x0000003411a00000] [id=26316]
  0x0000013d2ce28800 ConcurrentGCThread "G1 Main Marker" [stack: 0x0000003411f00000,0x0000003412000000] [id=23736]
  0x0000013d2ce2b800 ConcurrentGCThread "G1 Marker#0" [stack: 0x0000003412000000,0x0000003412100000] [id=22736]
  0x0000013d2cdb3000 ConcurrentGCThread "G1 Refine#0" [stack: 0x0000003411d00000,0x0000003411e00000] [id=19396]
  0x0000013d2cdae800 ConcurrentGCThread "G1 Refine#1" [stack: 0x0000003411c00000,0x0000003411d00000] [id=24828]
  0x0000013d2cdaf000 ConcurrentGCThread "G1 Refine#2" [stack: 0x0000003411b00000,0x0000003411c00000] [id=14588]
  0x0000013d2cda9800 ConcurrentGCThread "G1 Refine#3" [stack: 0x0000003411a00000,0x0000003411b00000] [id=4440]
  0x0000013d2cdb8000 ConcurrentGCThread "G1 Young RemSet Sampling" [stack: 0x0000003411e00000,0x0000003411f00000] [id=18072]

Threads with active compile tasks:

VM state:not at safepoint (normal execution)

VM Mutex/Monitor currently owned by a thread: None

Heap address: 0x0000000081000000, size: 2032 MB, Compressed Oops mode: 32-bit
Narrow klass base: 0x0000000000000000, Narrow klass shift: 3
Compressed class space size: 1073741824 Address: 0x0000000100000000

Heap:
 garbage-first heap   total 131072K, used 24545K [0x0000000081000000, 0x0000000081100400, 0x0000000100000000)
  region size 1024K, 18 young (18432K), 4 survivors (4096K)
 Metaspace       used 25142K, capacity 26814K, committed 27008K, reserved 1073152K
  class space    used 3035K, capacity 3363K, committed 3456K, reserved 1048576K
Heap Regions: E=young(eden), S=young(survivor), O=old, HS=humongous(starts), HC=humongous(continues), CS=collection set, F=free, A=archive, TS=gc time stamp, AC=allocation context, TAMS=top-at-mark-start (previous, next)
|   0|0x0000000081000000, 0x0000000081100000, 0x0000000081100000|100%| O|  |TS  0|AC  0|TAMS 0x0000000081100000, 0x0000000081100000|
|   1|0x0000000081100000, 0x0000000081200000, 0x0000000081200000|100%| O|  |TS  0|AC  0|TAMS 0x0000000081200000, 0x0000000081200000|
|   2|0x0000000081200000, 0x0000000081300000, 0x0000000081300000|100%| O|  |TS  0|AC  0|TAMS 0x0000000081300000, 0x0000000081300000|
|   3|0x0000000081300000, 0x0000000081400000, 0x0000000081400000|100%| O|  |TS  0|AC  0|TAMS 0x0000000081400000, 0x0000000081400000|
|   4|0x0000000081400000, 0x00000000814f8600, 0x0000000081500000| 97%| O|  |TS  0|AC  0|TAMS 0x00000000814f8600, 0x00000000814f8600|
|   5|0x0000000081500000, 0x0000000081600000, 0x0000000081600000|100%|HS|  |TS  0|AC  0|TAMS 0x0000000081500000, 0x0000000081500000|
|   6|0x0000000081600000, 0x0000000081700000, 0x0000000081700000|100%|HC|  |TS  0|AC  0|TAMS 0x0000000081600000, 0x0000000081600000|
|   7|0x0000000081700000, 0x0000000081700000, 0x0000000081800000|  0%| F|  |TS  0|AC  0|TAMS 0x0000000081700000, 0x0000000081700000|
|   8|0x0000000081800000, 0x0000000081800000, 0x0000000081900000|  0%| F|  |TS  0|AC  0|TAMS 0x0000000081800000, 0x0000000081800000|
|   9|0x0000000081900000, 0x0000000081900000, 0x0000000081a00000|  0%| F|  |TS  0|AC  0|TAMS 0x0000000081900000, 0x0000000081900000|
|  10|0x0000000081a00000, 0x0000000081a00000, 0x0000000081b00000|  0%| F|  |TS  0|AC  0|TAMS 0x0000000081a00000, 0x0000000081a00000|
|  11|0x0000000081b00000, 0x0000000081b00000, 0x0000000081c00000|  0%| F|  |TS  0|AC  0|TAMS 0x0000000081b00000, 0x0000000081b00000|
|  12|0x0000000081c00000, 0x0000000081c00000, 0x0000000081d00000|  0%| F|  |TS  0|AC  0|TAMS 0x0000000081c00000, 0x0000000081c00000|
|  13|0x0000000081d00000, 0x0000000081d00000, 0x0000000081e00000|  0%| F|  |TS  0|AC  0|TAMS 0x0000000081d00000, 0x0000000081d00000|
|  14|0x0000000081e00000, 0x0000000081e00000, 0x0000000081f00000|  0%| F|  |TS  0|AC  0|TAMS 0x0000000081e00000, 0x0000000081e00000|
|  15|0x0000000081f00000, 0x0000000081f00000, 0x0000000082000000|  0%| F|  |TS  0|AC  0|TAMS 0x0000000081f00000, 0x0000000081f00000|
|  16|0x0000000082000000, 0x0000000082000000, 0x0000000082100000|  0%| F|  |TS  0|AC  0|TAMS 0x0000000082000000, 0x0000000082000000|
|  17|0x0000000082100000, 0x0000000082100000, 0x0000000082200000|  0%| F|  |TS  0|AC  0|TAMS 0x0000000082100000, 0x0000000082100000|
|  18|0x0000000082200000, 0x0000000082200000, 0x0000000082300000|  0%| F|  |TS  0|AC  0|TAMS 0x0000000082200000, 0x0000000082200000|
|  19|0x0000000082300000, 0x0000000082300000, 0x0000000082400000|  0%| F|  |TS  0|AC  0|TAMS 0x0000000082300000, 0x0000000082300000|
|  20|0x0000000082400000, 0x0000000082400000, 0x0000000082500000|  0%| F|  |TS  0|AC  0|TAMS 0x0000000082400000, 0x0000000082400000|
|  21|0x0000000082500000, 0x0000000082500000, 0x0000000082600000|  0%| F|  |TS  0|AC  0|TAMS 0x0000000082500000, 0x0000000082500000|
|  22|0x0000000082600000, 0x0000000082600000, 0x0000000082700000|  0%| F|  |TS  0|AC  0|TAMS 0x0000000082600000, 0x0000000082600000|
|  23|0x0000000082700000, 0x0000000082700000, 0x0000000082800000|  0%| F|  |TS  0|AC  0|TAMS 0x0000000082700000, 0x0000000082700000|
|  24|0x0000000082800000, 0x0000000082800000, 0x0000000082900000|  0%| F|  |TS  0|AC  0|TAMS 0x0000000082800000, 0x0000000082800000|
|  25|0x0000000082900000, 0x0000000082900000, 0x0000000082a00000|  0%| F|  |TS  0|AC  0|TAMS 0x0000000082900000, 0x0000000082900000|
|  26|0x0000000082a00000, 0x0000000082a00000, 0x0000000082b00000|  0%| F|  |TS  0|AC  0|TAMS 0x0000000082a00000, 0x0000000082a00000|
|  27|0x0000000082b00000, 0x0000000082b00000, 0x0000000082c00000|  0%| F|  |TS  0|AC  0|TAMS 0x0000000082b00000, 0x0000000082b00000|
|  28|0x0000000082c00000, 0x0000000082c00000, 0x0000000082d00000|  0%| F|  |TS  0|AC  0|TAMS 0x0000000082c00000, 0x0000000082c00000|
|  29|0x0000000082d00000, 0x0000000082d00000, 0x0000000082e00000|  0%| F|  |TS  0|AC  0|TAMS 0x0000000082d00000, 0x0000000082d00000|
|  30|0x0000000082e00000, 0x0000000082e00000, 0x0000000082f00000|  0%| F|  |TS  0|AC  0|TAMS 0x0000000082e00000, 0x0000000082e00000|
|  31|0x0000000082f00000, 0x0000000082f00000, 0x0000000083000000|  0%| F|  |TS  0|AC  0|TAMS 0x0000000082f00000, 0x0000000082f00000|
|  32|0x0000000083000000, 0x0000000083000000, 0x0000000083100000|  0%| F|  |TS  0|AC  0|TAMS 0x0000000083000000, 0x0000000083000000|
|  33|0x0000000083100000, 0x0000000083100000, 0x0000000083200000|  0%| F|  |TS  0|AC  0|TAMS 0x0000000083100000, 0x0000000083100000|
|  34|0x0000000083200000, 0x0000000083200000, 0x0000000083300000|  0%| F|  |TS  0|AC  0|TAMS 0x0000000083200000, 0x0000000083200000|
|  35|0x0000000083300000, 0x0000000083300000, 0x0000000083400000|  0%| F|  |TS  0|AC  0|TAMS 0x0000000083300000, 0x0000000083300000|
|  36|0x0000000083400000, 0x0000000083400000, 0x0000000083500000|  0%| F|  |TS  0|AC  0|TAMS 0x0000000083400000, 0x0000000083400000|
|  37|0x0000000083500000, 0x0000000083500000, 0x0000000083600000|  0%| F|  |TS  0|AC  0|TAMS 0x0000000083500000, 0x0000000083500000|
|  38|0x0000000083600000, 0x0000000083600000, 0x0000000083700000|  0%| F|  |TS  0|AC  0|TAMS 0x0000000083600000, 0x0000000083600000|
|  39|0x0000000083700000, 0x0000000083700000, 0x0000000083800000|  0%| F|  |TS  0|AC  0|TAMS 0x0000000083700000, 0x0000000083700000|
|  40|0x0000000083800000, 0x0000000083800000, 0x0000000083900000|  0%| F|  |TS  0|AC  0|TAMS 0x0000000083800000, 0x0000000083800000|
|  41|0x0000000083900000, 0x0000000083900000, 0x0000000083a00000|  0%| F|  |TS  0|AC  0|TAMS 0x0000000083900000, 0x0000000083900000|
|  42|0x0000000083a00000, 0x0000000083a00000, 0x0000000083b00000|  0%| F|  |TS  0|AC  0|TAMS 0x0000000083a00000, 0x0000000083a00000|
|  43|0x0000000083b00000, 0x0000000083b00000, 0x0000000083c00000|  0%| F|  |TS  0|AC  0|TAMS 0x0000000083b00000, 0x0000000083b00000|
|  44|0x0000000083c00000, 0x0000000083c00000, 0x0000000083d00000|  0%| F|  |TS  0|AC  0|TAMS 0x0000000083c00000, 0x0000000083c00000|
|  45|0x0000000083d00000, 0x0000000083d00000, 0x0000000083e00000|  0%| F|  |TS  0|AC  0|TAMS 0x0000000083d00000, 0x0000000083d00000|
|  46|0x0000000083e00000, 0x0000000083e00000, 0x0000000083f00000|  0%| F|  |TS  0|AC  0|TAMS 0x0000000083e00000, 0x0000000083e00000|
|  47|0x0000000083f00000, 0x0000000083f00000, 0x0000000084000000|  0%| F|  |TS  0|AC  0|TAMS 0x0000000083f00000, 0x0000000083f00000|
|  48|0x0000000084000000, 0x0000000084000000, 0x0000000084100000|  0%| F|  |TS  0|AC  0|TAMS 0x0000000084000000, 0x0000000084000000|
|  49|0x0000000084100000, 0x0000000084100000, 0x0000000084200000|  0%| F|  |TS  0|AC  0|TAMS 0x0000000084100000, 0x0000000084100000|
|  50|0x0000000084200000, 0x0000000084200000, 0x0000000084300000|  0%| F|  |TS  0|AC  0|TAMS 0x0000000084200000, 0x0000000084200000|
|  51|0x0000000084300000, 0x0000000084300000, 0x0000000084400000|  0%| F|  |TS  0|AC  0|TAMS 0x0000000084300000, 0x0000000084300000|
|  52|0x0000000084400000, 0x0000000084400000, 0x0000000084500000|  0%| F|  |TS  0|AC  0|TAMS 0x0000000084400000, 0x0000000084400000|
|  53|0x0000000084500000, 0x0000000084500000, 0x0000000084600000|  0%| F|  |TS  0|AC  0|TAMS 0x0000000084500000, 0x0000000084500000|
|  54|0x0000000084600000, 0x0000000084600000, 0x0000000084700000|  0%| F|  |TS  0|AC  0|TAMS 0x0000000084600000, 0x0000000084600000|
|  55|0x0000000084700000, 0x0000000084700000, 0x0000000084800000|  0%| F|  |TS  0|AC  0|TAMS 0x0000000084700000, 0x0000000084700000|
|  56|0x0000000084800000, 0x0000000084800000, 0x0000000084900000|  0%| F|  |TS  0|AC  0|TAMS 0x0000000084800000, 0x0000000084800000|
|  57|0x0000000084900000, 0x0000000084900000, 0x0000000084a00000|  0%| F|  |TS  0|AC  0|TAMS 0x0000000084900000, 0x0000000084900000|
|  58|0x0000000084a00000, 0x0000000084a00000, 0x0000000084b00000|  0%| F|  |TS  0|AC  0|TAMS 0x0000000084a00000, 0x0000000084a00000|
|  59|0x0000000084b00000, 0x0000000084b00000, 0x0000000084c00000|  0%| F|  |TS  0|AC  0|TAMS 0x0000000084b00000, 0x0000000084b00000|
|  60|0x0000000084c00000, 0x0000000084c00000, 0x0000000084d00000|  0%| F|  |TS  0|AC  0|TAMS 0x0000000084c00000, 0x0000000084c00000|
|  61|0x0000000084d00000, 0x0000000084d00000, 0x0000000084e00000|  0%| F|  |TS  0|AC  0|TAMS 0x0000000084d00000, 0x0000000084d00000|
|  62|0x0000000084e00000, 0x0000000084e00000, 0x0000000084f00000|  0%| F|  |TS  0|AC  0|TAMS 0x0000000084e00000, 0x0000000084e00000|
|  63|0x0000000084f00000, 0x0000000084f00000, 0x0000000085000000|  0%| F|  |TS  0|AC  0|TAMS 0x0000000084f00000, 0x0000000084f00000|
|  64|0x0000000085000000, 0x0000000085000000, 0x0000000085100000|  0%| F|  |TS  0|AC  0|TAMS 0x0000000085000000, 0x0000000085000000|
|  65|0x0000000085100000, 0x0000000085100000, 0x0000000085200000|  0%| F|  |TS  0|AC  0|TAMS 0x0000000085100000, 0x0000000085100000|
|  66|0x0000000085200000, 0x0000000085200000, 0x0000000085300000|  0%| F|  |TS  0|AC  0|TAMS 0x0000000085200000, 0x0000000085200000|
|  67|0x0000000085300000, 0x0000000085300000, 0x0000000085400000|  0%| F|  |TS  0|AC  0|TAMS 0x0000000085300000, 0x0000000085300000|
|  68|0x0000000085400000, 0x0000000085400000, 0x0000000085500000|  0%| F|  |TS  0|AC  0|TAMS 0x0000000085400000, 0x0000000085400000|
|  69|0x0000000085500000, 0x0000000085500000, 0x0000000085600000|  0%| F|  |TS  0|AC  0|TAMS 0x0000000085500000, 0x0000000085500000|
|  70|0x0000000085600000, 0x0000000085600000, 0x0000000085700000|  0%| F|  |TS  0|AC  0|TAMS 0x0000000085600000, 0x0000000085600000|
|  71|0x0000000085700000, 0x0000000085700000, 0x0000000085800000|  0%| F|  |TS  0|AC  0|TAMS 0x0000000085700000, 0x0000000085700000|
|  72|0x0000000085800000, 0x0000000085800000, 0x0000000085900000|  0%| F|  |TS  0|AC  0|TAMS 0x0000000085800000, 0x0000000085800000|
|  73|0x0000000085900000, 0x0000000085900000, 0x0000000085a00000|  0%| F|  |TS  0|AC  0|TAMS 0x0000000085900000, 0x0000000085900000|
|  74|0x0000000085a00000, 0x0000000085a00000, 0x0000000085b00000|  0%| F|  |TS  0|AC  0|TAMS 0x0000000085a00000, 0x0000000085a00000|
|  75|0x0000000085b00000, 0x0000000085b00000, 0x0000000085c00000|  0%| F|  |TS  0|AC  0|TAMS 0x0000000085b00000, 0x0000000085b00000|
|  76|0x0000000085c00000, 0x0000000085c00000, 0x0000000085d00000|  0%| F|  |TS  0|AC  0|TAMS 0x0000000085c00000, 0x0000000085c00000|
|  77|0x0000000085d00000, 0x0000000085d00000, 0x0000000085e00000|  0%| F|  |TS  0|AC  0|TAMS 0x0000000085d00000, 0x0000000085d00000|
|  78|0x0000000085e00000, 0x0000000085e00000, 0x0000000085f00000|  0%| F|  |TS  0|AC  0|TAMS 0x0000000085e00000, 0x0000000085e00000|
|  79|0x0000000085f00000, 0x0000000085f00000, 0x0000000086000000|  0%| F|  |TS  0|AC  0|TAMS 0x0000000085f00000, 0x0000000085f00000|
|  80|0x0000000086000000, 0x0000000086000000, 0x0000000086100000|  0%| F|  |TS  0|AC  0|TAMS 0x0000000086000000, 0x0000000086000000|
|  81|0x0000000086100000, 0x0000000086100000, 0x0000000086200000|  0%| F|  |TS  0|AC  0|TAMS 0x0000000086100000, 0x0000000086100000|
|  82|0x0000000086200000, 0x0000000086200000, 0x0000000086300000|  0%| F|  |TS  0|AC  0|TAMS 0x0000000086200000, 0x0000000086200000|
|  83|0x0000000086300000, 0x0000000086300000, 0x0000000086400000|  0%| F|  |TS  0|AC  0|TAMS 0x0000000086300000, 0x0000000086300000|
|  84|0x0000000086400000, 0x0000000086400000, 0x0000000086500000|  0%| F|  |TS  0|AC  0|TAMS 0x0000000086400000, 0x0000000086400000|
|  85|0x0000000086500000, 0x0000000086500000, 0x0000000086600000|  0%| F|  |TS  0|AC  0|TAMS 0x0000000086500000, 0x0000000086500000|
|  86|0x0000000086600000, 0x0000000086600000, 0x0000000086700000|  0%| F|  |TS  0|AC  0|TAMS 0x0000000086600000, 0x0000000086600000|
|  87|0x0000000086700000, 0x0000000086700000, 0x0000000086800000|  0%| F|  |TS  0|AC  0|TAMS 0x0000000086700000, 0x0000000086700000|
|  88|0x0000000086800000, 0x0000000086800000, 0x0000000086900000|  0%| F|  |TS  0|AC  0|TAMS 0x0000000086800000, 0x0000000086800000|
|  89|0x0000000086900000, 0x0000000086900000, 0x0000000086a00000|  0%| F|  |TS  0|AC  0|TAMS 0x0000000086900000, 0x0000000086900000|
|  90|0x0000000086a00000, 0x0000000086a00000, 0x0000000086b00000|  0%| F|  |TS  0|AC  0|TAMS 0x0000000086a00000, 0x0000000086a00000|
|  91|0x0000000086b00000, 0x0000000086b00000, 0x0000000086c00000|  0%| F|  |TS  0|AC  0|TAMS 0x0000000086b00000, 0x0000000086b00000|
|  92|0x0000000086c00000, 0x0000000086c00000, 0x0000000086d00000|  0%| F|  |TS  0|AC  0|TAMS 0x0000000086c00000, 0x0000000086c00000|
|  93|0x0000000086d00000, 0x0000000086d00000, 0x0000000086e00000|  0%| F|  |TS  0|AC  0|TAMS 0x0000000086d00000, 0x0000000086d00000|
|  94|0x0000000086e00000, 0x0000000086e00000, 0x0000000086f00000|  0%| F|  |TS  0|AC  0|TAMS 0x0000000086e00000, 0x0000000086e00000|
|  95|0x0000000086f00000, 0x0000000086f00000, 0x0000000087000000|  0%| F|  |TS  0|AC  0|TAMS 0x0000000086f00000, 0x0000000086f00000|
|  96|0x0000000087000000, 0x0000000087000000, 0x0000000087100000|  0%| F|  |TS  0|AC  0|TAMS 0x0000000087000000, 0x0000000087000000|
|  97|0x0000000087100000, 0x0000000087100000, 0x0000000087200000|  0%| F|  |TS  0|AC  0|TAMS 0x0000000087100000, 0x0000000087100000|
|  98|0x0000000087200000, 0x0000000087200000, 0x0000000087300000|  0%| F|  |TS  0|AC  0|TAMS 0x0000000087200000, 0x0000000087200000|
|  99|0x0000000087300000, 0x0000000087300000, 0x0000000087400000|  0%| F|  |TS  0|AC  0|TAMS 0x0000000087300000, 0x0000000087300000|
| 100|0x0000000087400000, 0x0000000087400000, 0x0000000087500000|  0%| F|  |TS  0|AC  0|TAMS 0x0000000087400000, 0x0000000087400000|
| 101|0x0000000087500000, 0x0000000087500000, 0x0000000087600000|  0%| F|  |TS  0|AC  0|TAMS 0x0000000087500000, 0x0000000087500000|
| 102|0x0000000087600000, 0x0000000087600000, 0x0000000087700000|  0%| F|  |TS  0|AC  0|TAMS 0x0000000087600000, 0x0000000087600000|
| 103|0x0000000087700000, 0x0000000087700000, 0x0000000087800000|  0%| F|  |TS  0|AC  0|TAMS 0x0000000087700000, 0x0000000087700000|
| 104|0x0000000087800000, 0x0000000087800000, 0x0000000087900000|  0%| F|  |TS  0|AC  0|TAMS 0x0000000087800000, 0x0000000087800000|
| 105|0x0000000087900000, 0x0000000087900000, 0x0000000087a00000|  0%| F|  |TS  0|AC  0|TAMS 0x0000000087900000, 0x0000000087900000|
| 106|0x0000000087a00000, 0x0000000087a00000, 0x0000000087b00000|  0%| F|  |TS  0|AC  0|TAMS 0x0000000087a00000, 0x0000000087a00000|
| 107|0x0000000087b00000, 0x0000000087b00000, 0x0000000087c00000|  0%| F|  |TS  0|AC  0|TAMS 0x0000000087b00000, 0x0000000087b00000|
| 108|0x0000000087c00000, 0x0000000087c00000, 0x0000000087d00000|  0%| F|  |TS  0|AC  0|TAMS 0x0000000087c00000, 0x0000000087c00000|
| 109|0x0000000087d00000, 0x0000000087e00000, 0x0000000087e00000|100%| S|CS|TS  0|AC  0|TAMS 0x0000000087d00000, 0x0000000087d00000|
| 110|0x0000000087e00000, 0x0000000087f00000, 0x0000000087f00000|100%| S|CS|TS  0|AC  0|TAMS 0x0000000087e00000, 0x0000000087e00000|
| 111|0x0000000087f00000, 0x0000000088000000, 0x0000000088000000|100%| S|CS|TS  0|AC  0|TAMS 0x0000000087f00000, 0x0000000087f00000|
| 112|0x0000000088000000, 0x0000000088100000, 0x0000000088100000|100%| S|CS|TS  0|AC  0|TAMS 0x0000000088000000, 0x0000000088000000|
| 113|0x0000000088100000, 0x0000000088100000, 0x0000000088200000|  0%| F|  |TS  0|AC  0|TAMS 0x0000000088100000, 0x0000000088100000|
| 114|0x0000000088200000, 0x0000000088283e50, 0x0000000088300000| 51%| E|  |TS  0|AC  0|TAMS 0x0000000088200000, 0x0000000088200000|
| 115|0x0000000088300000, 0x0000000088400000, 0x0000000088400000|100%| E|CS|TS  0|AC  0|TAMS 0x0000000088300000, 0x0000000088300000|
| 116|0x0000000088400000, 0x0000000088500000, 0x0000000088500000|100%| E|CS|TS  0|AC  0|TAMS 0x0000000088400000, 0x0000000088400000|
| 117|0x0000000088500000, 0x0000000088600000, 0x0000000088600000|100%| E|CS|TS  0|AC  0|TAMS 0x0000000088500000, 0x0000000088500000|
| 118|0x0000000088600000, 0x0000000088700000, 0x0000000088700000|100%| E|CS|TS  0|AC  0|TAMS 0x0000000088600000, 0x0000000088600000|
| 119|0x0000000088700000, 0x0000000088800000, 0x0000000088800000|100%| E|CS|TS  0|AC  0|TAMS 0x0000000088700000, 0x0000000088700000|
| 120|0x0000000088800000, 0x0000000088900000, 0x0000000088900000|100%| E|CS|TS  0|AC  0|TAMS 0x0000000088800000, 0x0000000088800000|
| 121|0x0000000088900000, 0x0000000088a00000, 0x0000000088a00000|100%| E|CS|TS  0|AC  0|TAMS 0x0000000088900000, 0x0000000088900000|
| 122|0x0000000088a00000, 0x0000000088b00000, 0x0000000088b00000|100%| E|CS|TS  0|AC  0|TAMS 0x0000000088a00000, 0x0000000088a00000|
| 123|0x0000000088b00000, 0x0000000088c00000, 0x0000000088c00000|100%| E|CS|TS  0|AC  0|TAMS 0x0000000088b00000, 0x0000000088b00000|
| 124|0x0000000088c00000, 0x0000000088d00000, 0x0000000088d00000|100%| E|CS|TS  0|AC  0|TAMS 0x0000000088c00000, 0x0000000088c00000|
| 125|0x0000000088d00000, 0x0000000088e00000, 0x0000000088e00000|100%| E|CS|TS  0|AC  0|TAMS 0x0000000088d00000, 0x0000000088d00000|
| 126|0x0000000088e00000, 0x0000000088f00000, 0x0000000088f00000|100%| E|CS|TS  0|AC  0|TAMS 0x0000000088e00000, 0x0000000088e00000|
| 127|0x0000000088f00000, 0x0000000089000000, 0x0000000089000000|100%| E|CS|TS  0|AC  0|TAMS 0x0000000088f00000, 0x0000000088f00000|

Card table byte_map: [0x0000013d48b50000,0x0000013d48f50000] byte_map_base: 0x0000013d48748000

Marking Bits (Prev, Next): (CMBitMap*) 0x0000013d2ce27e78, (CMBitMap*) 0x0000013d2ce27e40
 Prev Bits: [0x0000013d4b310000, 0x0000013d4d2d0000)
 Next Bits: [0x0000013d49350000, 0x0000013d4b310000)

Polling page: 0x0000013d2abe0000

CodeHeap 'non-profiled nmethods': size=120064Kb used=1184Kb max_used=1184Kb free=118879Kb
 bounds [0x0000013d407f0000, 0x0000013d40a60000, 0x0000013d47d30000]
CodeHeap 'profiled nmethods': size=120000Kb used=5520Kb max_used=5520Kb free=114479Kb
 bounds [0x0000013d392c0000, 0x0000013d39830000, 0x0000013d407f0000]
CodeHeap 'non-nmethods': size=5696Kb used=1505Kb max_used=1537Kb free=4190Kb
 bounds [0x0000013d38d30000, 0x0000013d38fa0000, 0x0000013d392c0000]
 total_blobs=3925 nmethods=2643 adapters=717
 compilation: enabled

Compilation events (10 events):
Event: 4.469 Thread 0x0000013d501f0000 nmethod 2626 0x0000013d39815b10 code [0x0000013d39815d00, 0x0000013d39816190]
Event: 4.482 Thread 0x0000013d501f0000 2627       3       java.util.zip.ZipFile$Source::getEntryPos (206 bytes)
Event: 4.483 Thread 0x0000013d501f0000 nmethod 2627 0x0000013d39816290 code [0x0000013d39816500, 0x0000013d398171a0]
Event: 4.483 Thread 0x0000013d501f0000 2629       1       java.util.zip.ZipFile$Source::getEntryNext (9 bytes)
Event: 4.483 Thread 0x0000013d501f0000 nmethod 2629 0x0000013d40916590 code [0x0000013d40916740, 0x0000013d40916878]
Event: 4.483 Thread 0x0000013d501f0000 2628       1       java.lang.Package$VersionInfo::access$600 (5 bytes)
Event: 4.483 Thread 0x0000013d501f0000 nmethod 2628 0x0000013d40916910 code [0x0000013d40916ac0, 0x0000013d40916bb8]
Event: 4.483 Thread 0x0000013d501f0000 2630   !   3       com.sun.javafx.event.EventQueue::fire (66 bytes)
Event: 4.484 Thread 0x0000013d501f0000 nmethod 2630 0x0000013d39817810 code [0x0000013d39817a60, 0x0000013d39818290]
Event: 4.484 Thread 0x0000013d501f0000 2631       3       java.util.WeakHashMap::put (162 bytes)

GC Heap History (6 events):
Event: 0.578 GC heap before
{Heap before GC invocations=0 (full 0):
 garbage-first heap   total 131072K, used 14336K [0x0000000081000000, 0x0000000081100400, 0x0000000100000000)
  region size 1024K, 14 young (14336K), 0 survivors (0K)
 Metaspace       used 9668K, capacity 10222K, committed 10368K, reserved 1058816K
  class space    used 949K, capacity 1070K, committed 1152K, reserved 1048576K
}
Event: 0.581 GC heap after
{Heap after GC invocations=1 (full 0):
 garbage-first heap   total 131072K, used 3400K [0x0000000081000000, 0x0000000081100400, 0x0000000100000000)
  region size 1024K, 2 young (2048K), 2 survivors (2048K)
 Metaspace       used 9668K, capacity 10222K, committed 10368K, reserved 1058816K
  class space    used 949K, capacity 1070K, committed 1152K, reserved 1048576K
}
Event: 0.890 GC heap before
{Heap before GC invocations=1 (full 0):
 garbage-first heap   total 131072K, used 15688K [0x0000000081000000, 0x0000000081100400, 0x0000000100000000)
  region size 1024K, 14 young (14336K), 2 survivors (2048K)
 Metaspace       used 14502K, capacity 15184K, committed 15488K, reserved 1062912K
  class space    used 1458K, capacity 1608K, committed 1664K, reserved 1048576K
}
Event: 0.895 GC heap after
{Heap after GC invocations=2 (full 0):
 garbage-first heap   total 131072K, used 6362K [0x0000000081000000, 0x0000000081100400, 0x0000000100000000)
  region size 1024K, 2 young (2048K), 2 survivors (2048K)
 Metaspace       used 14502K, capacity 15184K, committed 15488K, reserved 1062912K
  class space    used 1458K, capacity 1608K, committed 1664K, reserved 1048576K
}
Event: 1.497 GC heap before
{Heap before GC invocations=2 (full 0):
 garbage-first heap   total 131072K, used 18650K [0x0000000081000000, 0x0000000081100400, 0x0000000100000000)
  region size 1024K, 15 young (15360K), 2 survivors (2048K)
 Metaspace       used 20026K, capacity 21202K, committed 21248K, reserved 1069056K
  class space    used 2285K, capacity 2523K, committed 2560K, reserved 1048576K
}
Event: 1.500 GC heap after
{Heap after GC invocations=3 (full 0):
 garbage-first heap   total 131072K, used 9185K [0x0000000081000000, 0x0000000081100400, 0x0000000100000000)
  region size 1024K, 4 young (4096K), 4 survivors (4096K)
 Metaspace       used 20026K, capacity 21202K, committed 21248K, reserved 1069056K
  class space    used 2285K, capacity 2523K, committed 2560K, reserved 1048576K
}

Deoptimization events (10 events):
Event: 1.493 Thread 0x0000013d5087c000 Uncommon trap: reason=unstable_if action=reinterpret pc=0x0000013d40882c2c method=java.util.HashMap.hash(Ljava/lang/Object;)I @ 1 c2
Event: 1.493 Thread 0x0000013d5087c000 Uncommon trap: reason=unstable_if action=reinterpret pc=0x0000013d4084a6f0 method=java.util.HashMap.hash(Ljava/lang/Object;)I @ 1 c2
Event: 1.531 Thread 0x0000013d5087c000 Uncommon trap: reason=intrinsic_or_type_checked_inlining action=make_not_entrant pc=0x0000013d408791d4 method=java.util.Arrays.copyOf([Ljava/lang/Object;ILjava/lang/Class;)[Ljava/lang/Object; @ 35 c2
Event: 1.604 Thread 0x0000013d5087c000 Uncommon trap: reason=class_check action=maybe_recompile pc=0x0000013d408015d4 method=java.lang.String.equals(Ljava/lang/Object;)Z @ 8 c2
Event: 1.604 Thread 0x0000013d5087c000 Uncommon trap: reason=class_check action=maybe_recompile pc=0x0000013d408015d4 method=java.lang.String.equals(Ljava/lang/Object;)Z @ 8 c2
Event: 1.604 Thread 0x0000013d5087c000 Uncommon trap: reason=class_check action=maybe_recompile pc=0x0000013d408015d4 method=java.lang.String.equals(Ljava/lang/Object;)Z @ 8 c2
Event: 1.605 Thread 0x0000013d5087c000 Uncommon trap: reason=class_check action=maybe_recompile pc=0x0000013d408015d4 method=java.lang.String.equals(Ljava/lang/Object;)Z @ 8 c2
Event: 2.914 Thread 0x0000013d5087c000 Uncommon trap: reason=unstable_if action=reinterpret pc=0x0000013d4086493c method=jdk.internal.org.objectweb.asm.Type.getArgumentsAndReturnSizes(Ljava/lang/String;)I @ 47 c2
Event: 3.062 Thread 0x0000013d5087c000 Uncommon trap: reason=unstable_if action=reinterpret pc=0x0000013d408d549c method=java.lang.CharacterDataLatin1.isWhitespace(I)Z @ 14 c2
Event: 4.466 Thread 0x0000013d5087c000 Uncommon trap: reason=unstable_if action=reinterpret pc=0x0000013d408229c4 method=java.lang.AbstractStringBuilder.append(Ljava/lang/String;)Ljava/lang/AbstractStringBuilder; @ 1 c2

Classes redefined (0 events):
No events

Internal exceptions (10 events):
Event: 2.932 Thread 0x0000013d5087c000 Exception <a 'java/lang/NoSuchMethodError'{0x00000000889a4b48}: method resolution failed> (0x00000000889a4b48) thrown at [t:/workspace/hotspot/src/share/vm/prims/methodHandles.cpp, line 1256]
Event: 2.933 Thread 0x0000013d5087c000 Exception <a 'java/lang/NoSuchMethodError'{0x00000000889ac000}: java.lang.invoke.DirectMethodHandle$Holder.invokeStatic(Ljava/lang/Object;Ljava/lang/Object;IIIIILjava/lang/Object;)Ljava/lang/Object;> (0x00000000889ac000) thrown at [t:/workspace/hotspot/sr
Event: 2.933 Thread 0x0000013d5087c000 Exception <a 'java/lang/NoSuchMethodError'{0x00000000889afab0}: method resolution failed> (0x00000000889afab0) thrown at [t:/workspace/hotspot/src/share/vm/prims/methodHandles.cpp, line 1256]
Event: 2.933 Thread 0x0000013d5087c000 Exception <a 'java/lang/NoSuchMethodError'{0x00000000889b6470}: method resolution failed> (0x00000000889b6470) thrown at [t:/workspace/hotspot/src/share/vm/prims/methodHandles.cpp, line 1256]
Event: 2.934 Thread 0x0000013d5087c000 Exception <a 'java/lang/NoSuchMethodError'{0x00000000889bdd00}: java.lang.invoke.DirectMethodHandle$Holder.invokeStatic(Ljava/lang/Object;Ljava/lang/Object;Ljava/lang/Object;IIIII)Ljava/lang/Object;> (0x00000000889bdd00) thrown at [t:/workspace/hotspot/sr
Event: 2.934 Thread 0x0000013d5087c000 Exception <a 'java/lang/NoSuchMethodError'{0x00000000889c1688}: method resolution failed> (0x00000000889c1688) thrown at [t:/workspace/hotspot/src/share/vm/prims/methodHandles.cpp, line 1256]
Event: 3.224 Thread 0x0000013d5081f000 Exception <a 'java/lang/NoSuchMethodError'{0x0000000088581c60}: java.lang.invoke.DirectMethodHandle$Holder.invokeStaticInit(Ljava/lang/Object;I)Ljava/lang/Object;> (0x0000000088581c60) thrown at [t:/workspace/hotspot/src/share/vm/interpreter/linkResolver.
Event: 4.466 Thread 0x0000013d5087c000 Implicit null exception at 0x0000013d408224f4 to 0x0000013d408229ad
Event: 4.466 Thread 0x0000013d5087c000 Exception <a 'java/io/FileNotFoundException'{0x00000000883a11f0}> (0x00000000883a11f0) thrown at [t:/workspace/hotspot/src/share/vm/prims/jni.cpp, line 604]
Event: 4.467 Thread 0x0000013d5087c000 Exception <a 'java/io/FileNotFoundException'{0x00000000883a1b60}> (0x00000000883a1b60) thrown at [t:/workspace/hotspot/src/share/vm/prims/jni.cpp, line 604]

Events (10 events):
Event: 4.482 loading class org/sintef/jarduino/JArduinoMessageHandler done
Event: 4.482 loading class org/sintef/jarduino/IJArduinoMessageHandler
Event: 4.482 loading class org/sintef/jarduino/IJArduinoMessageHandler done
Event: 4.483 loading class org/sintef/jarduino/JArduino$RemoteArduinoProcess
Event: 4.483 loading class org/sintef/jarduino/JArduino$RemoteArduinoProcess done
Event: 4.483 Thread 0x0000013d526f9000 Thread added: 0x0000013d526f9000
Event: 4.483 loading class gnu/io/SerialPortEvent
Event: 4.483 loading class gnu/io/SerialPortEvent done
Event: 4.483 loading class org/sintef/jarduino/DigitalPin
Event: 4.483 loading class org/sintef/jarduino/DigitalPin done


Dynamic libraries:
0x00007ff7a64a0000 - 0x00007ff7a64de000 	C:\Program Files\Java\jdk-9.0.4\bin\java.exe
0x00007ffe5a000000 - 0x00007ffe5a1e0000 	C:\WINDOWS\SYSTEM32\ntdll.dll
0x00007ffe59e10000 - 0x00007ffe59ebe000 	C:\WINDOWS\System32\KERNEL32.DLL
0x00007ffe56610000 - 0x00007ffe56876000 	C:\WINDOWS\System32\KERNELBASE.dll
0x00007ffe574d0000 - 0x00007ffe57571000 	C:\WINDOWS\System32\ADVAPI32.dll
0x00007ffe590e0000 - 0x00007ffe5917d000 	C:\WINDOWS\System32\msvcrt.dll
0x00007ffe59820000 - 0x00007ffe5987b000 	C:\WINDOWS\System32\sechost.dll
0x00007ffe59cd0000 - 0x00007ffe59def000 	C:\WINDOWS\System32\RPCRT4.dll
0x00007ffe57630000 - 0x00007ffe577bf000 	C:\WINDOWS\System32\USER32.dll
0x00007ffe56fd0000 - 0x00007ffe56ff0000 	C:\WINDOWS\System32\win32u.dll
0x00007ffe59c70000 - 0x00007ffe59c98000 	C:\WINDOWS\System32\GDI32.dll
0x00007ffe572e0000 - 0x00007ffe57473000 	C:\WINDOWS\System32\gdi32full.dll
0x00007ffe57240000 - 0x00007ffe572db000 	C:\WINDOWS\System32\msvcp_win.dll
0x00007ffe56510000 - 0x00007ffe56606000 	C:\WINDOWS\System32\ucrtbase.dll
0x00007ffe4b300000 - 0x00007ffe4b569000 	C:\WINDOWS\WinSxS\amd64_microsoft.windows.common-controls_6595b64144ccf1df_6.0.16299.309_none_15cfd4c4935e6b11\COMCTL32.dll
0x00007ffe577c0000 - 0x00007ffe57ac8000 	C:\WINDOWS\System32\combase.dll
0x00007ffe56ff0000 - 0x00007ffe57062000 	C:\WINDOWS\System32\bcryptPrimitives.dll
0x00007ffe51380000 - 0x00007ffe5138a000 	C:\WINDOWS\SYSTEM32\VERSION.dll
0x00007ffe59ca0000 - 0x00007ffe59ccd000 	C:\WINDOWS\System32\IMM32.DLL
0x00007ffe41a10000 - 0x00007ffe41aff000 	C:\Program Files\Java\jdk-9.0.4\bin\msvcr120.dll
0x00007ffe41860000 - 0x00007ffe41906000 	C:\Program Files\Java\jdk-9.0.4\bin\msvcp120.dll
0x000000006f6a0000 - 0x00000000700c5000 	C:\Program Files\Java\jdk-9.0.4\bin\server\jvm.dll
0x00007ffe59180000 - 0x00007ffe59188000 	C:\WINDOWS\System32\PSAPI.DLL
0x00007ffe54610000 - 0x00007ffe54633000 	C:\WINDOWS\SYSTEM32\WINMM.dll
0x00007ffe4b1a0000 - 0x00007ffe4b1a9000 	C:\WINDOWS\SYSTEM32\WSOCK32.dll
0x00007ffe59c00000 - 0x00007ffe59c6c000 	C:\WINDOWS\System32\WS2_32.dll
0x00007ffe545b0000 - 0x00007ffe545da000 	C:\WINDOWS\SYSTEM32\winmmbase.dll
0x00007ffe57480000 - 0x00007ffe574ca000 	C:\WINDOWS\System32\cfgmgr32.dll
0x00007ffe54810000 - 0x00007ffe5481f000 	C:\Program Files\Java\jdk-9.0.4\bin\verify.dll
0x00007ffe52be0000 - 0x00007ffe52c07000 	C:\Program Files\Java\jdk-9.0.4\bin\java.dll
0x00007ffe43d20000 - 0x00007ffe43d4a000 	C:\Program Files\Java\jdk-9.0.4\bin\instrument.dll
0x00007ffe530f0000 - 0x00007ffe53106000 	C:\Program Files\Java\jdk-9.0.4\bin\zip.dll
0x00007ffe54800000 - 0x00007ffe5480a000 	C:\Program Files\Java\jdk-9.0.4\bin\jimage.dll
0x00007ffe57ad0000 - 0x00007ffe58f06000 	C:\WINDOWS\System32\SHELL32.dll
0x00007ffe57580000 - 0x00007ffe57626000 	C:\WINDOWS\System32\shcore.dll
0x00007ffe56880000 - 0x00007ffe56fc7000 	C:\WINDOWS\System32\windows.storage.dll
0x00007ffe59b20000 - 0x00007ffe59b71000 	C:\WINDOWS\System32\shlwapi.dll
0x00007ffe563e0000 - 0x00007ffe563f1000 	C:\WINDOWS\System32\kernel.appcore.dll
0x00007ffe56370000 - 0x00007ffe563bc000 	C:\WINDOWS\System32\powrprof.dll
0x00007ffe563c0000 - 0x00007ffe563db000 	C:\WINDOWS\System32\profapi.dll
0x00007ffe507b0000 - 0x00007ffe507ca000 	C:\Program Files\Java\jdk-9.0.4\bin\net.dll
0x00007ffe4fc00000 - 0x00007ffe4fcde000 	C:\WINDOWS\SYSTEM32\WINHTTP.dll
0x00007ffe55be0000 - 0x00007ffe55c46000 	C:\WINDOWS\system32\mswsock.dll
0x00007ffe4f930000 - 0x00007ffe4f941000 	C:\Program Files\Java\jdk-9.0.4\bin\nio.dll
0x00007ffe4e8c0000 - 0x00007ffe4e8da000 	D:\IntelliJ IDEA 2017.3.3\bin\breakgen64.dll
0x0000013d2cef0000 - 0x0000013d2cef3000 	C:\Program Files\Java\jdk-9.0.4\bin\api-ms-win-core-console-l1-1-0.dll
0x0000013d2cf00000 - 0x0000013d2cf03000 	C:\Program Files\Java\jdk-9.0.4\bin\api-ms-win-core-datetime-l1-1-0.dll
0x0000013d2cf10000 - 0x0000013d2cf13000 	C:\Program Files\Java\jdk-9.0.4\bin\api-ms-win-core-debug-l1-1-0.dll
0x0000013d2cf20000 - 0x0000013d2cf23000 	C:\Program Files\Java\jdk-9.0.4\bin\api-ms-win-core-errorhandling-l1-1-0.dll
0x0000013d50f80000 - 0x0000013d50f84000 	C:\Program Files\Java\jdk-9.0.4\bin\api-ms-win-core-file-l1-1-0.dll
0x0000013d50f90000 - 0x0000013d50f93000 	C:\Program Files\Java\jdk-9.0.4\bin\api-ms-win-core-file-l1-2-0.dll
0x0000013d50fa0000 - 0x0000013d50fa3000 	C:\Program Files\Java\jdk-9.0.4\bin\api-ms-win-core-file-l2-1-0.dll
0x0000013d50fb0000 - 0x0000013d50fb3000 	C:\Program Files\Java\jdk-9.0.4\bin\api-ms-win-core-handle-l1-1-0.dll
0x0000013d50fc0000 - 0x0000013d50fc3000 	C:\Program Files\Java\jdk-9.0.4\bin\api-ms-win-core-heap-l1-1-0.dll
0x0000013d50fd0000 - 0x0000013d50fd3000 	C:\Program Files\Java\jdk-9.0.4\bin\api-ms-win-core-interlocked-l1-1-0.dll
0x0000013d50fe0000 - 0x0000013d50fe3000 	C:\Program Files\Java\jdk-9.0.4\bin\api-ms-win-core-libraryloader-l1-1-0.dll
0x0000013d50ff0000 - 0x0000013d50ff3000 	C:\Program Files\Java\jdk-9.0.4\bin\api-ms-win-core-localization-l1-2-0.dll
0x0000013d51000000 - 0x0000013d51003000 	C:\Program Files\Java\jdk-9.0.4\bin\api-ms-win-core-memory-l1-1-0.dll
0x0000013d51010000 - 0x0000013d51013000 	C:\Program Files\Java\jdk-9.0.4\bin\api-ms-win-core-namedpipe-l1-1-0.dll
0x0000013d51020000 - 0x0000013d51023000 	C:\Program Files\Java\jdk-9.0.4\bin\api-ms-win-core-processenvironment-l1-1-0.dll
0x0000013d51030000 - 0x0000013d51033000 	C:\Program Files\Java\jdk-9.0.4\bin\api-ms-win-core-processthreads-l1-1-0.dll
0x0000013d51040000 - 0x0000013d51043000 	C:\Program Files\Java\jdk-9.0.4\bin\api-ms-win-core-processthreads-l1-1-1.dll
0x0000013d51050000 - 0x0000013d51053000 	C:\Program Files\Java\jdk-9.0.4\bin\api-ms-win-core-profile-l1-1-0.dll
0x0000013d51060000 - 0x0000013d51063000 	C:\Program Files\Java\jdk-9.0.4\bin\api-ms-win-core-rtlsupport-l1-1-0.dll
0x0000013d51070000 - 0x0000013d51073000 	C:\Program Files\Java\jdk-9.0.4\bin\api-ms-win-core-string-l1-1-0.dll
0x0000013d51080000 - 0x0000013d51083000 	C:\Program Files\Java\jdk-9.0.4\bin\api-ms-win-core-synch-l1-1-0.dll
0x0000013d51090000 - 0x0000013d51093000 	C:\Program Files\Java\jdk-9.0.4\bin\api-ms-win-core-synch-l1-2-0.dll
0x0000013d510a0000 - 0x0000013d510a3000 	C:\Program Files\Java\jdk-9.0.4\bin\api-ms-win-core-sysinfo-l1-1-0.dll
0x0000013d510b0000 - 0x0000013d510b3000 	C:\Program Files\Java\jdk-9.0.4\bin\api-ms-win-core-timezone-l1-1-0.dll
0x0000013d510c0000 - 0x0000013d510c3000 	C:\Program Files\Java\jdk-9.0.4\bin\api-ms-win-core-util-l1-1-0.dll
0x0000013d510d0000 - 0x0000013d510d3000 	C:\Program Files\Java\jdk-9.0.4\bin\api-ms-win-crt-conio-l1-1-0.dll
0x0000013d510e0000 - 0x0000013d510e4000 	C:\Program Files\Java\jdk-9.0.4\bin\api-ms-win-crt-convert-l1-1-0.dll
0x0000013d510f0000 - 0x0000013d510f3000 	C:\Program Files\Java\jdk-9.0.4\bin\api-ms-win-crt-environment-l1-1-0.dll
0x0000013d51100000 - 0x0000013d51103000 	C:\Program Files\Java\jdk-9.0.4\bin\api-ms-win-crt-filesystem-l1-1-0.dll
0x0000013d51110000 - 0x0000013d51113000 	C:\Program Files\Java\jdk-9.0.4\bin\api-ms-win-crt-heap-l1-1-0.dll
0x0000013d51120000 - 0x0000013d51123000 	C:\Program Files\Java\jdk-9.0.4\bin\api-ms-win-crt-locale-l1-1-0.dll
0x0000013d51130000 - 0x0000013d51135000 	C:\Program Files\Java\jdk-9.0.4\bin\api-ms-win-crt-math-l1-1-0.dll
0x0000013d51140000 - 0x0000013d51145000 	C:\Program Files\Java\jdk-9.0.4\bin\api-ms-win-crt-multibyte-l1-1-0.dll
0x0000013d51150000 - 0x0000013d51160000 	C:\Program Files\Java\jdk-9.0.4\bin\api-ms-win-crt-private-l1-1-0.dll
0x0000013d51160000 - 0x0000013d51163000 	C:\Program Files\Java\jdk-9.0.4\bin\api-ms-win-crt-process-l1-1-0.dll
0x0000013d51170000 - 0x0000013d51174000 	C:\Program Files\Java\jdk-9.0.4\bin\api-ms-win-crt-runtime-l1-1-0.dll
0x0000013d51180000 - 0x0000013d51184000 	C:\Program Files\Java\jdk-9.0.4\bin\api-ms-win-crt-stdio-l1-1-0.dll
0x0000013d51190000 - 0x0000013d51194000 	C:\Program Files\Java\jdk-9.0.4\bin\api-ms-win-crt-string-l1-1-0.dll
0x0000013d511a0000 - 0x0000013d511a3000 	C:\Program Files\Java\jdk-9.0.4\bin\api-ms-win-crt-time-l1-1-0.dll
0x0000013d511b0000 - 0x0000013d511b3000 	C:\Program Files\Java\jdk-9.0.4\bin\api-ms-win-crt-utility-l1-1-0.dll
0x00007ffe35540000 - 0x00007ffe35636000 	C:\Program Files\Java\jdk-9.0.4\bin\ucrtbase.dll
0x00007ffe4e660000 - 0x00007ffe4e676000 	C:\Program Files\Java\jdk-9.0.4\bin\vcruntime140.dll
0x00007ffe40f70000 - 0x00007ffe4100c000 	C:\Program Files\Java\jdk-9.0.4\bin\msvcp140.dll
0x00007ffe35d80000 - 0x00007ffe35dd1000 	C:\Program Files\Java\jdk-9.0.4\bin\concrt140.dll
0x00007ffe43330000 - 0x00007ffe43353000 	C:\Program Files\Java\jdk-9.0.4\bin\prism_d3d.dll
0x00007ffe4b820000 - 0x00007ffe4b9b5000 	C:\WINDOWS\system32\d3d9.dll
0x00007ffe54d70000 - 0x00007ffe54d9a000 	C:\WINDOWS\SYSTEM32\dwmapi.dll
0x00007ffe54b20000 - 0x00007ffe54bb5000 	C:\WINDOWS\system32\uxtheme.dll
0x00007ffe4eee0000 - 0x00007ffe4efcb000 	C:\WINDOWS\System32\DriverStore\FileRepository\nv_dispi.inf_amd64_5601d21ccd639df9\nvldumdx.dll
0x00007ffe57070000 - 0x00007ffe5723e000 	C:\WINDOWS\System32\crypt32.dll
0x00007ffe56350000 - 0x00007ffe56362000 	C:\WINDOWS\System32\MSASN1.dll
0x00007ffe56400000 - 0x00007ffe56458000 	C:\WINDOWS\System32\WINTRUST.DLL
0x00007ffe59df0000 - 0x00007ffe59e0d000 	C:\WINDOWS\System32\imagehlp.dll
0x00007ffe55db0000 - 0x00007ffe55dc7000 	C:\WINDOWS\SYSTEM32\CRYPTSP.dll
0x00007ffe557e0000 - 0x00007ffe55813000 	C:\WINDOWS\system32\rsaenh.dll
0x00007ffe55eb0000 - 0x00007ffe55ed5000 	C:\WINDOWS\SYSTEM32\bcrypt.dll
0x00007ffe55da0000 - 0x00007ffe55dab000 	C:\WINDOWS\SYSTEM32\CRYPTBASE.dll
0x00007ffe275b0000 - 0x00007ffe287ba000 	C:\WINDOWS\System32\DriverStore\FileRepository\nv_dispi.inf_amd64_5601d21ccd639df9\nvd3dumx.dll
0x00007ffe41d80000 - 0x00007ffe41fd9000 	C:\WINDOWS\system32\nvspcap64.dll
0x00007ffe591a0000 - 0x00007ffe592e9000 	C:\WINDOWS\System32\ole32.dll
0x00007ffe55480000 - 0x00007ffe554b1000 	C:\WINDOWS\SYSTEM32\ntmarta.dll
0x00007ffe40740000 - 0x00007ffe4078a000 	C:\Program Files\Java\jdk-9.0.4\bin\glass.dll
0x00007ffe59ec0000 - 0x00007ffe59fca000 	C:\WINDOWS\System32\COMDLG32.dll
0x00007ffe592f0000 - 0x00007ffe593b5000 	C:\WINDOWS\System32\OLEAUT32.dll
0x00007ffe58f70000 - 0x00007ffe590d7000 	C:\WINDOWS\System32\MSCTF.dll
0x00007ffe4a830000 - 0x00007ffe4a91b000 	C:\Program Files (x86)\NVIDIA Corporation\3D Vision\nvSCPAPI64.dll
0x00007ffe593d0000 - 0x00007ffe5981e000 	C:\WINDOWS\System32\SETUPAPI.dll
0x00007ffe559b0000 - 0x00007ffe55a66000 	C:\WINDOWS\SYSTEM32\DNSAPI.dll
0x00007ffe593c0000 - 0x00007ffe593c8000 	C:\WINDOWS\System32\NSI.dll
0x00007ffe55970000 - 0x00007ffe559a9000 	C:\WINDOWS\SYSTEM32\IPHLPAPI.DLL
0x0000000074e80000 - 0x0000000074ea6000 	C:\Program Files\Bonjour\mdnsNSP.dll
0x00007ffe4ec00000 - 0x00007ffe4ec0a000 	C:\Windows\System32\rasadhlp.dll
0x00007ffe4ed20000 - 0x00007ffe4ed90000 	C:\WINDOWS\System32\fwpuclnt.dll
0x00007ffe451c0000 - 0x00007ffe451d4000 	C:\Program Files\Java\jdk-9.0.4\bin\javafx_font.dll
0x00007ffe26130000 - 0x00007ffe262c9000 	C:\Program Files\Java\jdk-9.0.4\bin\awt.dll
0x00007ffe53ab0000 - 0x00007ffe54068000 	C:\WINDOWS\SYSTEM32\d2d1.dll
0x00007ffe54830000 - 0x00007ffe548b8000 	C:\WINDOWS\SYSTEM32\apphelp.dll
0x00007ffe354a0000 - 0x00007ffe3553d000 	C:\Program Files\Java\jdk-9.0.4\bin\fontmanager.dll
0x00007ffe41330000 - 0x00007ffe4163f000 	C:\WINDOWS\SYSTEM32\dwrite.dll
0x00007ffe59a80000 - 0x00007ffe59b1e000 	C:\WINDOWS\System32\clbcatq.dll
0x00007ffe52320000 - 0x00007ffe524cb000 	C:\WINDOWS\SYSTEM32\WindowsCodecs.dll
0x00007ffe44c30000 - 0x00007ffe44c7f000 	C:\WINDOWS\system32\dataexchange.dll
0x00007ffe54150000 - 0x00007ffe54292000 	C:\WINDOWS\system32\dcomp.dll

VM Arguments:
jvm_args: -javaagent:D:\IntelliJ IDEA 2017.3.3\lib\idea_rt.jar=53475:D:\IntelliJ IDEA 2017.3.3\bin -Dfile.encoding=UTF-8 
java_command: sample.Main
java_class_path (initial): C:\Users\Luke\IdeaProjects\EducationalTool\out\production\EducationalTool;D:\mysql-connector-java-5.1.46\mysql-connector-java-5.1.46.jar;C:\Users\Luke\Documents\mfz-rxtx-2.2-20081207-win-x64\RXTXcomm.jar;D:\Downloads\JArduino-0.1.7\JArduino-0.1.7\jarduino.samples\lib\jmf.jar;D:\Downloads\JArduino-0.1.7\JArduino-0.1.7\jarduino.samples\lib\jstun.jar;D:\Downloads\JArduino-0.1.7\JArduino-0.1.7\jarduino.samples\lib\jcommon-1.0.15.jar;D:\Downloads\JArduino-0.1.7\JArduino-0.1.7\jarduino.samples\lib\jcommon-1.0.16.jar;D:\Downloads\JArduino-0.1.7\JArduino-0.1.7\jarduino.samples\lib\jfreechart-1.0.13.jar;D:\Downloads\JArduino-0.1.7\JArduino-0.1.7\jarduino.samples\lib\voiceclearly-1.0.0.jar;D:\Downloads\JArduino-0.1.7\JArduino-0.1.7\jarduino.samples\lib\twitter4j-core-2.2.2.jar;D:\Downloads\JArduino-0.1.7\JArduino-0.1.7\jarduino.samples\lib\org.kevoree.extra.osgi.rxtx-2.2.0.jar;D:\Downloads\JArduino-0.1.7\JArduino-0.1.7\jarduino.samples\lib\org.sintef.jarduino.gui-0.1.7-SNAPSHOT.jar;D:\Downloads\JArduino-0.1.7\JArduino-0.1.7\jarduino.samples\lib\org.sintef.jarduino.core-0.1.7-SNAPSHOT.jar
Launcher Type: SUN_STANDARD

Logging:
Log output configuration:
#0: stdout all=warning uptime,level,tags
#1: stderr all=off uptime,level,tags

Environment Variables:
PATH=C:\Program Files (x86)\Common Files\Intel\Shared Libraries\redist\ia32\compiler;C:\Program Files (x86)\Common Files\Intel\Shared Libraries\redist\intel64\compiler;C:\ProgramData\Oracle\Java\javapath;C:\WINDOWS\system32;C:\WINDOWS;C:\WINDOWS\System32\Wbem;C:\WINDOWS\System32\WindowsPowerShell\v1.0\;C:\Program Files (x86)\Windows Live\Shared;C:\Program Files\PuTTY\;C:\Program Files\Git\cmd;C:\Program Files (x86)\NVIDIA Corporation\PhysX\Common;C:\RailsInstaller\Git\cmd;C:\RailsInstaller\Ruby2.3.3\bin;C:\Users\Luke\AppData\Local\Microsoft\WindowsApps;
USERNAME=Luke
OS=Windows_NT
PROCESSOR_IDENTIFIER=Intel64 Family 6 Model 94 Stepping 3, GenuineIntel



---------------  S Y S T E M  ---------------

OS: Windows 10 , 64 bit Build 16299 (10.0.16299.15)

CPU:total 4 (initial active 4) (4 cores per cpu, 1 threads per core) family 6 model 94 stepping 3, cmov, cx8, fxsr, mmx, sse, sse2, sse3, ssse3, sse4.1, sse4.2, popcnt, avx, avx2, aes, clmul, erms, rtm, 3dnowpref, lzcnt, tsc, tscinvbit, bmi1, bmi2, adx, fma

Memory: 4k page, physical 8320752k(3432924k free), swap 9893616k(2879416k free)

vm_info: Java HotSpot(TM) 64-Bit Server VM (9.0.4+11) for windows-amd64 JRE (9.0.4+11), built on Dec 20 2017 02:18:54 by "mach5one" with MS VC++ 12.0 (VS2013)

END.
