#
# A fatal error has been detected by the Java Runtime Environment:
#
#  EXCEPTION_ACCESS_VIOLATION (0xc0000005) at pc=0x0000000180005b00, pid=10424, tid=11480
#
# JRE version: Java(TM) SE Runtime Environment (9.0+11) (build 9.0.4+11)
# Java VM: Java HotSpot(TM) 64-Bit Server VM (9.0.4+11, mixed mode, tiered, compressed oops, g1 gc, windows-amd64)
# Problematic frame:
# C  0x0000000180005b00
#
# No core dump will be written. Minidumps are not enabled by default on client versions of Windows
#
# If you would like to submit a bug report, please visit:
#   http://bugreport.java.com/bugreport/crash.jsp
# The crash happened outside the Java Virtual Machine in native code.
# See problematic frame for where to report the bug.
#

---------------  S U M M A R Y ------------

Command Line: -javaagent:D:\IntelliJ IDEA 2017.3.3\lib\idea_rt.jar=52660:D:\IntelliJ IDEA 2017.3.3\bin -Dfile.encoding=UTF-8 sample.Main

Host: Intel(R) Core(TM) i5-6500 CPU @ 3.20GHz, 4 cores, 7G,  Windows 10 , 64 bit Build 16299 (10.0.16299.15)
Time: Wed Mar 28 10:08:06 2018 GMT Summer Time elapsed time: 16 seconds (0d 0h 0m 16s)

---------------  T H R E A D  ---------------

Current thread (0x00000204f9b8f800):  JavaThread "Thread-3" [_thread_in_native, id=11480, stack(0x000000b663c30000,0x000000b663d30000)]

Stack: [0x000000b663c30000,0x000000b663d30000],  sp=0x000000b663d2e0b0,  free space=1016k
Native frames: (J=compiled Java code, j=interpreted, Vv=VM code, C=native code)
C  0x0000000180005b00
C  0x0000000180005f3f
C  0x00000204dbcb921c

Java frames: (J=compiled Java code, j=interpreted, Vv=VM code)
j  gnu.io.RXTXPort.readByte()I+0
j  gnu.io.RXTXPort$SerialInputStream.read()I+81
j  org.sintef.jarduino.comm.Serial4JArduino$SerialReader.serialEvent(Lgnu/io/SerialPortEvent;)V+7
j  gnu.io.RXTXPort.sendEvent(IZ)Z+382
v  ~StubRoutines::call_stub
j  gnu.io.RXTXPort.eventLoop()V+0
j  gnu.io.RXTXPort$MonitorThread.run()V+12
v  ~StubRoutines::call_stub

siginfo: EXCEPTION_ACCESS_VIOLATION (0xc0000005), reading address 0x0000000063d2ea58


Register to memory mapping:

RIP=0x0000000180005b00 is an unknown value
RAX=0x0000000000000001 is an unknown value
RBX=0x0000000000000000 is an unknown value
RCX=0x000000018001d4d5 is an unknown value
RDX=0xfffffffffffff665 is an unknown value
RSP=0x000000b663d2e0b0 is pointing into the stack for thread: 0x00000204f9b8f800
RBP=
[error occurred during error reporting (printing register info), id 0xc0000005]

Registers:
RAX=0x0000000000000001, RBX=0x0000000000000000, RCX=0x000000018001d4d5, RDX=0xfffffffffffff665
RSP=0x000000b663d2e0b0, RBP=0x00000000ffffffff, RSI=0x0000000000000000, RDI=0x00000204f9b8fa18
R8 =0x0000000000000002, R9 =0xfffffffffffff63c, R10=0x000000000000006a, R11=0x8101010101010100
R12=0x0000000063d2ea50, R13=0x0000000000000001, R14=0x000000b663d2e258, R15=0x0000000000000000
RIP=0x0000000180005b00, EFLAGS=0x0000000000010202

Top of Stack: (sp=0x000000b663d2e0b0)
0x000000b663d2e0b0:   0000000000000000 0000000000000000
0x000000b663d2e0c0:   000000b663d2e258 0000000000000000
0x000000b663d2e0d0:   00000204f9b8f800 000000b663d2e258
0x000000b663d2e0e0:   00000204ff0ca910 000000b663d2e258
0x000000b663d2e0f0:   ffffffffffffffff 0000000000000001
0x000000b663d2e100:   00000204fa7948f0 0000000180005f3f
0x000000b663d2e110:   00000204f9b8fa18 00000204f9b8fa18
0x000000b663d2e120:   0000020400000001 000000b663d2e140
0x000000b663d2e130:   0000020400000001 00000204ffffffff
0x000000b663d2e140:   00000204f9a9a430 000000b663d2e258
0x000000b663d2e150:   000000b663d2e6c8 0000020400000000
0x000000b663d2e160:   00000204ff0ca918 00000204f9b8f800
0x000000b663d2e170:   00000204ff0ca918 00000204f9b8f800
0x000000b663d2e180:   0000000000000138 00000204dbcb9074
0x000000b663d2e190:   0000c6f7082bfe9c 00000204f9b8f800
0x000000b663d2e1a0:   0000000000000000 0000000000000138 

Instructions: (pc=0x0000000180005b00)
0x0000000180005ae0:   15 23 7a 01 00 48 8d 48 60 e8 3a 5d 00 00 4c 8b
0x0000000180005af0:   e5 8b ac 24 88 00 00 00 44 8b ac 24 80 00 00 00
0x0000000180005b00:   45 8b 74 24 08 41 89 5c 24 08 41 8b fd 85 ed 78
0x0000000180005b10:   09 ff 15 e9 14 01 00 44 8b f8 45 85 ed 7e 4a 90 



---------------  P R O C E S S  ---------------

Java Threads: ( => current thread )
=>0x00000204f9b8f800 JavaThread "Thread-3" [_thread_in_native, id=11480, stack(0x000000b663c30000,0x000000b663d30000)]
  0x00000204f9a87800 JavaThread "Prism Font Disposer" daemon [_thread_blocked, id=12984, stack(0x000000b663600000,0x000000b663700000)]
  0x00000204f8e9d000 JavaThread "Java2D Disposer" daemon [_thread_blocked, id=11784, stack(0x000000b663500000,0x000000b663600000)]
  0x00000204f3c71000 JavaThread "Thread-2" daemon [_thread_in_native, id=8800, stack(0x000000b663200000,0x000000b663300000)]
  0x00000204f3bb6800 JavaThread "Abandoned connection cleanup thread" daemon [_thread_blocked, id=9244, stack(0x000000b663400000,0x000000b663500000)]
  0x00000204f3597000 JavaThread "JavaFX-Launcher" [_thread_blocked, id=13548, stack(0x000000b663300000,0x000000b663400000)]
  0x00000204f38bf000 JavaThread "JavaFX Application Thread" [_thread_blocked, id=10908, stack(0x000000b663100000,0x000000b663200000)]
  0x00000204f37e3000 JavaThread "InvokeLaterDispatcher" daemon [_thread_blocked, id=9228, stack(0x000000b663000000,0x000000b663100000)]
  0x00000204f37b0800 JavaThread "QuantumRenderer-0" daemon [_thread_blocked, id=9436, stack(0x000000b662d00000,0x000000b662e00000)]
  0x00000204f370a800 JavaThread "Service Thread" daemon [_thread_blocked, id=2212, stack(0x000000b662b00000,0x000000b662c00000)]
  0x00000204f370a000 JavaThread "Monitor Ctrl-Break" daemon [_thread_in_native, id=6228, stack(0x000000b662a00000,0x000000b662b00000)]
  0x00000204f3190800 JavaThread "Common-Cleaner" daemon [_thread_blocked, id=11680, stack(0x000000b662900000,0x000000b662a00000)]
  0x00000204f3166800 JavaThread "Sweeper thread" daemon [_thread_blocked, id=9924, stack(0x000000b662800000,0x000000b662900000)]
  0x00000204f30ef800 JavaThread "C1 CompilerThread2" daemon [_thread_blocked, id=2644, stack(0x000000b662700000,0x000000b662800000)]
  0x00000204f30eb800 JavaThread "C2 CompilerThread1" daemon [_thread_blocked, id=11052, stack(0x000000b662600000,0x000000b662700000)]
  0x00000204f30e7800 JavaThread "C2 CompilerThread0" daemon [_thread_blocked, id=7044, stack(0x000000b662500000,0x000000b662600000)]
  0x00000204f30e4800 JavaThread "Attach Listener" daemon [_thread_blocked, id=8148, stack(0x000000b662400000,0x000000b662500000)]
  0x00000204f30e2800 JavaThread "Signal Dispatcher" daemon [_thread_blocked, id=12964, stack(0x000000b662300000,0x000000b662400000)]
  0x00000204f3097000 JavaThread "Finalizer" daemon [_thread_blocked, id=13324, stack(0x000000b662200000,0x000000b662300000)]
  0x00000204f308c800 JavaThread "Reference Handler" daemon [_thread_blocked, id=11468, stack(0x000000b662100000,0x000000b662200000)]
  0x00000204cfcc4000 JavaThread "main" [_thread_blocked, id=7496, stack(0x000000b661400000,0x000000b661500000)]

Other Threads:
  0x00000204f3089800 VMThread "VM Thread" [stack: 0x000000b662000000,0x000000b662100000] [id=5920]
  0x00000204f3758000 WatcherThread [stack: 0x000000b662c00000,0x000000b662d00000] [id=5104]
  0x00000204cfcda000 GCTaskThread "GC Thread#0" [stack: 0x000000b661500000,0x000000b661600000] [id=5752]
  0x00000204cfcdb000 GCTaskThread "GC Thread#1" [stack: 0x000000b661600000,0x000000b661700000] [id=5180]
  0x00000204cfcde000 GCTaskThread "GC Thread#2" [stack: 0x000000b661700000,0x000000b661800000] [id=6352]
  0x00000204cfce4000 GCTaskThread "GC Thread#3" [stack: 0x000000b661800000,0x000000b661900000] [id=3780]
  0x00000204cfd66800 ConcurrentGCThread "G1 Main Marker" [stack: 0x000000b661e00000,0x000000b661f00000] [id=12992]
  0x00000204cfd6a800 ConcurrentGCThread "G1 Marker#0" [stack: 0x000000b661f00000,0x000000b662000000] [id=14324]
  0x00000204cfcf7000 ConcurrentGCThread "G1 Refine#0" [stack: 0x000000b661c00000,0x000000b661d00000] [id=5332]
  0x00000204cfcf6000 ConcurrentGCThread "G1 Refine#1" [stack: 0x000000b661b00000,0x000000b661c00000] [id=5304]
  0x00000204cfcf1000 ConcurrentGCThread "G1 Refine#2" [stack: 0x000000b661a00000,0x000000b661b00000] [id=5200]
  0x00000204cfced800 ConcurrentGCThread "G1 Refine#3" [stack: 0x000000b661900000,0x000000b661a00000] [id=8604]
  0x00000204cfcf8000 ConcurrentGCThread "G1 Young RemSet Sampling" [stack: 0x000000b661d00000,0x000000b661e00000] [id=2716]

Threads with active compile tasks:

VM state:not at safepoint (normal execution)

VM Mutex/Monitor currently owned by a thread: None

Heap address: 0x0000000081000000, size: 2032 MB, Compressed Oops mode: 32-bit
Narrow klass base: 0x0000000000000000, Narrow klass shift: 3
Compressed class space size: 1073741824 Address: 0x0000000100000000

Heap:
 garbage-first heap   total 131072K, used 29650K [0x0000000081000000, 0x0000000081100400, 0x0000000100000000)
  region size 1024K, 23 young (23552K), 4 survivors (4096K)
 Metaspace       used 25899K, capacity 27558K, committed 27776K, reserved 1073152K
  class space    used 3043K, capacity 3369K, committed 3456K, reserved 1048576K
Heap Regions: E=young(eden), S=young(survivor), O=old, HS=humongous(starts), HC=humongous(continues), CS=collection set, F=free, A=archive, TS=gc time stamp, AC=allocation context, TAMS=top-at-mark-start (previous, next)
|   0|0x0000000081000000, 0x0000000081100000, 0x0000000081100000|100%| O|  |TS  0|AC  0|TAMS 0x0000000081100000, 0x0000000081100000|
|   1|0x0000000081100000, 0x0000000081200000, 0x0000000081200000|100%| O|  |TS  0|AC  0|TAMS 0x0000000081200000, 0x0000000081200000|
|   2|0x0000000081200000, 0x0000000081300000, 0x0000000081300000|100%| O|  |TS  0|AC  0|TAMS 0x0000000081300000, 0x0000000081300000|
|   3|0x0000000081300000, 0x0000000081400000, 0x0000000081400000|100%| O|  |TS  0|AC  0|TAMS 0x0000000081400000, 0x0000000081400000|
|   4|0x0000000081400000, 0x00000000814f4a00, 0x0000000081500000| 95%| O|  |TS  0|AC  0|TAMS 0x00000000814f4a00, 0x00000000814f4a00|
|   5|0x0000000081500000, 0x0000000081600000, 0x0000000081600000|100%|HS|  |TS  0|AC  0|TAMS 0x0000000081500000, 0x0000000081500000|
|   6|0x0000000081600000, 0x0000000081700000, 0x0000000081700000|100%|HC|  |TS  0|AC  0|TAMS 0x0000000081600000, 0x0000000081600000|
|   7|0x0000000081700000, 0x0000000081700000, 0x0000000081800000|  0%| F|  |TS  0|AC  0|TAMS 0x0000000081700000, 0x0000000081700000|
|   8|0x0000000081800000, 0x0000000081800000, 0x0000000081900000|  0%| F|  |TS  0|AC  0|TAMS 0x0000000081800000, 0x0000000081800000|
|   9|0x0000000081900000, 0x0000000081900000, 0x0000000081a00000|  0%| F|  |TS  0|AC  0|TAMS 0x0000000081900000, 0x0000000081900000|
|  10|0x0000000081a00000, 0x0000000081a00000, 0x0000000081b00000|  0%| F|  |TS  0|AC  0|TAMS 0x0000000081a00000, 0x0000000081a00000|
|  11|0x0000000081b00000, 0x0000000081b00000, 0x0000000081c00000|  0%| F|  |TS  0|AC  0|TAMS 0x0000000081b00000, 0x0000000081b00000|
|  12|0x0000000081c00000, 0x0000000081c00000, 0x0000000081d00000|  0%| F|  |TS  0|AC  0|TAMS 0x0000000081c00000, 0x0000000081c00000|
|  13|0x0000000081d00000, 0x0000000081d00000, 0x0000000081e00000|  0%| F|  |TS  0|AC  0|TAMS 0x0000000081d00000, 0x0000000081d00000|
|  14|0x0000000081e00000, 0x0000000081e00000, 0x0000000081f00000|  0%| F|  |TS  0|AC  0|TAMS 0x0000000081e00000, 0x0000000081e00000|
|  15|0x0000000081f00000, 0x0000000081f00000, 0x0000000082000000|  0%| F|  |TS  0|AC  0|TAMS 0x0000000081f00000, 0x0000000081f00000|
|  16|0x0000000082000000, 0x0000000082000000, 0x0000000082100000|  0%| F|  |TS  0|AC  0|TAMS 0x0000000082000000, 0x0000000082000000|
|  17|0x0000000082100000, 0x0000000082100000, 0x0000000082200000|  0%| F|  |TS  0|AC  0|TAMS 0x0000000082100000, 0x0000000082100000|
|  18|0x0000000082200000, 0x0000000082200000, 0x0000000082300000|  0%| F|  |TS  0|AC  0|TAMS 0x0000000082200000, 0x0000000082200000|
|  19|0x0000000082300000, 0x0000000082300000, 0x0000000082400000|  0%| F|  |TS  0|AC  0|TAMS 0x0000000082300000, 0x0000000082300000|
|  20|0x0000000082400000, 0x0000000082400000, 0x0000000082500000|  0%| F|  |TS  0|AC  0|TAMS 0x0000000082400000, 0x0000000082400000|
|  21|0x0000000082500000, 0x0000000082500000, 0x0000000082600000|  0%| F|  |TS  0|AC  0|TAMS 0x0000000082500000, 0x0000000082500000|
|  22|0x0000000082600000, 0x0000000082600000, 0x0000000082700000|  0%| F|  |TS  0|AC  0|TAMS 0x0000000082600000, 0x0000000082600000|
|  23|0x0000000082700000, 0x0000000082700000, 0x0000000082800000|  0%| F|  |TS  0|AC  0|TAMS 0x0000000082700000, 0x0000000082700000|
|  24|0x0000000082800000, 0x0000000082800000, 0x0000000082900000|  0%| F|  |TS  0|AC  0|TAMS 0x0000000082800000, 0x0000000082800000|
|  25|0x0000000082900000, 0x0000000082900000, 0x0000000082a00000|  0%| F|  |TS  0|AC  0|TAMS 0x0000000082900000, 0x0000000082900000|
|  26|0x0000000082a00000, 0x0000000082a00000, 0x0000000082b00000|  0%| F|  |TS  0|AC  0|TAMS 0x0000000082a00000, 0x0000000082a00000|
|  27|0x0000000082b00000, 0x0000000082b00000, 0x0000000082c00000|  0%| F|  |TS  0|AC  0|TAMS 0x0000000082b00000, 0x0000000082b00000|
|  28|0x0000000082c00000, 0x0000000082c00000, 0x0000000082d00000|  0%| F|  |TS  0|AC  0|TAMS 0x0000000082c00000, 0x0000000082c00000|
|  29|0x0000000082d00000, 0x0000000082d00000, 0x0000000082e00000|  0%| F|  |TS  0|AC  0|TAMS 0x0000000082d00000, 0x0000000082d00000|
|  30|0x0000000082e00000, 0x0000000082e00000, 0x0000000082f00000|  0%| F|  |TS  0|AC  0|TAMS 0x0000000082e00000, 0x0000000082e00000|
|  31|0x0000000082f00000, 0x0000000082f00000, 0x0000000083000000|  0%| F|  |TS  0|AC  0|TAMS 0x0000000082f00000, 0x0000000082f00000|
|  32|0x0000000083000000, 0x0000000083000000, 0x0000000083100000|  0%| F|  |TS  0|AC  0|TAMS 0x0000000083000000, 0x0000000083000000|
|  33|0x0000000083100000, 0x0000000083100000, 0x0000000083200000|  0%| F|  |TS  0|AC  0|TAMS 0x0000000083100000, 0x0000000083100000|
|  34|0x0000000083200000, 0x0000000083200000, 0x0000000083300000|  0%| F|  |TS  0|AC  0|TAMS 0x0000000083200000, 0x0000000083200000|
|  35|0x0000000083300000, 0x0000000083300000, 0x0000000083400000|  0%| F|  |TS  0|AC  0|TAMS 0x0000000083300000, 0x0000000083300000|
|  36|0x0000000083400000, 0x0000000083400000, 0x0000000083500000|  0%| F|  |TS  0|AC  0|TAMS 0x0000000083400000, 0x0000000083400000|
|  37|0x0000000083500000, 0x0000000083500000, 0x0000000083600000|  0%| F|  |TS  0|AC  0|TAMS 0x0000000083500000, 0x0000000083500000|
|  38|0x0000000083600000, 0x0000000083600000, 0x0000000083700000|  0%| F|  |TS  0|AC  0|TAMS 0x0000000083600000, 0x0000000083600000|
|  39|0x0000000083700000, 0x0000000083700000, 0x0000000083800000|  0%| F|  |TS  0|AC  0|TAMS 0x0000000083700000, 0x0000000083700000|
|  40|0x0000000083800000, 0x0000000083800000, 0x0000000083900000|  0%| F|  |TS  0|AC  0|TAMS 0x0000000083800000, 0x0000000083800000|
|  41|0x0000000083900000, 0x0000000083900000, 0x0000000083a00000|  0%| F|  |TS  0|AC  0|TAMS 0x0000000083900000, 0x0000000083900000|
|  42|0x0000000083a00000, 0x0000000083a00000, 0x0000000083b00000|  0%| F|  |TS  0|AC  0|TAMS 0x0000000083a00000, 0x0000000083a00000|
|  43|0x0000000083b00000, 0x0000000083b00000, 0x0000000083c00000|  0%| F|  |TS  0|AC  0|TAMS 0x0000000083b00000, 0x0000000083b00000|
|  44|0x0000000083c00000, 0x0000000083c00000, 0x0000000083d00000|  0%| F|  |TS  0|AC  0|TAMS 0x0000000083c00000, 0x0000000083c00000|
|  45|0x0000000083d00000, 0x0000000083d00000, 0x0000000083e00000|  0%| F|  |TS  0|AC  0|TAMS 0x0000000083d00000, 0x0000000083d00000|
|  46|0x0000000083e00000, 0x0000000083e00000, 0x0000000083f00000|  0%| F|  |TS  0|AC  0|TAMS 0x0000000083e00000, 0x0000000083e00000|
|  47|0x0000000083f00000, 0x0000000083f00000, 0x0000000084000000|  0%| F|  |TS  0|AC  0|TAMS 0x0000000083f00000, 0x0000000083f00000|
|  48|0x0000000084000000, 0x0000000084000000, 0x0000000084100000|  0%| F|  |TS  0|AC  0|TAMS 0x0000000084000000, 0x0000000084000000|
|  49|0x0000000084100000, 0x0000000084100000, 0x0000000084200000|  0%| F|  |TS  0|AC  0|TAMS 0x0000000084100000, 0x0000000084100000|
|  50|0x0000000084200000, 0x0000000084200000, 0x0000000084300000|  0%| F|  |TS  0|AC  0|TAMS 0x0000000084200000, 0x0000000084200000|
|  51|0x0000000084300000, 0x0000000084300000, 0x0000000084400000|  0%| F|  |TS  0|AC  0|TAMS 0x0000000084300000, 0x0000000084300000|
|  52|0x0000000084400000, 0x0000000084400000, 0x0000000084500000|  0%| F|  |TS  0|AC  0|TAMS 0x0000000084400000, 0x0000000084400000|
|  53|0x0000000084500000, 0x0000000084500000, 0x0000000084600000|  0%| F|  |TS  0|AC  0|TAMS 0x0000000084500000, 0x0000000084500000|
|  54|0x0000000084600000, 0x0000000084600000, 0x0000000084700000|  0%| F|  |TS  0|AC  0|TAMS 0x0000000084600000, 0x0000000084600000|
|  55|0x0000000084700000, 0x0000000084700000, 0x0000000084800000|  0%| F|  |TS  0|AC  0|TAMS 0x0000000084700000, 0x0000000084700000|
|  56|0x0000000084800000, 0x0000000084800000, 0x0000000084900000|  0%| F|  |TS  0|AC  0|TAMS 0x0000000084800000, 0x0000000084800000|
|  57|0x0000000084900000, 0x0000000084900000, 0x0000000084a00000|  0%| F|  |TS  0|AC  0|TAMS 0x0000000084900000, 0x0000000084900000|
|  58|0x0000000084a00000, 0x0000000084a00000, 0x0000000084b00000|  0%| F|  |TS  0|AC  0|TAMS 0x0000000084a00000, 0x0000000084a00000|
|  59|0x0000000084b00000, 0x0000000084b00000, 0x0000000084c00000|  0%| F|  |TS  0|AC  0|TAMS 0x0000000084b00000, 0x0000000084b00000|
|  60|0x0000000084c00000, 0x0000000084c00000, 0x0000000084d00000|  0%| F|  |TS  0|AC  0|TAMS 0x0000000084c00000, 0x0000000084c00000|
|  61|0x0000000084d00000, 0x0000000084d00000, 0x0000000084e00000|  0%| F|  |TS  0|AC  0|TAMS 0x0000000084d00000, 0x0000000084d00000|
|  62|0x0000000084e00000, 0x0000000084e00000, 0x0000000084f00000|  0%| F|  |TS  0|AC  0|TAMS 0x0000000084e00000, 0x0000000084e00000|
|  63|0x0000000084f00000, 0x0000000084f00000, 0x0000000085000000|  0%| F|  |TS  0|AC  0|TAMS 0x0000000084f00000, 0x0000000084f00000|
|  64|0x0000000085000000, 0x0000000085000000, 0x0000000085100000|  0%| F|  |TS  0|AC  0|TAMS 0x0000000085000000, 0x0000000085000000|
|  65|0x0000000085100000, 0x0000000085100000, 0x0000000085200000|  0%| F|  |TS  0|AC  0|TAMS 0x0000000085100000, 0x0000000085100000|
|  66|0x0000000085200000, 0x0000000085200000, 0x0000000085300000|  0%| F|  |TS  0|AC  0|TAMS 0x0000000085200000, 0x0000000085200000|
|  67|0x0000000085300000, 0x0000000085300000, 0x0000000085400000|  0%| F|  |TS  0|AC  0|TAMS 0x0000000085300000, 0x0000000085300000|
|  68|0x0000000085400000, 0x0000000085400000, 0x0000000085500000|  0%| F|  |TS  0|AC  0|TAMS 0x0000000085400000, 0x0000000085400000|
|  69|0x0000000085500000, 0x0000000085500000, 0x0000000085600000|  0%| F|  |TS  0|AC  0|TAMS 0x0000000085500000, 0x0000000085500000|
|  70|0x0000000085600000, 0x0000000085600000, 0x0000000085700000|  0%| F|  |TS  0|AC  0|TAMS 0x0000000085600000, 0x0000000085600000|
|  71|0x0000000085700000, 0x0000000085700000, 0x0000000085800000|  0%| F|  |TS  0|AC  0|TAMS 0x0000000085700000, 0x0000000085700000|
|  72|0x0000000085800000, 0x0000000085800000, 0x0000000085900000|  0%| F|  |TS  0|AC  0|TAMS 0x0000000085800000, 0x0000000085800000|
|  73|0x0000000085900000, 0x0000000085900000, 0x0000000085a00000|  0%| F|  |TS  0|AC  0|TAMS 0x0000000085900000, 0x0000000085900000|
|  74|0x0000000085a00000, 0x0000000085a00000, 0x0000000085b00000|  0%| F|  |TS  0|AC  0|TAMS 0x0000000085a00000, 0x0000000085a00000|
|  75|0x0000000085b00000, 0x0000000085b00000, 0x0000000085c00000|  0%| F|  |TS  0|AC  0|TAMS 0x0000000085b00000, 0x0000000085b00000|
|  76|0x0000000085c00000, 0x0000000085c00000, 0x0000000085d00000|  0%| F|  |TS  0|AC  0|TAMS 0x0000000085c00000, 0x0000000085c00000|
|  77|0x0000000085d00000, 0x0000000085d00000, 0x0000000085e00000|  0%| F|  |TS  0|AC  0|TAMS 0x0000000085d00000, 0x0000000085d00000|
|  78|0x0000000085e00000, 0x0000000085e00000, 0x0000000085f00000|  0%| F|  |TS  0|AC  0|TAMS 0x0000000085e00000, 0x0000000085e00000|
|  79|0x0000000085f00000, 0x0000000085f00000, 0x0000000086000000|  0%| F|  |TS  0|AC  0|TAMS 0x0000000085f00000, 0x0000000085f00000|
|  80|0x0000000086000000, 0x0000000086000000, 0x0000000086100000|  0%| F|  |TS  0|AC  0|TAMS 0x0000000086000000, 0x0000000086000000|
|  81|0x0000000086100000, 0x0000000086100000, 0x0000000086200000|  0%| F|  |TS  0|AC  0|TAMS 0x0000000086100000, 0x0000000086100000|
|  82|0x0000000086200000, 0x0000000086200000, 0x0000000086300000|  0%| F|  |TS  0|AC  0|TAMS 0x0000000086200000, 0x0000000086200000|
|  83|0x0000000086300000, 0x0000000086300000, 0x0000000086400000|  0%| F|  |TS  0|AC  0|TAMS 0x0000000086300000, 0x0000000086300000|
|  84|0x0000000086400000, 0x0000000086400000, 0x0000000086500000|  0%| F|  |TS  0|AC  0|TAMS 0x0000000086400000, 0x0000000086400000|
|  85|0x0000000086500000, 0x0000000086500000, 0x0000000086600000|  0%| F|  |TS  0|AC  0|TAMS 0x0000000086500000, 0x0000000086500000|
|  86|0x0000000086600000, 0x0000000086600000, 0x0000000086700000|  0%| F|  |TS  0|AC  0|TAMS 0x0000000086600000, 0x0000000086600000|
|  87|0x0000000086700000, 0x0000000086700000, 0x0000000086800000|  0%| F|  |TS  0|AC  0|TAMS 0x0000000086700000, 0x0000000086700000|
|  88|0x0000000086800000, 0x0000000086800000, 0x0000000086900000|  0%| F|  |TS  0|AC  0|TAMS 0x0000000086800000, 0x0000000086800000|
|  89|0x0000000086900000, 0x0000000086900000, 0x0000000086a00000|  0%| F|  |TS  0|AC  0|TAMS 0x0000000086900000, 0x0000000086900000|
|  90|0x0000000086a00000, 0x0000000086a00000, 0x0000000086b00000|  0%| F|  |TS  0|AC  0|TAMS 0x0000000086a00000, 0x0000000086a00000|
|  91|0x0000000086b00000, 0x0000000086b00000, 0x0000000086c00000|  0%| F|  |TS  0|AC  0|TAMS 0x0000000086b00000, 0x0000000086b00000|
|  92|0x0000000086c00000, 0x0000000086c00000, 0x0000000086d00000|  0%| F|  |TS  0|AC  0|TAMS 0x0000000086c00000, 0x0000000086c00000|
|  93|0x0000000086d00000, 0x0000000086d00000, 0x0000000086e00000|  0%| F|  |TS  0|AC  0|TAMS 0x0000000086d00000, 0x0000000086d00000|
|  94|0x0000000086e00000, 0x0000000086e00000, 0x0000000086f00000|  0%| F|  |TS  0|AC  0|TAMS 0x0000000086e00000, 0x0000000086e00000|
|  95|0x0000000086f00000, 0x0000000086f00000, 0x0000000087000000|  0%| F|  |TS  0|AC  0|TAMS 0x0000000086f00000, 0x0000000086f00000|
|  96|0x0000000087000000, 0x0000000087000000, 0x0000000087100000|  0%| F|  |TS  0|AC  0|TAMS 0x0000000087000000, 0x0000000087000000|
|  97|0x0000000087100000, 0x0000000087100000, 0x0000000087200000|  0%| F|  |TS  0|AC  0|TAMS 0x0000000087100000, 0x0000000087100000|
|  98|0x0000000087200000, 0x0000000087200000, 0x0000000087300000|  0%| F|  |TS  0|AC  0|TAMS 0x0000000087200000, 0x0000000087200000|
|  99|0x0000000087300000, 0x0000000087300000, 0x0000000087400000|  0%| F|  |TS  0|AC  0|TAMS 0x0000000087300000, 0x0000000087300000|
| 100|0x0000000087400000, 0x0000000087400000, 0x0000000087500000|  0%| F|  |TS  0|AC  0|TAMS 0x0000000087400000, 0x0000000087400000|
| 101|0x0000000087500000, 0x0000000087500000, 0x0000000087600000|  0%| F|  |TS  0|AC  0|TAMS 0x0000000087500000, 0x0000000087500000|
| 102|0x0000000087600000, 0x0000000087600000, 0x0000000087700000|  0%| F|  |TS  0|AC  0|TAMS 0x0000000087600000, 0x0000000087600000|
| 103|0x0000000087700000, 0x0000000087700000, 0x0000000087800000|  0%| F|  |TS  0|AC  0|TAMS 0x0000000087700000, 0x0000000087700000|
| 104|0x0000000087800000, 0x0000000087800000, 0x0000000087900000|  0%| F|  |TS  0|AC  0|TAMS 0x0000000087800000, 0x0000000087800000|
| 105|0x0000000087900000, 0x0000000087a00000, 0x0000000087a00000|100%| E|  |TS  0|AC  0|TAMS 0x0000000087900000, 0x0000000087900000|
| 106|0x0000000087a00000, 0x0000000087b00000, 0x0000000087b00000|100%| E|CS|TS  0|AC  0|TAMS 0x0000000087a00000, 0x0000000087a00000|
| 107|0x0000000087b00000, 0x0000000087c00000, 0x0000000087c00000|100%| E|CS|TS  0|AC  0|TAMS 0x0000000087b00000, 0x0000000087b00000|
| 108|0x0000000087c00000, 0x0000000087d00000, 0x0000000087d00000|100%| E|CS|TS  0|AC  0|TAMS 0x0000000087c00000, 0x0000000087c00000|
| 109|0x0000000087d00000, 0x0000000087e00000, 0x0000000087e00000|100%| S|CS|TS  0|AC  0|TAMS 0x0000000087d00000, 0x0000000087d00000|
| 110|0x0000000087e00000, 0x0000000087f00000, 0x0000000087f00000|100%| S|CS|TS  0|AC  0|TAMS 0x0000000087e00000, 0x0000000087e00000|
| 111|0x0000000087f00000, 0x0000000088000000, 0x0000000088000000|100%| S|CS|TS  0|AC  0|TAMS 0x0000000087f00000, 0x0000000087f00000|
| 112|0x0000000088000000, 0x0000000088100000, 0x0000000088100000|100%| S|CS|TS  0|AC  0|TAMS 0x0000000088000000, 0x0000000088000000|
| 113|0x0000000088100000, 0x0000000088200000, 0x0000000088200000|100%| E|CS|TS  0|AC  0|TAMS 0x0000000088100000, 0x0000000088100000|
| 114|0x0000000088200000, 0x0000000088300000, 0x0000000088300000|100%| E|CS|TS  0|AC  0|TAMS 0x0000000088200000, 0x0000000088200000|
| 115|0x0000000088300000, 0x0000000088400000, 0x0000000088400000|100%| E|CS|TS  0|AC  0|TAMS 0x0000000088300000, 0x0000000088300000|
| 116|0x0000000088400000, 0x0000000088500000, 0x0000000088500000|100%| E|CS|TS  0|AC  0|TAMS 0x0000000088400000, 0x0000000088400000|
| 117|0x0000000088500000, 0x0000000088600000, 0x0000000088600000|100%| E|CS|TS  0|AC  0|TAMS 0x0000000088500000, 0x0000000088500000|
| 118|0x0000000088600000, 0x0000000088700000, 0x0000000088700000|100%| E|CS|TS  0|AC  0|TAMS 0x0000000088600000, 0x0000000088600000|
| 119|0x0000000088700000, 0x0000000088800000, 0x0000000088800000|100%| E|CS|TS  0|AC  0|TAMS 0x0000000088700000, 0x0000000088700000|
| 120|0x0000000088800000, 0x0000000088900000, 0x0000000088900000|100%| E|CS|TS  0|AC  0|TAMS 0x0000000088800000, 0x0000000088800000|
| 121|0x0000000088900000, 0x0000000088a00000, 0x0000000088a00000|100%| E|CS|TS  0|AC  0|TAMS 0x0000000088900000, 0x0000000088900000|
| 122|0x0000000088a00000, 0x0000000088b00000, 0x0000000088b00000|100%| E|CS|TS  0|AC  0|TAMS 0x0000000088a00000, 0x0000000088a00000|
| 123|0x0000000088b00000, 0x0000000088c00000, 0x0000000088c00000|100%| E|CS|TS  0|AC  0|TAMS 0x0000000088b00000, 0x0000000088b00000|
| 124|0x0000000088c00000, 0x0000000088d00000, 0x0000000088d00000|100%| E|CS|TS  0|AC  0|TAMS 0x0000000088c00000, 0x0000000088c00000|
| 125|0x0000000088d00000, 0x0000000088e00000, 0x0000000088e00000|100%| E|CS|TS  0|AC  0|TAMS 0x0000000088d00000, 0x0000000088d00000|
| 126|0x0000000088e00000, 0x0000000088f00000, 0x0000000088f00000|100%| E|CS|TS  0|AC  0|TAMS 0x0000000088e00000, 0x0000000088e00000|
| 127|0x0000000088f00000, 0x0000000089000000, 0x0000000089000000|100%| E|CS|TS  0|AC  0|TAMS 0x0000000088f00000, 0x0000000088f00000|

Card table byte_map: [0x00000204ebad0000,0x00000204ebed0000] byte_map_base: 0x00000204eb6c8000

Marking Bits (Prev, Next): (CMBitMap*) 0x00000204cfd65a58, (CMBitMap*) 0x00000204cfd65a20
 Prev Bits: [0x00000204ee290000, 0x00000204f0250000)
 Next Bits: [0x00000204ec2d0000, 0x00000204ee290000)

Polling page: 0x00000204cdae0000

CodeHeap 'non-profiled nmethods': size=120064Kb used=1522Kb max_used=1522Kb free=118541Kb
 bounds [0x00000204e3760000, 0x00000204e39d0000, 0x00000204eaca0000]
CodeHeap 'profiled nmethods': size=120000Kb used=7631Kb max_used=7631Kb free=112368Kb
 bounds [0x00000204dc230000, 0x00000204dc9b0000, 0x00000204e3760000]
CodeHeap 'non-nmethods': size=5696Kb used=1511Kb max_used=1535Kb free=4184Kb
 bounds [0x00000204dbca0000, 0x00000204dbf10000, 0x00000204dc230000]
 total_blobs=5021 nmethods=3604 adapters=717
 compilation: enabled

Compilation events (10 events):
Event: 16.037 Thread 0x00000204f30ef800 nmethod 3600 0x00000204dc99e890 code [0x00000204dc99ea60, 0x00000204dc99ee30]
Event: 16.039 Thread 0x00000204f30eb800 nmethod 3599 0x00000204e38dad90 code [0x00000204e38dafe0, 0x00000204e38db850]
Event: 16.054 Thread 0x00000204f30e7800 3601       4       com.sun.prism.impl.BaseTexture::assertLocked (8 bytes)
Event: 16.054 Thread 0x00000204f30e7800 nmethod 3601 0x00000204e38dc210 code [0x00000204e38dc3a0, 0x00000204e38dc438]
Event: 16.309 Thread 0x00000204f30ef800 3602       1       javafx.scene.text.Text::access$3000 (5 bytes)
Event: 16.309 Thread 0x00000204f30ef800 nmethod 3602 0x00000204e38dc510 code [0x00000204e38dc6c0, 0x00000204e38dc7b8]
Event: 16.311 Thread 0x00000204f30ef800 3603   !   3       com.sun.prism.impl.ps.PaintHelper::setLinearGradient (512 bytes)
Event: 16.314 Thread 0x00000204f30ef800 nmethod 3603 0x00000204dc99ef90 code [0x00000204dc99f4c0, 0x00000204dc9a17c0]
Event: 16.314 Thread 0x00000204f30ef800 3604       3       com.sun.javafx.sg.prism.NGNode::getContentBounds (97 bytes)
Event: 16.315 Thread 0x00000204f30ef800 nmethod 3604 0x00000204dc9a2810 code [0x00000204dc9a2ac0, 0x00000204dc9a3930]

GC Heap History (6 events):
Event: 0.535 GC heap before
{Heap before GC invocations=0 (full 0):
 garbage-first heap   total 131072K, used 14336K [0x0000000081000000, 0x0000000081100400, 0x0000000100000000)
  region size 1024K, 14 young (14336K), 0 survivors (0K)
 Metaspace       used 9684K, capacity 10286K, committed 10368K, reserved 1058816K
  class space    used 949K, capacity 1070K, committed 1152K, reserved 1048576K
}
Event: 0.538 GC heap after
{Heap after GC invocations=1 (full 0):
 garbage-first heap   total 131072K, used 3255K [0x0000000081000000, 0x0000000081100400, 0x0000000100000000)
  region size 1024K, 2 young (2048K), 2 survivors (2048K)
 Metaspace       used 9684K, capacity 10286K, committed 10368K, reserved 1058816K
  class space    used 949K, capacity 1070K, committed 1152K, reserved 1048576K
}
Event: 0.852 GC heap before
{Heap before GC invocations=1 (full 0):
 garbage-first heap   total 131072K, used 15543K [0x0000000081000000, 0x0000000081100400, 0x0000000100000000)
  region size 1024K, 14 young (14336K), 2 survivors (2048K)
 Metaspace       used 14506K, capacity 15242K, committed 15488K, reserved 1062912K
  class space    used 1458K, capacity 1607K, committed 1664K, reserved 1048576K
}
Event: 0.856 GC heap after
{Heap after GC invocations=2 (full 0):
 garbage-first heap   total 131072K, used 6344K [0x0000000081000000, 0x0000000081100400, 0x0000000100000000)
  region size 1024K, 2 young (2048K), 2 survivors (2048K)
 Metaspace       used 14506K, capacity 15242K, committed 15488K, reserved 1062912K
  class space    used 1458K, capacity 1607K, committed 1664K, reserved 1048576K
}
Event: 1.383 GC heap before
{Heap before GC invocations=2 (full 0):
 garbage-first heap   total 131072K, used 18632K [0x0000000081000000, 0x0000000081100400, 0x0000000100000000)
  region size 1024K, 15 young (15360K), 2 survivors (2048K)
 Metaspace       used 20108K, capacity 21234K, committed 21248K, reserved 1069056K
  class space    used 2306K, capacity 2555K, committed 2560K, reserved 1048576K
}
Event: 1.387 GC heap after
{Heap after GC invocations=3 (full 0):
 garbage-first heap   total 131072K, used 9170K [0x0000000081000000, 0x0000000081100400, 0x0000000100000000)
  region size 1024K, 4 young (4096K), 4 survivors (4096K)
 Metaspace       used 20108K, capacity 21234K, committed 21248K, reserved 1069056K
  class space    used 2306K, capacity 2555K, committed 2560K, reserved 1048576K
}

Deoptimization events (10 events):
Event: 5.414 Thread 0x00000204f38bf000 Uncommon trap: reason=class_check action=maybe_recompile pc=0x00000204e3882db8 method=javafx.scene.Node.getGeomBounds(Lcom/sun/javafx/geom/BaseBounds;Lcom/sun/javafx/geom/transform/BaseTransform;)Lcom/sun/javafx/geom/BaseBounds; @ 28 c2
Event: 7.958 Thread 0x00000204f38bf000 Uncommon trap: reason=class_check action=maybe_recompile pc=0x00000204e3882db8 method=javafx.scene.Node.getGeomBounds(Lcom/sun/javafx/geom/BaseBounds;Lcom/sun/javafx/geom/transform/BaseTransform;)Lcom/sun/javafx/geom/BaseBounds; @ 28 c2
Event: 8.681 Thread 0x00000204f38bf000 Uncommon trap: reason=class_check action=maybe_recompile pc=0x00000204e3882db8 method=javafx.scene.Node.getGeomBounds(Lcom/sun/javafx/geom/BaseBounds;Lcom/sun/javafx/geom/transform/BaseTransform;)Lcom/sun/javafx/geom/BaseBounds; @ 28 c2
Event: 8.768 Thread 0x00000204f38bf000 Uncommon trap: reason=class_check action=maybe_recompile pc=0x00000204e3882db8 method=javafx.scene.Node.getGeomBounds(Lcom/sun/javafx/geom/BaseBounds;Lcom/sun/javafx/geom/transform/BaseTransform;)Lcom/sun/javafx/geom/BaseBounds; @ 28 c2
Event: 8.768 Thread 0x00000204f38bf000 Uncommon trap: reason=class_check action=maybe_recompile pc=0x00000204e38817e8 method=javafx.scene.Node.getGeomBounds(Lcom/sun/javafx/geom/BaseBounds;Lcom/sun/javafx/geom/transform/BaseTransform;)Lcom/sun/javafx/geom/BaseBounds; @ 28 c2
Event: 10.189 Thread 0x00000204f38bf000 Uncommon trap: reason=bimorphic_or_optimized_type_check action=maybe_recompile pc=0x00000204e38a17a8 method=javafx.scene.Node.getGeomBounds(Lcom/sun/javafx/geom/BaseBounds;Lcom/sun/javafx/geom/transform/BaseTransform;)Lcom/sun/javafx/geom/BaseBounds; @ 21
Event: 10.189 Thread 0x00000204f38bf000 Uncommon trap: reason=bimorphic_or_optimized_type_check action=maybe_recompile pc=0x00000204e38a17a8 method=javafx.scene.Node.getGeomBounds(Lcom/sun/javafx/geom/BaseBounds;Lcom/sun/javafx/geom/transform/BaseTransform;)Lcom/sun/javafx/geom/BaseBounds; @ 21
Event: 10.933 Thread 0x00000204f38bf000 Uncommon trap: reason=bimorphic_or_optimized_type_check action=maybe_recompile pc=0x00000204e38a17a8 method=javafx.scene.Node.getGeomBounds(Lcom/sun/javafx/geom/BaseBounds;Lcom/sun/javafx/geom/transform/BaseTransform;)Lcom/sun/javafx/geom/BaseBounds; @ 21
Event: 11.159 Thread 0x00000204f38bf000 Uncommon trap: reason=bimorphic_or_optimized_type_check action=maybe_recompile pc=0x00000204e38a17a8 method=javafx.scene.Node.getGeomBounds(Lcom/sun/javafx/geom/BaseBounds;Lcom/sun/javafx/geom/transform/BaseTransform;)Lcom/sun/javafx/geom/BaseBounds; @ 21
Event: 11.206 Thread 0x00000204f38bf000 Uncommon trap: reason=bimorphic_or_optimized_type_check action=maybe_recompile pc=0x00000204e389ea94 method=javafx.scene.Node.getGeomBounds(Lcom/sun/javafx/geom/BaseBounds;Lcom/sun/javafx/geom/transform/BaseTransform;)Lcom/sun/javafx/geom/BaseBounds; @ 21

Classes redefined (0 events):
No events

Internal exceptions (10 events):
Event: 3.188 Thread 0x00000204f37b0800 Exception <a 'java/lang/NoSuchMethodError'{0x00000000886e9ca0}: java.lang.invoke.DirectMethodHandle$Holder.invokeStaticInit(Ljava/lang/Object;I)Ljava/lang/Object;> (0x00000000886e9ca0) thrown at [t:/workspace/hotspot/src/share/vm/interpreter/linkResolver.
Event: 5.191 Thread 0x00000204f38bf000 Implicit null exception at 0x00000204e3794774 to 0x00000204e3794c2d
Event: 5.191 Thread 0x00000204f38bf000 Exception <a 'java/io/FileNotFoundException'{0x0000000088261ed8}> (0x0000000088261ed8) thrown at [t:/workspace/hotspot/src/share/vm/prims/jni.cpp, line 604]
Event: 5.191 Thread 0x00000204f38bf000 Exception <a 'java/io/FileNotFoundException'{0x0000000088262848}> (0x0000000088262848) thrown at [t:/workspace/hotspot/src/share/vm/prims/jni.cpp, line 604]
Event: 11.197 Thread 0x00000204f38bf000 Exception <a 'java/lang/NoSuchMethodError'{0x0000000087cb25b8}: method resolution failed> (0x0000000087cb25b8) thrown at [t:/workspace/hotspot/src/share/vm/prims/methodHandles.cpp, line 1256]
Event: 11.197 Thread 0x00000204f38bf000 Exception <a 'java/lang/NoSuchMethodError'{0x0000000087cb9a70}: java.lang.invoke.DirectMethodHandle$Holder.invokeStatic(Ljava/lang/Object;Ljava/lang/Object;IIIIILjava/lang/Object;)Ljava/lang/Object;> (0x0000000087cb9a70) thrown at [t:/workspace/hotspot/sr
Event: 11.197 Thread 0x00000204f38bf000 Exception <a 'java/lang/NoSuchMethodError'{0x0000000087cbd520}: method resolution failed> (0x0000000087cbd520) thrown at [t:/workspace/hotspot/src/share/vm/prims/methodHandles.cpp, line 1256]
Event: 11.198 Thread 0x00000204f38bf000 Exception <a 'java/lang/NoSuchMethodError'{0x0000000087cc3ee0}: method resolution failed> (0x0000000087cc3ee0) thrown at [t:/workspace/hotspot/src/share/vm/prims/methodHandles.cpp, line 1256]
Event: 11.198 Thread 0x00000204f38bf000 Exception <a 'java/lang/NoSuchMethodError'{0x0000000087ccb770}: java.lang.invoke.DirectMethodHandle$Holder.invokeStatic(Ljava/lang/Object;Ljava/lang/Object;Ljava/lang/Object;IIIII)Ljava/lang/Object;> (0x0000000087ccb770) thrown at [t:/workspace/hotspot/sr
Event: 11.198 Thread 0x00000204f38bf000 Exception <a 'java/lang/NoSuchMethodError'{0x0000000087ccf0f8}: method resolution failed> (0x0000000087ccf0f8) thrown at [t:/workspace/hotspot/src/share/vm/prims/methodHandles.cpp, line 1256]

Events (10 events):
Event: 15.813 loading class javafx/event/EventHandler
Event: 15.813 loading class javafx/event/EventHandler done
Event: 15.932 Executing VM operation: RevokeBias
Event: 15.932 Executing VM operation: RevokeBias done
Event: 15.932 Executing VM operation: RevokeBias
Event: 15.932 Executing VM operation: RevokeBias done
Event: 16.440 loading class gnu/io/SerialPortEvent
Event: 16.440 loading class gnu/io/SerialPortEvent done
Event: 16.441 Executing VM operation: RevokeBias
Event: 16.441 Executing VM operation: RevokeBias done


Dynamic libraries:
0x00007ff7bf5a0000 - 0x00007ff7bf5de000 	C:\Program Files\Java\jdk-9.0.4\bin\java.exe
0x00007ffe0afe0000 - 0x00007ffe0b1c0000 	C:\WINDOWS\SYSTEM32\ntdll.dll
0x00007ffe085e0000 - 0x00007ffe0868e000 	C:\WINDOWS\System32\KERNEL32.DLL
0x00007ffe07da0000 - 0x00007ffe08006000 	C:\WINDOWS\System32\KERNELBASE.dll
0x00007ffe09df0000 - 0x00007ffe09e91000 	C:\WINDOWS\System32\ADVAPI32.dll
0x00007ffe086f0000 - 0x00007ffe0878d000 	C:\WINDOWS\System32\msvcrt.dll
0x00007ffe08920000 - 0x00007ffe0897b000 	C:\WINDOWS\System32\sechost.dll
0x00007ffe0a370000 - 0x00007ffe0a48f000 	C:\WINDOWS\System32\RPCRT4.dll
0x00007ffe08790000 - 0x00007ffe0891f000 	C:\WINDOWS\System32\USER32.dll
0x00007ffe08490000 - 0x00007ffe084b0000 	C:\WINDOWS\System32\win32u.dll
0x00007ffe0aa10000 - 0x00007ffe0aa38000 	C:\WINDOWS\System32\GDI32.dll
0x00007ffe07460000 - 0x00007ffe075f3000 	C:\WINDOWS\System32\gdi32full.dll
0x00007ffe08120000 - 0x00007ffe081bb000 	C:\WINDOWS\System32\msvcp_win.dll
0x00007ffe08390000 - 0x00007ffe08486000 	C:\WINDOWS\System32\ucrtbase.dll
0x00007ffdfd800000 - 0x00007ffdfda69000 	C:\WINDOWS\WinSxS\amd64_microsoft.windows.common-controls_6595b64144ccf1df_6.0.16299.309_none_15cfd4c4935e6b11\COMCTL32.dll
0x00007ffe02b90000 - 0x00007ffe02b9a000 	C:\WINDOWS\SYSTEM32\VERSION.dll
0x00007ffe0a060000 - 0x00007ffe0a368000 	C:\WINDOWS\System32\combase.dll
0x00007ffe073e0000 - 0x00007ffe07452000 	C:\WINDOWS\System32\bcryptPrimitives.dll
0x00007ffe08980000 - 0x00007ffe089ad000 	C:\WINDOWS\System32\IMM32.DLL
0x00007ffe02100000 - 0x00007ffe021ef000 	C:\Program Files\Java\jdk-9.0.4\bin\msvcr120.dll
0x00007ffdf35c0000 - 0x00007ffdf3666000 	C:\Program Files\Java\jdk-9.0.4\bin\msvcp120.dll
0x0000000059cc0000 - 0x000000005a6e5000 	C:\Program Files\Java\jdk-9.0.4\bin\server\jvm.dll
0x00007ffe0a7e0000 - 0x00007ffe0a7e8000 	C:\WINDOWS\System32\PSAPI.DLL
0x00007ffdfb8e0000 - 0x00007ffdfb8e9000 	C:\WINDOWS\SYSTEM32\WSOCK32.dll
0x00007ffe0a490000 - 0x00007ffe0a4fc000 	C:\WINDOWS\System32\WS2_32.dll
0x00007ffe05760000 - 0x00007ffe05783000 	C:\WINDOWS\SYSTEM32\WINMM.dll
0x00007ffe05730000 - 0x00007ffe0575a000 	C:\WINDOWS\SYSTEM32\winmmbase.dll
0x00007ffe07600000 - 0x00007ffe0764a000 	C:\WINDOWS\System32\cfgmgr32.dll
0x00007ffe05270000 - 0x00007ffe0527f000 	C:\Program Files\Java\jdk-9.0.4\bin\verify.dll
0x00007ffe03710000 - 0x00007ffe03737000 	C:\Program Files\Java\jdk-9.0.4\bin\java.dll
0x00007ffde1d80000 - 0x00007ffde1daa000 	C:\Program Files\Java\jdk-9.0.4\bin\instrument.dll
0x00007ffe05250000 - 0x00007ffe05266000 	C:\Program Files\Java\jdk-9.0.4\bin\zip.dll
0x00007ffe04100000 - 0x00007ffe0410a000 	C:\Program Files\Java\jdk-9.0.4\bin\jimage.dll
0x00007ffe089b0000 - 0x00007ffe09de6000 	C:\WINDOWS\System32\SHELL32.dll
0x00007ffe09fb0000 - 0x00007ffe0a056000 	C:\WINDOWS\System32\shcore.dll
0x00007ffe07650000 - 0x00007ffe07d97000 	C:\WINDOWS\System32\windows.storage.dll
0x00007ffe08580000 - 0x00007ffe085d1000 	C:\WINDOWS\System32\shlwapi.dll
0x00007ffe073a0000 - 0x00007ffe073b1000 	C:\WINDOWS\System32\kernel.appcore.dll
0x00007ffe07350000 - 0x00007ffe0739c000 	C:\WINDOWS\System32\powrprof.dll
0x00007ffe07330000 - 0x00007ffe0734b000 	C:\WINDOWS\System32\profapi.dll
0x00007ffe03340000 - 0x00007ffe0335a000 	C:\Program Files\Java\jdk-9.0.4\bin\net.dll
0x00007ffe00f30000 - 0x00007ffe0100e000 	C:\WINDOWS\SYSTEM32\WINHTTP.dll
0x00007ffe06bc0000 - 0x00007ffe06c26000 	C:\WINDOWS\system32\mswsock.dll
0x00007ffe020e0000 - 0x00007ffe020f1000 	C:\Program Files\Java\jdk-9.0.4\bin\nio.dll
0x00007ffdf6050000 - 0x00007ffdf606a000 	D:\IntelliJ IDEA 2017.3.3\bin\breakgen64.dll
0x00000204cfe70000 - 0x00000204cfe73000 	C:\Program Files\Java\jdk-9.0.4\bin\api-ms-win-core-console-l1-1-0.dll
0x00000204cfe80000 - 0x00000204cfe83000 	C:\Program Files\Java\jdk-9.0.4\bin\api-ms-win-core-datetime-l1-1-0.dll
0x00000204cfe90000 - 0x00000204cfe93000 	C:\Program Files\Java\jdk-9.0.4\bin\api-ms-win-core-debug-l1-1-0.dll
0x00000204f3e90000 - 0x00000204f3e93000 	C:\Program Files\Java\jdk-9.0.4\bin\api-ms-win-core-errorhandling-l1-1-0.dll
0x00000204f3ea0000 - 0x00000204f3ea4000 	C:\Program Files\Java\jdk-9.0.4\bin\api-ms-win-core-file-l1-1-0.dll
0x00000204f3eb0000 - 0x00000204f3eb3000 	C:\Program Files\Java\jdk-9.0.4\bin\api-ms-win-core-file-l1-2-0.dll
0x00000204f3ec0000 - 0x00000204f3ec3000 	C:\Program Files\Java\jdk-9.0.4\bin\api-ms-win-core-file-l2-1-0.dll
0x00000204f3ed0000 - 0x00000204f3ed3000 	C:\Program Files\Java\jdk-9.0.4\bin\api-ms-win-core-handle-l1-1-0.dll
0x00000204f3ee0000 - 0x00000204f3ee3000 	C:\Program Files\Java\jdk-9.0.4\bin\api-ms-win-core-heap-l1-1-0.dll
0x00000204f3ef0000 - 0x00000204f3ef3000 	C:\Program Files\Java\jdk-9.0.4\bin\api-ms-win-core-interlocked-l1-1-0.dll
0x00000204f3f00000 - 0x00000204f3f03000 	C:\Program Files\Java\jdk-9.0.4\bin\api-ms-win-core-libraryloader-l1-1-0.dll
0x00000204f3f10000 - 0x00000204f3f13000 	C:\Program Files\Java\jdk-9.0.4\bin\api-ms-win-core-localization-l1-2-0.dll
0x00000204f3f20000 - 0x00000204f3f23000 	C:\Program Files\Java\jdk-9.0.4\bin\api-ms-win-core-memory-l1-1-0.dll
0x00000204f3f30000 - 0x00000204f3f33000 	C:\Program Files\Java\jdk-9.0.4\bin\api-ms-win-core-namedpipe-l1-1-0.dll
0x00000204f3f40000 - 0x00000204f3f43000 	C:\Program Files\Java\jdk-9.0.4\bin\api-ms-win-core-processenvironment-l1-1-0.dll
0x00000204f3f50000 - 0x00000204f3f53000 	C:\Program Files\Java\jdk-9.0.4\bin\api-ms-win-core-processthreads-l1-1-0.dll
0x00000204f3f60000 - 0x00000204f3f63000 	C:\Program Files\Java\jdk-9.0.4\bin\api-ms-win-core-processthreads-l1-1-1.dll
0x00000204f3f70000 - 0x00000204f3f73000 	C:\Program Files\Java\jdk-9.0.4\bin\api-ms-win-core-profile-l1-1-0.dll
0x00000204f3f80000 - 0x00000204f3f83000 	C:\Program Files\Java\jdk-9.0.4\bin\api-ms-win-core-rtlsupport-l1-1-0.dll
0x00000204f3f90000 - 0x00000204f3f93000 	C:\Program Files\Java\jdk-9.0.4\bin\api-ms-win-core-string-l1-1-0.dll
0x00000204f3fa0000 - 0x00000204f3fa3000 	C:\Program Files\Java\jdk-9.0.4\bin\api-ms-win-core-synch-l1-1-0.dll
0x00000204f3fb0000 - 0x00000204f3fb3000 	C:\Program Files\Java\jdk-9.0.4\bin\api-ms-win-core-synch-l1-2-0.dll
0x00000204f3fc0000 - 0x00000204f3fc3000 	C:\Program Files\Java\jdk-9.0.4\bin\api-ms-win-core-sysinfo-l1-1-0.dll
0x00000204f3fd0000 - 0x00000204f3fd3000 	C:\Program Files\Java\jdk-9.0.4\bin\api-ms-win-core-timezone-l1-1-0.dll
0x00000204f3fe0000 - 0x00000204f3fe3000 	C:\Program Files\Java\jdk-9.0.4\bin\api-ms-win-core-util-l1-1-0.dll
0x00000204f3ff0000 - 0x00000204f3ff3000 	C:\Program Files\Java\jdk-9.0.4\bin\api-ms-win-crt-conio-l1-1-0.dll
0x00000204f4000000 - 0x00000204f4004000 	C:\Program Files\Java\jdk-9.0.4\bin\api-ms-win-crt-convert-l1-1-0.dll
0x00000204f4010000 - 0x00000204f4013000 	C:\Program Files\Java\jdk-9.0.4\bin\api-ms-win-crt-environment-l1-1-0.dll
0x00000204f4020000 - 0x00000204f4023000 	C:\Program Files\Java\jdk-9.0.4\bin\api-ms-win-crt-filesystem-l1-1-0.dll
0x00000204f4030000 - 0x00000204f4033000 	C:\Program Files\Java\jdk-9.0.4\bin\api-ms-win-crt-heap-l1-1-0.dll
0x00000204f4040000 - 0x00000204f4043000 	C:\Program Files\Java\jdk-9.0.4\bin\api-ms-win-crt-locale-l1-1-0.dll
0x00000204f4050000 - 0x00000204f4055000 	C:\Program Files\Java\jdk-9.0.4\bin\api-ms-win-crt-math-l1-1-0.dll
0x00000204f4060000 - 0x00000204f4065000 	C:\Program Files\Java\jdk-9.0.4\bin\api-ms-win-crt-multibyte-l1-1-0.dll
0x00000204f4070000 - 0x00000204f4080000 	C:\Program Files\Java\jdk-9.0.4\bin\api-ms-win-crt-private-l1-1-0.dll
0x00000204f4080000 - 0x00000204f4083000 	C:\Program Files\Java\jdk-9.0.4\bin\api-ms-win-crt-process-l1-1-0.dll
0x00000204f4090000 - 0x00000204f4094000 	C:\Program Files\Java\jdk-9.0.4\bin\api-ms-win-crt-runtime-l1-1-0.dll
0x00000204f40a0000 - 0x00000204f40a4000 	C:\Program Files\Java\jdk-9.0.4\bin\api-ms-win-crt-stdio-l1-1-0.dll
0x00000204f40b0000 - 0x00000204f40b4000 	C:\Program Files\Java\jdk-9.0.4\bin\api-ms-win-crt-string-l1-1-0.dll
0x00000204f40c0000 - 0x00000204f40c3000 	C:\Program Files\Java\jdk-9.0.4\bin\api-ms-win-crt-time-l1-1-0.dll
0x00000204f40d0000 - 0x00000204f40d3000 	C:\Program Files\Java\jdk-9.0.4\bin\api-ms-win-crt-utility-l1-1-0.dll
0x00007ffde1c30000 - 0x00007ffde1d26000 	C:\Program Files\Java\jdk-9.0.4\bin\ucrtbase.dll
0x00007ffdf4ee0000 - 0x00007ffdf4ef6000 	C:\Program Files\Java\jdk-9.0.4\bin\vcruntime140.dll
0x00007ffddf7b0000 - 0x00007ffddf84c000 	C:\Program Files\Java\jdk-9.0.4\bin\msvcp140.dll
0x00007ffddf980000 - 0x00007ffddf9d1000 	C:\Program Files\Java\jdk-9.0.4\bin\concrt140.dll
0x00007ffde1530000 - 0x00007ffde1553000 	C:\Program Files\Java\jdk-9.0.4\bin\prism_d3d.dll
0x00007ffdfd3c0000 - 0x00007ffdfd555000 	C:\WINDOWS\system32\d3d9.dll
0x00007ffe05bd0000 - 0x00007ffe05bfa000 	C:\WINDOWS\SYSTEM32\dwmapi.dll
0x00007ffe05b00000 - 0x00007ffe05b95000 	C:\WINDOWS\system32\uxtheme.dll
0x00007ffe00600000 - 0x00007ffe006eb000 	C:\WINDOWS\System32\DriverStore\FileRepository\nv_dispi.inf_amd64_5601d21ccd639df9\nvldumdx.dll
0x00007ffe081c0000 - 0x00007ffe0838e000 	C:\WINDOWS\System32\crypt32.dll
0x00007ffe073c0000 - 0x00007ffe073d2000 	C:\WINDOWS\System32\MSASN1.dll
0x00007ffe080c0000 - 0x00007ffe08118000 	C:\WINDOWS\System32\WINTRUST.DLL
0x00007ffe0a7c0000 - 0x00007ffe0a7dd000 	C:\WINDOWS\System32\imagehlp.dll
0x00007ffe06d80000 - 0x00007ffe06d97000 	C:\WINDOWS\SYSTEM32\CRYPTSP.dll
0x00007ffe067c0000 - 0x00007ffe067f3000 	C:\WINDOWS\system32\rsaenh.dll
0x00007ffe06e90000 - 0x00007ffe06eb5000 	C:\WINDOWS\SYSTEM32\bcrypt.dll
0x00007ffe06da0000 - 0x00007ffe06dab000 	C:\WINDOWS\SYSTEM32\CRYPTBASE.dll
0x00007ffdd5e40000 - 0x00007ffdd704a000 	C:\WINDOWS\System32\DriverStore\FileRepository\nv_dispi.inf_amd64_5601d21ccd639df9\nvd3dumx.dll
0x00007ffdddce0000 - 0x00007ffdddf46000 	C:\WINDOWS\system32\nvspcap64.dll
0x00007ffe0a670000 - 0x00007ffe0a7b9000 	C:\WINDOWS\System32\ole32.dll
0x00007ffe084b0000 - 0x00007ffe08575000 	C:\WINDOWS\System32\OLEAUT32.dll
0x00007ffe06460000 - 0x00007ffe06491000 	C:\WINDOWS\SYSTEM32\ntmarta.dll
0x00007ffddf760000 - 0x00007ffddf7aa000 	C:\Program Files\Java\jdk-9.0.4\bin\glass.dll
0x00007ffe09ea0000 - 0x00007ffe09faa000 	C:\WINDOWS\System32\COMDLG32.dll
0x00007ffe0a500000 - 0x00007ffe0a667000 	C:\WINDOWS\System32\MSCTF.dll
0x00007ffdfcf00000 - 0x00007ffdfcfeb000 	C:\Program Files (x86)\NVIDIA Corporation\3D Vision\nvSCPAPI64.dll
0x00007ffe0aaa0000 - 0x00007ffe0aeee000 	C:\WINDOWS\System32\SETUPAPI.dll
0x00007ffe06990000 - 0x00007ffe06a46000 	C:\WINDOWS\SYSTEM32\DNSAPI.dll
0x00007ffe0aef0000 - 0x00007ffe0aef8000 	C:\WINDOWS\System32\NSI.dll
0x00007ffe06950000 - 0x00007ffe06989000 	C:\WINDOWS\SYSTEM32\IPHLPAPI.DLL
0x000000005ef80000 - 0x000000005efa6000 	C:\Program Files\Bonjour\mdnsNSP.dll
0x00007ffdfd6a0000 - 0x00007ffdfd6aa000 	C:\Windows\System32\rasadhlp.dll
0x00007ffdfd790000 - 0x00007ffdfd800000 	C:\WINDOWS\System32\fwpuclnt.dll
0x00007ffdedc80000 - 0x00007ffdedc94000 	C:\Program Files\Java\jdk-9.0.4\bin\javafx_font.dll
0x00007ffddf5c0000 - 0x00007ffddf759000 	C:\Program Files\Java\jdk-9.0.4\bin\awt.dll
0x00007ffe04b10000 - 0x00007ffe050c8000 	C:\WINDOWS\SYSTEM32\d2d1.dll
0x00007ffe05660000 - 0x00007ffe056e8000 	C:\WINDOWS\SYSTEM32\apphelp.dll
0x00007ffddf520000 - 0x00007ffddf5bd000 	C:\Program Files\Java\jdk-9.0.4\bin\fontmanager.dll
0x00007ffded970000 - 0x00007ffdedc7f000 	C:\WINDOWS\SYSTEM32\dwrite.dll
0x00007ffe0af00000 - 0x00007ffe0af9e000 	C:\WINDOWS\System32\clbcatq.dll
0x00007ffe03480000 - 0x00007ffe0362b000 	C:\WINDOWS\SYSTEM32\WindowsCodecs.dll
0x00007ffdf13b0000 - 0x00007ffdf13ff000 	C:\WINDOWS\system32\dataexchange.dll
0x00007ffe05100000 - 0x00007ffe05242000 	C:\WINDOWS\system32\dcomp.dll

VM Arguments:
jvm_args: -javaagent:D:\IntelliJ IDEA 2017.3.3\lib\idea_rt.jar=52660:D:\IntelliJ IDEA 2017.3.3\bin -Dfile.encoding=UTF-8 
java_command: sample.Main
java_class_path (initial): C:\Users\Luke\IdeaProjects\EducationalTool\out\production\EducationalTool;D:\mysql-connector-java-5.1.46\mysql-connector-java-5.1.46.jar;C:\Users\Luke\Documents\mfz-rxtx-2.2-20081207-win-x64\RXTXcomm.jar;D:\Downloads\JArduino-0.1.7\JArduino-0.1.7\jarduino.samples\lib\jmf.jar;D:\Downloads\JArduino-0.1.7\JArduino-0.1.7\jarduino.samples\lib\jstun.jar;D:\Downloads\JArduino-0.1.7\JArduino-0.1.7\jarduino.samples\lib\jcommon-1.0.15.jar;D:\Downloads\JArduino-0.1.7\JArduino-0.1.7\jarduino.samples\lib\jcommon-1.0.16.jar;D:\Downloads\JArduino-0.1.7\JArduino-0.1.7\jarduino.samples\lib\jfreechart-1.0.13.jar;D:\Downloads\JArduino-0.1.7\JArduino-0.1.7\jarduino.samples\lib\voiceclearly-1.0.0.jar;D:\Downloads\JArduino-0.1.7\JArduino-0.1.7\jarduino.samples\lib\twitter4j-core-2.2.2.jar;D:\Downloads\JArduino-0.1.7\JArduino-0.1.7\jarduino.samples\lib\org.kevoree.extra.osgi.rxtx-2.2.0.jar;D:\Downloads\JArduino-0.1.7\JArduino-0.1.7\jarduino.samples\lib\org.sintef.jarduino.gui-0.1.7-SNAPSHOT.jar;D:\Downloads\JArduino-0.1.7\JArduino-0.1.7\jarduino.samples\lib\org.sintef.jarduino.core-0.1.7-SNAPSHOT.jar
Launcher Type: SUN_STANDARD

Logging:
Log output configuration:
#0: stdout all=warning uptime,level,tags
#1: stderr all=off uptime,level,tags

Environment Variables:
JAVA_HOME=C:\Program Files (x86)\Java\jdk1.8.0_161
PATH=C:\Program Files (x86)\Common Files\Intel\Shared Libraries\redist\ia32\compiler;C:\Program Files (x86)\Common Files\Intel\Shared Libraries\redist\intel64\compiler;C:\ProgramData\Oracle\Java\javapath;C:\WINDOWS\system32;C:\WINDOWS;C:\WINDOWS\System32\Wbem;C:\WINDOWS\System32\WindowsPowerShell\v1.0\;C:\Program Files (x86)\Windows Live\Shared;C:\Program Files\PuTTY\;C:\Program Files\Git\cmd;C:\Program Files (x86)\NVIDIA Corporation\PhysX\Common;C:\RailsInstaller\Git\cmd;C:\RailsInstaller\Ruby2.3.3\bin;C:\Users\Luke\AppData\Local\Microsoft\WindowsApps;
USERNAME=Luke
OS=Windows_NT
PROCESSOR_IDENTIFIER=Intel64 Family 6 Model 94 Stepping 3, GenuineIntel



---------------  S Y S T E M  ---------------

OS: Windows 10 , 64 bit Build 16299 (10.0.16299.15)

CPU:total 4 (initial active 4) (4 cores per cpu, 1 threads per core) family 6 model 94 stepping 3, cmov, cx8, fxsr, mmx, sse, sse2, sse3, ssse3, sse4.1, sse4.2, popcnt, avx, avx2, aes, clmul, erms, rtm, 3dnowpref, lzcnt, tsc, tscinvbit, bmi1, bmi2, adx, fma

Memory: 4k page, physical 8320752k(3163964k free), swap 9762544k(2233840k free)

vm_info: Java HotSpot(TM) 64-Bit Server VM (9.0.4+11) for windows-amd64 JRE (9.0.4+11), built on Dec 20 2017 02:18:54 by "mach5one" with MS VC++ 12.0 (VS2013)

END.
