#
# A fatal error has been detected by the Java Runtime Environment:
#
#  EXCEPTION_ACCESS_VIOLATION (0xc0000005) at pc=0x0000000180005b00, pid=17648, tid=21804
#
# JRE version: Java(TM) SE Runtime Environment (9.0+11) (build 9.0.4+11)
# Java VM: Java HotSpot(TM) 64-Bit Server VM (9.0.4+11, mixed mode, tiered, compressed oops, g1 gc, windows-amd64)
# Problematic frame:
# C  0x0000000180005b00
#
# No core dump will be written. Minidumps are not enabled by default on client versions of Windows
#
# If you would like to submit a bug report, please visit:
#   http://bugreport.java.com/bugreport/crash.jsp
# The crash happened outside the Java Virtual Machine in native code.
# See problematic frame for where to report the bug.
#

---------------  S U M M A R Y ------------

Command Line: -javaagent:D:\IntelliJ IDEA 2017.3.3\lib\idea_rt.jar=59440:D:\IntelliJ IDEA 2017.3.3\bin -Dfile.encoding=UTF-8 sample.Main

Host: Intel(R) Core(TM) i5-6500 CPU @ 3.20GHz, 4 cores, 7G,  Windows 10 , 64 bit Build 16299 (10.0.16299.15)
Time: Tue Mar 27 12:55:43 2018 GMT Summer Time elapsed time: 11 seconds (0d 0h 0m 11s)

---------------  T H R E A D  ---------------

Current thread (0x00000219fdaa6000):  JavaThread "Thread-3" [_thread_in_native, id=21804, stack(0x000000458fa00000,0x000000458fb00000)]

Stack: [0x000000458fa00000,0x000000458fb00000],  sp=0x000000458fafdf40,  free space=1015k
Native frames: (J=compiled Java code, j=interpreted, Vv=VM code, C=native code)
C  0x0000000180005b00
C  0x0000000180005f3f
C  0x00000219dfcc921c

Java frames: (J=compiled Java code, j=interpreted, Vv=VM code)
j  gnu.io.RXTXPort.readByte()I+0
j  gnu.io.RXTXPort$SerialInputStream.read()I+81
j  org.sintef.jarduino.comm.Serial4JArduino$SerialReader.serialEvent(Lgnu/io/SerialPortEvent;)V+7
j  gnu.io.RXTXPort.sendEvent(IZ)Z+382
v  ~StubRoutines::call_stub
j  gnu.io.RXTXPort.eventLoop()V+0
j  gnu.io.RXTXPort$MonitorThread.run()V+12
v  ~StubRoutines::call_stub

siginfo: EXCEPTION_ACCESS_VIOLATION (0xc0000005), reading address 0xffffffff8fafe8e8


Register to memory mapping:

RIP=0x0000000180005b00 is an unknown value
RAX=0x0000000000000001 is an unknown value
RBX=0x0000000000000000 is an unknown value
RCX=0x000000018001d4d5 is an unknown value
RDX=0xfffffffffffff665 is an unknown value
RSP=0x000000458fafdf40 is pointing into the stack for thread: 0x00000219fdaa6000
RBP=
[error occurred during error reporting (printing register info), id 0xc0000005]

Registers:
RAX=0x0000000000000001, RBX=0x0000000000000000, RCX=0x000000018001d4d5, RDX=0xfffffffffffff665
RSP=0x000000458fafdf40, RBP=0x00000000ffffffff, RSI=0x0000000000000000, RDI=0x00000219fdaa6218
R8 =0x0000000000000002, R9 =0xfffffffffffff63c, R10=0x0000000000000032, R11=0x8101010101010100
R12=0xffffffff8fafe8e0, R13=0x0000000000000001, R14=0x000000458fafe0e8, R15=0x0000000000000000
RIP=0x0000000180005b00, EFLAGS=0x0000000000010202

Top of Stack: (sp=0x000000458fafdf40)
0x000000458fafdf40:   0000000000000000 0000000000000000
0x000000458fafdf50:   000000458fafe0e8 0000000000000000
0x000000458fafdf60:   00000219fdaa6000 000000458fafe0e8
0x000000458fafdf70:   000002198210ed18 000000458fafe0e8
0x000000458fafdf80:   ffffffffffffffff 0000000000000001
0x000000458fafdf90:   00000219fd12e140 0000000180005f3f
0x000000458fafdfa0:   00000219fdaa6218 00000219fdaa6218
0x000000458fafdfb0:   0000021900000001 000000458fafdfd0
0x000000458fafdfc0:   0000021900000001 00000219ffffffff
0x000000458fafdfd0:   00000219fe57bf80 000000458fafe0e8
0x000000458fafdfe0:   000000458fafe558 0000021900000000
0x000000458fafdff0:   000002198210ed20 00000219fdaa6000
0x000000458fafe000:   000002198210ed20 00000219fdaa6000
0x000000458fafe010:   0000000000000148 00000219dfcc9074
0x000000458fafe020:   0000c46afa323d4e 00000219fdaa6000
0x000000458fafe030:   0000000000000000 0000000000000148 

Instructions: (pc=0x0000000180005b00)
0x0000000180005ae0:   15 23 7a 01 00 48 8d 48 60 e8 3a 5d 00 00 4c 8b
0x0000000180005af0:   e5 8b ac 24 88 00 00 00 44 8b ac 24 80 00 00 00
0x0000000180005b00:   45 8b 74 24 08 41 89 5c 24 08 41 8b fd 85 ed 78
0x0000000180005b10:   09 ff 15 e9 14 01 00 44 8b f8 45 85 ed 7e 4a 90 



---------------  P R O C E S S  ---------------

Java Threads: ( => current thread )
=>0x00000219fdaa6000 JavaThread "Thread-3" [_thread_in_native, id=21804, stack(0x000000458fa00000,0x000000458fb00000)]
  0x00000219fea05800 JavaThread "Prism Font Disposer" daemon [_thread_blocked, id=16608, stack(0x000000458f400000,0x000000458f500000)]
  0x00000219fcf86000 JavaThread "Java2D Disposer" daemon [_thread_blocked, id=28656, stack(0x000000458f300000,0x000000458f400000)]
  0x00000219f7d92800 JavaThread "Abandoned connection cleanup thread" daemon [_thread_blocked, id=24600, stack(0x000000458f200000,0x000000458f300000)]
  0x00000219f7d9a800 JavaThread "Thread-2" daemon [_thread_in_native, id=30128, stack(0x000000458f000000,0x000000458f100000)]
  0x00000219f7cc5800 JavaThread "JavaFX-Launcher" [_thread_blocked, id=24120, stack(0x000000458f100000,0x000000458f200000)]
  0x00000219f7887000 JavaThread "JavaFX Application Thread" [_thread_blocked, id=19584, stack(0x000000458ef00000,0x000000458f000000)]
  0x00000219f79fd800 JavaThread "InvokeLaterDispatcher" daemon [_thread_blocked, id=10704, stack(0x000000458ee00000,0x000000458ef00000)]
  0x00000219f777d000 JavaThread "QuantumRenderer-0" daemon [_thread_blocked, id=2204, stack(0x000000458eb00000,0x000000458ec00000)]
  0x00000219f7709000 JavaThread "Service Thread" daemon [_thread_blocked, id=15376, stack(0x000000458e900000,0x000000458ea00000)]
  0x00000219f7708800 JavaThread "Monitor Ctrl-Break" daemon [_thread_in_native, id=20996, stack(0x000000458e800000,0x000000458e900000)]
  0x00000219f724c800 JavaThread "Common-Cleaner" daemon [_thread_blocked, id=15788, stack(0x000000458e700000,0x000000458e800000)]
  0x00000219f7210800 JavaThread "Sweeper thread" daemon [_thread_blocked, id=3476, stack(0x000000458e600000,0x000000458e700000)]
  0x00000219f71b6000 JavaThread "C1 CompilerThread2" daemon [_thread_blocked, id=9948, stack(0x000000458e500000,0x000000458e600000)]
  0x00000219f71a5000 JavaThread "C2 CompilerThread1" daemon [_thread_blocked, id=14824, stack(0x000000458e400000,0x000000458e500000)]
  0x00000219f71a1800 JavaThread "C2 CompilerThread0" daemon [_thread_blocked, id=19116, stack(0x000000458e300000,0x000000458e400000)]
  0x00000219f719e800 JavaThread "Attach Listener" daemon [_thread_blocked, id=19592, stack(0x000000458e200000,0x000000458e300000)]
  0x00000219f7194800 JavaThread "Signal Dispatcher" daemon [_thread_blocked, id=22044, stack(0x000000458e100000,0x000000458e200000)]
  0x00000219f7149000 JavaThread "Finalizer" daemon [_thread_blocked, id=25672, stack(0x000000458e000000,0x000000458e100000)]
  0x00000219f7140000 JavaThread "Reference Handler" daemon [_thread_blocked, id=13736, stack(0x000000458df00000,0x000000458e000000)]
  0x00000219d3cd3800 JavaThread "main" [_thread_blocked, id=11164, stack(0x000000458d200000,0x000000458d300000)]

Other Threads:
  0x00000219f713b800 VMThread "VM Thread" [stack: 0x000000458de00000,0x000000458df00000] [id=13904]
  0x00000219f770a800 WatcherThread [stack: 0x000000458ea00000,0x000000458eb00000] [id=3440]
  0x00000219d3ce9000 GCTaskThread "GC Thread#0" [stack: 0x000000458d300000,0x000000458d400000] [id=16700]
  0x00000219d3cea000 GCTaskThread "GC Thread#1" [stack: 0x000000458d400000,0x000000458d500000] [id=10748]
  0x00000219d3cec800 GCTaskThread "GC Thread#2" [stack: 0x000000458d500000,0x000000458d600000] [id=9072]
  0x00000219d3cee000 GCTaskThread "GC Thread#3" [stack: 0x000000458d600000,0x000000458d700000] [id=13792]
  0x00000219d3d65000 ConcurrentGCThread "G1 Main Marker" [stack: 0x000000458dc00000,0x000000458dd00000] [id=25440]
  0x00000219d3d7e000 ConcurrentGCThread "G1 Marker#0" [stack: 0x000000458dd00000,0x000000458de00000] [id=20060]
  0x00000219d3cf8000 ConcurrentGCThread "G1 Refine#0" [stack: 0x000000458da00000,0x000000458db00000] [id=17264]
  0x00000219d3cf6000 ConcurrentGCThread "G1 Refine#1" [stack: 0x000000458d900000,0x000000458da00000] [id=7684]
  0x00000219d3cf3800 ConcurrentGCThread "G1 Refine#2" [stack: 0x000000458d800000,0x000000458d900000] [id=23904]
  0x00000219d3cf2000 ConcurrentGCThread "G1 Refine#3" [stack: 0x000000458d700000,0x000000458d800000] [id=3296]
  0x00000219d3cfd000 ConcurrentGCThread "G1 Young RemSet Sampling" [stack: 0x000000458db00000,0x000000458dc00000] [id=20280]

Threads with active compile tasks:

VM state:not at safepoint (normal execution)

VM Mutex/Monitor currently owned by a thread: None

Heap address: 0x0000000081000000, size: 2032 MB, Compressed Oops mode: 32-bit
Narrow klass base: 0x0000000000000000, Narrow klass shift: 3
Compressed class space size: 1073741824 Address: 0x0000000100000000

Heap:
 garbage-first heap   total 131072K, used 26878K [0x0000000081000000, 0x0000000081100400, 0x0000000100000000)
  region size 1024K, 20 young (20480K), 4 survivors (4096K)
 Metaspace       used 25492K, capacity 27150K, committed 27264K, reserved 1073152K
  class space    used 3032K, capacity 3365K, committed 3456K, reserved 1048576K
Heap Regions: E=young(eden), S=young(survivor), O=old, HS=humongous(starts), HC=humongous(continues), CS=collection set, F=free, A=archive, TS=gc time stamp, AC=allocation context, TAMS=top-at-mark-start (previous, next)
|   0|0x0000000081000000, 0x0000000081100000, 0x0000000081100000|100%| O|  |TS  0|AC  0|TAMS 0x0000000081100000, 0x0000000081100000|
|   1|0x0000000081100000, 0x0000000081200000, 0x0000000081200000|100%| O|  |TS  0|AC  0|TAMS 0x0000000081200000, 0x0000000081200000|
|   2|0x0000000081200000, 0x0000000081300000, 0x0000000081300000|100%| O|  |TS  0|AC  0|TAMS 0x0000000081300000, 0x0000000081300000|
|   3|0x0000000081300000, 0x0000000081400000, 0x0000000081400000|100%| O|  |TS  0|AC  0|TAMS 0x0000000081400000, 0x0000000081400000|
|   4|0x0000000081400000, 0x0000000081500000, 0x0000000081500000|100%| O|  |TS  0|AC  0|TAMS 0x0000000081500000, 0x0000000081500000|
|   5|0x0000000081500000, 0x000000008153f800, 0x0000000081600000| 24%| O|  |TS  0|AC  0|TAMS 0x000000008153f800, 0x000000008153f800|
|   6|0x0000000081600000, 0x0000000081700000, 0x0000000081700000|100%|HS|  |TS  0|AC  0|TAMS 0x0000000081600000, 0x0000000081600000|
|   7|0x0000000081700000, 0x0000000081800000, 0x0000000081800000|100%|HC|  |TS  0|AC  0|TAMS 0x0000000081700000, 0x0000000081700000|
|   8|0x0000000081800000, 0x0000000081800000, 0x0000000081900000|  0%| F|  |TS  0|AC  0|TAMS 0x0000000081800000, 0x0000000081800000|
|   9|0x0000000081900000, 0x0000000081900000, 0x0000000081a00000|  0%| F|  |TS  0|AC  0|TAMS 0x0000000081900000, 0x0000000081900000|
|  10|0x0000000081a00000, 0x0000000081a00000, 0x0000000081b00000|  0%| F|  |TS  0|AC  0|TAMS 0x0000000081a00000, 0x0000000081a00000|
|  11|0x0000000081b00000, 0x0000000081b00000, 0x0000000081c00000|  0%| F|  |TS  0|AC  0|TAMS 0x0000000081b00000, 0x0000000081b00000|
|  12|0x0000000081c00000, 0x0000000081c00000, 0x0000000081d00000|  0%| F|  |TS  0|AC  0|TAMS 0x0000000081c00000, 0x0000000081c00000|
|  13|0x0000000081d00000, 0x0000000081d00000, 0x0000000081e00000|  0%| F|  |TS  0|AC  0|TAMS 0x0000000081d00000, 0x0000000081d00000|
|  14|0x0000000081e00000, 0x0000000081e00000, 0x0000000081f00000|  0%| F|  |TS  0|AC  0|TAMS 0x0000000081e00000, 0x0000000081e00000|
|  15|0x0000000081f00000, 0x0000000081f00000, 0x0000000082000000|  0%| F|  |TS  0|AC  0|TAMS 0x0000000081f00000, 0x0000000081f00000|
|  16|0x0000000082000000, 0x0000000082000000, 0x0000000082100000|  0%| F|  |TS  0|AC  0|TAMS 0x0000000082000000, 0x0000000082000000|
|  17|0x0000000082100000, 0x0000000082100000, 0x0000000082200000|  0%| F|  |TS  0|AC  0|TAMS 0x0000000082100000, 0x0000000082100000|
|  18|0x0000000082200000, 0x0000000082200000, 0x0000000082300000|  0%| F|  |TS  0|AC  0|TAMS 0x0000000082200000, 0x0000000082200000|
|  19|0x0000000082300000, 0x0000000082300000, 0x0000000082400000|  0%| F|  |TS  0|AC  0|TAMS 0x0000000082300000, 0x0000000082300000|
|  20|0x0000000082400000, 0x0000000082400000, 0x0000000082500000|  0%| F|  |TS  0|AC  0|TAMS 0x0000000082400000, 0x0000000082400000|
|  21|0x0000000082500000, 0x0000000082500000, 0x0000000082600000|  0%| F|  |TS  0|AC  0|TAMS 0x0000000082500000, 0x0000000082500000|
|  22|0x0000000082600000, 0x0000000082600000, 0x0000000082700000|  0%| F|  |TS  0|AC  0|TAMS 0x0000000082600000, 0x0000000082600000|
|  23|0x0000000082700000, 0x0000000082700000, 0x0000000082800000|  0%| F|  |TS  0|AC  0|TAMS 0x0000000082700000, 0x0000000082700000|
|  24|0x0000000082800000, 0x0000000082800000, 0x0000000082900000|  0%| F|  |TS  0|AC  0|TAMS 0x0000000082800000, 0x0000000082800000|
|  25|0x0000000082900000, 0x0000000082900000, 0x0000000082a00000|  0%| F|  |TS  0|AC  0|TAMS 0x0000000082900000, 0x0000000082900000|
|  26|0x0000000082a00000, 0x0000000082a00000, 0x0000000082b00000|  0%| F|  |TS  0|AC  0|TAMS 0x0000000082a00000, 0x0000000082a00000|
|  27|0x0000000082b00000, 0x0000000082b00000, 0x0000000082c00000|  0%| F|  |TS  0|AC  0|TAMS 0x0000000082b00000, 0x0000000082b00000|
|  28|0x0000000082c00000, 0x0000000082c00000, 0x0000000082d00000|  0%| F|  |TS  0|AC  0|TAMS 0x0000000082c00000, 0x0000000082c00000|
|  29|0x0000000082d00000, 0x0000000082d00000, 0x0000000082e00000|  0%| F|  |TS  0|AC  0|TAMS 0x0000000082d00000, 0x0000000082d00000|
|  30|0x0000000082e00000, 0x0000000082e00000, 0x0000000082f00000|  0%| F|  |TS  0|AC  0|TAMS 0x0000000082e00000, 0x0000000082e00000|
|  31|0x0000000082f00000, 0x0000000082f00000, 0x0000000083000000|  0%| F|  |TS  0|AC  0|TAMS 0x0000000082f00000, 0x0000000082f00000|
|  32|0x0000000083000000, 0x0000000083000000, 0x0000000083100000|  0%| F|  |TS  0|AC  0|TAMS 0x0000000083000000, 0x0000000083000000|
|  33|0x0000000083100000, 0x0000000083100000, 0x0000000083200000|  0%| F|  |TS  0|AC  0|TAMS 0x0000000083100000, 0x0000000083100000|
|  34|0x0000000083200000, 0x0000000083200000, 0x0000000083300000|  0%| F|  |TS  0|AC  0|TAMS 0x0000000083200000, 0x0000000083200000|
|  35|0x0000000083300000, 0x0000000083300000, 0x0000000083400000|  0%| F|  |TS  0|AC  0|TAMS 0x0000000083300000, 0x0000000083300000|
|  36|0x0000000083400000, 0x0000000083400000, 0x0000000083500000|  0%| F|  |TS  0|AC  0|TAMS 0x0000000083400000, 0x0000000083400000|
|  37|0x0000000083500000, 0x0000000083500000, 0x0000000083600000|  0%| F|  |TS  0|AC  0|TAMS 0x0000000083500000, 0x0000000083500000|
|  38|0x0000000083600000, 0x0000000083600000, 0x0000000083700000|  0%| F|  |TS  0|AC  0|TAMS 0x0000000083600000, 0x0000000083600000|
|  39|0x0000000083700000, 0x0000000083700000, 0x0000000083800000|  0%| F|  |TS  0|AC  0|TAMS 0x0000000083700000, 0x0000000083700000|
|  40|0x0000000083800000, 0x0000000083800000, 0x0000000083900000|  0%| F|  |TS  0|AC  0|TAMS 0x0000000083800000, 0x0000000083800000|
|  41|0x0000000083900000, 0x0000000083900000, 0x0000000083a00000|  0%| F|  |TS  0|AC  0|TAMS 0x0000000083900000, 0x0000000083900000|
|  42|0x0000000083a00000, 0x0000000083a00000, 0x0000000083b00000|  0%| F|  |TS  0|AC  0|TAMS 0x0000000083a00000, 0x0000000083a00000|
|  43|0x0000000083b00000, 0x0000000083b00000, 0x0000000083c00000|  0%| F|  |TS  0|AC  0|TAMS 0x0000000083b00000, 0x0000000083b00000|
|  44|0x0000000083c00000, 0x0000000083c00000, 0x0000000083d00000|  0%| F|  |TS  0|AC  0|TAMS 0x0000000083c00000, 0x0000000083c00000|
|  45|0x0000000083d00000, 0x0000000083d00000, 0x0000000083e00000|  0%| F|  |TS  0|AC  0|TAMS 0x0000000083d00000, 0x0000000083d00000|
|  46|0x0000000083e00000, 0x0000000083e00000, 0x0000000083f00000|  0%| F|  |TS  0|AC  0|TAMS 0x0000000083e00000, 0x0000000083e00000|
|  47|0x0000000083f00000, 0x0000000083f00000, 0x0000000084000000|  0%| F|  |TS  0|AC  0|TAMS 0x0000000083f00000, 0x0000000083f00000|
|  48|0x0000000084000000, 0x0000000084000000, 0x0000000084100000|  0%| F|  |TS  0|AC  0|TAMS 0x0000000084000000, 0x0000000084000000|
|  49|0x0000000084100000, 0x0000000084100000, 0x0000000084200000|  0%| F|  |TS  0|AC  0|TAMS 0x0000000084100000, 0x0000000084100000|
|  50|0x0000000084200000, 0x0000000084200000, 0x0000000084300000|  0%| F|  |TS  0|AC  0|TAMS 0x0000000084200000, 0x0000000084200000|
|  51|0x0000000084300000, 0x0000000084300000, 0x0000000084400000|  0%| F|  |TS  0|AC  0|TAMS 0x0000000084300000, 0x0000000084300000|
|  52|0x0000000084400000, 0x0000000084400000, 0x0000000084500000|  0%| F|  |TS  0|AC  0|TAMS 0x0000000084400000, 0x0000000084400000|
|  53|0x0000000084500000, 0x0000000084500000, 0x0000000084600000|  0%| F|  |TS  0|AC  0|TAMS 0x0000000084500000, 0x0000000084500000|
|  54|0x0000000084600000, 0x0000000084600000, 0x0000000084700000|  0%| F|  |TS  0|AC  0|TAMS 0x0000000084600000, 0x0000000084600000|
|  55|0x0000000084700000, 0x0000000084700000, 0x0000000084800000|  0%| F|  |TS  0|AC  0|TAMS 0x0000000084700000, 0x0000000084700000|
|  56|0x0000000084800000, 0x0000000084800000, 0x0000000084900000|  0%| F|  |TS  0|AC  0|TAMS 0x0000000084800000, 0x0000000084800000|
|  57|0x0000000084900000, 0x0000000084900000, 0x0000000084a00000|  0%| F|  |TS  0|AC  0|TAMS 0x0000000084900000, 0x0000000084900000|
|  58|0x0000000084a00000, 0x0000000084a00000, 0x0000000084b00000|  0%| F|  |TS  0|AC  0|TAMS 0x0000000084a00000, 0x0000000084a00000|
|  59|0x0000000084b00000, 0x0000000084b00000, 0x0000000084c00000|  0%| F|  |TS  0|AC  0|TAMS 0x0000000084b00000, 0x0000000084b00000|
|  60|0x0000000084c00000, 0x0000000084c00000, 0x0000000084d00000|  0%| F|  |TS  0|AC  0|TAMS 0x0000000084c00000, 0x0000000084c00000|
|  61|0x0000000084d00000, 0x0000000084d00000, 0x0000000084e00000|  0%| F|  |TS  0|AC  0|TAMS 0x0000000084d00000, 0x0000000084d00000|
|  62|0x0000000084e00000, 0x0000000084e00000, 0x0000000084f00000|  0%| F|  |TS  0|AC  0|TAMS 0x0000000084e00000, 0x0000000084e00000|
|  63|0x0000000084f00000, 0x0000000084f00000, 0x0000000085000000|  0%| F|  |TS  0|AC  0|TAMS 0x0000000084f00000, 0x0000000084f00000|
|  64|0x0000000085000000, 0x0000000085000000, 0x0000000085100000|  0%| F|  |TS  0|AC  0|TAMS 0x0000000085000000, 0x0000000085000000|
|  65|0x0000000085100000, 0x0000000085100000, 0x0000000085200000|  0%| F|  |TS  0|AC  0|TAMS 0x0000000085100000, 0x0000000085100000|
|  66|0x0000000085200000, 0x0000000085200000, 0x0000000085300000|  0%| F|  |TS  0|AC  0|TAMS 0x0000000085200000, 0x0000000085200000|
|  67|0x0000000085300000, 0x0000000085300000, 0x0000000085400000|  0%| F|  |TS  0|AC  0|TAMS 0x0000000085300000, 0x0000000085300000|
|  68|0x0000000085400000, 0x0000000085400000, 0x0000000085500000|  0%| F|  |TS  0|AC  0|TAMS 0x0000000085400000, 0x0000000085400000|
|  69|0x0000000085500000, 0x0000000085500000, 0x0000000085600000|  0%| F|  |TS  0|AC  0|TAMS 0x0000000085500000, 0x0000000085500000|
|  70|0x0000000085600000, 0x0000000085600000, 0x0000000085700000|  0%| F|  |TS  0|AC  0|TAMS 0x0000000085600000, 0x0000000085600000|
|  71|0x0000000085700000, 0x0000000085700000, 0x0000000085800000|  0%| F|  |TS  0|AC  0|TAMS 0x0000000085700000, 0x0000000085700000|
|  72|0x0000000085800000, 0x0000000085800000, 0x0000000085900000|  0%| F|  |TS  0|AC  0|TAMS 0x0000000085800000, 0x0000000085800000|
|  73|0x0000000085900000, 0x0000000085900000, 0x0000000085a00000|  0%| F|  |TS  0|AC  0|TAMS 0x0000000085900000, 0x0000000085900000|
|  74|0x0000000085a00000, 0x0000000085a00000, 0x0000000085b00000|  0%| F|  |TS  0|AC  0|TAMS 0x0000000085a00000, 0x0000000085a00000|
|  75|0x0000000085b00000, 0x0000000085b00000, 0x0000000085c00000|  0%| F|  |TS  0|AC  0|TAMS 0x0000000085b00000, 0x0000000085b00000|
|  76|0x0000000085c00000, 0x0000000085c00000, 0x0000000085d00000|  0%| F|  |TS  0|AC  0|TAMS 0x0000000085c00000, 0x0000000085c00000|
|  77|0x0000000085d00000, 0x0000000085d00000, 0x0000000085e00000|  0%| F|  |TS  0|AC  0|TAMS 0x0000000085d00000, 0x0000000085d00000|
|  78|0x0000000085e00000, 0x0000000085e00000, 0x0000000085f00000|  0%| F|  |TS  0|AC  0|TAMS 0x0000000085e00000, 0x0000000085e00000|
|  79|0x0000000085f00000, 0x0000000085f00000, 0x0000000086000000|  0%| F|  |TS  0|AC  0|TAMS 0x0000000085f00000, 0x0000000085f00000|
|  80|0x0000000086000000, 0x0000000086000000, 0x0000000086100000|  0%| F|  |TS  0|AC  0|TAMS 0x0000000086000000, 0x0000000086000000|
|  81|0x0000000086100000, 0x0000000086100000, 0x0000000086200000|  0%| F|  |TS  0|AC  0|TAMS 0x0000000086100000, 0x0000000086100000|
|  82|0x0000000086200000, 0x0000000086200000, 0x0000000086300000|  0%| F|  |TS  0|AC  0|TAMS 0x0000000086200000, 0x0000000086200000|
|  83|0x0000000086300000, 0x0000000086300000, 0x0000000086400000|  0%| F|  |TS  0|AC  0|TAMS 0x0000000086300000, 0x0000000086300000|
|  84|0x0000000086400000, 0x0000000086400000, 0x0000000086500000|  0%| F|  |TS  0|AC  0|TAMS 0x0000000086400000, 0x0000000086400000|
|  85|0x0000000086500000, 0x0000000086500000, 0x0000000086600000|  0%| F|  |TS  0|AC  0|TAMS 0x0000000086500000, 0x0000000086500000|
|  86|0x0000000086600000, 0x0000000086600000, 0x0000000086700000|  0%| F|  |TS  0|AC  0|TAMS 0x0000000086600000, 0x0000000086600000|
|  87|0x0000000086700000, 0x0000000086700000, 0x0000000086800000|  0%| F|  |TS  0|AC  0|TAMS 0x0000000086700000, 0x0000000086700000|
|  88|0x0000000086800000, 0x0000000086800000, 0x0000000086900000|  0%| F|  |TS  0|AC  0|TAMS 0x0000000086800000, 0x0000000086800000|
|  89|0x0000000086900000, 0x0000000086900000, 0x0000000086a00000|  0%| F|  |TS  0|AC  0|TAMS 0x0000000086900000, 0x0000000086900000|
|  90|0x0000000086a00000, 0x0000000086a00000, 0x0000000086b00000|  0%| F|  |TS  0|AC  0|TAMS 0x0000000086a00000, 0x0000000086a00000|
|  91|0x0000000086b00000, 0x0000000086b00000, 0x0000000086c00000|  0%| F|  |TS  0|AC  0|TAMS 0x0000000086b00000, 0x0000000086b00000|
|  92|0x0000000086c00000, 0x0000000086c00000, 0x0000000086d00000|  0%| F|  |TS  0|AC  0|TAMS 0x0000000086c00000, 0x0000000086c00000|
|  93|0x0000000086d00000, 0x0000000086d00000, 0x0000000086e00000|  0%| F|  |TS  0|AC  0|TAMS 0x0000000086d00000, 0x0000000086d00000|
|  94|0x0000000086e00000, 0x0000000086e00000, 0x0000000086f00000|  0%| F|  |TS  0|AC  0|TAMS 0x0000000086e00000, 0x0000000086e00000|
|  95|0x0000000086f00000, 0x0000000086f00000, 0x0000000087000000|  0%| F|  |TS  0|AC  0|TAMS 0x0000000086f00000, 0x0000000086f00000|
|  96|0x0000000087000000, 0x0000000087000000, 0x0000000087100000|  0%| F|  |TS  0|AC  0|TAMS 0x0000000087000000, 0x0000000087000000|
|  97|0x0000000087100000, 0x0000000087100000, 0x0000000087200000|  0%| F|  |TS  0|AC  0|TAMS 0x0000000087100000, 0x0000000087100000|
|  98|0x0000000087200000, 0x0000000087200000, 0x0000000087300000|  0%| F|  |TS  0|AC  0|TAMS 0x0000000087200000, 0x0000000087200000|
|  99|0x0000000087300000, 0x0000000087300000, 0x0000000087400000|  0%| F|  |TS  0|AC  0|TAMS 0x0000000087300000, 0x0000000087300000|
| 100|0x0000000087400000, 0x0000000087400000, 0x0000000087500000|  0%| F|  |TS  0|AC  0|TAMS 0x0000000087400000, 0x0000000087400000|
| 101|0x0000000087500000, 0x0000000087500000, 0x0000000087600000|  0%| F|  |TS  0|AC  0|TAMS 0x0000000087500000, 0x0000000087500000|
| 102|0x0000000087600000, 0x0000000087600000, 0x0000000087700000|  0%| F|  |TS  0|AC  0|TAMS 0x0000000087600000, 0x0000000087600000|
| 103|0x0000000087700000, 0x0000000087700000, 0x0000000087800000|  0%| F|  |TS  0|AC  0|TAMS 0x0000000087700000, 0x0000000087700000|
| 104|0x0000000087800000, 0x0000000087800000, 0x0000000087900000|  0%| F|  |TS  0|AC  0|TAMS 0x0000000087800000, 0x0000000087800000|
| 105|0x0000000087900000, 0x0000000087900000, 0x0000000087a00000|  0%| F|  |TS  0|AC  0|TAMS 0x0000000087900000, 0x0000000087900000|
| 106|0x0000000087a00000, 0x0000000087a00000, 0x0000000087b00000|  0%| F|  |TS  0|AC  0|TAMS 0x0000000087a00000, 0x0000000087a00000|
| 107|0x0000000087b00000, 0x0000000087c00000, 0x0000000087c00000|100%| S|CS|TS  0|AC  0|TAMS 0x0000000087b00000, 0x0000000087b00000|
| 108|0x0000000087c00000, 0x0000000087d00000, 0x0000000087d00000|100%| S|CS|TS  0|AC  0|TAMS 0x0000000087c00000, 0x0000000087c00000|
| 109|0x0000000087d00000, 0x0000000087e00000, 0x0000000087e00000|100%| S|CS|TS  0|AC  0|TAMS 0x0000000087d00000, 0x0000000087d00000|
| 110|0x0000000087e00000, 0x0000000087f00000, 0x0000000087f00000|100%| S|CS|TS  0|AC  0|TAMS 0x0000000087e00000, 0x0000000087e00000|
| 111|0x0000000087f00000, 0x0000000087f00000, 0x0000000088000000|  0%| F|  |TS  0|AC  0|TAMS 0x0000000087f00000, 0x0000000087f00000|
| 112|0x0000000088000000, 0x00000000880ff108, 0x0000000088100000| 99%| E|  |TS  0|AC  0|TAMS 0x0000000088000000, 0x0000000088000000|
| 113|0x0000000088100000, 0x0000000088200000, 0x0000000088200000|100%| E|CS|TS  0|AC  0|TAMS 0x0000000088100000, 0x0000000088100000|
| 114|0x0000000088200000, 0x0000000088300000, 0x0000000088300000|100%| E|CS|TS  0|AC  0|TAMS 0x0000000088200000, 0x0000000088200000|
| 115|0x0000000088300000, 0x0000000088400000, 0x0000000088400000|100%| E|CS|TS  0|AC  0|TAMS 0x0000000088300000, 0x0000000088300000|
| 116|0x0000000088400000, 0x0000000088500000, 0x0000000088500000|100%| E|CS|TS  0|AC  0|TAMS 0x0000000088400000, 0x0000000088400000|
| 117|0x0000000088500000, 0x0000000088600000, 0x0000000088600000|100%| E|CS|TS  0|AC  0|TAMS 0x0000000088500000, 0x0000000088500000|
| 118|0x0000000088600000, 0x0000000088700000, 0x0000000088700000|100%| E|CS|TS  0|AC  0|TAMS 0x0000000088600000, 0x0000000088600000|
| 119|0x0000000088700000, 0x0000000088800000, 0x0000000088800000|100%| E|CS|TS  0|AC  0|TAMS 0x0000000088700000, 0x0000000088700000|
| 120|0x0000000088800000, 0x0000000088900000, 0x0000000088900000|100%| E|CS|TS  0|AC  0|TAMS 0x0000000088800000, 0x0000000088800000|
| 121|0x0000000088900000, 0x0000000088a00000, 0x0000000088a00000|100%| E|CS|TS  0|AC  0|TAMS 0x0000000088900000, 0x0000000088900000|
| 122|0x0000000088a00000, 0x0000000088b00000, 0x0000000088b00000|100%| E|CS|TS  0|AC  0|TAMS 0x0000000088a00000, 0x0000000088a00000|
| 123|0x0000000088b00000, 0x0000000088c00000, 0x0000000088c00000|100%| E|CS|TS  0|AC  0|TAMS 0x0000000088b00000, 0x0000000088b00000|
| 124|0x0000000088c00000, 0x0000000088d00000, 0x0000000088d00000|100%| E|CS|TS  0|AC  0|TAMS 0x0000000088c00000, 0x0000000088c00000|
| 125|0x0000000088d00000, 0x0000000088e00000, 0x0000000088e00000|100%| E|CS|TS  0|AC  0|TAMS 0x0000000088d00000, 0x0000000088d00000|
| 126|0x0000000088e00000, 0x0000000088f00000, 0x0000000088f00000|100%| E|CS|TS  0|AC  0|TAMS 0x0000000088e00000, 0x0000000088e00000|
| 127|0x0000000088f00000, 0x0000000089000000, 0x0000000089000000|100%| E|CS|TS  0|AC  0|TAMS 0x0000000088f00000, 0x0000000088f00000|

Card table byte_map: [0x00000219efaf0000,0x00000219efef0000] byte_map_base: 0x00000219ef6e8000

Marking Bits (Prev, Next): (CMBitMap*) 0x00000219d3d64978, (CMBitMap*) 0x00000219d3d64940
 Prev Bits: [0x00000219f22b0000, 0x00000219f4270000)
 Next Bits: [0x00000219f02f0000, 0x00000219f22b0000)

Polling page: 0x00000219d1be0000

CodeHeap 'non-profiled nmethods': size=120064Kb used=1326Kb max_used=1326Kb free=118737Kb
 bounds [0x00000219e7770000, 0x00000219e79e0000, 0x00000219eecb0000]
CodeHeap 'profiled nmethods': size=120000Kb used=6593Kb max_used=6593Kb free=113406Kb
 bounds [0x00000219e0240000, 0x00000219e08c0000, 0x00000219e7770000]
CodeHeap 'non-nmethods': size=5696Kb used=1511Kb max_used=1537Kb free=4184Kb
 bounds [0x00000219dfcb0000, 0x00000219dff20000, 0x00000219e0240000]
 total_blobs=4444 nmethods=3087 adapters=717
 compilation: enabled

Compilation events (10 events):
Event: 11.589 Thread 0x00000219f71b6000 nmethod 3082 0x00000219e78baa10 code [0x00000219e78babc0, 0x00000219e78bacd8]
Event: 11.589 Thread 0x00000219f71b6000 3083       1       com.sun.prism.paint.LinearGradient::getY2 (5 bytes)
Event: 11.589 Thread 0x00000219f71b6000 nmethod 3083 0x00000219e78bad90 code [0x00000219e78baf40, 0x00000219e78bb058]
Event: 11.590 Thread 0x00000219f71b6000 3085       3       com.sun.javafx.geom.Path2D::appendOvalQuadrant (567 bytes)
Event: 11.592 Thread 0x00000219f71b6000 nmethod 3085 0x00000219e08ae610 code [0x00000219e08ae8a0, 0x00000219e08af7b0]
Event: 11.592 Thread 0x00000219f71b6000 3086       3       com.sun.javafx.sg.prism.NGGroup::renderForcedContent (43 bytes)
Event: 11.593 Thread 0x00000219f71b6000 nmethod 3086 0x00000219e08af990 code [0x00000219e08afba0, 0x00000219e08b02a0]
Event: 11.596 Thread 0x00000219f71a5000 nmethod 3084 0x00000219e78bb110 code [0x00000219e78bb2c0, 0x00000219e78bb4f8]
Event: 11.655 Thread 0x00000219f71a1800 3087       4       com.sun.javafx.geom.transform.Identity::transform (20 bytes)
Event: 11.656 Thread 0x00000219f71a1800 nmethod 3087 0x00000219e78bb810 code [0x00000219e78bb9a0, 0x00000219e78bba58]

GC Heap History (6 events):
Event: 0.516 GC heap before
{Heap before GC invocations=0 (full 0):
 garbage-first heap   total 131072K, used 14336K [0x0000000081000000, 0x0000000081100400, 0x0000000100000000)
  region size 1024K, 14 young (14336K), 0 survivors (0K)
 Metaspace       used 9424K, capacity 9936K, committed 10112K, reserved 1058816K
  class space    used 917K, capacity 1027K, committed 1152K, reserved 1048576K
}
Event: 0.519 GC heap after
{Heap after GC invocations=1 (full 0):
 garbage-first heap   total 131072K, used 3195K [0x0000000081000000, 0x0000000081100400, 0x0000000100000000)
  region size 1024K, 2 young (2048K), 2 survivors (2048K)
 Metaspace       used 9424K, capacity 9936K, committed 10112K, reserved 1058816K
  class space    used 917K, capacity 1027K, committed 1152K, reserved 1048576K
}
Event: 0.836 GC heap before
{Heap before GC invocations=1 (full 0):
 garbage-first heap   total 131072K, used 14459K [0x0000000081000000, 0x0000000081100400, 0x0000000100000000)
  region size 1024K, 13 young (13312K), 2 survivors (2048K)
 Metaspace       used 13698K, capacity 14342K, committed 14592K, reserved 1062912K
  class space    used 1315K, capacity 1451K, committed 1536K, reserved 1048576K
}
Event: 0.840 GC heap after
{Heap after GC invocations=2 (full 0):
 garbage-first heap   total 131072K, used 6630K [0x0000000081000000, 0x0000000081100400, 0x0000000100000000)
  region size 1024K, 2 young (2048K), 2 survivors (2048K)
 Metaspace       used 13698K, capacity 14342K, committed 14592K, reserved 1062912K
  class space    used 1315K, capacity 1451K, committed 1536K, reserved 1048576K
}
Event: 1.426 GC heap before
{Heap before GC invocations=2 (full 0):
 garbage-first heap   total 131072K, used 20966K [0x0000000081000000, 0x0000000081100400, 0x0000000100000000)
  region size 1024K, 17 young (17408K), 2 survivors (2048K)
 Metaspace       used 20093K, capacity 21234K, committed 21248K, reserved 1069056K
  class space    used 2298K, capacity 2555K, committed 2560K, reserved 1048576K
}
Event: 1.430 GC heap after
{Heap after GC invocations=3 (full 0):
 garbage-first heap   total 131072K, used 9470K [0x0000000081000000, 0x0000000081100400, 0x0000000100000000)
  region size 1024K, 4 young (4096K), 4 survivors (4096K)
 Metaspace       used 20093K, capacity 21234K, committed 21248K, reserved 1069056K
  class space    used 2298K, capacity 2555K, committed 2560K, reserved 1048576K
}

Deoptimization events (10 events):
Event: 1.392 Thread 0x00000219f7887000 Uncommon trap: reason=unstable_if action=reinterpret pc=0x00000219e7806a68 method=java.util.HashMap.hash(Ljava/lang/Object;)I @ 1 c2
Event: 1.392 Thread 0x00000219f7887000 Uncommon trap: reason=unstable_if action=reinterpret pc=0x00000219e77cb070 method=java.util.HashMap.hash(Ljava/lang/Object;)I @ 1 c2
Event: 1.456 Thread 0x00000219f7887000 Uncommon trap: reason=intrinsic_or_type_checked_inlining action=make_not_entrant pc=0x00000219e77f8f54 method=java.util.Arrays.copyOf([Ljava/lang/Object;ILjava/lang/Class;)[Ljava/lang/Object; @ 35 c2
Event: 1.530 Thread 0x00000219f7887000 Uncommon trap: reason=class_check action=maybe_recompile pc=0x00000219e7781754 method=java.lang.String.equals(Ljava/lang/Object;)Z @ 8 c2
Event: 1.530 Thread 0x00000219f7887000 Uncommon trap: reason=class_check action=maybe_recompile pc=0x00000219e7781754 method=java.lang.String.equals(Ljava/lang/Object;)Z @ 8 c2
Event: 1.530 Thread 0x00000219f7887000 Uncommon trap: reason=class_check action=maybe_recompile pc=0x00000219e7781754 method=java.lang.String.equals(Ljava/lang/Object;)Z @ 8 c2
Event: 1.531 Thread 0x00000219f7887000 Uncommon trap: reason=class_check action=maybe_recompile pc=0x00000219e7781754 method=java.lang.String.equals(Ljava/lang/Object;)Z @ 8 c2
Event: 2.385 Thread 0x00000219f7887000 Uncommon trap: reason=unstable_if action=reinterpret pc=0x00000219e77e57f4 method=jdk.internal.org.objectweb.asm.Type.getArgumentsAndReturnSizes(Ljava/lang/String;)I @ 47 c2
Event: 2.490 Thread 0x00000219f7887000 Uncommon trap: reason=unstable_if action=reinterpret pc=0x00000219e785871c method=java.lang.CharacterDataLatin1.isWhitespace(I)Z @ 14 c2
Event: 5.074 Thread 0x00000219f7887000 Uncommon trap: reason=unstable_if action=reinterpret pc=0x00000219e77d96c4 method=java.lang.AbstractStringBuilder.append(Ljava/lang/String;)Ljava/lang/AbstractStringBuilder; @ 1 c2

Classes redefined (0 events):
No events

Internal exceptions (10 events):
Event: 2.381 Thread 0x00000219f7887000 Exception <a 'java/lang/NoSuchMethodError'{0x00000000889e4f18}: method resolution failed> (0x00000000889e4f18) thrown at [t:/workspace/hotspot/src/share/vm/prims/methodHandles.cpp, line 1256]
Event: 2.385 Thread 0x00000219f7887000 Exception <a 'java/lang/NoSuchMethodError'{0x00000000889f6cd0}: method resolution failed> (0x00000000889f6cd0) thrown at [t:/workspace/hotspot/src/share/vm/prims/methodHandles.cpp, line 1256]
Event: 2.386 Thread 0x00000219f7887000 Exception <a 'java/lang/NoSuchMethodError'{0x00000000889f9ef8}: java.lang.invoke.DirectMethodHandle$Holder.invokeStaticInit(Ljava/lang/Object;Ljava/lang/Object;Ljava/lang/Object;)J> (0x00000000889f9ef8) thrown at [t:/workspace/hotspot/src/share/vm/interpr
Event: 2.388 Thread 0x00000219f7887000 Exception <a 'java/lang/NoSuchMethodError'{0x000000008880cec8}: method resolution failed> (0x000000008880cec8) thrown at [t:/workspace/hotspot/src/share/vm/prims/methodHandles.cpp, line 1256]
Event: 2.388 Thread 0x00000219f7887000 Exception <a 'java/lang/NoSuchMethodError'{0x0000000088812ff0}: java.lang.invoke.DirectMethodHandle$Holder.invokeStatic(Ljava/lang/Object;Ljava/lang/Object;J)Ljava/lang/Object;> (0x0000000088812ff0) thrown at [t:/workspace/hotspot/src/share/vm/interpreter
Event: 2.389 Thread 0x00000219f7887000 Exception <a 'java/lang/NoSuchMethodError'{0x00000000888165e8}: method resolution failed> (0x00000000888165e8) thrown at [t:/workspace/hotspot/src/share/vm/prims/methodHandles.cpp, line 1256]
Event: 2.639 Thread 0x00000219f777d000 Exception <a 'java/lang/NoSuchMethodError'{0x0000000088553660}: java.lang.invoke.DirectMethodHandle$Holder.invokeStaticInit(Ljava/lang/Object;I)Ljava/lang/Object;> (0x0000000088553660) thrown at [t:/workspace/hotspot/src/share/vm/interpreter/linkResolver.
Event: 5.074 Thread 0x00000219f7887000 Implicit null exception at 0x00000219e77d91f4 to 0x00000219e77d96ad
Event: 5.074 Thread 0x00000219f7887000 Exception <a 'java/io/FileNotFoundException'{0x000000008812e9a0}> (0x000000008812e9a0) thrown at [t:/workspace/hotspot/src/share/vm/prims/jni.cpp, line 604]
Event: 5.075 Thread 0x00000219f7887000 Exception <a 'java/io/FileNotFoundException'{0x000000008812f310}> (0x000000008812f310) thrown at [t:/workspace/hotspot/src/share/vm/prims/jni.cpp, line 604]

Events (10 events):
Event: 5.096 loading class org/sintef/jarduino/msg/Eeprom_writeMsg
Event: 5.096 loading class org/sintef/jarduino/msg/Eeprom_writeMsg done
Event: 5.096 loading class org/sintef/jarduino/msg/PongMsg
Event: 5.096 loading class org/sintef/jarduino/msg/PongMsg done
Event: 5.097 loading class org/sintef/jarduino/msg/Eeprom_valueMsg
Event: 5.097 loading class org/sintef/jarduino/msg/Eeprom_valueMsg done
Event: 11.698 loading class gnu/io/SerialPortEvent
Event: 11.698 loading class gnu/io/SerialPortEvent done
Event: 11.698 Executing VM operation: RevokeBias
Event: 11.698 Executing VM operation: RevokeBias done


Dynamic libraries:
0x00007ff7391f0000 - 0x00007ff73922e000 	C:\Program Files\Java\jdk-9.0.4\bin\java.exe
0x00007ffe5a000000 - 0x00007ffe5a1e0000 	C:\WINDOWS\SYSTEM32\ntdll.dll
0x00007ffe59e10000 - 0x00007ffe59ebe000 	C:\WINDOWS\System32\KERNEL32.DLL
0x00007ffe56610000 - 0x00007ffe56876000 	C:\WINDOWS\System32\KERNELBASE.dll
0x00007ffe574d0000 - 0x00007ffe57571000 	C:\WINDOWS\System32\ADVAPI32.dll
0x00007ffe590e0000 - 0x00007ffe5917d000 	C:\WINDOWS\System32\msvcrt.dll
0x00007ffe59820000 - 0x00007ffe5987b000 	C:\WINDOWS\System32\sechost.dll
0x00007ffe59cd0000 - 0x00007ffe59def000 	C:\WINDOWS\System32\RPCRT4.dll
0x00007ffe57630000 - 0x00007ffe577bf000 	C:\WINDOWS\System32\USER32.dll
0x00007ffe56fd0000 - 0x00007ffe56ff0000 	C:\WINDOWS\System32\win32u.dll
0x00007ffe59c70000 - 0x00007ffe59c98000 	C:\WINDOWS\System32\GDI32.dll
0x00007ffe572e0000 - 0x00007ffe57473000 	C:\WINDOWS\System32\gdi32full.dll
0x00007ffe57240000 - 0x00007ffe572db000 	C:\WINDOWS\System32\msvcp_win.dll
0x00007ffe56510000 - 0x00007ffe56606000 	C:\WINDOWS\System32\ucrtbase.dll
0x00007ffe51380000 - 0x00007ffe5138a000 	C:\WINDOWS\SYSTEM32\VERSION.dll
0x00007ffe4b300000 - 0x00007ffe4b569000 	C:\WINDOWS\WinSxS\amd64_microsoft.windows.common-controls_6595b64144ccf1df_6.0.16299.309_none_15cfd4c4935e6b11\COMCTL32.dll
0x00007ffe577c0000 - 0x00007ffe57ac8000 	C:\WINDOWS\System32\combase.dll
0x00007ffe56ff0000 - 0x00007ffe57062000 	C:\WINDOWS\System32\bcryptPrimitives.dll
0x00007ffe59ca0000 - 0x00007ffe59ccd000 	C:\WINDOWS\System32\IMM32.DLL
0x00007ffe4e720000 - 0x00007ffe4e80f000 	C:\Program Files\Java\jdk-9.0.4\bin\msvcr120.dll
0x00007ffe4e670000 - 0x00007ffe4e716000 	C:\Program Files\Java\jdk-9.0.4\bin\msvcp120.dll
0x000000006e5c0000 - 0x000000006efe5000 	C:\Program Files\Java\jdk-9.0.4\bin\server\jvm.dll
0x00007ffe59180000 - 0x00007ffe59188000 	C:\WINDOWS\System32\PSAPI.DLL
0x00007ffe4b1a0000 - 0x00007ffe4b1a9000 	C:\WINDOWS\SYSTEM32\WSOCK32.dll
0x00007ffe54610000 - 0x00007ffe54633000 	C:\WINDOWS\SYSTEM32\WINMM.dll
0x00007ffe59c00000 - 0x00007ffe59c6c000 	C:\WINDOWS\System32\WS2_32.dll
0x00007ffe545b0000 - 0x00007ffe545da000 	C:\WINDOWS\SYSTEM32\winmmbase.dll
0x00007ffe57480000 - 0x00007ffe574ca000 	C:\WINDOWS\System32\cfgmgr32.dll
0x00007ffe530d0000 - 0x00007ffe530df000 	C:\Program Files\Java\jdk-9.0.4\bin\verify.dll
0x00007ffe43550000 - 0x00007ffe43577000 	C:\Program Files\Java\jdk-9.0.4\bin\java.dll
0x00007ffe43520000 - 0x00007ffe4354a000 	C:\Program Files\Java\jdk-9.0.4\bin\instrument.dll
0x00007ffe43a60000 - 0x00007ffe43a76000 	C:\Program Files\Java\jdk-9.0.4\bin\zip.dll
0x00007ffe50400000 - 0x00007ffe5040a000 	C:\Program Files\Java\jdk-9.0.4\bin\jimage.dll
0x00007ffe57ad0000 - 0x00007ffe58f06000 	C:\WINDOWS\System32\SHELL32.dll
0x00007ffe57580000 - 0x00007ffe57626000 	C:\WINDOWS\System32\shcore.dll
0x00007ffe56880000 - 0x00007ffe56fc7000 	C:\WINDOWS\System32\windows.storage.dll
0x00007ffe59b20000 - 0x00007ffe59b71000 	C:\WINDOWS\System32\shlwapi.dll
0x00007ffe563e0000 - 0x00007ffe563f1000 	C:\WINDOWS\System32\kernel.appcore.dll
0x00007ffe56370000 - 0x00007ffe563bc000 	C:\WINDOWS\System32\powrprof.dll
0x00007ffe563c0000 - 0x00007ffe563db000 	C:\WINDOWS\System32\profapi.dll
0x00007ffe43460000 - 0x00007ffe4347a000 	C:\Program Files\Java\jdk-9.0.4\bin\net.dll
0x00007ffe4fc00000 - 0x00007ffe4fcde000 	C:\WINDOWS\SYSTEM32\WINHTTP.dll
0x00007ffe55be0000 - 0x00007ffe55c46000 	C:\WINDOWS\system32\mswsock.dll
0x00007ffe41960000 - 0x00007ffe41971000 	C:\Program Files\Java\jdk-9.0.4\bin\nio.dll
0x00007ffe41850000 - 0x00007ffe4186a000 	D:\IntelliJ IDEA 2017.3.3\bin\breakgen64.dll
0x00000219f7f60000 - 0x00000219f7f63000 	C:\Program Files\Java\jdk-9.0.4\bin\api-ms-win-core-console-l1-1-0.dll
0x00000219f7f70000 - 0x00000219f7f73000 	C:\Program Files\Java\jdk-9.0.4\bin\api-ms-win-core-datetime-l1-1-0.dll
0x00000219f7f80000 - 0x00000219f7f83000 	C:\Program Files\Java\jdk-9.0.4\bin\api-ms-win-core-debug-l1-1-0.dll
0x00000219f7f90000 - 0x00000219f7f93000 	C:\Program Files\Java\jdk-9.0.4\bin\api-ms-win-core-errorhandling-l1-1-0.dll
0x00000219f7fa0000 - 0x00000219f7fa4000 	C:\Program Files\Java\jdk-9.0.4\bin\api-ms-win-core-file-l1-1-0.dll
0x00000219f7fb0000 - 0x00000219f7fb3000 	C:\Program Files\Java\jdk-9.0.4\bin\api-ms-win-core-file-l1-2-0.dll
0x00000219f7fc0000 - 0x00000219f7fc3000 	C:\Program Files\Java\jdk-9.0.4\bin\api-ms-win-core-file-l2-1-0.dll
0x00000219f7fd0000 - 0x00000219f7fd3000 	C:\Program Files\Java\jdk-9.0.4\bin\api-ms-win-core-handle-l1-1-0.dll
0x00000219f7fe0000 - 0x00000219f7fe3000 	C:\Program Files\Java\jdk-9.0.4\bin\api-ms-win-core-heap-l1-1-0.dll
0x00000219f7ff0000 - 0x00000219f7ff3000 	C:\Program Files\Java\jdk-9.0.4\bin\api-ms-win-core-interlocked-l1-1-0.dll
0x00000219f8000000 - 0x00000219f8003000 	C:\Program Files\Java\jdk-9.0.4\bin\api-ms-win-core-libraryloader-l1-1-0.dll
0x00000219f8010000 - 0x00000219f8013000 	C:\Program Files\Java\jdk-9.0.4\bin\api-ms-win-core-localization-l1-2-0.dll
0x00000219f8020000 - 0x00000219f8023000 	C:\Program Files\Java\jdk-9.0.4\bin\api-ms-win-core-memory-l1-1-0.dll
0x00000219f8030000 - 0x00000219f8033000 	C:\Program Files\Java\jdk-9.0.4\bin\api-ms-win-core-namedpipe-l1-1-0.dll
0x00000219f8040000 - 0x00000219f8043000 	C:\Program Files\Java\jdk-9.0.4\bin\api-ms-win-core-processenvironment-l1-1-0.dll
0x00000219f8050000 - 0x00000219f8053000 	C:\Program Files\Java\jdk-9.0.4\bin\api-ms-win-core-processthreads-l1-1-0.dll
0x00000219f8060000 - 0x00000219f8063000 	C:\Program Files\Java\jdk-9.0.4\bin\api-ms-win-core-processthreads-l1-1-1.dll
0x00000219f8070000 - 0x00000219f8073000 	C:\Program Files\Java\jdk-9.0.4\bin\api-ms-win-core-profile-l1-1-0.dll
0x00000219f8080000 - 0x00000219f8083000 	C:\Program Files\Java\jdk-9.0.4\bin\api-ms-win-core-rtlsupport-l1-1-0.dll
0x00000219f8090000 - 0x00000219f8093000 	C:\Program Files\Java\jdk-9.0.4\bin\api-ms-win-core-string-l1-1-0.dll
0x00000219f80a0000 - 0x00000219f80a3000 	C:\Program Files\Java\jdk-9.0.4\bin\api-ms-win-core-synch-l1-1-0.dll
0x00000219f80b0000 - 0x00000219f80b3000 	C:\Program Files\Java\jdk-9.0.4\bin\api-ms-win-core-synch-l1-2-0.dll
0x00000219f80c0000 - 0x00000219f80c3000 	C:\Program Files\Java\jdk-9.0.4\bin\api-ms-win-core-sysinfo-l1-1-0.dll
0x00000219f80d0000 - 0x00000219f80d3000 	C:\Program Files\Java\jdk-9.0.4\bin\api-ms-win-core-timezone-l1-1-0.dll
0x00000219f80e0000 - 0x00000219f80e3000 	C:\Program Files\Java\jdk-9.0.4\bin\api-ms-win-core-util-l1-1-0.dll
0x00000219f80f0000 - 0x00000219f80f3000 	C:\Program Files\Java\jdk-9.0.4\bin\api-ms-win-crt-conio-l1-1-0.dll
0x00000219f8100000 - 0x00000219f8104000 	C:\Program Files\Java\jdk-9.0.4\bin\api-ms-win-crt-convert-l1-1-0.dll
0x00000219f8110000 - 0x00000219f8113000 	C:\Program Files\Java\jdk-9.0.4\bin\api-ms-win-crt-environment-l1-1-0.dll
0x00000219f8120000 - 0x00000219f8123000 	C:\Program Files\Java\jdk-9.0.4\bin\api-ms-win-crt-filesystem-l1-1-0.dll
0x00000219f8130000 - 0x00000219f8133000 	C:\Program Files\Java\jdk-9.0.4\bin\api-ms-win-crt-heap-l1-1-0.dll
0x00000219f8140000 - 0x00000219f8143000 	C:\Program Files\Java\jdk-9.0.4\bin\api-ms-win-crt-locale-l1-1-0.dll
0x00000219f8150000 - 0x00000219f8155000 	C:\Program Files\Java\jdk-9.0.4\bin\api-ms-win-crt-math-l1-1-0.dll
0x00000219f8160000 - 0x00000219f8165000 	C:\Program Files\Java\jdk-9.0.4\bin\api-ms-win-crt-multibyte-l1-1-0.dll
0x00000219f8170000 - 0x00000219f8180000 	C:\Program Files\Java\jdk-9.0.4\bin\api-ms-win-crt-private-l1-1-0.dll
0x00000219f8180000 - 0x00000219f8183000 	C:\Program Files\Java\jdk-9.0.4\bin\api-ms-win-crt-process-l1-1-0.dll
0x00000219f8190000 - 0x00000219f8194000 	C:\Program Files\Java\jdk-9.0.4\bin\api-ms-win-crt-runtime-l1-1-0.dll
0x00000219f81a0000 - 0x00000219f81a4000 	C:\Program Files\Java\jdk-9.0.4\bin\api-ms-win-crt-stdio-l1-1-0.dll
0x00000219f81b0000 - 0x00000219f81b4000 	C:\Program Files\Java\jdk-9.0.4\bin\api-ms-win-crt-string-l1-1-0.dll
0x00000219f81c0000 - 0x00000219f81c3000 	C:\Program Files\Java\jdk-9.0.4\bin\api-ms-win-crt-time-l1-1-0.dll
0x00000219f81d0000 - 0x00000219f81d3000 	C:\Program Files\Java\jdk-9.0.4\bin\api-ms-win-crt-utility-l1-1-0.dll
0x00007ffe2c0c0000 - 0x00007ffe2c1b6000 	C:\Program Files\Java\jdk-9.0.4\bin\ucrtbase.dll
0x00007ffe41800000 - 0x00007ffe41816000 	C:\Program Files\Java\jdk-9.0.4\bin\vcruntime140.dll
0x00007ffe3d070000 - 0x00007ffe3d10c000 	C:\Program Files\Java\jdk-9.0.4\bin\msvcp140.dll
0x00007ffe35d70000 - 0x00007ffe35dc1000 	C:\Program Files\Java\jdk-9.0.4\bin\concrt140.dll
0x00007ffe417d0000 - 0x00007ffe417f3000 	C:\Program Files\Java\jdk-9.0.4\bin\prism_d3d.dll
0x00007ffe4b820000 - 0x00007ffe4b9b5000 	C:\WINDOWS\system32\d3d9.dll
0x00007ffe54d70000 - 0x00007ffe54d9a000 	C:\WINDOWS\SYSTEM32\dwmapi.dll
0x00007ffe54b20000 - 0x00007ffe54bb5000 	C:\WINDOWS\system32\uxtheme.dll
0x00007ffe4eee0000 - 0x00007ffe4efcb000 	C:\WINDOWS\System32\DriverStore\FileRepository\nv_dispi.inf_amd64_5601d21ccd639df9\nvldumdx.dll
0x00007ffe57070000 - 0x00007ffe5723e000 	C:\WINDOWS\System32\crypt32.dll
0x00007ffe56350000 - 0x00007ffe56362000 	C:\WINDOWS\System32\MSASN1.dll
0x00007ffe56400000 - 0x00007ffe56458000 	C:\WINDOWS\System32\WINTRUST.DLL
0x00007ffe59df0000 - 0x00007ffe59e0d000 	C:\WINDOWS\System32\imagehlp.dll
0x00007ffe55db0000 - 0x00007ffe55dc7000 	C:\WINDOWS\SYSTEM32\CRYPTSP.dll
0x00007ffe557e0000 - 0x00007ffe55813000 	C:\WINDOWS\system32\rsaenh.dll
0x00007ffe55eb0000 - 0x00007ffe55ed5000 	C:\WINDOWS\SYSTEM32\bcrypt.dll
0x00007ffe55da0000 - 0x00007ffe55dab000 	C:\WINDOWS\SYSTEM32\CRYPTBASE.dll
0x00007ffe24f00000 - 0x00007ffe2610a000 	C:\WINDOWS\System32\DriverStore\FileRepository\nv_dispi.inf_amd64_5601d21ccd639df9\nvd3dumx.dll
0x00007ffe41d80000 - 0x00007ffe41fd9000 	C:\WINDOWS\system32\nvspcap64.dll
0x00007ffe591a0000 - 0x00007ffe592e9000 	C:\WINDOWS\System32\ole32.dll
0x00007ffe55480000 - 0x00007ffe554b1000 	C:\WINDOWS\SYSTEM32\ntmarta.dll
0x00007ffe35d20000 - 0x00007ffe35d6a000 	C:\Program Files\Java\jdk-9.0.4\bin\glass.dll
0x00007ffe59ec0000 - 0x00007ffe59fca000 	C:\WINDOWS\System32\COMDLG32.dll
0x00007ffe592f0000 - 0x00007ffe593b5000 	C:\WINDOWS\System32\OLEAUT32.dll
0x00007ffe58f70000 - 0x00007ffe590d7000 	C:\WINDOWS\System32\MSCTF.dll
0x00007ffe4a830000 - 0x00007ffe4a91b000 	C:\Program Files (x86)\NVIDIA Corporation\3D Vision\nvSCPAPI64.dll
0x00007ffe593d0000 - 0x00007ffe5981e000 	C:\WINDOWS\System32\SETUPAPI.dll
0x00007ffe559b0000 - 0x00007ffe55a66000 	C:\WINDOWS\SYSTEM32\DNSAPI.dll
0x00007ffe593c0000 - 0x00007ffe593c8000 	C:\WINDOWS\System32\NSI.dll
0x00007ffe55970000 - 0x00007ffe559a9000 	C:\WINDOWS\SYSTEM32\IPHLPAPI.DLL
0x0000000074e80000 - 0x0000000074ea6000 	C:\Program Files\Bonjour\mdnsNSP.dll
0x00007ffe4ec00000 - 0x00007ffe4ec0a000 	C:\Windows\System32\rasadhlp.dll
0x00007ffe4ed20000 - 0x00007ffe4ed90000 	C:\WINDOWS\System32\fwpuclnt.dll
0x00007ffe41770000 - 0x00007ffe41784000 	C:\Program Files\Java\jdk-9.0.4\bin\javafx_font.dll
0x00007ffe2bda0000 - 0x00007ffe2bf39000 	C:\Program Files\Java\jdk-9.0.4\bin\awt.dll
0x00007ffe53ab0000 - 0x00007ffe54068000 	C:\WINDOWS\SYSTEM32\d2d1.dll
0x00007ffe54830000 - 0x00007ffe548b8000 	C:\WINDOWS\SYSTEM32\apphelp.dll
0x00007ffe31f00000 - 0x00007ffe31f9d000 	C:\Program Files\Java\jdk-9.0.4\bin\fontmanager.dll
0x00007ffe40480000 - 0x00007ffe4078f000 	C:\WINDOWS\SYSTEM32\dwrite.dll
0x00007ffe59a80000 - 0x00007ffe59b1e000 	C:\WINDOWS\System32\clbcatq.dll
0x00007ffe52320000 - 0x00007ffe524cb000 	C:\WINDOWS\SYSTEM32\WindowsCodecs.dll
0x00007ffe484f0000 - 0x00007ffe4853f000 	C:\WINDOWS\system32\dataexchange.dll
0x00007ffe54150000 - 0x00007ffe54292000 	C:\WINDOWS\system32\dcomp.dll

VM Arguments:
jvm_args: -javaagent:D:\IntelliJ IDEA 2017.3.3\lib\idea_rt.jar=59440:D:\IntelliJ IDEA 2017.3.3\bin -Dfile.encoding=UTF-8 
java_command: sample.Main
java_class_path (initial): C:\Users\Luke\IdeaProjects\EducationalTool\out\production\EducationalTool;D:\mysql-connector-java-5.1.46\mysql-connector-java-5.1.46.jar;C:\Users\Luke\Documents\mfz-rxtx-2.2-20081207-win-x64\RXTXcomm.jar;D:\Downloads\JArduino-0.1.7\JArduino-0.1.7\jarduino.samples\lib\jmf.jar;D:\Downloads\JArduino-0.1.7\JArduino-0.1.7\jarduino.samples\lib\jstun.jar;D:\Downloads\JArduino-0.1.7\JArduino-0.1.7\jarduino.samples\lib\jcommon-1.0.15.jar;D:\Downloads\JArduino-0.1.7\JArduino-0.1.7\jarduino.samples\lib\jcommon-1.0.16.jar;D:\Downloads\JArduino-0.1.7\JArduino-0.1.7\jarduino.samples\lib\jfreechart-1.0.13.jar;D:\Downloads\JArduino-0.1.7\JArduino-0.1.7\jarduino.samples\lib\voiceclearly-1.0.0.jar;D:\Downloads\JArduino-0.1.7\JArduino-0.1.7\jarduino.samples\lib\twitter4j-core-2.2.2.jar;D:\Downloads\JArduino-0.1.7\JArduino-0.1.7\jarduino.samples\lib\org.kevoree.extra.osgi.rxtx-2.2.0.jar;D:\Downloads\JArduino-0.1.7\JArduino-0.1.7\jarduino.samples\lib\org.sintef.jarduino.gui-0.1.7-SNAPSHOT.jar;D:\Downloads\JArduino-0.1.7\JArduino-0.1.7\jarduino.samples\lib\org.sintef.jarduino.core-0.1.7-SNAPSHOT.jar
Launcher Type: SUN_STANDARD

Logging:
Log output configuration:
#0: stdout all=warning uptime,level,tags
#1: stderr all=off uptime,level,tags

Environment Variables:
JAVA_HOME=C:\Program Files (x86)\Java\jdk1.8.0_161
PATH=C:\Program Files (x86)\Common Files\Intel\Shared Libraries\redist\ia32\compiler;C:\Program Files (x86)\Common Files\Intel\Shared Libraries\redist\intel64\compiler;C:\ProgramData\Oracle\Java\javapath;C:\WINDOWS\system32;C:\WINDOWS;C:\WINDOWS\System32\Wbem;C:\WINDOWS\System32\WindowsPowerShell\v1.0\;C:\Program Files (x86)\Windows Live\Shared;C:\Program Files\PuTTY\;C:\Program Files\Git\cmd;C:\Program Files (x86)\NVIDIA Corporation\PhysX\Common;C:\RailsInstaller\Git\cmd;C:\RailsInstaller\Ruby2.3.3\bin;C:\Users\Luke\AppData\Local\Microsoft\WindowsApps;
USERNAME=Luke
OS=Windows_NT
PROCESSOR_IDENTIFIER=Intel64 Family 6 Model 94 Stepping 3, GenuineIntel



---------------  S Y S T E M  ---------------

OS: Windows 10 , 64 bit Build 16299 (10.0.16299.15)

CPU:total 4 (initial active 4) (4 cores per cpu, 1 threads per core) family 6 model 94 stepping 3, cmov, cx8, fxsr, mmx, sse, sse2, sse3, ssse3, sse4.1, sse4.2, popcnt, avx, avx2, aes, clmul, erms, rtm, 3dnowpref, lzcnt, tsc, tscinvbit, bmi1, bmi2, adx, fma

Memory: 4k page, physical 8320752k(4194868k free), swap 9893616k(3960592k free)

vm_info: Java HotSpot(TM) 64-Bit Server VM (9.0.4+11) for windows-amd64 JRE (9.0.4+11), built on Dec 20 2017 02:18:54 by "mach5one" with MS VC++ 12.0 (VS2013)

END.
