#
# A fatal error has been detected by the Java Runtime Environment:
#
#  EXCEPTION_ACCESS_VIOLATION (0xc0000005) at pc=0x0000000180005b00, pid=2084, tid=15052
#
# JRE version: Java(TM) SE Runtime Environment (9.0+11) (build 9.0.4+11)
# Java VM: Java HotSpot(TM) 64-Bit Server VM (9.0.4+11, mixed mode, tiered, compressed oops, g1 gc, windows-amd64)
# Problematic frame:
# C  0x0000000180005b00
#
# No core dump will be written. Minidumps are not enabled by default on client versions of Windows
#
# If you would like to submit a bug report, please visit:
#   http://bugreport.java.com/bugreport/crash.jsp
# The crash happened outside the Java Virtual Machine in native code.
# See problematic frame for where to report the bug.
#

---------------  S U M M A R Y ------------

Command Line: -javaagent:D:\IntelliJ IDEA 2017.3.3\lib\idea_rt.jar=53602:D:\IntelliJ IDEA 2017.3.3\bin -Dfile.encoding=UTF-8 sample.Main

Host: Intel(R) Core(TM) i5-6500 CPU @ 3.20GHz, 4 cores, 7G,  Windows 10 , 64 bit Build 16299 (10.0.16299.15)
Time: Wed Mar 28 13:34:29 2018 GMT Summer Time elapsed time: 12 seconds (0d 0h 0m 12s)

---------------  T H R E A D  ---------------

Current thread (0x000001c01ce0e000):  JavaThread "Thread-3" [_thread_in_native, id=15052, stack(0x0000007463070000,0x0000007463170000)]

Stack: [0x0000007463070000,0x0000007463170000],  sp=0x000000746316e830,  free space=1018k
Native frames: (J=compiled Java code, j=interpreted, Vv=VM code, C=native code)
C  0x0000000180005b00
C  0x0000000180005f3f
C  0x000001c00001921c

Java frames: (J=compiled Java code, j=interpreted, Vv=VM code)
j  gnu.io.RXTXPort.readByte()I+0
j  gnu.io.RXTXPort$SerialInputStream.read()I+81
j  org.sintef.jarduino.comm.Serial4JArduino$SerialReader.serialEvent(Lgnu/io/SerialPortEvent;)V+7
j  gnu.io.RXTXPort.sendEvent(IZ)Z+382
v  ~StubRoutines::call_stub
j  gnu.io.RXTXPort.eventLoop()V+0
j  gnu.io.RXTXPort$MonitorThread.run()V+12
v  ~StubRoutines::call_stub

siginfo: EXCEPTION_ACCESS_VIOLATION (0xc0000005), reading address 0x000000006316f1d8


Register to memory mapping:

RIP=0x0000000180005b00 is an unknown value
RAX=0x0000000000000001 is an unknown value
RBX=0x0000000000000000 is an unknown value
RCX=0x000000018001d4d5 is an unknown value
RDX=0xfffffffffffff665 is an unknown value
RSP=0x000000746316e830 is pointing into the stack for thread: 0x000001c01ce0e000
RBP=
[error occurred during error reporting (printing register info), id 0xc0000005]

Registers:
RAX=0x0000000000000001, RBX=0x0000000000000000, RCX=0x000000018001d4d5, RDX=0xfffffffffffff665
RSP=0x000000746316e830, RBP=0x00000000ffffffff, RSI=0x0000000000000000, RDI=0x000001c01ce0e218
R8 =0x0000000000000002, R9 =0xfffffffffffff63c, R10=0x000000000000007c, R11=0x8101010101010100
R12=0x000000006316f1d0, R13=0x0000000000000001, R14=0x000000746316e9d8, R15=0x0000000000000000
RIP=0x0000000180005b00, EFLAGS=0x0000000000010202

Top of Stack: (sp=0x000000746316e830)
0x000000746316e830:   0000000000000000 0000000000000000
0x000000746316e840:   000000746316e9d8 0000000000000000
0x000000746316e850:   000001c01ce0e000 000000746316e9d8
0x000000746316e860:   000001c02020c5e0 000000746316e9d8
0x000000746316e870:   ffffffffffffffff 0000000000000001
0x000000746316e880:   000001c01b9cd980 0000000180005f3f
0x000000746316e890:   000001c01ce0e218 000001c01ce0e218
0x000000746316e8a0:   000001c000000001 000000746316e8c0
0x000000746316e8b0:   000001c000000001 000001c0ffffffff
0x000000746316e8c0:   000001c01b9a2130 000000746316e9d8
0x000000746316e8d0:   000000746316ee48 000001c000000000
0x000000746316e8e0:   000001c02020c5e8 000001c01ce0e000
0x000000746316e8f0:   000001c02020c5e8 000001c01ce0e000
0x000000746316e900:   0000000000000148 000001c000019074
0x000000746316e910:   0000c6db546d70aa 000001c01ce0e000
0x000000746316e920:   0000000000000000 0000000000000148 

Instructions: (pc=0x0000000180005b00)
0x0000000180005ae0:   15 23 7a 01 00 48 8d 48 60 e8 3a 5d 00 00 4c 8b
0x0000000180005af0:   e5 8b ac 24 88 00 00 00 44 8b ac 24 80 00 00 00
0x0000000180005b00:   45 8b 74 24 08 41 89 5c 24 08 41 8b fd 85 ed 78
0x0000000180005b10:   09 ff 15 e9 14 01 00 44 8b f8 45 85 ed 7e 4a 90 



---------------  P R O C E S S  ---------------

Java Threads: ( => current thread )
=>0x000001c01ce0e000 JavaThread "Thread-3" [_thread_in_native, id=15052, stack(0x0000007463070000,0x0000007463170000)]
  0x000001c01b2ee800 JavaThread "Prism Font Disposer" daemon [_thread_blocked, id=8592, stack(0x0000007462a20000,0x0000007462b20000)]
  0x000001c015c82800 JavaThread "Java2D Disposer" daemon [_thread_blocked, id=14444, stack(0x0000007462920000,0x0000007462a20000)]
  0x000001c015a98800 JavaThread "Thread-2" daemon [_thread_in_native, id=15200, stack(0x0000007462620000,0x0000007462720000)]
  0x000001c015ffa800 JavaThread "Abandoned connection cleanup thread" daemon [_thread_blocked, id=9220, stack(0x0000007462820000,0x0000007462920000)]
  0x000001c016002800 JavaThread "JavaFX-Launcher" [_thread_blocked, id=5108, stack(0x0000007462720000,0x0000007462820000)]
  0x000001c015ced000 JavaThread "JavaFX Application Thread" [_thread_blocked, id=8180, stack(0x0000007462500000,0x0000007462600000)]
  0x000001c015cb7800 JavaThread "InvokeLaterDispatcher" daemon [_thread_blocked, id=12440, stack(0x0000007462400000,0x0000007462500000)]
  0x000001c015c78000 JavaThread "QuantumRenderer-0" daemon [_thread_blocked, id=12940, stack(0x0000007462100000,0x0000007462200000)]
  0x000001c015a11800 JavaThread "Service Thread" daemon [_thread_blocked, id=1856, stack(0x0000007461f00000,0x0000007462000000)]
  0x000001c015a11000 JavaThread "Monitor Ctrl-Break" daemon [_thread_in_native, id=13868, stack(0x0000007461e00000,0x0000007461f00000)]
  0x000001c07fbb8800 JavaThread "Common-Cleaner" daemon [_thread_blocked, id=8132, stack(0x0000007461d00000,0x0000007461e00000)]
  0x000001c07fb82000 JavaThread "Sweeper thread" daemon [_thread_blocked, id=5500, stack(0x0000007461c00000,0x0000007461d00000)]
  0x000001c07fb2d800 JavaThread "C1 CompilerThread2" daemon [_thread_blocked, id=7296, stack(0x0000007461b00000,0x0000007461c00000)]
  0x000001c07fb29800 JavaThread "C2 CompilerThread1" daemon [_thread_blocked, id=6060, stack(0x0000007461a00000,0x0000007461b00000)]
  0x000001c07fb20800 JavaThread "C2 CompilerThread0" daemon [_thread_blocked, id=9888, stack(0x0000007461900000,0x0000007461a00000)]
  0x000001c07fb1d800 JavaThread "Attach Listener" daemon [_thread_blocked, id=10908, stack(0x0000007461800000,0x0000007461900000)]
  0x000001c07fb1c800 JavaThread "Signal Dispatcher" daemon [_thread_blocked, id=7184, stack(0x0000007461700000,0x0000007461800000)]
  0x000001c07fac6000 JavaThread "Finalizer" daemon [_thread_blocked, id=3496, stack(0x0000007461600000,0x0000007461700000)]
  0x000001c07fabc800 JavaThread "Reference Handler" daemon [_thread_blocked, id=7352, stack(0x0000007461500000,0x0000007461600000)]
  0x000001c071df4000 JavaThread "main" [_thread_blocked, id=12420, stack(0x0000007460800000,0x0000007460900000)]

Other Threads:
  0x000001c07faba000 VMThread "VM Thread" [stack: 0x0000007461400000,0x0000007461500000] [id=8608]
  0x000001c015b29000 WatcherThread [stack: 0x0000007462000000,0x0000007462100000] [id=13960]
  0x000001c071e09000 GCTaskThread "GC Thread#0" [stack: 0x0000007460900000,0x0000007460a00000] [id=10552]
  0x000001c071e0a800 GCTaskThread "GC Thread#1" [stack: 0x0000007460a00000,0x0000007460b00000] [id=3656]
  0x000001c071e0d800 GCTaskThread "GC Thread#2" [stack: 0x0000007460b00000,0x0000007460c00000] [id=14664]
  0x000001c071e1d000 GCTaskThread "GC Thread#3" [stack: 0x0000007460c00000,0x0000007460d00000] [id=6336]
  0x000001c071e95800 ConcurrentGCThread "G1 Main Marker" [stack: 0x0000007461200000,0x0000007461300000] [id=2868]
  0x000001c071e16800 ConcurrentGCThread "G1 Marker#0" [stack: 0x0000007461300000,0x0000007461400000] [id=13260]
  0x000001c071e2d000 ConcurrentGCThread "G1 Refine#0" [stack: 0x0000007461000000,0x0000007461100000] [id=2672]
  0x000001c071e2c000 ConcurrentGCThread "G1 Refine#1" [stack: 0x0000007460f00000,0x0000007461000000] [id=14952]
  0x000001c071e25800 ConcurrentGCThread "G1 Refine#2" [stack: 0x0000007460e00000,0x0000007460f00000] [id=3532]
  0x000001c071e24800 ConcurrentGCThread "G1 Refine#3" [stack: 0x0000007460d00000,0x0000007460e00000] [id=10444]
  0x000001c071e2d800 ConcurrentGCThread "G1 Young RemSet Sampling" [stack: 0x0000007461100000,0x0000007461200000] [id=14588]

Threads with active compile tasks:

VM state:not at safepoint (normal execution)

VM Mutex/Monitor currently owned by a thread: None

Heap address: 0x0000000081000000, size: 2032 MB, Compressed Oops mode: 32-bit
Narrow klass base: 0x0000000000000000, Narrow klass shift: 3
Compressed class space size: 1073741824 Address: 0x0000000100000000

Heap:
 garbage-first heap   total 131072K, used 29632K [0x0000000081000000, 0x0000000081100400, 0x0000000100000000)
  region size 1024K, 23 young (23552K), 4 survivors (4096K)
 Metaspace       used 25872K, capacity 27526K, committed 27776K, reserved 1073152K
  class space    used 3035K, capacity 3357K, committed 3456K, reserved 1048576K
Heap Regions: E=young(eden), S=young(survivor), O=old, HS=humongous(starts), HC=humongous(continues), CS=collection set, F=free, A=archive, TS=gc time stamp, AC=allocation context, TAMS=top-at-mark-start (previous, next)
|   0|0x0000000081000000, 0x0000000081100000, 0x0000000081100000|100%| O|  |TS  0|AC  0|TAMS 0x0000000081100000, 0x0000000081100000|
|   1|0x0000000081100000, 0x0000000081200000, 0x0000000081200000|100%| O|  |TS  0|AC  0|TAMS 0x0000000081200000, 0x0000000081200000|
|   2|0x0000000081200000, 0x0000000081300000, 0x0000000081300000|100%| O|  |TS  0|AC  0|TAMS 0x0000000081300000, 0x0000000081300000|
|   3|0x0000000081300000, 0x0000000081400000, 0x0000000081400000|100%| O|  |TS  0|AC  0|TAMS 0x0000000081400000, 0x0000000081400000|
|   4|0x0000000081400000, 0x00000000814f0000, 0x0000000081500000| 93%| O|  |TS  0|AC  0|TAMS 0x00000000814f0000, 0x00000000814f0000|
|   5|0x0000000081500000, 0x0000000081600000, 0x0000000081600000|100%|HS|  |TS  0|AC  0|TAMS 0x0000000081500000, 0x0000000081500000|
|   6|0x0000000081600000, 0x0000000081700000, 0x0000000081700000|100%|HC|  |TS  0|AC  0|TAMS 0x0000000081600000, 0x0000000081600000|
|   7|0x0000000081700000, 0x0000000081700000, 0x0000000081800000|  0%| F|  |TS  0|AC  0|TAMS 0x0000000081700000, 0x0000000081700000|
|   8|0x0000000081800000, 0x0000000081800000, 0x0000000081900000|  0%| F|  |TS  0|AC  0|TAMS 0x0000000081800000, 0x0000000081800000|
|   9|0x0000000081900000, 0x0000000081900000, 0x0000000081a00000|  0%| F|  |TS  0|AC  0|TAMS 0x0000000081900000, 0x0000000081900000|
|  10|0x0000000081a00000, 0x0000000081a00000, 0x0000000081b00000|  0%| F|  |TS  0|AC  0|TAMS 0x0000000081a00000, 0x0000000081a00000|
|  11|0x0000000081b00000, 0x0000000081b00000, 0x0000000081c00000|  0%| F|  |TS  0|AC  0|TAMS 0x0000000081b00000, 0x0000000081b00000|
|  12|0x0000000081c00000, 0x0000000081c00000, 0x0000000081d00000|  0%| F|  |TS  0|AC  0|TAMS 0x0000000081c00000, 0x0000000081c00000|
|  13|0x0000000081d00000, 0x0000000081d00000, 0x0000000081e00000|  0%| F|  |TS  0|AC  0|TAMS 0x0000000081d00000, 0x0000000081d00000|
|  14|0x0000000081e00000, 0x0000000081e00000, 0x0000000081f00000|  0%| F|  |TS  0|AC  0|TAMS 0x0000000081e00000, 0x0000000081e00000|
|  15|0x0000000081f00000, 0x0000000081f00000, 0x0000000082000000|  0%| F|  |TS  0|AC  0|TAMS 0x0000000081f00000, 0x0000000081f00000|
|  16|0x0000000082000000, 0x0000000082000000, 0x0000000082100000|  0%| F|  |TS  0|AC  0|TAMS 0x0000000082000000, 0x0000000082000000|
|  17|0x0000000082100000, 0x0000000082100000, 0x0000000082200000|  0%| F|  |TS  0|AC  0|TAMS 0x0000000082100000, 0x0000000082100000|
|  18|0x0000000082200000, 0x0000000082200000, 0x0000000082300000|  0%| F|  |TS  0|AC  0|TAMS 0x0000000082200000, 0x0000000082200000|
|  19|0x0000000082300000, 0x0000000082300000, 0x0000000082400000|  0%| F|  |TS  0|AC  0|TAMS 0x0000000082300000, 0x0000000082300000|
|  20|0x0000000082400000, 0x0000000082400000, 0x0000000082500000|  0%| F|  |TS  0|AC  0|TAMS 0x0000000082400000, 0x0000000082400000|
|  21|0x0000000082500000, 0x0000000082500000, 0x0000000082600000|  0%| F|  |TS  0|AC  0|TAMS 0x0000000082500000, 0x0000000082500000|
|  22|0x0000000082600000, 0x0000000082600000, 0x0000000082700000|  0%| F|  |TS  0|AC  0|TAMS 0x0000000082600000, 0x0000000082600000|
|  23|0x0000000082700000, 0x0000000082700000, 0x0000000082800000|  0%| F|  |TS  0|AC  0|TAMS 0x0000000082700000, 0x0000000082700000|
|  24|0x0000000082800000, 0x0000000082800000, 0x0000000082900000|  0%| F|  |TS  0|AC  0|TAMS 0x0000000082800000, 0x0000000082800000|
|  25|0x0000000082900000, 0x0000000082900000, 0x0000000082a00000|  0%| F|  |TS  0|AC  0|TAMS 0x0000000082900000, 0x0000000082900000|
|  26|0x0000000082a00000, 0x0000000082a00000, 0x0000000082b00000|  0%| F|  |TS  0|AC  0|TAMS 0x0000000082a00000, 0x0000000082a00000|
|  27|0x0000000082b00000, 0x0000000082b00000, 0x0000000082c00000|  0%| F|  |TS  0|AC  0|TAMS 0x0000000082b00000, 0x0000000082b00000|
|  28|0x0000000082c00000, 0x0000000082c00000, 0x0000000082d00000|  0%| F|  |TS  0|AC  0|TAMS 0x0000000082c00000, 0x0000000082c00000|
|  29|0x0000000082d00000, 0x0000000082d00000, 0x0000000082e00000|  0%| F|  |TS  0|AC  0|TAMS 0x0000000082d00000, 0x0000000082d00000|
|  30|0x0000000082e00000, 0x0000000082e00000, 0x0000000082f00000|  0%| F|  |TS  0|AC  0|TAMS 0x0000000082e00000, 0x0000000082e00000|
|  31|0x0000000082f00000, 0x0000000082f00000, 0x0000000083000000|  0%| F|  |TS  0|AC  0|TAMS 0x0000000082f00000, 0x0000000082f00000|
|  32|0x0000000083000000, 0x0000000083000000, 0x0000000083100000|  0%| F|  |TS  0|AC  0|TAMS 0x0000000083000000, 0x0000000083000000|
|  33|0x0000000083100000, 0x0000000083100000, 0x0000000083200000|  0%| F|  |TS  0|AC  0|TAMS 0x0000000083100000, 0x0000000083100000|
|  34|0x0000000083200000, 0x0000000083200000, 0x0000000083300000|  0%| F|  |TS  0|AC  0|TAMS 0x0000000083200000, 0x0000000083200000|
|  35|0x0000000083300000, 0x0000000083300000, 0x0000000083400000|  0%| F|  |TS  0|AC  0|TAMS 0x0000000083300000, 0x0000000083300000|
|  36|0x0000000083400000, 0x0000000083400000, 0x0000000083500000|  0%| F|  |TS  0|AC  0|TAMS 0x0000000083400000, 0x0000000083400000|
|  37|0x0000000083500000, 0x0000000083500000, 0x0000000083600000|  0%| F|  |TS  0|AC  0|TAMS 0x0000000083500000, 0x0000000083500000|
|  38|0x0000000083600000, 0x0000000083600000, 0x0000000083700000|  0%| F|  |TS  0|AC  0|TAMS 0x0000000083600000, 0x0000000083600000|
|  39|0x0000000083700000, 0x0000000083700000, 0x0000000083800000|  0%| F|  |TS  0|AC  0|TAMS 0x0000000083700000, 0x0000000083700000|
|  40|0x0000000083800000, 0x0000000083800000, 0x0000000083900000|  0%| F|  |TS  0|AC  0|TAMS 0x0000000083800000, 0x0000000083800000|
|  41|0x0000000083900000, 0x0000000083900000, 0x0000000083a00000|  0%| F|  |TS  0|AC  0|TAMS 0x0000000083900000, 0x0000000083900000|
|  42|0x0000000083a00000, 0x0000000083a00000, 0x0000000083b00000|  0%| F|  |TS  0|AC  0|TAMS 0x0000000083a00000, 0x0000000083a00000|
|  43|0x0000000083b00000, 0x0000000083b00000, 0x0000000083c00000|  0%| F|  |TS  0|AC  0|TAMS 0x0000000083b00000, 0x0000000083b00000|
|  44|0x0000000083c00000, 0x0000000083c00000, 0x0000000083d00000|  0%| F|  |TS  0|AC  0|TAMS 0x0000000083c00000, 0x0000000083c00000|
|  45|0x0000000083d00000, 0x0000000083d00000, 0x0000000083e00000|  0%| F|  |TS  0|AC  0|TAMS 0x0000000083d00000, 0x0000000083d00000|
|  46|0x0000000083e00000, 0x0000000083e00000, 0x0000000083f00000|  0%| F|  |TS  0|AC  0|TAMS 0x0000000083e00000, 0x0000000083e00000|
|  47|0x0000000083f00000, 0x0000000083f00000, 0x0000000084000000|  0%| F|  |TS  0|AC  0|TAMS 0x0000000083f00000, 0x0000000083f00000|
|  48|0x0000000084000000, 0x0000000084000000, 0x0000000084100000|  0%| F|  |TS  0|AC  0|TAMS 0x0000000084000000, 0x0000000084000000|
|  49|0x0000000084100000, 0x0000000084100000, 0x0000000084200000|  0%| F|  |TS  0|AC  0|TAMS 0x0000000084100000, 0x0000000084100000|
|  50|0x0000000084200000, 0x0000000084200000, 0x0000000084300000|  0%| F|  |TS  0|AC  0|TAMS 0x0000000084200000, 0x0000000084200000|
|  51|0x0000000084300000, 0x0000000084300000, 0x0000000084400000|  0%| F|  |TS  0|AC  0|TAMS 0x0000000084300000, 0x0000000084300000|
|  52|0x0000000084400000, 0x0000000084400000, 0x0000000084500000|  0%| F|  |TS  0|AC  0|TAMS 0x0000000084400000, 0x0000000084400000|
|  53|0x0000000084500000, 0x0000000084500000, 0x0000000084600000|  0%| F|  |TS  0|AC  0|TAMS 0x0000000084500000, 0x0000000084500000|
|  54|0x0000000084600000, 0x0000000084600000, 0x0000000084700000|  0%| F|  |TS  0|AC  0|TAMS 0x0000000084600000, 0x0000000084600000|
|  55|0x0000000084700000, 0x0000000084700000, 0x0000000084800000|  0%| F|  |TS  0|AC  0|TAMS 0x0000000084700000, 0x0000000084700000|
|  56|0x0000000084800000, 0x0000000084800000, 0x0000000084900000|  0%| F|  |TS  0|AC  0|TAMS 0x0000000084800000, 0x0000000084800000|
|  57|0x0000000084900000, 0x0000000084900000, 0x0000000084a00000|  0%| F|  |TS  0|AC  0|TAMS 0x0000000084900000, 0x0000000084900000|
|  58|0x0000000084a00000, 0x0000000084a00000, 0x0000000084b00000|  0%| F|  |TS  0|AC  0|TAMS 0x0000000084a00000, 0x0000000084a00000|
|  59|0x0000000084b00000, 0x0000000084b00000, 0x0000000084c00000|  0%| F|  |TS  0|AC  0|TAMS 0x0000000084b00000, 0x0000000084b00000|
|  60|0x0000000084c00000, 0x0000000084c00000, 0x0000000084d00000|  0%| F|  |TS  0|AC  0|TAMS 0x0000000084c00000, 0x0000000084c00000|
|  61|0x0000000084d00000, 0x0000000084d00000, 0x0000000084e00000|  0%| F|  |TS  0|AC  0|TAMS 0x0000000084d00000, 0x0000000084d00000|
|  62|0x0000000084e00000, 0x0000000084e00000, 0x0000000084f00000|  0%| F|  |TS  0|AC  0|TAMS 0x0000000084e00000, 0x0000000084e00000|
|  63|0x0000000084f00000, 0x0000000084f00000, 0x0000000085000000|  0%| F|  |TS  0|AC  0|TAMS 0x0000000084f00000, 0x0000000084f00000|
|  64|0x0000000085000000, 0x0000000085000000, 0x0000000085100000|  0%| F|  |TS  0|AC  0|TAMS 0x0000000085000000, 0x0000000085000000|
|  65|0x0000000085100000, 0x0000000085100000, 0x0000000085200000|  0%| F|  |TS  0|AC  0|TAMS 0x0000000085100000, 0x0000000085100000|
|  66|0x0000000085200000, 0x0000000085200000, 0x0000000085300000|  0%| F|  |TS  0|AC  0|TAMS 0x0000000085200000, 0x0000000085200000|
|  67|0x0000000085300000, 0x0000000085300000, 0x0000000085400000|  0%| F|  |TS  0|AC  0|TAMS 0x0000000085300000, 0x0000000085300000|
|  68|0x0000000085400000, 0x0000000085400000, 0x0000000085500000|  0%| F|  |TS  0|AC  0|TAMS 0x0000000085400000, 0x0000000085400000|
|  69|0x0000000085500000, 0x0000000085500000, 0x0000000085600000|  0%| F|  |TS  0|AC  0|TAMS 0x0000000085500000, 0x0000000085500000|
|  70|0x0000000085600000, 0x0000000085600000, 0x0000000085700000|  0%| F|  |TS  0|AC  0|TAMS 0x0000000085600000, 0x0000000085600000|
|  71|0x0000000085700000, 0x0000000085700000, 0x0000000085800000|  0%| F|  |TS  0|AC  0|TAMS 0x0000000085700000, 0x0000000085700000|
|  72|0x0000000085800000, 0x0000000085800000, 0x0000000085900000|  0%| F|  |TS  0|AC  0|TAMS 0x0000000085800000, 0x0000000085800000|
|  73|0x0000000085900000, 0x0000000085900000, 0x0000000085a00000|  0%| F|  |TS  0|AC  0|TAMS 0x0000000085900000, 0x0000000085900000|
|  74|0x0000000085a00000, 0x0000000085a00000, 0x0000000085b00000|  0%| F|  |TS  0|AC  0|TAMS 0x0000000085a00000, 0x0000000085a00000|
|  75|0x0000000085b00000, 0x0000000085b00000, 0x0000000085c00000|  0%| F|  |TS  0|AC  0|TAMS 0x0000000085b00000, 0x0000000085b00000|
|  76|0x0000000085c00000, 0x0000000085c00000, 0x0000000085d00000|  0%| F|  |TS  0|AC  0|TAMS 0x0000000085c00000, 0x0000000085c00000|
|  77|0x0000000085d00000, 0x0000000085d00000, 0x0000000085e00000|  0%| F|  |TS  0|AC  0|TAMS 0x0000000085d00000, 0x0000000085d00000|
|  78|0x0000000085e00000, 0x0000000085e00000, 0x0000000085f00000|  0%| F|  |TS  0|AC  0|TAMS 0x0000000085e00000, 0x0000000085e00000|
|  79|0x0000000085f00000, 0x0000000085f00000, 0x0000000086000000|  0%| F|  |TS  0|AC  0|TAMS 0x0000000085f00000, 0x0000000085f00000|
|  80|0x0000000086000000, 0x0000000086000000, 0x0000000086100000|  0%| F|  |TS  0|AC  0|TAMS 0x0000000086000000, 0x0000000086000000|
|  81|0x0000000086100000, 0x0000000086100000, 0x0000000086200000|  0%| F|  |TS  0|AC  0|TAMS 0x0000000086100000, 0x0000000086100000|
|  82|0x0000000086200000, 0x0000000086200000, 0x0000000086300000|  0%| F|  |TS  0|AC  0|TAMS 0x0000000086200000, 0x0000000086200000|
|  83|0x0000000086300000, 0x0000000086300000, 0x0000000086400000|  0%| F|  |TS  0|AC  0|TAMS 0x0000000086300000, 0x0000000086300000|
|  84|0x0000000086400000, 0x0000000086400000, 0x0000000086500000|  0%| F|  |TS  0|AC  0|TAMS 0x0000000086400000, 0x0000000086400000|
|  85|0x0000000086500000, 0x0000000086500000, 0x0000000086600000|  0%| F|  |TS  0|AC  0|TAMS 0x0000000086500000, 0x0000000086500000|
|  86|0x0000000086600000, 0x0000000086600000, 0x0000000086700000|  0%| F|  |TS  0|AC  0|TAMS 0x0000000086600000, 0x0000000086600000|
|  87|0x0000000086700000, 0x0000000086700000, 0x0000000086800000|  0%| F|  |TS  0|AC  0|TAMS 0x0000000086700000, 0x0000000086700000|
|  88|0x0000000086800000, 0x0000000086800000, 0x0000000086900000|  0%| F|  |TS  0|AC  0|TAMS 0x0000000086800000, 0x0000000086800000|
|  89|0x0000000086900000, 0x0000000086900000, 0x0000000086a00000|  0%| F|  |TS  0|AC  0|TAMS 0x0000000086900000, 0x0000000086900000|
|  90|0x0000000086a00000, 0x0000000086a00000, 0x0000000086b00000|  0%| F|  |TS  0|AC  0|TAMS 0x0000000086a00000, 0x0000000086a00000|
|  91|0x0000000086b00000, 0x0000000086b00000, 0x0000000086c00000|  0%| F|  |TS  0|AC  0|TAMS 0x0000000086b00000, 0x0000000086b00000|
|  92|0x0000000086c00000, 0x0000000086c00000, 0x0000000086d00000|  0%| F|  |TS  0|AC  0|TAMS 0x0000000086c00000, 0x0000000086c00000|
|  93|0x0000000086d00000, 0x0000000086d00000, 0x0000000086e00000|  0%| F|  |TS  0|AC  0|TAMS 0x0000000086d00000, 0x0000000086d00000|
|  94|0x0000000086e00000, 0x0000000086e00000, 0x0000000086f00000|  0%| F|  |TS  0|AC  0|TAMS 0x0000000086e00000, 0x0000000086e00000|
|  95|0x0000000086f00000, 0x0000000086f00000, 0x0000000087000000|  0%| F|  |TS  0|AC  0|TAMS 0x0000000086f00000, 0x0000000086f00000|
|  96|0x0000000087000000, 0x0000000087000000, 0x0000000087100000|  0%| F|  |TS  0|AC  0|TAMS 0x0000000087000000, 0x0000000087000000|
|  97|0x0000000087100000, 0x0000000087100000, 0x0000000087200000|  0%| F|  |TS  0|AC  0|TAMS 0x0000000087100000, 0x0000000087100000|
|  98|0x0000000087200000, 0x0000000087200000, 0x0000000087300000|  0%| F|  |TS  0|AC  0|TAMS 0x0000000087200000, 0x0000000087200000|
|  99|0x0000000087300000, 0x0000000087300000, 0x0000000087400000|  0%| F|  |TS  0|AC  0|TAMS 0x0000000087300000, 0x0000000087300000|
| 100|0x0000000087400000, 0x0000000087400000, 0x0000000087500000|  0%| F|  |TS  0|AC  0|TAMS 0x0000000087400000, 0x0000000087400000|
| 101|0x0000000087500000, 0x0000000087500000, 0x0000000087600000|  0%| F|  |TS  0|AC  0|TAMS 0x0000000087500000, 0x0000000087500000|
| 102|0x0000000087600000, 0x0000000087600000, 0x0000000087700000|  0%| F|  |TS  0|AC  0|TAMS 0x0000000087600000, 0x0000000087600000|
| 103|0x0000000087700000, 0x0000000087700000, 0x0000000087800000|  0%| F|  |TS  0|AC  0|TAMS 0x0000000087700000, 0x0000000087700000|
| 104|0x0000000087800000, 0x0000000087800000, 0x0000000087900000|  0%| F|  |TS  0|AC  0|TAMS 0x0000000087800000, 0x0000000087800000|
| 105|0x0000000087900000, 0x000000008797a898, 0x0000000087a00000| 47%| E|  |TS  0|AC  0|TAMS 0x0000000087900000, 0x0000000087900000|
| 106|0x0000000087a00000, 0x0000000087b00000, 0x0000000087b00000|100%| E|CS|TS  0|AC  0|TAMS 0x0000000087a00000, 0x0000000087a00000|
| 107|0x0000000087b00000, 0x0000000087c00000, 0x0000000087c00000|100%| E|CS|TS  0|AC  0|TAMS 0x0000000087b00000, 0x0000000087b00000|
| 108|0x0000000087c00000, 0x0000000087d00000, 0x0000000087d00000|100%| S|CS|TS  0|AC  0|TAMS 0x0000000087c00000, 0x0000000087c00000|
| 109|0x0000000087d00000, 0x0000000087e00000, 0x0000000087e00000|100%| S|CS|TS  0|AC  0|TAMS 0x0000000087d00000, 0x0000000087d00000|
| 110|0x0000000087e00000, 0x0000000087f00000, 0x0000000087f00000|100%| S|CS|TS  0|AC  0|TAMS 0x0000000087e00000, 0x0000000087e00000|
| 111|0x0000000087f00000, 0x0000000088000000, 0x0000000088000000|100%| S|CS|TS  0|AC  0|TAMS 0x0000000087f00000, 0x0000000087f00000|
| 112|0x0000000088000000, 0x0000000088100000, 0x0000000088100000|100%| E|CS|TS  0|AC  0|TAMS 0x0000000088000000, 0x0000000088000000|
| 113|0x0000000088100000, 0x0000000088200000, 0x0000000088200000|100%| E|CS|TS  0|AC  0|TAMS 0x0000000088100000, 0x0000000088100000|
| 114|0x0000000088200000, 0x0000000088300000, 0x0000000088300000|100%| E|CS|TS  0|AC  0|TAMS 0x0000000088200000, 0x0000000088200000|
| 115|0x0000000088300000, 0x0000000088400000, 0x0000000088400000|100%| E|CS|TS  0|AC  0|TAMS 0x0000000088300000, 0x0000000088300000|
| 116|0x0000000088400000, 0x0000000088500000, 0x0000000088500000|100%| E|CS|TS  0|AC  0|TAMS 0x0000000088400000, 0x0000000088400000|
| 117|0x0000000088500000, 0x0000000088600000, 0x0000000088600000|100%| E|CS|TS  0|AC  0|TAMS 0x0000000088500000, 0x0000000088500000|
| 118|0x0000000088600000, 0x0000000088700000, 0x0000000088700000|100%| E|CS|TS  0|AC  0|TAMS 0x0000000088600000, 0x0000000088600000|
| 119|0x0000000088700000, 0x0000000088800000, 0x0000000088800000|100%| E|CS|TS  0|AC  0|TAMS 0x0000000088700000, 0x0000000088700000|
| 120|0x0000000088800000, 0x0000000088900000, 0x0000000088900000|100%| E|CS|TS  0|AC  0|TAMS 0x0000000088800000, 0x0000000088800000|
| 121|0x0000000088900000, 0x0000000088a00000, 0x0000000088a00000|100%| E|CS|TS  0|AC  0|TAMS 0x0000000088900000, 0x0000000088900000|
| 122|0x0000000088a00000, 0x0000000088b00000, 0x0000000088b00000|100%| E|CS|TS  0|AC  0|TAMS 0x0000000088a00000, 0x0000000088a00000|
| 123|0x0000000088b00000, 0x0000000088c00000, 0x0000000088c00000|100%| E|CS|TS  0|AC  0|TAMS 0x0000000088b00000, 0x0000000088b00000|
| 124|0x0000000088c00000, 0x0000000088d00000, 0x0000000088d00000|100%| E|CS|TS  0|AC  0|TAMS 0x0000000088c00000, 0x0000000088c00000|
| 125|0x0000000088d00000, 0x0000000088e00000, 0x0000000088e00000|100%| E|CS|TS  0|AC  0|TAMS 0x0000000088d00000, 0x0000000088d00000|
| 126|0x0000000088e00000, 0x0000000088f00000, 0x0000000088f00000|100%| E|CS|TS  0|AC  0|TAMS 0x0000000088e00000, 0x0000000088e00000|
| 127|0x0000000088f00000, 0x0000000089000000, 0x0000000089000000|100%| E|CS|TS  0|AC  0|TAMS 0x0000000088f00000, 0x0000000088f00000|

Card table byte_map: [0x000001c07ec10000,0x000001c07f010000] byte_map_base: 0x000001c07e808000

Marking Bits (Prev, Next): (CMBitMap*) 0x000001c071e94b28, (CMBitMap*) 0x000001c071e94af0
 Prev Bits: [0x000001c010fc0000, 0x000001c012f80000)
 Next Bits: [0x000001c00f000000, 0x000001c010fc0000)

Polling page: 0x000001c06fc80000

CodeHeap 'non-profiled nmethods': size=120064Kb used=1424Kb max_used=1424Kb free=118639Kb
 bounds [0x000001c007ac0000, 0x000001c007d30000, 0x000001c00f000000]
CodeHeap 'profiled nmethods': size=120000Kb used=7597Kb max_used=7597Kb free=112402Kb
 bounds [0x000001c000590000, 0x000001c000d00000, 0x000001c007ac0000]
CodeHeap 'non-nmethods': size=5696Kb used=1508Kb max_used=1539Kb free=4188Kb
 bounds [0x000001c000000000, 0x000001c000270000, 0x000001c000590000]
 total_blobs=4965 nmethods=3566 adapters=714
 compilation: enabled

Compilation events (10 events):
Event: 12.122 Thread 0x000001c07fb2d800 3562   !   3       com.sun.scenario.animation.shared.SingleLoopClipEnvelope::timePulse (148 bytes)
Event: 12.124 Thread 0x000001c07fb2d800 nmethod 3562 0x000001c000cfa290 code [0x000001c000cfa4c0, 0x000001c000cfacb0]
Event: 12.124 Thread 0x000001c07fb2d800 3563       3       javafx.animation.AnimationAccessorImpl::playTo (8 bytes)
Event: 12.124 Thread 0x000001c07fb2d800 nmethod 3563 0x000001c000cfaf90 code [0x000001c000cfb140, 0x000001c000cfb370]
Event: 12.153 Thread 0x000001c07fb29800 3564       4       java.util.AbstractCollection::isEmpty (13 bytes)
Event: 12.154 Thread 0x000001c07fb29800 nmethod 3564 0x000001c007c23890 code [0x000001c007c23a20, 0x000001c007c23a98]
Event: 12.178 Thread 0x000001c07fb2d800 3565       1       gnu.io.RXTXPort::access$1000 (5 bytes)
Event: 12.178 Thread 0x000001c07fb2d800 nmethod 3565 0x000001c007c23b10 code [0x000001c007c23cc0, 0x000001c007c23db8]
Event: 12.178 Thread 0x000001c07fb2d800 3566       1       gnu.io.RXTXPort::access$1100 (5 bytes)
Event: 12.178 Thread 0x000001c07fb2d800 nmethod 3566 0x000001c007c23e90 code [0x000001c007c24040, 0x000001c007c24138]

GC Heap History (6 events):
Event: 0.490 GC heap before
{Heap before GC invocations=0 (full 0):
 garbage-first heap   total 131072K, used 14336K [0x0000000081000000, 0x0000000081100400, 0x0000000100000000)
  region size 1024K, 14 young (14336K), 0 survivors (0K)
 Metaspace       used 9442K, capacity 9936K, committed 10112K, reserved 1058816K
  class space    used 920K, capacity 1027K, committed 1152K, reserved 1048576K
}
Event: 0.493 GC heap after
{Heap after GC invocations=1 (full 0):
 garbage-first heap   total 131072K, used 3610K [0x0000000081000000, 0x0000000081100400, 0x0000000100000000)
  region size 1024K, 2 young (2048K), 2 survivors (2048K)
 Metaspace       used 9442K, capacity 9936K, committed 10112K, reserved 1058816K
  class space    used 920K, capacity 1027K, committed 1152K, reserved 1048576K
}
Event: 0.780 GC heap before
{Heap before GC invocations=1 (full 0):
 garbage-first heap   total 131072K, used 13850K [0x0000000081000000, 0x0000000081100400, 0x0000000100000000)
  region size 1024K, 12 young (12288K), 2 survivors (2048K)
 Metaspace       used 13455K, capacity 14112K, committed 14336K, reserved 1062912K
  class space    used 1280K, capacity 1418K, committed 1536K, reserved 1048576K
}
Event: 0.784 GC heap after
{Heap after GC invocations=2 (full 0):
 garbage-first heap   total 131072K, used 6007K [0x0000000081000000, 0x0000000081100400, 0x0000000100000000)
  region size 1024K, 2 young (2048K), 2 survivors (2048K)
 Metaspace       used 13455K, capacity 14112K, committed 14336K, reserved 1062912K
  class space    used 1280K, capacity 1418K, committed 1536K, reserved 1048576K
}
Event: 1.176 GC heap before
{Heap before GC invocations=2 (full 0):
 garbage-first heap   total 131072K, used 19319K [0x0000000081000000, 0x0000000081100400, 0x0000000100000000)
  region size 1024K, 16 young (16384K), 2 survivors (2048K)
 Metaspace       used 20085K, capacity 21234K, committed 21248K, reserved 1069056K
  class space    used 2303K, capacity 2555K, committed 2560K, reserved 1048576K
}
Event: 1.182 GC heap after
{Heap after GC invocations=3 (full 0):
 garbage-first heap   total 131072K, used 9152K [0x0000000081000000, 0x0000000081100400, 0x0000000100000000)
  region size 1024K, 4 young (4096K), 4 survivors (4096K)
 Metaspace       used 20085K, capacity 21234K, committed 21248K, reserved 1069056K
  class space    used 2303K, capacity 2555K, committed 2560K, reserved 1048576K
}

Deoptimization events (10 events):
Event: 1.283 Thread 0x000001c015ced000 Uncommon trap: reason=class_check action=maybe_recompile pc=0x000001c007ad1154 method=java.lang.String.equals(Ljava/lang/Object;)Z @ 8 c2
Event: 1.283 Thread 0x000001c015ced000 Uncommon trap: reason=class_check action=maybe_recompile pc=0x000001c007ad1154 method=java.lang.String.equals(Ljava/lang/Object;)Z @ 8 c2
Event: 1.284 Thread 0x000001c015ced000 Uncommon trap: reason=class_check action=maybe_recompile pc=0x000001c007ad1154 method=java.lang.String.equals(Ljava/lang/Object;)Z @ 8 c2
Event: 2.061 Thread 0x000001c015ced000 Uncommon trap: reason=unstable_if action=reinterpret pc=0x000001c007b36174 method=jdk.internal.org.objectweb.asm.Type.getArgumentsAndReturnSizes(Ljava/lang/String;)I @ 47 c2
Event: 2.228 Thread 0x000001c015ced000 Uncommon trap: reason=unstable_if action=reinterpret pc=0x000001c007b8991c method=java.lang.CharacterDataLatin1.isWhitespace(I)Z @ 14 c2
Event: 5.798 Thread 0x000001c015ced000 Uncommon trap: reason=unstable_if action=reinterpret pc=0x000001c007af3bc4 method=java.lang.AbstractStringBuilder.append(Ljava/lang/String;)Ljava/lang/AbstractStringBuilder; @ 1 c2
Event: 5.994 Thread 0x000001c015ced000 Uncommon trap: reason=class_check action=maybe_recompile pc=0x000001c007bda9c0 method=javafx.scene.Node.getGeomBounds(Lcom/sun/javafx/geom/BaseBounds;Lcom/sun/javafx/geom/transform/BaseTransform;)Lcom/sun/javafx/geom/BaseBounds; @ 28 c2
Event: 6.842 Thread 0x000001c015ced000 Uncommon trap: reason=class_check action=maybe_recompile pc=0x000001c007bda9c0 method=javafx.scene.Node.getGeomBounds(Lcom/sun/javafx/geom/BaseBounds;Lcom/sun/javafx/geom/transform/BaseTransform;)Lcom/sun/javafx/geom/BaseBounds; @ 28 c2
Event: 7.833 Thread 0x000001c015ced000 Uncommon trap: reason=class_check action=maybe_recompile pc=0x000001c007bda9c0 method=javafx.scene.Node.getGeomBounds(Lcom/sun/javafx/geom/BaseBounds;Lcom/sun/javafx/geom/transform/BaseTransform;)Lcom/sun/javafx/geom/BaseBounds; @ 28 c2
Event: 8.825 Thread 0x000001c015ced000 Uncommon trap: reason=class_check action=maybe_recompile pc=0x000001c007bda9c0 method=javafx.scene.Node.getGeomBounds(Lcom/sun/javafx/geom/BaseBounds;Lcom/sun/javafx/geom/transform/BaseTransform;)Lcom/sun/javafx/geom/BaseBounds; @ 28 c2

Classes redefined (0 events):
No events

Internal exceptions (10 events):
Event: 1.334 Thread 0x000001c015c78000 Exception <a 'java/lang/NoSuchMethodError'{0x0000000088bf0d78}: java.lang.invoke.DirectMethodHandle$Holder.invokeStaticInit(Ljava/lang/Object;Ljava/lang/Object;)I> (0x0000000088bf0d78) thrown at [t:/workspace/hotspot/src/share/vm/interpreter/linkResolver.
Event: 2.060 Thread 0x000001c015ced000 Exception <a 'java/lang/NoSuchMethodError'{0x00000000889c7f00}: method resolution failed> (0x00000000889c7f00) thrown at [t:/workspace/hotspot/src/share/vm/prims/methodHandles.cpp, line 1256]
Event: 2.061 Thread 0x000001c015ced000 Exception <a 'java/lang/NoSuchMethodError'{0x00000000889cb128}: java.lang.invoke.DirectMethodHandle$Holder.invokeStaticInit(Ljava/lang/Object;Ljava/lang/Object;Ljava/lang/Object;)J> (0x00000000889cb128) thrown at [t:/workspace/hotspot/src/share/vm/interpr
Event: 2.065 Thread 0x000001c015ced000 Exception <a 'java/lang/NoSuchMethodError'{0x00000000889ddc58}: method resolution failed> (0x00000000889ddc58) thrown at [t:/workspace/hotspot/src/share/vm/prims/methodHandles.cpp, line 1256]
Event: 2.066 Thread 0x000001c015ced000 Exception <a 'java/lang/NoSuchMethodError'{0x00000000889e3d80}: java.lang.invoke.DirectMethodHandle$Holder.invokeStatic(Ljava/lang/Object;Ljava/lang/Object;J)Ljava/lang/Object;> (0x00000000889e3d80) thrown at [t:/workspace/hotspot/src/share/vm/interpreter
Event: 2.066 Thread 0x000001c015ced000 Exception <a 'java/lang/NoSuchMethodError'{0x00000000889e7378}: method resolution failed> (0x00000000889e7378) thrown at [t:/workspace/hotspot/src/share/vm/prims/methodHandles.cpp, line 1256]
Event: 2.624 Thread 0x000001c015c78000 Exception <a 'java/lang/NoSuchMethodError'{0x00000000885a4160}: java.lang.invoke.DirectMethodHandle$Holder.invokeStaticInit(Ljava/lang/Object;I)Ljava/lang/Object;> (0x00000000885a4160) thrown at [t:/workspace/hotspot/src/share/vm/interpreter/linkResolver.
Event: 5.798 Thread 0x000001c015ced000 Implicit null exception at 0x000001c007af36f4 to 0x000001c007af3bad
Event: 5.798 Thread 0x000001c015ced000 Exception <a 'java/io/FileNotFoundException'{0x00000000882d0388}> (0x00000000882d0388) thrown at [t:/workspace/hotspot/src/share/vm/prims/jni.cpp, line 604]
Event: 5.799 Thread 0x000001c015ced000 Exception <a 'java/io/FileNotFoundException'{0x00000000882d0cf8}> (0x00000000882d0cf8) thrown at [t:/workspace/hotspot/src/share/vm/prims/jni.cpp, line 604]

Events (10 events):
Event: 11.812 Executing VM operation: BulkRevokeBias
Event: 11.813 Executing VM operation: BulkRevokeBias done
Event: 11.951 Executing VM operation: RevokeBias
Event: 11.952 Executing VM operation: RevokeBias done
Event: 11.952 Executing VM operation: RevokeBias
Event: 11.952 Executing VM operation: RevokeBias done
Event: 12.204 loading class gnu/io/SerialPortEvent
Event: 12.204 loading class gnu/io/SerialPortEvent done
Event: 12.204 Executing VM operation: RevokeBias
Event: 12.204 Executing VM operation: RevokeBias done


Dynamic libraries:
0x00007ff7bf5a0000 - 0x00007ff7bf5de000 	C:\Program Files\Java\jdk-9.0.4\bin\java.exe
0x00007ffe0afe0000 - 0x00007ffe0b1c0000 	C:\WINDOWS\SYSTEM32\ntdll.dll
0x00007ffe085e0000 - 0x00007ffe0868e000 	C:\WINDOWS\System32\KERNEL32.DLL
0x00007ffe07da0000 - 0x00007ffe08006000 	C:\WINDOWS\System32\KERNELBASE.dll
0x00007ffe09df0000 - 0x00007ffe09e91000 	C:\WINDOWS\System32\ADVAPI32.dll
0x00007ffe086f0000 - 0x00007ffe0878d000 	C:\WINDOWS\System32\msvcrt.dll
0x00007ffe08920000 - 0x00007ffe0897b000 	C:\WINDOWS\System32\sechost.dll
0x00007ffe0a370000 - 0x00007ffe0a48f000 	C:\WINDOWS\System32\RPCRT4.dll
0x00007ffe08790000 - 0x00007ffe0891f000 	C:\WINDOWS\System32\USER32.dll
0x00007ffe08490000 - 0x00007ffe084b0000 	C:\WINDOWS\System32\win32u.dll
0x00007ffe0aa10000 - 0x00007ffe0aa38000 	C:\WINDOWS\System32\GDI32.dll
0x00007ffe07460000 - 0x00007ffe075f3000 	C:\WINDOWS\System32\gdi32full.dll
0x00007ffe08120000 - 0x00007ffe081bb000 	C:\WINDOWS\System32\msvcp_win.dll
0x00007ffe08390000 - 0x00007ffe08486000 	C:\WINDOWS\System32\ucrtbase.dll
0x00007ffdfd800000 - 0x00007ffdfda69000 	C:\WINDOWS\WinSxS\amd64_microsoft.windows.common-controls_6595b64144ccf1df_6.0.16299.309_none_15cfd4c4935e6b11\COMCTL32.dll
0x00007ffe02b90000 - 0x00007ffe02b9a000 	C:\WINDOWS\SYSTEM32\VERSION.dll
0x00007ffe0a060000 - 0x00007ffe0a368000 	C:\WINDOWS\System32\combase.dll
0x00007ffe073e0000 - 0x00007ffe07452000 	C:\WINDOWS\System32\bcryptPrimitives.dll
0x00007ffe08980000 - 0x00007ffe089ad000 	C:\WINDOWS\System32\IMM32.DLL
0x00007ffdedc90000 - 0x00007ffdedd7f000 	C:\Program Files\Java\jdk-9.0.4\bin\msvcr120.dll
0x00007ffdeb740000 - 0x00007ffdeb7e6000 	C:\Program Files\Java\jdk-9.0.4\bin\msvcp120.dll
0x00000000585b0000 - 0x0000000058fd5000 	C:\Program Files\Java\jdk-9.0.4\bin\server\jvm.dll
0x00007ffe0a7e0000 - 0x00007ffe0a7e8000 	C:\WINDOWS\System32\PSAPI.DLL
0x00007ffdfb8e0000 - 0x00007ffdfb8e9000 	C:\WINDOWS\SYSTEM32\WSOCK32.dll
0x00007ffe0a490000 - 0x00007ffe0a4fc000 	C:\WINDOWS\System32\WS2_32.dll
0x00007ffe05760000 - 0x00007ffe05783000 	C:\WINDOWS\SYSTEM32\WINMM.dll
0x00007ffe05730000 - 0x00007ffe0575a000 	C:\WINDOWS\SYSTEM32\winmmbase.dll
0x00007ffe07600000 - 0x00007ffe0764a000 	C:\WINDOWS\System32\cfgmgr32.dll
0x00007ffe020b0000 - 0x00007ffe020bf000 	C:\Program Files\Java\jdk-9.0.4\bin\verify.dll
0x00007ffdee6f0000 - 0x00007ffdee717000 	C:\Program Files\Java\jdk-9.0.4\bin\java.dll
0x00007ffde1d80000 - 0x00007ffde1daa000 	C:\Program Files\Java\jdk-9.0.4\bin\instrument.dll
0x00007ffdf4ee0000 - 0x00007ffdf4ef6000 	C:\Program Files\Java\jdk-9.0.4\bin\zip.dll
0x00007ffe02060000 - 0x00007ffe0206a000 	C:\Program Files\Java\jdk-9.0.4\bin\jimage.dll
0x00007ffe089b0000 - 0x00007ffe09de6000 	C:\WINDOWS\System32\SHELL32.dll
0x00007ffe09fb0000 - 0x00007ffe0a056000 	C:\WINDOWS\System32\shcore.dll
0x00007ffe07650000 - 0x00007ffe07d97000 	C:\WINDOWS\System32\windows.storage.dll
0x00007ffe08580000 - 0x00007ffe085d1000 	C:\WINDOWS\System32\shlwapi.dll
0x00007ffe073a0000 - 0x00007ffe073b1000 	C:\WINDOWS\System32\kernel.appcore.dll
0x00007ffe07350000 - 0x00007ffe0739c000 	C:\WINDOWS\System32\powrprof.dll
0x00007ffe07330000 - 0x00007ffe0734b000 	C:\WINDOWS\System32\profapi.dll
0x00007ffdf3280000 - 0x00007ffdf329a000 	C:\Program Files\Java\jdk-9.0.4\bin\net.dll
0x00007ffe00f30000 - 0x00007ffe0100e000 	C:\WINDOWS\SYSTEM32\WINHTTP.dll
0x00007ffe06bc0000 - 0x00007ffe06c26000 	C:\WINDOWS\system32\mswsock.dll
0x00007ffdf1020000 - 0x00007ffdf1031000 	C:\Program Files\Java\jdk-9.0.4\bin\nio.dll
0x00007ffde1d60000 - 0x00007ffde1d7a000 	D:\IntelliJ IDEA 2017.3.3\bin\breakgen64.dll
0x000001c072080000 - 0x000001c072083000 	C:\Program Files\Java\jdk-9.0.4\bin\api-ms-win-core-console-l1-1-0.dll
0x000001c072090000 - 0x000001c072093000 	C:\Program Files\Java\jdk-9.0.4\bin\api-ms-win-core-datetime-l1-1-0.dll
0x000001c0720a0000 - 0x000001c0720a3000 	C:\Program Files\Java\jdk-9.0.4\bin\api-ms-win-core-debug-l1-1-0.dll
0x000001c0720b0000 - 0x000001c0720b3000 	C:\Program Files\Java\jdk-9.0.4\bin\api-ms-win-core-errorhandling-l1-1-0.dll
0x000001c0720c0000 - 0x000001c0720c4000 	C:\Program Files\Java\jdk-9.0.4\bin\api-ms-win-core-file-l1-1-0.dll
0x000001c0720d0000 - 0x000001c0720d3000 	C:\Program Files\Java\jdk-9.0.4\bin\api-ms-win-core-file-l1-2-0.dll
0x000001c07fcc0000 - 0x000001c07fcc3000 	C:\Program Files\Java\jdk-9.0.4\bin\api-ms-win-core-file-l2-1-0.dll
0x000001c07fcd0000 - 0x000001c07fcd3000 	C:\Program Files\Java\jdk-9.0.4\bin\api-ms-win-core-handle-l1-1-0.dll
0x000001c07fce0000 - 0x000001c07fce3000 	C:\Program Files\Java\jdk-9.0.4\bin\api-ms-win-core-heap-l1-1-0.dll
0x000001c07fcf0000 - 0x000001c07fcf3000 	C:\Program Files\Java\jdk-9.0.4\bin\api-ms-win-core-interlocked-l1-1-0.dll
0x000001c07fd00000 - 0x000001c07fd03000 	C:\Program Files\Java\jdk-9.0.4\bin\api-ms-win-core-libraryloader-l1-1-0.dll
0x000001c07fd10000 - 0x000001c07fd13000 	C:\Program Files\Java\jdk-9.0.4\bin\api-ms-win-core-localization-l1-2-0.dll
0x000001c07fd20000 - 0x000001c07fd23000 	C:\Program Files\Java\jdk-9.0.4\bin\api-ms-win-core-memory-l1-1-0.dll
0x000001c07fd30000 - 0x000001c07fd33000 	C:\Program Files\Java\jdk-9.0.4\bin\api-ms-win-core-namedpipe-l1-1-0.dll
0x000001c07fd40000 - 0x000001c07fd43000 	C:\Program Files\Java\jdk-9.0.4\bin\api-ms-win-core-processenvironment-l1-1-0.dll
0x000001c07fd50000 - 0x000001c07fd53000 	C:\Program Files\Java\jdk-9.0.4\bin\api-ms-win-core-processthreads-l1-1-0.dll
0x000001c07fd60000 - 0x000001c07fd63000 	C:\Program Files\Java\jdk-9.0.4\bin\api-ms-win-core-processthreads-l1-1-1.dll
0x000001c07fd70000 - 0x000001c07fd73000 	C:\Program Files\Java\jdk-9.0.4\bin\api-ms-win-core-profile-l1-1-0.dll
0x000001c07fd80000 - 0x000001c07fd83000 	C:\Program Files\Java\jdk-9.0.4\bin\api-ms-win-core-rtlsupport-l1-1-0.dll
0x000001c07fd90000 - 0x000001c07fd93000 	C:\Program Files\Java\jdk-9.0.4\bin\api-ms-win-core-string-l1-1-0.dll
0x000001c07fda0000 - 0x000001c07fda3000 	C:\Program Files\Java\jdk-9.0.4\bin\api-ms-win-core-synch-l1-1-0.dll
0x000001c07fdb0000 - 0x000001c07fdb3000 	C:\Program Files\Java\jdk-9.0.4\bin\api-ms-win-core-synch-l1-2-0.dll
0x000001c07fdc0000 - 0x000001c07fdc3000 	C:\Program Files\Java\jdk-9.0.4\bin\api-ms-win-core-sysinfo-l1-1-0.dll
0x000001c07fdd0000 - 0x000001c07fdd3000 	C:\Program Files\Java\jdk-9.0.4\bin\api-ms-win-core-timezone-l1-1-0.dll
0x000001c07fde0000 - 0x000001c07fde3000 	C:\Program Files\Java\jdk-9.0.4\bin\api-ms-win-core-util-l1-1-0.dll
0x000001c07fdf0000 - 0x000001c07fdf3000 	C:\Program Files\Java\jdk-9.0.4\bin\api-ms-win-crt-conio-l1-1-0.dll
0x000001c07fe00000 - 0x000001c07fe04000 	C:\Program Files\Java\jdk-9.0.4\bin\api-ms-win-crt-convert-l1-1-0.dll
0x000001c07fe10000 - 0x000001c07fe13000 	C:\Program Files\Java\jdk-9.0.4\bin\api-ms-win-crt-environment-l1-1-0.dll
0x000001c07fe20000 - 0x000001c07fe23000 	C:\Program Files\Java\jdk-9.0.4\bin\api-ms-win-crt-filesystem-l1-1-0.dll
0x000001c07fe30000 - 0x000001c07fe33000 	C:\Program Files\Java\jdk-9.0.4\bin\api-ms-win-crt-heap-l1-1-0.dll
0x000001c07fe40000 - 0x000001c07fe43000 	C:\Program Files\Java\jdk-9.0.4\bin\api-ms-win-crt-locale-l1-1-0.dll
0x000001c07fe50000 - 0x000001c07fe55000 	C:\Program Files\Java\jdk-9.0.4\bin\api-ms-win-crt-math-l1-1-0.dll
0x000001c07fe60000 - 0x000001c07fe65000 	C:\Program Files\Java\jdk-9.0.4\bin\api-ms-win-crt-multibyte-l1-1-0.dll
0x000001c07fe70000 - 0x000001c07fe80000 	C:\Program Files\Java\jdk-9.0.4\bin\api-ms-win-crt-private-l1-1-0.dll
0x000001c07fe80000 - 0x000001c07fe83000 	C:\Program Files\Java\jdk-9.0.4\bin\api-ms-win-crt-process-l1-1-0.dll
0x000001c07fe90000 - 0x000001c07fe94000 	C:\Program Files\Java\jdk-9.0.4\bin\api-ms-win-crt-runtime-l1-1-0.dll
0x000001c07fea0000 - 0x000001c07fea4000 	C:\Program Files\Java\jdk-9.0.4\bin\api-ms-win-crt-stdio-l1-1-0.dll
0x000001c07feb0000 - 0x000001c07feb4000 	C:\Program Files\Java\jdk-9.0.4\bin\api-ms-win-crt-string-l1-1-0.dll
0x000001c07fec0000 - 0x000001c07fec3000 	C:\Program Files\Java\jdk-9.0.4\bin\api-ms-win-crt-time-l1-1-0.dll
0x000001c07fed0000 - 0x000001c07fed3000 	C:\Program Files\Java\jdk-9.0.4\bin\api-ms-win-crt-utility-l1-1-0.dll
0x00007ffdd71d0000 - 0x00007ffdd72c6000 	C:\Program Files\Java\jdk-9.0.4\bin\ucrtbase.dll
0x00007ffde1d40000 - 0x00007ffde1d56000 	C:\Program Files\Java\jdk-9.0.4\bin\vcruntime140.dll
0x00007ffdc90f0000 - 0x00007ffdc918c000 	C:\Program Files\Java\jdk-9.0.4\bin\msvcp140.dll
0x00007ffdddc80000 - 0x00007ffdddcd1000 	C:\Program Files\Java\jdk-9.0.4\bin\concrt140.dll
0x00007ffde12c0000 - 0x00007ffde12e3000 	C:\Program Files\Java\jdk-9.0.4\bin\prism_d3d.dll
0x00007ffdfd3c0000 - 0x00007ffdfd555000 	C:\WINDOWS\system32\d3d9.dll
0x00007ffe05bd0000 - 0x00007ffe05bfa000 	C:\WINDOWS\SYSTEM32\dwmapi.dll
0x00007ffe05b00000 - 0x00007ffe05b95000 	C:\WINDOWS\system32\uxtheme.dll
0x00007ffe00600000 - 0x00007ffe006eb000 	C:\WINDOWS\System32\DriverStore\FileRepository\nv_dispi.inf_amd64_5601d21ccd639df9\nvldumdx.dll
0x00007ffe081c0000 - 0x00007ffe0838e000 	C:\WINDOWS\System32\crypt32.dll
0x00007ffe073c0000 - 0x00007ffe073d2000 	C:\WINDOWS\System32\MSASN1.dll
0x00007ffe080c0000 - 0x00007ffe08118000 	C:\WINDOWS\System32\WINTRUST.DLL
0x00007ffe0a7c0000 - 0x00007ffe0a7dd000 	C:\WINDOWS\System32\imagehlp.dll
0x00007ffe06d80000 - 0x00007ffe06d97000 	C:\WINDOWS\SYSTEM32\CRYPTSP.dll
0x00007ffe067c0000 - 0x00007ffe067f3000 	C:\WINDOWS\system32\rsaenh.dll
0x00007ffe06e90000 - 0x00007ffe06eb5000 	C:\WINDOWS\SYSTEM32\bcrypt.dll
0x00007ffe06da0000 - 0x00007ffe06dab000 	C:\WINDOWS\SYSTEM32\CRYPTBASE.dll
0x00007ffdd5e40000 - 0x00007ffdd704a000 	C:\WINDOWS\System32\DriverStore\FileRepository\nv_dispi.inf_amd64_5601d21ccd639df9\nvd3dumx.dll
0x00007ffdddce0000 - 0x00007ffdddf46000 	C:\WINDOWS\system32\nvspcap64.dll
0x00007ffe0a670000 - 0x00007ffe0a7b9000 	C:\WINDOWS\System32\ole32.dll
0x00007ffe084b0000 - 0x00007ffe08575000 	C:\WINDOWS\System32\OLEAUT32.dll
0x00007ffe06460000 - 0x00007ffe06491000 	C:\WINDOWS\SYSTEM32\ntmarta.dll
0x00007ffdde460000 - 0x00007ffdde4aa000 	C:\Program Files\Java\jdk-9.0.4\bin\glass.dll
0x00007ffe09ea0000 - 0x00007ffe09faa000 	C:\WINDOWS\System32\COMDLG32.dll
0x00007ffe0a500000 - 0x00007ffe0a667000 	C:\WINDOWS\System32\MSCTF.dll
0x00007ffdfcf00000 - 0x00007ffdfcfeb000 	C:\Program Files (x86)\NVIDIA Corporation\3D Vision\nvSCPAPI64.dll
0x00007ffe0aaa0000 - 0x00007ffe0aeee000 	C:\WINDOWS\System32\SETUPAPI.dll
0x00007ffe06990000 - 0x00007ffe06a46000 	C:\WINDOWS\SYSTEM32\DNSAPI.dll
0x00007ffe0aef0000 - 0x00007ffe0aef8000 	C:\WINDOWS\System32\NSI.dll
0x00007ffe06950000 - 0x00007ffe06989000 	C:\WINDOWS\SYSTEM32\IPHLPAPI.DLL
0x000000005ef80000 - 0x000000005efa6000 	C:\Program Files\Bonjour\mdnsNSP.dll
0x00007ffdfd6a0000 - 0x00007ffdfd6aa000 	C:\Windows\System32\rasadhlp.dll
0x00007ffdfd790000 - 0x00007ffdfd800000 	C:\WINDOWS\System32\fwpuclnt.dll
0x00007ffddff70000 - 0x00007ffddff84000 	C:\Program Files\Java\jdk-9.0.4\bin\javafx_font.dll
0x00007ffdc2050000 - 0x00007ffdc21e9000 	C:\Program Files\Java\jdk-9.0.4\bin\awt.dll
0x00007ffe04b10000 - 0x00007ffe050c8000 	C:\WINDOWS\SYSTEM32\d2d1.dll
0x00007ffe05660000 - 0x00007ffe056e8000 	C:\WINDOWS\SYSTEM32\apphelp.dll
0x00007ffdc8730000 - 0x00007ffdc87cd000 	C:\Program Files\Java\jdk-9.0.4\bin\fontmanager.dll
0x00007ffded970000 - 0x00007ffdedc7f000 	C:\WINDOWS\SYSTEM32\dwrite.dll
0x00007ffe0af00000 - 0x00007ffe0af9e000 	C:\WINDOWS\System32\clbcatq.dll
0x00007ffe03480000 - 0x00007ffe0362b000 	C:\WINDOWS\SYSTEM32\WindowsCodecs.dll
0x00007ffdf13b0000 - 0x00007ffdf13ff000 	C:\WINDOWS\system32\dataexchange.dll
0x00007ffe04740000 - 0x00007ffe04a22000 	C:\WINDOWS\system32\d3d11.dll

VM Arguments:
jvm_args: -javaagent:D:\IntelliJ IDEA 2017.3.3\lib\idea_rt.jar=53602:D:\IntelliJ IDEA 2017.3.3\bin -Dfile.encoding=UTF-8 
java_command: sample.Main
java_class_path (initial): C:\Users\Luke\IdeaProjects\EducationalTool\out\production\EducationalTool;D:\mysql-connector-java-5.1.46\mysql-connector-java-5.1.46.jar;C:\Users\Luke\Documents\mfz-rxtx-2.2-20081207-win-x64\RXTXcomm.jar;D:\Downloads\JArduino-0.1.7\JArduino-0.1.7\jarduino.samples\lib\jmf.jar;D:\Downloads\JArduino-0.1.7\JArduino-0.1.7\jarduino.samples\lib\jstun.jar;D:\Downloads\JArduino-0.1.7\JArduino-0.1.7\jarduino.samples\lib\jcommon-1.0.15.jar;D:\Downloads\JArduino-0.1.7\JArduino-0.1.7\jarduino.samples\lib\jcommon-1.0.16.jar;D:\Downloads\JArduino-0.1.7\JArduino-0.1.7\jarduino.samples\lib\jfreechart-1.0.13.jar;D:\Downloads\JArduino-0.1.7\JArduino-0.1.7\jarduino.samples\lib\voiceclearly-1.0.0.jar;D:\Downloads\JArduino-0.1.7\JArduino-0.1.7\jarduino.samples\lib\twitter4j-core-2.2.2.jar;D:\Downloads\JArduino-0.1.7\JArduino-0.1.7\jarduino.samples\lib\org.kevoree.extra.osgi.rxtx-2.2.0.jar;D:\Downloads\JArduino-0.1.7\JArduino-0.1.7\jarduino.samples\lib\org.sintef.jarduino.gui-0.1.7-SNAPSHOT.jar;D:\Downloads\JArduino-0.1.7\JArduino-0.1.7\jarduino.samples\lib\org.sintef.jarduino.core-0.1.7-SNAPSHOT.jar
Launcher Type: SUN_STANDARD

Logging:
Log output configuration:
#0: stdout all=warning uptime,level,tags
#1: stderr all=off uptime,level,tags

Environment Variables:
JAVA_HOME=C:\Program Files (x86)\Java\jdk1.8.0_161
PATH=C:\Program Files (x86)\Common Files\Intel\Shared Libraries\redist\ia32\compiler;C:\Program Files (x86)\Common Files\Intel\Shared Libraries\redist\intel64\compiler;C:\ProgramData\Oracle\Java\javapath;C:\WINDOWS\system32;C:\WINDOWS;C:\WINDOWS\System32\Wbem;C:\WINDOWS\System32\WindowsPowerShell\v1.0\;C:\Program Files (x86)\Windows Live\Shared;C:\Program Files\PuTTY\;C:\Program Files\Git\cmd;C:\Program Files (x86)\NVIDIA Corporation\PhysX\Common;C:\RailsInstaller\Git\cmd;C:\RailsInstaller\Ruby2.3.3\bin;C:\Users\Luke\AppData\Local\Microsoft\WindowsApps;
USERNAME=Luke
OS=Windows_NT
PROCESSOR_IDENTIFIER=Intel64 Family 6 Model 94 Stepping 3, GenuineIntel



---------------  S Y S T E M  ---------------

OS: Windows 10 , 64 bit Build 16299 (10.0.16299.15)

CPU:total 4 (initial active 4) (4 cores per cpu, 1 threads per core) family 6 model 94 stepping 3, cmov, cx8, fxsr, mmx, sse, sse2, sse3, ssse3, sse4.1, sse4.2, popcnt, avx, avx2, aes, clmul, erms, rtm, 3dnowpref, lzcnt, tsc, tscinvbit, bmi1, bmi2, adx, fma

Memory: 4k page, physical 8320752k(3031040k free), swap 10752608k(1935564k free)

vm_info: Java HotSpot(TM) 64-Bit Server VM (9.0.4+11) for windows-amd64 JRE (9.0.4+11), built on Dec 20 2017 02:18:54 by "mach5one" with MS VC++ 12.0 (VS2013)

END.
