#
# A fatal error has been detected by the Java Runtime Environment:
#
#  EXCEPTION_ACCESS_VIOLATION (0xc0000005) at pc=0x0000000180005b00, pid=7644, tid=1284
#
# JRE version: Java(TM) SE Runtime Environment (9.0+11) (build 9.0.4+11)
# Java VM: Java HotSpot(TM) 64-Bit Server VM (9.0.4+11, mixed mode, tiered, compressed oops, g1 gc, windows-amd64)
# Problematic frame:
# C  0x0000000180005b00
#
# No core dump will be written. Minidumps are not enabled by default on client versions of Windows
#
# If you would like to submit a bug report, please visit:
#   http://bugreport.java.com/bugreport/crash.jsp
# The crash happened outside the Java Virtual Machine in native code.
# See problematic frame for where to report the bug.
#

---------------  S U M M A R Y ------------

Command Line: -javaagent:D:\IntelliJ IDEA 2017.3.3\lib\idea_rt.jar=56675:D:\IntelliJ IDEA 2017.3.3\bin -Dfile.encoding=UTF-8 sample.Main

Host: Intel(R) Core(TM) i5-6500 CPU @ 3.20GHz, 4 cores, 7G,  Windows 10 , 64 bit Build 16299 (10.0.16299.15)
Time: Fri Mar 30 18:26:23 2018 GMT Summer Time elapsed time: 9 seconds (0d 0h 0m 9s)

---------------  T H R E A D  ---------------

Current thread (0x000001c21dc63000):  JavaThread "Thread-3" [_thread_in_native, id=1284, stack(0x0000006785b00000,0x0000006785c00000)]

Stack: [0x0000006785b00000,0x0000006785c00000],  sp=0x0000006785bfe180,  free space=1016k
Native frames: (J=compiled Java code, j=interpreted, Vv=VM code, C=native code)
C  0x0000000180005b00
C  0x0000000180005f3f
C  0x000001c20001921c

Java frames: (J=compiled Java code, j=interpreted, Vv=VM code)
j  gnu.io.RXTXPort.readByte()I+0
j  gnu.io.RXTXPort$SerialInputStream.read()I+81
j  org.sintef.jarduino.comm.Serial4JArduino$SerialReader.serialEvent(Lgnu/io/SerialPortEvent;)V+7
j  gnu.io.RXTXPort.sendEvent(IZ)Z+382
v  ~StubRoutines::call_stub
j  gnu.io.RXTXPort.eventLoop()V+0
j  gnu.io.RXTXPort$MonitorThread.run()V+12
v  ~StubRoutines::call_stub

siginfo: EXCEPTION_ACCESS_VIOLATION (0xc0000005), reading address 0xffffffff85bfeb68


Register to memory mapping:

RIP=0x0000000180005b00 is an unknown value
RAX=0x0000000000000001 is an unknown value
RBX=0x0000000000000000 is an unknown value
RCX=0x000000018001d4d5 is an unknown value
RDX=0xfffffffffffff665 is an unknown value
RSP=0x0000006785bfe180 is pointing into the stack for thread: 0x000001c21dc63000
RBP=
[error occurred during error reporting (printing register info), id 0xc0000005]

Registers:
RAX=0x0000000000000001, RBX=0x0000000000000000, RCX=0x000000018001d4d5, RDX=0xfffffffffffff665
RSP=0x0000006785bfe180, RBP=0x00000000ffffffff, RSI=0x0000000000000000, RDI=0x000001c21dc63218
R8 =0x0000000000000002, R9 =0xfffffffffffff63c, R10=0x000000000000003c, R11=0x8101010101010100
R12=0xffffffff85bfeb60, R13=0x0000000000000001, R14=0x0000006785bfe328, R15=0x0000000000000000
RIP=0x0000000180005b00, EFLAGS=0x0000000000010202

Top of Stack: (sp=0x0000006785bfe180)
0x0000006785bfe180:   0000000000000000 0000000000000000
0x0000006785bfe190:   0000006785bfe328 0000000000000000
0x0000006785bfe1a0:   000001c21dc63000 0000006785bfe328
0x0000006785bfe1b0:   000001c221100b28 0000006785bfe328
0x0000006785bfe1c0:   ffffffffffffffff 0000000000000001
0x0000006785bfe1d0:   000001c21d2dd300 0000000180005f3f
0x0000006785bfe1e0:   000001c21dc63218 000001c21dc63218
0x0000006785bfe1f0:   000001c200000001 0000006785bfe210
0x0000006785bfe200:   000001c200000001 000001c2ffffffff
0x0000006785bfe210:   000001c21c781030 0000006785bfe328
0x0000006785bfe220:   0000006785bfe798 000001c200000000
0x0000006785bfe230:   000001c221100b30 000001c21dc63000
0x0000006785bfe240:   000001c221100b30 000001c21dc63000
0x0000006785bfe250:   0000000000000148 000001c200019074
0x0000006785bfe260:   0000c8e3efccf398 000001c21dc63000
0x0000006785bfe270:   0000000000000000 0000000000000148 

Instructions: (pc=0x0000000180005b00)
0x0000000180005ae0:   15 23 7a 01 00 48 8d 48 60 e8 3a 5d 00 00 4c 8b
0x0000000180005af0:   e5 8b ac 24 88 00 00 00 44 8b ac 24 80 00 00 00
0x0000000180005b00:   45 8b 74 24 08 41 89 5c 24 08 41 8b fd 85 ed 78
0x0000000180005b10:   09 ff 15 e9 14 01 00 44 8b f8 45 85 ed 7e 4a 90 



---------------  P R O C E S S  ---------------

Java Threads: ( => current thread )
=>0x000001c21dc63000 JavaThread "Thread-3" [_thread_in_native, id=1284, stack(0x0000006785b00000,0x0000006785c00000)]
  0x000001c21bb71000 JavaThread "Prism Font Disposer" daemon [_thread_blocked, id=14856, stack(0x0000006785600000,0x0000006785700000)]
  0x000001c21c02c800 JavaThread "Java2D Disposer" daemon [_thread_blocked, id=5992, stack(0x0000006785500000,0x0000006785600000)]
  0x000001c216b7d800 JavaThread "Thread-2" daemon [_thread_in_native, id=8432, stack(0x0000006785100000,0x0000006785200000)]
  0x000001c216b54000 JavaThread "Abandoned connection cleanup thread" daemon [_thread_blocked, id=13880, stack(0x0000006785300000,0x0000006785400000)]
  0x000001c216675800 JavaThread "JavaFX-Launcher" [_thread_blocked, id=8088, stack(0x0000006785200000,0x0000006785300000)]
  0x000001c21683b800 JavaThread "JavaFX Application Thread" [_thread_blocked, id=12124, stack(0x0000006785000000,0x0000006785100000)]
  0x000001c216838800 JavaThread "InvokeLaterDispatcher" daemon [_thread_blocked, id=9732, stack(0x0000006784f00000,0x0000006785000000)]
  0x000001c2167b9000 JavaThread "QuantumRenderer-0" daemon [_thread_blocked, id=14956, stack(0x0000006784c00000,0x0000006784d00000)]
  0x000001c2165e2800 JavaThread "Service Thread" daemon [_thread_blocked, id=12960, stack(0x0000006784a00000,0x0000006784b00000)]
  0x000001c216707000 JavaThread "Monitor Ctrl-Break" daemon [_thread_in_native, id=14320, stack(0x0000006784900000,0x0000006784a00000)]
  0x000001c2161dc800 JavaThread "Common-Cleaner" daemon [_thread_blocked, id=15292, stack(0x0000006784800000,0x0000006784900000)]
  0x000001c21614e800 JavaThread "Sweeper thread" daemon [_thread_blocked, id=6188, stack(0x0000006784700000,0x0000006784800000)]
  0x000001c216144000 JavaThread "C1 CompilerThread2" daemon [_thread_blocked, id=1084, stack(0x0000006784600000,0x0000006784700000)]
  0x000001c21613c000 JavaThread "C2 CompilerThread1" daemon [_thread_blocked, id=12996, stack(0x0000006784500000,0x0000006784600000)]
  0x000001c27fff9000 JavaThread "C2 CompilerThread0" daemon [_thread_blocked, id=9368, stack(0x0000006784400000,0x0000006784500000)]
  0x000001c21612f800 JavaThread "Attach Listener" daemon [_thread_blocked, id=1580, stack(0x0000006784300000,0x0000006784400000)]
  0x000001c21612e800 JavaThread "Signal Dispatcher" daemon [_thread_blocked, id=8320, stack(0x0000006784200000,0x0000006784300000)]
  0x000001c2160e5000 JavaThread "Finalizer" daemon [_thread_blocked, id=9656, stack(0x0000006784100000,0x0000006784200000)]
  0x000001c2160dc000 JavaThread "Reference Handler" daemon [_thread_blocked, id=13532, stack(0x0000006784000000,0x0000006784100000)]
  0x000001c272c64000 JavaThread "main" [_thread_blocked, id=5328, stack(0x0000006783300000,0x0000006783400000)]

Other Threads:
  0x000001c2160d7000 VMThread "VM Thread" [stack: 0x0000006783f00000,0x0000006784000000] [id=11684]
  0x000001c2165e6800 WatcherThread [stack: 0x0000006784b00000,0x0000006784c00000] [id=8288]
  0x000001c272c79000 GCTaskThread "GC Thread#0" [stack: 0x0000006783400000,0x0000006783500000] [id=7976]
  0x000001c272c7a800 GCTaskThread "GC Thread#1" [stack: 0x0000006783500000,0x0000006783600000] [id=11812]
  0x000001c272c7c800 GCTaskThread "GC Thread#2" [stack: 0x0000006783600000,0x0000006783700000] [id=2652]
  0x000001c272c7e000 GCTaskThread "GC Thread#3" [stack: 0x0000006783700000,0x0000006783800000] [id=9104]
  0x000001c272d0c800 ConcurrentGCThread "G1 Main Marker" [stack: 0x0000006783d00000,0x0000006783e00000] [id=13016]
  0x000001c272d10800 ConcurrentGCThread "G1 Marker#0" [stack: 0x0000006783e00000,0x0000006783f00000] [id=5776]
  0x000001c272c98000 ConcurrentGCThread "G1 Refine#0" [stack: 0x0000006783b00000,0x0000006783c00000] [id=1352]
  0x000001c272c97800 ConcurrentGCThread "G1 Refine#1" [stack: 0x0000006783a00000,0x0000006783b00000] [id=1520]
  0x000001c272c91800 ConcurrentGCThread "G1 Refine#2" [stack: 0x0000006783900000,0x0000006783a00000] [id=11188]
  0x000001c272c87800 ConcurrentGCThread "G1 Refine#3" [stack: 0x0000006783800000,0x0000006783900000] [id=1416]
  0x000001c272c9d800 ConcurrentGCThread "G1 Young RemSet Sampling" [stack: 0x0000006783c00000,0x0000006783d00000] [id=11660]

Threads with active compile tasks:

VM state:not at safepoint (normal execution)

VM Mutex/Monitor currently owned by a thread: None

Heap address: 0x0000000081000000, size: 2032 MB, Compressed Oops mode: 32-bit
Narrow klass base: 0x0000000000000000, Narrow klass shift: 3
Compressed class space size: 1073741824 Address: 0x0000000100000000

Heap:
 garbage-first heap   total 131072K, used 27893K [0x0000000081000000, 0x0000000081100400, 0x0000000100000000)
  region size 1024K, 21 young (21504K), 4 survivors (4096K)
 Metaspace       used 25547K, capacity 27228K, committed 27520K, reserved 1073152K
  class space    used 3038K, capacity 3368K, committed 3456K, reserved 1048576K
Heap Regions: E=young(eden), S=young(survivor), O=old, HS=humongous(starts), HC=humongous(continues), CS=collection set, F=free, A=archive, TS=gc time stamp, AC=allocation context, TAMS=top-at-mark-start (previous, next)
|   0|0x0000000081000000, 0x0000000081100000, 0x0000000081100000|100%| O|  |TS  0|AC  0|TAMS 0x0000000081100000, 0x0000000081100000|
|   1|0x0000000081100000, 0x0000000081200000, 0x0000000081200000|100%| O|  |TS  0|AC  0|TAMS 0x0000000081200000, 0x0000000081200000|
|   2|0x0000000081200000, 0x0000000081300000, 0x0000000081300000|100%| O|  |TS  0|AC  0|TAMS 0x0000000081300000, 0x0000000081300000|
|   3|0x0000000081300000, 0x0000000081400000, 0x0000000081400000|100%| O|  |TS  0|AC  0|TAMS 0x0000000081400000, 0x0000000081400000|
|   4|0x0000000081400000, 0x0000000081500000, 0x0000000081500000|100%| O|  |TS  0|AC  0|TAMS 0x0000000081500000, 0x0000000081500000|
|   5|0x0000000081500000, 0x000000008153d400, 0x0000000081600000| 23%| O|  |TS  0|AC  0|TAMS 0x000000008153d400, 0x000000008153d400|
|   6|0x0000000081600000, 0x0000000081700000, 0x0000000081700000|100%|HS|  |TS  0|AC  0|TAMS 0x0000000081600000, 0x0000000081600000|
|   7|0x0000000081700000, 0x0000000081800000, 0x0000000081800000|100%|HC|  |TS  0|AC  0|TAMS 0x0000000081700000, 0x0000000081700000|
|   8|0x0000000081800000, 0x0000000081800000, 0x0000000081900000|  0%| F|  |TS  0|AC  0|TAMS 0x0000000081800000, 0x0000000081800000|
|   9|0x0000000081900000, 0x0000000081900000, 0x0000000081a00000|  0%| F|  |TS  0|AC  0|TAMS 0x0000000081900000, 0x0000000081900000|
|  10|0x0000000081a00000, 0x0000000081a00000, 0x0000000081b00000|  0%| F|  |TS  0|AC  0|TAMS 0x0000000081a00000, 0x0000000081a00000|
|  11|0x0000000081b00000, 0x0000000081b00000, 0x0000000081c00000|  0%| F|  |TS  0|AC  0|TAMS 0x0000000081b00000, 0x0000000081b00000|
|  12|0x0000000081c00000, 0x0000000081c00000, 0x0000000081d00000|  0%| F|  |TS  0|AC  0|TAMS 0x0000000081c00000, 0x0000000081c00000|
|  13|0x0000000081d00000, 0x0000000081d00000, 0x0000000081e00000|  0%| F|  |TS  0|AC  0|TAMS 0x0000000081d00000, 0x0000000081d00000|
|  14|0x0000000081e00000, 0x0000000081e00000, 0x0000000081f00000|  0%| F|  |TS  0|AC  0|TAMS 0x0000000081e00000, 0x0000000081e00000|
|  15|0x0000000081f00000, 0x0000000081f00000, 0x0000000082000000|  0%| F|  |TS  0|AC  0|TAMS 0x0000000081f00000, 0x0000000081f00000|
|  16|0x0000000082000000, 0x0000000082000000, 0x0000000082100000|  0%| F|  |TS  0|AC  0|TAMS 0x0000000082000000, 0x0000000082000000|
|  17|0x0000000082100000, 0x0000000082100000, 0x0000000082200000|  0%| F|  |TS  0|AC  0|TAMS 0x0000000082100000, 0x0000000082100000|
|  18|0x0000000082200000, 0x0000000082200000, 0x0000000082300000|  0%| F|  |TS  0|AC  0|TAMS 0x0000000082200000, 0x0000000082200000|
|  19|0x0000000082300000, 0x0000000082300000, 0x0000000082400000|  0%| F|  |TS  0|AC  0|TAMS 0x0000000082300000, 0x0000000082300000|
|  20|0x0000000082400000, 0x0000000082400000, 0x0000000082500000|  0%| F|  |TS  0|AC  0|TAMS 0x0000000082400000, 0x0000000082400000|
|  21|0x0000000082500000, 0x0000000082500000, 0x0000000082600000|  0%| F|  |TS  0|AC  0|TAMS 0x0000000082500000, 0x0000000082500000|
|  22|0x0000000082600000, 0x0000000082600000, 0x0000000082700000|  0%| F|  |TS  0|AC  0|TAMS 0x0000000082600000, 0x0000000082600000|
|  23|0x0000000082700000, 0x0000000082700000, 0x0000000082800000|  0%| F|  |TS  0|AC  0|TAMS 0x0000000082700000, 0x0000000082700000|
|  24|0x0000000082800000, 0x0000000082800000, 0x0000000082900000|  0%| F|  |TS  0|AC  0|TAMS 0x0000000082800000, 0x0000000082800000|
|  25|0x0000000082900000, 0x0000000082900000, 0x0000000082a00000|  0%| F|  |TS  0|AC  0|TAMS 0x0000000082900000, 0x0000000082900000|
|  26|0x0000000082a00000, 0x0000000082a00000, 0x0000000082b00000|  0%| F|  |TS  0|AC  0|TAMS 0x0000000082a00000, 0x0000000082a00000|
|  27|0x0000000082b00000, 0x0000000082b00000, 0x0000000082c00000|  0%| F|  |TS  0|AC  0|TAMS 0x0000000082b00000, 0x0000000082b00000|
|  28|0x0000000082c00000, 0x0000000082c00000, 0x0000000082d00000|  0%| F|  |TS  0|AC  0|TAMS 0x0000000082c00000, 0x0000000082c00000|
|  29|0x0000000082d00000, 0x0000000082d00000, 0x0000000082e00000|  0%| F|  |TS  0|AC  0|TAMS 0x0000000082d00000, 0x0000000082d00000|
|  30|0x0000000082e00000, 0x0000000082e00000, 0x0000000082f00000|  0%| F|  |TS  0|AC  0|TAMS 0x0000000082e00000, 0x0000000082e00000|
|  31|0x0000000082f00000, 0x0000000082f00000, 0x0000000083000000|  0%| F|  |TS  0|AC  0|TAMS 0x0000000082f00000, 0x0000000082f00000|
|  32|0x0000000083000000, 0x0000000083000000, 0x0000000083100000|  0%| F|  |TS  0|AC  0|TAMS 0x0000000083000000, 0x0000000083000000|
|  33|0x0000000083100000, 0x0000000083100000, 0x0000000083200000|  0%| F|  |TS  0|AC  0|TAMS 0x0000000083100000, 0x0000000083100000|
|  34|0x0000000083200000, 0x0000000083200000, 0x0000000083300000|  0%| F|  |TS  0|AC  0|TAMS 0x0000000083200000, 0x0000000083200000|
|  35|0x0000000083300000, 0x0000000083300000, 0x0000000083400000|  0%| F|  |TS  0|AC  0|TAMS 0x0000000083300000, 0x0000000083300000|
|  36|0x0000000083400000, 0x0000000083400000, 0x0000000083500000|  0%| F|  |TS  0|AC  0|TAMS 0x0000000083400000, 0x0000000083400000|
|  37|0x0000000083500000, 0x0000000083500000, 0x0000000083600000|  0%| F|  |TS  0|AC  0|TAMS 0x0000000083500000, 0x0000000083500000|
|  38|0x0000000083600000, 0x0000000083600000, 0x0000000083700000|  0%| F|  |TS  0|AC  0|TAMS 0x0000000083600000, 0x0000000083600000|
|  39|0x0000000083700000, 0x0000000083700000, 0x0000000083800000|  0%| F|  |TS  0|AC  0|TAMS 0x0000000083700000, 0x0000000083700000|
|  40|0x0000000083800000, 0x0000000083800000, 0x0000000083900000|  0%| F|  |TS  0|AC  0|TAMS 0x0000000083800000, 0x0000000083800000|
|  41|0x0000000083900000, 0x0000000083900000, 0x0000000083a00000|  0%| F|  |TS  0|AC  0|TAMS 0x0000000083900000, 0x0000000083900000|
|  42|0x0000000083a00000, 0x0000000083a00000, 0x0000000083b00000|  0%| F|  |TS  0|AC  0|TAMS 0x0000000083a00000, 0x0000000083a00000|
|  43|0x0000000083b00000, 0x0000000083b00000, 0x0000000083c00000|  0%| F|  |TS  0|AC  0|TAMS 0x0000000083b00000, 0x0000000083b00000|
|  44|0x0000000083c00000, 0x0000000083c00000, 0x0000000083d00000|  0%| F|  |TS  0|AC  0|TAMS 0x0000000083c00000, 0x0000000083c00000|
|  45|0x0000000083d00000, 0x0000000083d00000, 0x0000000083e00000|  0%| F|  |TS  0|AC  0|TAMS 0x0000000083d00000, 0x0000000083d00000|
|  46|0x0000000083e00000, 0x0000000083e00000, 0x0000000083f00000|  0%| F|  |TS  0|AC  0|TAMS 0x0000000083e00000, 0x0000000083e00000|
|  47|0x0000000083f00000, 0x0000000083f00000, 0x0000000084000000|  0%| F|  |TS  0|AC  0|TAMS 0x0000000083f00000, 0x0000000083f00000|
|  48|0x0000000084000000, 0x0000000084000000, 0x0000000084100000|  0%| F|  |TS  0|AC  0|TAMS 0x0000000084000000, 0x0000000084000000|
|  49|0x0000000084100000, 0x0000000084100000, 0x0000000084200000|  0%| F|  |TS  0|AC  0|TAMS 0x0000000084100000, 0x0000000084100000|
|  50|0x0000000084200000, 0x0000000084200000, 0x0000000084300000|  0%| F|  |TS  0|AC  0|TAMS 0x0000000084200000, 0x0000000084200000|
|  51|0x0000000084300000, 0x0000000084300000, 0x0000000084400000|  0%| F|  |TS  0|AC  0|TAMS 0x0000000084300000, 0x0000000084300000|
|  52|0x0000000084400000, 0x0000000084400000, 0x0000000084500000|  0%| F|  |TS  0|AC  0|TAMS 0x0000000084400000, 0x0000000084400000|
|  53|0x0000000084500000, 0x0000000084500000, 0x0000000084600000|  0%| F|  |TS  0|AC  0|TAMS 0x0000000084500000, 0x0000000084500000|
|  54|0x0000000084600000, 0x0000000084600000, 0x0000000084700000|  0%| F|  |TS  0|AC  0|TAMS 0x0000000084600000, 0x0000000084600000|
|  55|0x0000000084700000, 0x0000000084700000, 0x0000000084800000|  0%| F|  |TS  0|AC  0|TAMS 0x0000000084700000, 0x0000000084700000|
|  56|0x0000000084800000, 0x0000000084800000, 0x0000000084900000|  0%| F|  |TS  0|AC  0|TAMS 0x0000000084800000, 0x0000000084800000|
|  57|0x0000000084900000, 0x0000000084900000, 0x0000000084a00000|  0%| F|  |TS  0|AC  0|TAMS 0x0000000084900000, 0x0000000084900000|
|  58|0x0000000084a00000, 0x0000000084a00000, 0x0000000084b00000|  0%| F|  |TS  0|AC  0|TAMS 0x0000000084a00000, 0x0000000084a00000|
|  59|0x0000000084b00000, 0x0000000084b00000, 0x0000000084c00000|  0%| F|  |TS  0|AC  0|TAMS 0x0000000084b00000, 0x0000000084b00000|
|  60|0x0000000084c00000, 0x0000000084c00000, 0x0000000084d00000|  0%| F|  |TS  0|AC  0|TAMS 0x0000000084c00000, 0x0000000084c00000|
|  61|0x0000000084d00000, 0x0000000084d00000, 0x0000000084e00000|  0%| F|  |TS  0|AC  0|TAMS 0x0000000084d00000, 0x0000000084d00000|
|  62|0x0000000084e00000, 0x0000000084e00000, 0x0000000084f00000|  0%| F|  |TS  0|AC  0|TAMS 0x0000000084e00000, 0x0000000084e00000|
|  63|0x0000000084f00000, 0x0000000084f00000, 0x0000000085000000|  0%| F|  |TS  0|AC  0|TAMS 0x0000000084f00000, 0x0000000084f00000|
|  64|0x0000000085000000, 0x0000000085000000, 0x0000000085100000|  0%| F|  |TS  0|AC  0|TAMS 0x0000000085000000, 0x0000000085000000|
|  65|0x0000000085100000, 0x0000000085100000, 0x0000000085200000|  0%| F|  |TS  0|AC  0|TAMS 0x0000000085100000, 0x0000000085100000|
|  66|0x0000000085200000, 0x0000000085200000, 0x0000000085300000|  0%| F|  |TS  0|AC  0|TAMS 0x0000000085200000, 0x0000000085200000|
|  67|0x0000000085300000, 0x0000000085300000, 0x0000000085400000|  0%| F|  |TS  0|AC  0|TAMS 0x0000000085300000, 0x0000000085300000|
|  68|0x0000000085400000, 0x0000000085400000, 0x0000000085500000|  0%| F|  |TS  0|AC  0|TAMS 0x0000000085400000, 0x0000000085400000|
|  69|0x0000000085500000, 0x0000000085500000, 0x0000000085600000|  0%| F|  |TS  0|AC  0|TAMS 0x0000000085500000, 0x0000000085500000|
|  70|0x0000000085600000, 0x0000000085600000, 0x0000000085700000|  0%| F|  |TS  0|AC  0|TAMS 0x0000000085600000, 0x0000000085600000|
|  71|0x0000000085700000, 0x0000000085700000, 0x0000000085800000|  0%| F|  |TS  0|AC  0|TAMS 0x0000000085700000, 0x0000000085700000|
|  72|0x0000000085800000, 0x0000000085800000, 0x0000000085900000|  0%| F|  |TS  0|AC  0|TAMS 0x0000000085800000, 0x0000000085800000|
|  73|0x0000000085900000, 0x0000000085900000, 0x0000000085a00000|  0%| F|  |TS  0|AC  0|TAMS 0x0000000085900000, 0x0000000085900000|
|  74|0x0000000085a00000, 0x0000000085a00000, 0x0000000085b00000|  0%| F|  |TS  0|AC  0|TAMS 0x0000000085a00000, 0x0000000085a00000|
|  75|0x0000000085b00000, 0x0000000085b00000, 0x0000000085c00000|  0%| F|  |TS  0|AC  0|TAMS 0x0000000085b00000, 0x0000000085b00000|
|  76|0x0000000085c00000, 0x0000000085c00000, 0x0000000085d00000|  0%| F|  |TS  0|AC  0|TAMS 0x0000000085c00000, 0x0000000085c00000|
|  77|0x0000000085d00000, 0x0000000085d00000, 0x0000000085e00000|  0%| F|  |TS  0|AC  0|TAMS 0x0000000085d00000, 0x0000000085d00000|
|  78|0x0000000085e00000, 0x0000000085e00000, 0x0000000085f00000|  0%| F|  |TS  0|AC  0|TAMS 0x0000000085e00000, 0x0000000085e00000|
|  79|0x0000000085f00000, 0x0000000085f00000, 0x0000000086000000|  0%| F|  |TS  0|AC  0|TAMS 0x0000000085f00000, 0x0000000085f00000|
|  80|0x0000000086000000, 0x0000000086000000, 0x0000000086100000|  0%| F|  |TS  0|AC  0|TAMS 0x0000000086000000, 0x0000000086000000|
|  81|0x0000000086100000, 0x0000000086100000, 0x0000000086200000|  0%| F|  |TS  0|AC  0|TAMS 0x0000000086100000, 0x0000000086100000|
|  82|0x0000000086200000, 0x0000000086200000, 0x0000000086300000|  0%| F|  |TS  0|AC  0|TAMS 0x0000000086200000, 0x0000000086200000|
|  83|0x0000000086300000, 0x0000000086300000, 0x0000000086400000|  0%| F|  |TS  0|AC  0|TAMS 0x0000000086300000, 0x0000000086300000|
|  84|0x0000000086400000, 0x0000000086400000, 0x0000000086500000|  0%| F|  |TS  0|AC  0|TAMS 0x0000000086400000, 0x0000000086400000|
|  85|0x0000000086500000, 0x0000000086500000, 0x0000000086600000|  0%| F|  |TS  0|AC  0|TAMS 0x0000000086500000, 0x0000000086500000|
|  86|0x0000000086600000, 0x0000000086600000, 0x0000000086700000|  0%| F|  |TS  0|AC  0|TAMS 0x0000000086600000, 0x0000000086600000|
|  87|0x0000000086700000, 0x0000000086700000, 0x0000000086800000|  0%| F|  |TS  0|AC  0|TAMS 0x0000000086700000, 0x0000000086700000|
|  88|0x0000000086800000, 0x0000000086800000, 0x0000000086900000|  0%| F|  |TS  0|AC  0|TAMS 0x0000000086800000, 0x0000000086800000|
|  89|0x0000000086900000, 0x0000000086900000, 0x0000000086a00000|  0%| F|  |TS  0|AC  0|TAMS 0x0000000086900000, 0x0000000086900000|
|  90|0x0000000086a00000, 0x0000000086a00000, 0x0000000086b00000|  0%| F|  |TS  0|AC  0|TAMS 0x0000000086a00000, 0x0000000086a00000|
|  91|0x0000000086b00000, 0x0000000086b00000, 0x0000000086c00000|  0%| F|  |TS  0|AC  0|TAMS 0x0000000086b00000, 0x0000000086b00000|
|  92|0x0000000086c00000, 0x0000000086c00000, 0x0000000086d00000|  0%| F|  |TS  0|AC  0|TAMS 0x0000000086c00000, 0x0000000086c00000|
|  93|0x0000000086d00000, 0x0000000086d00000, 0x0000000086e00000|  0%| F|  |TS  0|AC  0|TAMS 0x0000000086d00000, 0x0000000086d00000|
|  94|0x0000000086e00000, 0x0000000086e00000, 0x0000000086f00000|  0%| F|  |TS  0|AC  0|TAMS 0x0000000086e00000, 0x0000000086e00000|
|  95|0x0000000086f00000, 0x0000000086f00000, 0x0000000087000000|  0%| F|  |TS  0|AC  0|TAMS 0x0000000086f00000, 0x0000000086f00000|
|  96|0x0000000087000000, 0x0000000087000000, 0x0000000087100000|  0%| F|  |TS  0|AC  0|TAMS 0x0000000087000000, 0x0000000087000000|
|  97|0x0000000087100000, 0x0000000087100000, 0x0000000087200000|  0%| F|  |TS  0|AC  0|TAMS 0x0000000087100000, 0x0000000087100000|
|  98|0x0000000087200000, 0x0000000087200000, 0x0000000087300000|  0%| F|  |TS  0|AC  0|TAMS 0x0000000087200000, 0x0000000087200000|
|  99|0x0000000087300000, 0x0000000087300000, 0x0000000087400000|  0%| F|  |TS  0|AC  0|TAMS 0x0000000087300000, 0x0000000087300000|
| 100|0x0000000087400000, 0x0000000087400000, 0x0000000087500000|  0%| F|  |TS  0|AC  0|TAMS 0x0000000087400000, 0x0000000087400000|
| 101|0x0000000087500000, 0x0000000087500000, 0x0000000087600000|  0%| F|  |TS  0|AC  0|TAMS 0x0000000087500000, 0x0000000087500000|
| 102|0x0000000087600000, 0x0000000087600000, 0x0000000087700000|  0%| F|  |TS  0|AC  0|TAMS 0x0000000087600000, 0x0000000087600000|
| 103|0x0000000087700000, 0x0000000087700000, 0x0000000087800000|  0%| F|  |TS  0|AC  0|TAMS 0x0000000087700000, 0x0000000087700000|
| 104|0x0000000087800000, 0x0000000087800000, 0x0000000087900000|  0%| F|  |TS  0|AC  0|TAMS 0x0000000087800000, 0x0000000087800000|
| 105|0x0000000087900000, 0x0000000087900000, 0x0000000087a00000|  0%| F|  |TS  0|AC  0|TAMS 0x0000000087900000, 0x0000000087900000|
| 106|0x0000000087a00000, 0x0000000087a00000, 0x0000000087b00000|  0%| F|  |TS  0|AC  0|TAMS 0x0000000087a00000, 0x0000000087a00000|
| 107|0x0000000087b00000, 0x0000000087bccef8, 0x0000000087c00000| 80%| E|  |TS  0|AC  0|TAMS 0x0000000087b00000, 0x0000000087b00000|
| 108|0x0000000087c00000, 0x0000000087d00000, 0x0000000087d00000|100%| S|CS|TS  0|AC  0|TAMS 0x0000000087c00000, 0x0000000087c00000|
| 109|0x0000000087d00000, 0x0000000087e00000, 0x0000000087e00000|100%| S|CS|TS  0|AC  0|TAMS 0x0000000087d00000, 0x0000000087d00000|
| 110|0x0000000087e00000, 0x0000000087f00000, 0x0000000087f00000|100%| S|CS|TS  0|AC  0|TAMS 0x0000000087e00000, 0x0000000087e00000|
| 111|0x0000000087f00000, 0x0000000088000000, 0x0000000088000000|100%| S|CS|TS  0|AC  0|TAMS 0x0000000087f00000, 0x0000000087f00000|
| 112|0x0000000088000000, 0x0000000088100000, 0x0000000088100000|100%| E|CS|TS  0|AC  0|TAMS 0x0000000088000000, 0x0000000088000000|
| 113|0x0000000088100000, 0x0000000088200000, 0x0000000088200000|100%| E|CS|TS  0|AC  0|TAMS 0x0000000088100000, 0x0000000088100000|
| 114|0x0000000088200000, 0x0000000088300000, 0x0000000088300000|100%| E|CS|TS  0|AC  0|TAMS 0x0000000088200000, 0x0000000088200000|
| 115|0x0000000088300000, 0x0000000088400000, 0x0000000088400000|100%| E|CS|TS  0|AC  0|TAMS 0x0000000088300000, 0x0000000088300000|
| 116|0x0000000088400000, 0x0000000088500000, 0x0000000088500000|100%| E|CS|TS  0|AC  0|TAMS 0x0000000088400000, 0x0000000088400000|
| 117|0x0000000088500000, 0x0000000088600000, 0x0000000088600000|100%| E|CS|TS  0|AC  0|TAMS 0x0000000088500000, 0x0000000088500000|
| 118|0x0000000088600000, 0x0000000088700000, 0x0000000088700000|100%| E|CS|TS  0|AC  0|TAMS 0x0000000088600000, 0x0000000088600000|
| 119|0x0000000088700000, 0x0000000088800000, 0x0000000088800000|100%| E|CS|TS  0|AC  0|TAMS 0x0000000088700000, 0x0000000088700000|
| 120|0x0000000088800000, 0x0000000088900000, 0x0000000088900000|100%| E|CS|TS  0|AC  0|TAMS 0x0000000088800000, 0x0000000088800000|
| 121|0x0000000088900000, 0x0000000088a00000, 0x0000000088a00000|100%| E|CS|TS  0|AC  0|TAMS 0x0000000088900000, 0x0000000088900000|
| 122|0x0000000088a00000, 0x0000000088b00000, 0x0000000088b00000|100%| E|CS|TS  0|AC  0|TAMS 0x0000000088a00000, 0x0000000088a00000|
| 123|0x0000000088b00000, 0x0000000088c00000, 0x0000000088c00000|100%| E|CS|TS  0|AC  0|TAMS 0x0000000088b00000, 0x0000000088b00000|
| 124|0x0000000088c00000, 0x0000000088d00000, 0x0000000088d00000|100%| E|CS|TS  0|AC  0|TAMS 0x0000000088c00000, 0x0000000088c00000|
| 125|0x0000000088d00000, 0x0000000088e00000, 0x0000000088e00000|100%| E|CS|TS  0|AC  0|TAMS 0x0000000088d00000, 0x0000000088d00000|
| 126|0x0000000088e00000, 0x0000000088f00000, 0x0000000088f00000|100%| E|CS|TS  0|AC  0|TAMS 0x0000000088e00000, 0x0000000088e00000|
| 127|0x0000000088f00000, 0x0000000089000000, 0x0000000089000000|100%| E|CS|TS  0|AC  0|TAMS 0x0000000088f00000, 0x0000000088f00000|

Card table byte_map: [0x000001c27fb00000,0x000001c27ff00000] byte_map_base: 0x000001c27f6f8000

Marking Bits (Prev, Next): (CMBitMap*) 0x000001c272d0ba28, (CMBitMap*) 0x000001c272d0b9f0
 Prev Bits: [0x000001c2113c0000, 0x000001c213380000)
 Next Bits: [0x000001c20f400000, 0x000001c2113c0000)

Polling page: 0x000001c270b20000

CodeHeap 'non-profiled nmethods': size=120064Kb used=1363Kb max_used=1363Kb free=118700Kb
 bounds [0x000001c207ac0000, 0x000001c207d30000, 0x000001c20f000000]
CodeHeap 'profiled nmethods': size=120000Kb used=6715Kb max_used=6715Kb free=113284Kb
 bounds [0x000001c200590000, 0x000001c200c20000, 0x000001c207ac0000]
CodeHeap 'non-nmethods': size=5696Kb used=1509Kb max_used=1540Kb free=4186Kb
 bounds [0x000001c200000000, 0x000001c200270000, 0x000001c200590000]
 total_blobs=4546 nmethods=3173 adapters=717
 compilation: enabled

Compilation events (10 events):
Event: 9.739 Thread 0x000001c216144000 3168       1       com.sun.javafx.geom.RectBounds::setMaxY (6 bytes)
Event: 9.739 Thread 0x000001c216144000 nmethod 3168 0x000001c207c13f10 code [0x000001c207c140c0, 0x000001c207c141d8]
Event: 9.739 Thread 0x000001c216144000 3155       1       javafx.scene.control.Control::access$900 (5 bytes)
Event: 9.740 Thread 0x000001c216144000 nmethod 3155 0x000001c207c14290 code [0x000001c207c14440, 0x000001c207c14538]
Event: 9.740 Thread 0x000001c216144000 3156       1       javafx.scene.control.Labeled::access$1400 (5 bytes)
Event: 9.740 Thread 0x000001c216144000 nmethod 3156 0x000001c207c14610 code [0x000001c207c147c0, 0x000001c207c148b8]
Event: 9.826 Thread 0x000001c216144000 3172       3       java.util.concurrent.locks.AbstractQueuedSynchronizer$ConditionObject::addConditionWaiter (61 bytes)
Event: 9.829 Thread 0x000001c216144000 nmethod 3172 0x000001c200c1bb10 code [0x000001c200c1bdc0, 0x000001c200c1d010]
Event: 9.829 Thread 0x000001c216144000 3173       3       java.util.concurrent.locks.AbstractQueuedSynchronizer$Node::<init> (23 bytes)
Event: 9.831 Thread 0x000001c216144000 nmethod 3173 0x000001c200c1d490 code [0x000001c200c1d760, 0x000001c200c1e9a0]

GC Heap History (6 events):
Event: 0.501 GC heap before
{Heap before GC invocations=0 (full 0):
 garbage-first heap   total 131072K, used 14336K [0x0000000081000000, 0x0000000081100400, 0x0000000100000000)
  region size 1024K, 14 young (14336K), 0 survivors (0K)
 Metaspace       used 9624K, capacity 10222K, committed 10368K, reserved 1058816K
  class space    used 947K, capacity 1070K, committed 1152K, reserved 1048576K
}
Event: 0.504 GC heap after
{Heap after GC invocations=1 (full 0):
 garbage-first heap   total 131072K, used 3208K [0x0000000081000000, 0x0000000081100400, 0x0000000100000000)
  region size 1024K, 2 young (2048K), 2 survivors (2048K)
 Metaspace       used 9624K, capacity 10222K, committed 10368K, reserved 1058816K
  class space    used 947K, capacity 1070K, committed 1152K, reserved 1048576K
}
Event: 0.797 GC heap before
{Heap before GC invocations=1 (full 0):
 garbage-first heap   total 131072K, used 14472K [0x0000000081000000, 0x0000000081100400, 0x0000000100000000)
  region size 1024K, 13 young (13312K), 2 survivors (2048K)
 Metaspace       used 13700K, capacity 14348K, committed 14592K, reserved 1062912K
  class space    used 1322K, capacity 1452K, committed 1536K, reserved 1048576K
}
Event: 0.801 GC heap after
{Heap after GC invocations=2 (full 0):
 garbage-first heap   total 131072K, used 6651K [0x0000000081000000, 0x0000000081100400, 0x0000000100000000)
  region size 1024K, 2 young (2048K), 2 survivors (2048K)
 Metaspace       used 13700K, capacity 14348K, committed 14592K, reserved 1062912K
  class space    used 1322K, capacity 1452K, committed 1536K, reserved 1048576K
}
Event: 1.333 GC heap before
{Heap before GC invocations=2 (full 0):
 garbage-first heap   total 131072K, used 19963K [0x0000000081000000, 0x0000000081100400, 0x0000000100000000)
  region size 1024K, 16 young (16384K), 2 survivors (2048K)
 Metaspace       used 20080K, capacity 21234K, committed 21248K, reserved 1069056K
  class space    used 2301K, capacity 2555K, committed 2560K, reserved 1048576K
}
Event: 1.337 GC heap after
{Heap after GC invocations=3 (full 0):
 garbage-first heap   total 131072K, used 9461K [0x0000000081000000, 0x0000000081100400, 0x0000000100000000)
  region size 1024K, 4 young (4096K), 4 survivors (4096K)
 Metaspace       used 20080K, capacity 21234K, committed 21248K, reserved 1069056K
  class space    used 2301K, capacity 2555K, committed 2560K, reserved 1048576K
}

Deoptimization events (10 events):
Event: 1.372 Thread 0x000001c21683b800 Uncommon trap: reason=intrinsic_or_type_checked_inlining action=make_not_entrant pc=0x000001c207b49e54 method=java.util.Arrays.copyOf([Ljava/lang/Object;ILjava/lang/Class;)[Ljava/lang/Object; @ 35 c2
Event: 1.449 Thread 0x000001c21683b800 Uncommon trap: reason=class_check action=maybe_recompile pc=0x000001c207ad17d4 method=java.lang.String.equals(Ljava/lang/Object;)Z @ 8 c2
Event: 1.449 Thread 0x000001c21683b800 Uncommon trap: reason=class_check action=maybe_recompile pc=0x000001c207ad17d4 method=java.lang.String.equals(Ljava/lang/Object;)Z @ 8 c2
Event: 1.449 Thread 0x000001c21683b800 Uncommon trap: reason=class_check action=maybe_recompile pc=0x000001c207ad17d4 method=java.lang.String.equals(Ljava/lang/Object;)Z @ 8 c2
Event: 1.450 Thread 0x000001c21683b800 Uncommon trap: reason=class_check action=maybe_recompile pc=0x000001c207ad17d4 method=java.lang.String.equals(Ljava/lang/Object;)Z @ 8 c2
Event: 2.404 Thread 0x000001c21683b800 Uncommon trap: reason=unstable_if action=reinterpret pc=0x000001c207b36fbc method=jdk.internal.org.objectweb.asm.Type.getArgumentsAndReturnSizes(Ljava/lang/String;)I @ 47 c2
Event: 2.485 Thread 0x000001c21683b800 Uncommon trap: reason=class_check action=maybe_recompile pc=0x000001c207b5b480 method=java.util.HashMap.putVal(ILjava/lang/Object;Ljava/lang/Object;ZZ)Ljava/lang/Object; @ 253 c2
Event: 2.485 Thread 0x000001c21683b800 Uncommon trap: reason=class_check action=maybe_recompile pc=0x000001c207b5b480 method=java.util.HashMap.putVal(ILjava/lang/Object;Ljava/lang/Object;ZZ)Ljava/lang/Object; @ 253 c2
Event: 2.546 Thread 0x000001c21683b800 Uncommon trap: reason=unstable_if action=reinterpret pc=0x000001c207bab11c method=java.lang.CharacterDataLatin1.isWhitespace(I)Z @ 14 c2
Event: 4.458 Thread 0x000001c21683b800 Uncommon trap: reason=unstable_if action=reinterpret pc=0x000001c207b2ab44 method=java.lang.AbstractStringBuilder.append(Ljava/lang/String;)Ljava/lang/AbstractStringBuilder; @ 1 c2

Classes redefined (0 events):
No events

Internal exceptions (10 events):
Event: 2.411 Thread 0x000001c21683b800 Exception <a 'java/lang/NoSuchMethodError'{0x0000000088800318}: method resolution failed> (0x0000000088800318) thrown at [t:/workspace/hotspot/src/share/vm/prims/methodHandles.cpp, line 1256]
Event: 2.411 Thread 0x000001c21683b800 Exception <a 'java/lang/NoSuchMethodError'{0x0000000088807a10}: java.lang.invoke.DirectMethodHandle$Holder.invokeStatic(Ljava/lang/Object;Ljava/lang/Object;IIIIILjava/lang/Object;)Ljava/lang/Object;> (0x0000000088807a10) thrown at [t:/workspace/hotspot/sr
Event: 2.412 Thread 0x000001c21683b800 Exception <a 'java/lang/NoSuchMethodError'{0x000000008880b4c0}: method resolution failed> (0x000000008880b4c0) thrown at [t:/workspace/hotspot/src/share/vm/prims/methodHandles.cpp, line 1256]
Event: 2.413 Thread 0x000001c21683b800 Exception <a 'java/lang/NoSuchMethodError'{0x0000000088811e80}: method resolution failed> (0x0000000088811e80) thrown at [t:/workspace/hotspot/src/share/vm/prims/methodHandles.cpp, line 1256]
Event: 2.413 Thread 0x000001c21683b800 Exception <a 'java/lang/NoSuchMethodError'{0x0000000088819710}: java.lang.invoke.DirectMethodHandle$Holder.invokeStatic(Ljava/lang/Object;Ljava/lang/Object;Ljava/lang/Object;IIIII)Ljava/lang/Object;> (0x0000000088819710) thrown at [t:/workspace/hotspot/sr
Event: 2.414 Thread 0x000001c21683b800 Exception <a 'java/lang/NoSuchMethodError'{0x000000008881d098}: method resolution failed> (0x000000008881d098) thrown at [t:/workspace/hotspot/src/share/vm/prims/methodHandles.cpp, line 1256]
Event: 3.247 Thread 0x000001c2167b9000 Exception <a 'java/lang/NoSuchMethodError'{0x000000008858e120}: java.lang.invoke.DirectMethodHandle$Holder.invokeStaticInit(Ljava/lang/Object;I)Ljava/lang/Object;> (0x000000008858e120) thrown at [t:/workspace/hotspot/src/share/vm/interpreter/linkResolver.
Event: 4.458 Thread 0x000001c21683b800 Implicit null exception at 0x000001c207b2a674 to 0x000001c207b2ab2d
Event: 4.458 Thread 0x000001c21683b800 Exception <a 'java/io/FileNotFoundException'{0x0000000088288ee0}> (0x0000000088288ee0) thrown at [t:/workspace/hotspot/src/share/vm/prims/jni.cpp, line 604]
Event: 4.458 Thread 0x000001c21683b800 Exception <a 'java/io/FileNotFoundException'{0x0000000088289850}> (0x0000000088289850) thrown at [t:/workspace/hotspot/src/share/vm/prims/jni.cpp, line 604]

Events (10 events):
Event: 9.104 loading class javafx/event/EventHandler
Event: 9.104 loading class javafx/event/EventHandler done
Event: 9.104 loading class javafx/event/ActionEvent
Event: 9.104 loading class javafx/event/ActionEvent done
Event: 9.104 loading class sample/phoneController
Event: 9.104 loading class sample/phoneController done
Event: 9.855 loading class gnu/io/SerialPortEvent
Event: 9.855 loading class gnu/io/SerialPortEvent done
Event: 9.856 Executing VM operation: RevokeBias
Event: 9.856 Executing VM operation: RevokeBias done


Dynamic libraries:
0x00007ff772f60000 - 0x00007ff772f9e000 	C:\Program Files\Java\jdk-9.0.4\bin\java.exe
0x00007ffe0afe0000 - 0x00007ffe0b1c0000 	C:\WINDOWS\SYSTEM32\ntdll.dll
0x00007ffe085e0000 - 0x00007ffe0868e000 	C:\WINDOWS\System32\KERNEL32.DLL
0x00007ffe07da0000 - 0x00007ffe08006000 	C:\WINDOWS\System32\KERNELBASE.dll
0x00007ffe09df0000 - 0x00007ffe09e91000 	C:\WINDOWS\System32\ADVAPI32.dll
0x00007ffe086f0000 - 0x00007ffe0878d000 	C:\WINDOWS\System32\msvcrt.dll
0x00007ffe08920000 - 0x00007ffe0897b000 	C:\WINDOWS\System32\sechost.dll
0x00007ffe0a370000 - 0x00007ffe0a48f000 	C:\WINDOWS\System32\RPCRT4.dll
0x00007ffe08790000 - 0x00007ffe0891f000 	C:\WINDOWS\System32\USER32.dll
0x00007ffe08490000 - 0x00007ffe084b0000 	C:\WINDOWS\System32\win32u.dll
0x00007ffe0aa10000 - 0x00007ffe0aa38000 	C:\WINDOWS\System32\GDI32.dll
0x00007ffe07460000 - 0x00007ffe075f3000 	C:\WINDOWS\System32\gdi32full.dll
0x00007ffe08120000 - 0x00007ffe081bb000 	C:\WINDOWS\System32\msvcp_win.dll
0x00007ffe08390000 - 0x00007ffe08486000 	C:\WINDOWS\System32\ucrtbase.dll
0x00007ffdfd800000 - 0x00007ffdfda69000 	C:\WINDOWS\WinSxS\amd64_microsoft.windows.common-controls_6595b64144ccf1df_6.0.16299.309_none_15cfd4c4935e6b11\COMCTL32.dll
0x00007ffe0a060000 - 0x00007ffe0a368000 	C:\WINDOWS\System32\combase.dll
0x00007ffe073e0000 - 0x00007ffe07452000 	C:\WINDOWS\System32\bcryptPrimitives.dll
0x00007ffe02b90000 - 0x00007ffe02b9a000 	C:\WINDOWS\SYSTEM32\VERSION.dll
0x00007ffe08980000 - 0x00007ffe089ad000 	C:\WINDOWS\System32\IMM32.DLL
0x00007ffdf2a00000 - 0x00007ffdf2aef000 	C:\Program Files\Java\jdk-9.0.4\bin\msvcr120.dll
0x00007ffdee420000 - 0x00007ffdee4c6000 	C:\Program Files\Java\jdk-9.0.4\bin\msvcp120.dll
0x00000000594c0000 - 0x0000000059ee5000 	C:\Program Files\Java\jdk-9.0.4\bin\server\jvm.dll
0x00007ffe0a7e0000 - 0x00007ffe0a7e8000 	C:\WINDOWS\System32\PSAPI.DLL
0x00007ffdfb8e0000 - 0x00007ffdfb8e9000 	C:\WINDOWS\SYSTEM32\WSOCK32.dll
0x00007ffe0a490000 - 0x00007ffe0a4fc000 	C:\WINDOWS\System32\WS2_32.dll
0x00007ffe05760000 - 0x00007ffe05783000 	C:\WINDOWS\SYSTEM32\WINMM.dll
0x00007ffe05730000 - 0x00007ffe0575a000 	C:\WINDOWS\SYSTEM32\WINMMBASE.dll
0x00007ffe07600000 - 0x00007ffe0764a000 	C:\WINDOWS\System32\cfgmgr32.dll
0x00007ffe05890000 - 0x00007ffe0589f000 	C:\Program Files\Java\jdk-9.0.4\bin\verify.dll
0x00007ffdfdea0000 - 0x00007ffdfdec7000 	C:\Program Files\Java\jdk-9.0.4\bin\java.dll
0x00007ffdfde70000 - 0x00007ffdfde9a000 	C:\Program Files\Java\jdk-9.0.4\bin\instrument.dll
0x00007ffe020d0000 - 0x00007ffe020e6000 	C:\Program Files\Java\jdk-9.0.4\bin\zip.dll
0x00007ffe00b90000 - 0x00007ffe00b9a000 	C:\Program Files\Java\jdk-9.0.4\bin\jimage.dll
0x00007ffe089b0000 - 0x00007ffe09de6000 	C:\WINDOWS\System32\SHELL32.dll
0x00007ffe09fb0000 - 0x00007ffe0a056000 	C:\WINDOWS\System32\shcore.dll
0x00007ffe07650000 - 0x00007ffe07d97000 	C:\WINDOWS\System32\windows.storage.dll
0x00007ffe08580000 - 0x00007ffe085d1000 	C:\WINDOWS\System32\shlwapi.dll
0x00007ffe073a0000 - 0x00007ffe073b1000 	C:\WINDOWS\System32\kernel.appcore.dll
0x00007ffe07350000 - 0x00007ffe0739c000 	C:\WINDOWS\System32\powrprof.dll
0x00007ffe07330000 - 0x00007ffe0734b000 	C:\WINDOWS\System32\profapi.dll
0x00007ffdffa50000 - 0x00007ffdffa6a000 	C:\Program Files\Java\jdk-9.0.4\bin\net.dll
0x00007ffe00f30000 - 0x00007ffe0100e000 	C:\WINDOWS\SYSTEM32\WINHTTP.dll
0x00007ffe06bc0000 - 0x00007ffe06c26000 	C:\WINDOWS\system32\mswsock.dll
0x00007ffdfde50000 - 0x00007ffdfde61000 	C:\Program Files\Java\jdk-9.0.4\bin\nio.dll
0x00007ffdfde00000 - 0x00007ffdfde1a000 	D:\IntelliJ IDEA 2017.3.3\bin\breakgen64.dll
0x000001c272eb0000 - 0x000001c272eb3000 	C:\Program Files\Java\jdk-9.0.4\bin\api-ms-win-core-console-l1-1-0.dll
0x000001c272ec0000 - 0x000001c272ec3000 	C:\Program Files\Java\jdk-9.0.4\bin\api-ms-win-core-datetime-l1-1-0.dll
0x000001c272ed0000 - 0x000001c272ed3000 	C:\Program Files\Java\jdk-9.0.4\bin\api-ms-win-core-debug-l1-1-0.dll
0x000001c216ed0000 - 0x000001c216ed3000 	C:\Program Files\Java\jdk-9.0.4\bin\api-ms-win-core-errorhandling-l1-1-0.dll
0x000001c216ee0000 - 0x000001c216ee4000 	C:\Program Files\Java\jdk-9.0.4\bin\api-ms-win-core-file-l1-1-0.dll
0x000001c216ef0000 - 0x000001c216ef3000 	C:\Program Files\Java\jdk-9.0.4\bin\api-ms-win-core-file-l1-2-0.dll
0x000001c216f00000 - 0x000001c216f03000 	C:\Program Files\Java\jdk-9.0.4\bin\api-ms-win-core-file-l2-1-0.dll
0x000001c216f10000 - 0x000001c216f13000 	C:\Program Files\Java\jdk-9.0.4\bin\api-ms-win-core-handle-l1-1-0.dll
0x000001c216f20000 - 0x000001c216f23000 	C:\Program Files\Java\jdk-9.0.4\bin\api-ms-win-core-heap-l1-1-0.dll
0x000001c216f30000 - 0x000001c216f33000 	C:\Program Files\Java\jdk-9.0.4\bin\api-ms-win-core-interlocked-l1-1-0.dll
0x000001c216f40000 - 0x000001c216f43000 	C:\Program Files\Java\jdk-9.0.4\bin\api-ms-win-core-libraryloader-l1-1-0.dll
0x000001c216f50000 - 0x000001c216f53000 	C:\Program Files\Java\jdk-9.0.4\bin\api-ms-win-core-localization-l1-2-0.dll
0x000001c216f60000 - 0x000001c216f63000 	C:\Program Files\Java\jdk-9.0.4\bin\api-ms-win-core-memory-l1-1-0.dll
0x000001c216f70000 - 0x000001c216f73000 	C:\Program Files\Java\jdk-9.0.4\bin\api-ms-win-core-namedpipe-l1-1-0.dll
0x000001c216f80000 - 0x000001c216f83000 	C:\Program Files\Java\jdk-9.0.4\bin\api-ms-win-core-processenvironment-l1-1-0.dll
0x000001c216f90000 - 0x000001c216f93000 	C:\Program Files\Java\jdk-9.0.4\bin\api-ms-win-core-processthreads-l1-1-0.dll
0x000001c216fa0000 - 0x000001c216fa3000 	C:\Program Files\Java\jdk-9.0.4\bin\api-ms-win-core-processthreads-l1-1-1.dll
0x000001c216fb0000 - 0x000001c216fb3000 	C:\Program Files\Java\jdk-9.0.4\bin\api-ms-win-core-profile-l1-1-0.dll
0x000001c216fc0000 - 0x000001c216fc3000 	C:\Program Files\Java\jdk-9.0.4\bin\api-ms-win-core-rtlsupport-l1-1-0.dll
0x000001c216fd0000 - 0x000001c216fd3000 	C:\Program Files\Java\jdk-9.0.4\bin\api-ms-win-core-string-l1-1-0.dll
0x000001c216fe0000 - 0x000001c216fe3000 	C:\Program Files\Java\jdk-9.0.4\bin\api-ms-win-core-synch-l1-1-0.dll
0x000001c216ff0000 - 0x000001c216ff3000 	C:\Program Files\Java\jdk-9.0.4\bin\api-ms-win-core-synch-l1-2-0.dll
0x000001c217000000 - 0x000001c217003000 	C:\Program Files\Java\jdk-9.0.4\bin\api-ms-win-core-sysinfo-l1-1-0.dll
0x000001c217010000 - 0x000001c217013000 	C:\Program Files\Java\jdk-9.0.4\bin\api-ms-win-core-timezone-l1-1-0.dll
0x000001c217020000 - 0x000001c217023000 	C:\Program Files\Java\jdk-9.0.4\bin\api-ms-win-core-util-l1-1-0.dll
0x000001c217030000 - 0x000001c217033000 	C:\Program Files\Java\jdk-9.0.4\bin\api-ms-win-crt-conio-l1-1-0.dll
0x000001c217040000 - 0x000001c217044000 	C:\Program Files\Java\jdk-9.0.4\bin\api-ms-win-crt-convert-l1-1-0.dll
0x000001c217050000 - 0x000001c217053000 	C:\Program Files\Java\jdk-9.0.4\bin\api-ms-win-crt-environment-l1-1-0.dll
0x000001c217060000 - 0x000001c217063000 	C:\Program Files\Java\jdk-9.0.4\bin\api-ms-win-crt-filesystem-l1-1-0.dll
0x000001c217070000 - 0x000001c217073000 	C:\Program Files\Java\jdk-9.0.4\bin\api-ms-win-crt-heap-l1-1-0.dll
0x000001c217080000 - 0x000001c217083000 	C:\Program Files\Java\jdk-9.0.4\bin\api-ms-win-crt-locale-l1-1-0.dll
0x000001c217090000 - 0x000001c217095000 	C:\Program Files\Java\jdk-9.0.4\bin\api-ms-win-crt-math-l1-1-0.dll
0x000001c2170a0000 - 0x000001c2170a5000 	C:\Program Files\Java\jdk-9.0.4\bin\api-ms-win-crt-multibyte-l1-1-0.dll
0x000001c2170b0000 - 0x000001c2170c0000 	C:\Program Files\Java\jdk-9.0.4\bin\api-ms-win-crt-private-l1-1-0.dll
0x000001c2170c0000 - 0x000001c2170c3000 	C:\Program Files\Java\jdk-9.0.4\bin\api-ms-win-crt-process-l1-1-0.dll
0x000001c2170d0000 - 0x000001c2170d4000 	C:\Program Files\Java\jdk-9.0.4\bin\api-ms-win-crt-runtime-l1-1-0.dll
0x000001c2170e0000 - 0x000001c2170e4000 	C:\Program Files\Java\jdk-9.0.4\bin\api-ms-win-crt-stdio-l1-1-0.dll
0x000001c2170f0000 - 0x000001c2170f4000 	C:\Program Files\Java\jdk-9.0.4\bin\api-ms-win-crt-string-l1-1-0.dll
0x000001c217100000 - 0x000001c217103000 	C:\Program Files\Java\jdk-9.0.4\bin\api-ms-win-crt-time-l1-1-0.dll
0x000001c217110000 - 0x000001c217113000 	C:\Program Files\Java\jdk-9.0.4\bin\api-ms-win-crt-utility-l1-1-0.dll
0x00007ffddfd50000 - 0x00007ffddfe46000 	C:\Program Files\Java\jdk-9.0.4\bin\ucrtbase.dll
0x00007ffdfd370000 - 0x00007ffdfd386000 	C:\Program Files\Java\jdk-9.0.4\bin\vcruntime140.dll
0x00007ffdee380000 - 0x00007ffdee41c000 	C:\Program Files\Java\jdk-9.0.4\bin\msvcp140.dll
0x00007ffdf29a0000 - 0x00007ffdf29f1000 	C:\Program Files\Java\jdk-9.0.4\bin\concrt140.dll
0x00007ffdf5e00000 - 0x00007ffdf5e23000 	C:\Program Files\Java\jdk-9.0.4\bin\prism_d3d.dll
0x00007ffdf5e30000 - 0x00007ffdf5fc5000 	C:\WINDOWS\system32\d3d9.dll
0x00007ffe05bd0000 - 0x00007ffe05bfa000 	C:\WINDOWS\SYSTEM32\dwmapi.dll
0x00007ffe05b00000 - 0x00007ffe05b95000 	C:\WINDOWS\system32\uxtheme.dll
0x00007ffe017a0000 - 0x00007ffe0188b000 	C:\WINDOWS\System32\DriverStore\FileRepository\nv_dispi.inf_amd64_5601d21ccd639df9\nvldumdx.dll
0x00007ffe081c0000 - 0x00007ffe0838e000 	C:\WINDOWS\System32\crypt32.dll
0x00007ffe073c0000 - 0x00007ffe073d2000 	C:\WINDOWS\System32\MSASN1.dll
0x00007ffe080c0000 - 0x00007ffe08118000 	C:\WINDOWS\System32\WINTRUST.DLL
0x00007ffe0a7c0000 - 0x00007ffe0a7dd000 	C:\WINDOWS\System32\imagehlp.dll
0x00007ffe06d80000 - 0x00007ffe06d97000 	C:\WINDOWS\SYSTEM32\CRYPTSP.dll
0x00007ffe067c0000 - 0x00007ffe067f3000 	C:\WINDOWS\system32\rsaenh.dll
0x00007ffe06e90000 - 0x00007ffe06eb5000 	C:\WINDOWS\SYSTEM32\bcrypt.dll
0x00007ffe06da0000 - 0x00007ffe06dab000 	C:\WINDOWS\SYSTEM32\CRYPTBASE.dll
0x00007ffdd2270000 - 0x00007ffdd347a000 	C:\WINDOWS\System32\DriverStore\FileRepository\nv_dispi.inf_amd64_5601d21ccd639df9\nvd3dumx.dll
0x00007ffdfe430000 - 0x00007ffdfe696000 	C:\WINDOWS\system32\nvspcap64.dll
0x00007ffe0a670000 - 0x00007ffe0a7b9000 	C:\WINDOWS\System32\ole32.dll
0x00007ffe084b0000 - 0x00007ffe08575000 	C:\WINDOWS\System32\OLEAUT32.dll
0x00007ffe06460000 - 0x00007ffe06491000 	C:\WINDOWS\SYSTEM32\ntmarta.dll
0x00007ffdf1740000 - 0x00007ffdf178a000 	C:\Program Files\Java\jdk-9.0.4\bin\glass.dll
0x00007ffe09ea0000 - 0x00007ffe09faa000 	C:\WINDOWS\System32\COMDLG32.dll
0x00007ffe0a500000 - 0x00007ffe0a667000 	C:\WINDOWS\System32\MSCTF.dll
0x00007ffdfcf00000 - 0x00007ffdfcfeb000 	C:\Program Files (x86)\NVIDIA Corporation\3D Vision\nvSCPAPI64.dll
0x00007ffe0aaa0000 - 0x00007ffe0aeee000 	C:\WINDOWS\System32\SETUPAPI.dll
0x00007ffe06990000 - 0x00007ffe06a46000 	C:\WINDOWS\SYSTEM32\DNSAPI.dll
0x00007ffe0aef0000 - 0x00007ffe0aef8000 	C:\WINDOWS\System32\NSI.dll
0x00007ffe06950000 - 0x00007ffe06989000 	C:\WINDOWS\SYSTEM32\IPHLPAPI.DLL
0x000000005ef80000 - 0x000000005efa6000 	C:\Program Files\Bonjour\mdnsNSP.dll
0x00007ffdfd6a0000 - 0x00007ffdfd6aa000 	C:\Windows\System32\rasadhlp.dll
0x00007ffdfd790000 - 0x00007ffdfd800000 	C:\WINDOWS\System32\fwpuclnt.dll
0x00007ffdf4ee0000 - 0x00007ffdf4ef4000 	C:\Program Files\Java\jdk-9.0.4\bin\javafx_font.dll
0x00007ffddd990000 - 0x00007ffdddb29000 	C:\Program Files\Java\jdk-9.0.4\bin\awt.dll
0x00007ffe04b10000 - 0x00007ffe050c8000 	C:\WINDOWS\SYSTEM32\d2d1.dll
0x00007ffe05660000 - 0x00007ffe056e8000 	C:\WINDOWS\SYSTEM32\apphelp.dll
0x00007ffde8b10000 - 0x00007ffde8bad000 	C:\Program Files\Java\jdk-9.0.4\bin\fontmanager.dll
0x00007ffdeba30000 - 0x00007ffdebd3f000 	C:\WINDOWS\SYSTEM32\dwrite.dll
0x00007ffe0af00000 - 0x00007ffe0af9e000 	C:\WINDOWS\System32\clbcatq.dll
0x00007ffe03480000 - 0x00007ffe0362b000 	C:\WINDOWS\SYSTEM32\WindowsCodecs.dll
0x00007ffdfdcf0000 - 0x00007ffdfdd3f000 	C:\WINDOWS\system32\dataexchange.dll
0x00007ffe04740000 - 0x00007ffe04a22000 	C:\WINDOWS\system32\d3d11.dll

VM Arguments:
jvm_args: -javaagent:D:\IntelliJ IDEA 2017.3.3\lib\idea_rt.jar=56675:D:\IntelliJ IDEA 2017.3.3\bin -Dfile.encoding=UTF-8 
java_command: sample.Main
java_class_path (initial): C:\Users\Luke\IdeaProjects\EducationalTool\out\production\EducationalTool;D:\mysql-connector-java-5.1.46\mysql-connector-java-5.1.46.jar;C:\Users\Luke\Documents\mfz-rxtx-2.2-20081207-win-x64\RXTXcomm.jar;C:\Users\Luke\IdeaProjects\JArduino-0.1.7\jarduino.samples\lib\jmf.jar;C:\Users\Luke\IdeaProjects\JArduino-0.1.7\jarduino.samples\lib\jstun.jar;C:\Users\Luke\IdeaProjects\JArduino-0.1.7\jarduino.samples\lib\jcommon-1.0.15.jar;C:\Users\Luke\IdeaProjects\JArduino-0.1.7\jarduino.samples\lib\jcommon-1.0.16.jar;C:\Users\Luke\IdeaProjects\JArduino-0.1.7\jarduino.samples\lib\jfreechart-1.0.13.jar;C:\Users\Luke\IdeaProjects\JArduino-0.1.7\jarduino.samples\lib\voiceclearly-1.0.0.jar;C:\Users\Luke\IdeaProjects\JArduino-0.1.7\jarduino.samples\lib\twitter4j-core-2.2.2.jar;C:\Users\Luke\IdeaProjects\JArduino-0.1.7\jarduino.samples\lib\org.kevoree.extra.osgi.rxtx-2.2.0.jar;C:\Users\Luke\IdeaProjects\JArduino-0.1.7\jarduino.samples\lib\org.sintef.jarduino.gui-0.1.7-SNAPSHOT.jar;C:\Users\Luke\IdeaProjects\JArduino-0.1.7\jarduino.samples\lib\org.sintef.jarduino.core-0.1.7-SNAPSHOT.jar
Launcher Type: SUN_STANDARD

Logging:
Log output configuration:
#0: stdout all=warning uptime,level,tags
#1: stderr all=off uptime,level,tags

Environment Variables:
JAVA_HOME=C:\Program Files\Java\jre-9.0.4
PATH=C:\Program Files (x86)\Common Files\Intel\Shared Libraries\redist\ia32\compiler;C:\Program Files (x86)\Common Files\Intel\Shared Libraries\redist\intel64\compiler;C:\ProgramData\Oracle\Java\javapath;C:\WINDOWS\system32;C:\WINDOWS;C:\WINDOWS\System32\Wbem;C:\WINDOWS\System32\WindowsPowerShell\v1.0\;C:\Program Files (x86)\Windows Live\Shared;C:\Program Files\PuTTY\;C:\Program Files\Git\cmd;C:\Program Files (x86)\NVIDIA Corporation\PhysX\Common;C:\RailsInstaller\Git\cmd;C:\RailsInstaller\Ruby2.3.3\bin;C:\Users\Luke\AppData\Local\Microsoft\WindowsApps;
USERNAME=Luke
OS=Windows_NT
PROCESSOR_IDENTIFIER=Intel64 Family 6 Model 94 Stepping 3, GenuineIntel



---------------  S Y S T E M  ---------------

OS: Windows 10 , 64 bit Build 16299 (10.0.16299.15)

CPU:total 4 (initial active 4) (4 cores per cpu, 1 threads per core) family 6 model 94 stepping 3, cmov, cx8, fxsr, mmx, sse, sse2, sse3, ssse3, sse4.1, sse4.2, popcnt, avx, avx2, aes, clmul, erms, rtm, 3dnowpref, lzcnt, tsc, tscinvbit, bmi1, bmi2, adx, fma

Memory: 4k page, physical 8320752k(3407572k free), swap 9762544k(3265932k free)

vm_info: Java HotSpot(TM) 64-Bit Server VM (9.0.4+11) for windows-amd64 JRE (9.0.4+11), built on Dec 20 2017 02:18:54 by "mach5one" with MS VC++ 12.0 (VS2013)

END.
