#
# A fatal error has been detected by the Java Runtime Environment:
#
#  EXCEPTION_ACCESS_VIOLATION (0xc0000005) at pc=0x0000000180005b00, pid=13348, tid=8592
#
# JRE version: Java(TM) SE Runtime Environment (9.0+11) (build 9.0.4+11)
# Java VM: Java HotSpot(TM) 64-Bit Server VM (9.0.4+11, mixed mode, tiered, compressed oops, g1 gc, windows-amd64)
# Problematic frame:
# C  0x0000000180005b00
#
# No core dump will be written. Minidumps are not enabled by default on client versions of Windows
#
# If you would like to submit a bug report, please visit:
#   http://bugreport.java.com/bugreport/crash.jsp
# The crash happened outside the Java Virtual Machine in native code.
# See problematic frame for where to report the bug.
#

---------------  S U M M A R Y ------------

Command Line: -javaagent:D:\IntelliJ IDEA 2017.3.3\lib\idea_rt.jar=52532:D:\IntelliJ IDEA 2017.3.3\bin -Dfile.encoding=UTF-8 sample.Main

Host: Intel(R) Core(TM) i5-6500 CPU @ 3.20GHz, 4 cores, 7G,  Windows 10 , 64 bit Build 16299 (10.0.16299.15)
Time: Wed Mar 28 10:03:40 2018 GMT Summer Time elapsed time: 17 seconds (0d 0h 0m 17s)

---------------  T H R E A D  ---------------

Current thread (0x0000029105a57000):  JavaThread "Thread-3" [_thread_in_native, id=8592, stack(0x000000f137d20000,0x000000f137e20000)]

Stack: [0x000000f137d20000,0x000000f137e20000],  sp=0x000000f137e1e1b0,  free space=1016k
Native frames: (J=compiled Java code, j=interpreted, Vv=VM code, C=native code)
C  0x0000000180005b00
C  0x0000000180005f3f
C  0x000002916770921c

Java frames: (J=compiled Java code, j=interpreted, Vv=VM code)
j  gnu.io.RXTXPort.readByte()I+0
j  gnu.io.RXTXPort$SerialInputStream.read()I+81
j  org.sintef.jarduino.comm.Serial4JArduino$SerialReader.serialEvent(Lgnu/io/SerialPortEvent;)V+7
j  gnu.io.RXTXPort.sendEvent(IZ)Z+382
v  ~StubRoutines::call_stub
j  gnu.io.RXTXPort.eventLoop()V+0
j  gnu.io.RXTXPort$MonitorThread.run()V+12
v  ~StubRoutines::call_stub

siginfo: EXCEPTION_ACCESS_VIOLATION (0xc0000005), reading address 0x0000000037e1eb58


Register to memory mapping:

RIP=0x0000000180005b00 is an unknown value
RAX=0x0000000000000001 is an unknown value
RBX=0x0000000000000000 is an unknown value
RCX=0x000000018001d4d5 is an unknown value
RDX=0xfffffffffffff665 is an unknown value
RSP=0x000000f137e1e1b0 is pointing into the stack for thread: 0x0000029105a57000
RBP=
[error occurred during error reporting (printing register info), id 0xc0000005]

Registers:
RAX=0x0000000000000001, RBX=0x0000000000000000, RCX=0x000000018001d4d5, RDX=0xfffffffffffff665
RSP=0x000000f137e1e1b0, RBP=0x00000000ffffffff, RSI=0x0000000000000000, RDI=0x0000029105a57218
R8 =0x0000000000000002, R9 =0xfffffffffffff63c, R10=0x0000000000000058, R11=0x8101010101010100
R12=0x0000000037e1eb50, R13=0x0000000000000001, R14=0x000000f137e1e358, R15=0x0000000000000000
RIP=0x0000000180005b00, EFLAGS=0x0000000000010202

Top of Stack: (sp=0x000000f137e1e1b0)
0x000000f137e1e1b0:   0000000000000000 0000000000000000
0x000000f137e1e1c0:   000000f137e1e358 0000000000000000
0x000000f137e1e1d0:   0000029105a57000 000000f137e1e358
0x000000f137e1e1e0:   000002910acfe0d0 000000f137e1e358
0x000000f137e1e1f0:   ffffffffffffffff 0000000000000001
0x000000f137e1e200:   0000029105adc040 0000000180005f3f
0x000000f137e1e210:   0000029105a57218 0000029105a57218
0x000000f137e1e220:   0000029100000001 000000f137e1e240
0x000000f137e1e230:   0000029100000001 00000291ffffffff
0x000000f137e1e240:   000002910567f7f0 000000f137e1e358
0x000000f137e1e250:   000000f137e1e7c8 0000029100000000
0x000000f137e1e260:   000002910acfe0d8 0000029105a57000
0x000000f137e1e270:   000002910acfe0d8 0000029105a57000
0x000000f137e1e280:   0000000000000148 0000029167709074
0x000000f137e1e290:   0000c6b66bdad333 0000029105a57000
0x000000f137e1e2a0:   0000000000000000 0000000000000148 

Instructions: (pc=0x0000000180005b00)
0x0000000180005ae0:   15 23 7a 01 00 48 8d 48 60 e8 3a 5d 00 00 4c 8b
0x0000000180005af0:   e5 8b ac 24 88 00 00 00 44 8b ac 24 80 00 00 00
0x0000000180005b00:   45 8b 74 24 08 41 89 5c 24 08 41 8b fd 85 ed 78
0x0000000180005b10:   09 ff 15 e9 14 01 00 44 8b f8 45 85 ed 7e 4a 90 



---------------  P R O C E S S  ---------------

Java Threads: ( => current thread )
=>0x0000029105a57000 JavaThread "Thread-3" [_thread_in_native, id=8592, stack(0x000000f137d20000,0x000000f137e20000)]
  0x00000291057ba000 JavaThread "Prism Font Disposer" daemon [_thread_blocked, id=10816, stack(0x000000f137710000,0x000000f137810000)]
  0x000002917f8db000 JavaThread "Java2D Disposer" daemon [_thread_blocked, id=13620, stack(0x000000f137610000,0x000000f137710000)]
  0x000002917eff5000 JavaThread "Thread-2" daemon [_thread_in_native, id=7900, stack(0x000000f137310000,0x000000f137410000)]
  0x000002917f5b9000 JavaThread "Abandoned connection cleanup thread" daemon [_thread_blocked, id=3720, stack(0x000000f137510000,0x000000f137610000)]
  0x000002917eff3000 JavaThread "JavaFX-Launcher" [_thread_blocked, id=3328, stack(0x000000f137410000,0x000000f137510000)]
  0x000002917f28e800 JavaThread "JavaFX Application Thread" [_thread_blocked, id=6188, stack(0x000000f137200000,0x000000f137300000)]
  0x000002917f27c000 JavaThread "InvokeLaterDispatcher" daemon [_thread_blocked, id=1712, stack(0x000000f137100000,0x000000f137200000)]
  0x000002917f205000 JavaThread "QuantumRenderer-0" daemon [_thread_blocked, id=3856, stack(0x000000f136d00000,0x000000f136e00000)]
  0x000002917efee800 JavaThread "Service Thread" daemon [_thread_blocked, id=1600, stack(0x000000f136b00000,0x000000f136c00000)]
  0x000002917efed800 JavaThread "Monitor Ctrl-Break" daemon [_thread_in_native, id=13988, stack(0x000000f136a00000,0x000000f136b00000)]
  0x000002917ec1c800 JavaThread "Common-Cleaner" daemon [_thread_blocked, id=8672, stack(0x000000f136900000,0x000000f136a00000)]
  0x000002917ebfe800 JavaThread "Sweeper thread" daemon [_thread_blocked, id=1084, stack(0x000000f136800000,0x000000f136900000)]
  0x000002917ebf9800 JavaThread "C1 CompilerThread2" daemon [_thread_blocked, id=9912, stack(0x000000f136700000,0x000000f136800000)]
  0x000002917ebf9000 JavaThread "C2 CompilerThread1" daemon [_thread_blocked, id=5256, stack(0x000000f136600000,0x000000f136700000)]
  0x000002917eb8d800 JavaThread "C2 CompilerThread0" daemon [_thread_blocked, id=14204, stack(0x000000f136500000,0x000000f136600000)]
  0x000002917eb8a800 JavaThread "Attach Listener" daemon [_thread_blocked, id=4508, stack(0x000000f136400000,0x000000f136500000)]
  0x000002917eb89800 JavaThread "Signal Dispatcher" daemon [_thread_blocked, id=3400, stack(0x000000f136300000,0x000000f136400000)]
  0x000002917eb35800 JavaThread "Finalizer" daemon [_thread_blocked, id=11236, stack(0x000000f136200000,0x000000f136300000)]
  0x000002917eb32800 JavaThread "Reference Handler" daemon [_thread_blocked, id=4772, stack(0x000000f136100000,0x000000f136200000)]
  0x000002915b693800 JavaThread "main" [_thread_blocked, id=10668, stack(0x000000f135400000,0x000000f135500000)]

Other Threads:
  0x000002917eb30000 VMThread "VM Thread" [stack: 0x000000f136000000,0x000000f136100000] [id=12116]
  0x000002917eff2800 WatcherThread [stack: 0x000000f136c00000,0x000000f136d00000] [id=6252]
  0x000002915b6a9000 GCTaskThread "GC Thread#0" [stack: 0x000000f135500000,0x000000f135600000] [id=13712]
  0x000002915b6aa000 GCTaskThread "GC Thread#1" [stack: 0x000000f135600000,0x000000f135700000] [id=11924]
  0x000002915b6ac800 GCTaskThread "GC Thread#2" [stack: 0x000000f135700000,0x000000f135800000] [id=10336]
  0x000002915b6ae000 GCTaskThread "GC Thread#3" [stack: 0x000000f135800000,0x000000f135900000] [id=11380]
  0x000002915b71f000 ConcurrentGCThread "G1 Main Marker" [stack: 0x000000f135e00000,0x000000f135f00000] [id=8392]
  0x000002915b723000 ConcurrentGCThread "G1 Marker#0" [stack: 0x000000f135f00000,0x000000f136000000] [id=2592]
  0x000002915b6b6000 ConcurrentGCThread "G1 Refine#0" [stack: 0x000000f135c00000,0x000000f135d00000] [id=14036]
  0x000002915b6b5000 ConcurrentGCThread "G1 Refine#1" [stack: 0x000000f135b00000,0x000000f135c00000] [id=11328]
  0x000002915b6b3800 ConcurrentGCThread "G1 Refine#2" [stack: 0x000000f135a00000,0x000000f135b00000] [id=8356]
  0x000002915b6b2000 ConcurrentGCThread "G1 Refine#3" [stack: 0x000000f135900000,0x000000f135a00000] [id=1520]
  0x000002915b6b8800 ConcurrentGCThread "G1 Young RemSet Sampling" [stack: 0x000000f135d00000,0x000000f135e00000] [id=11964]

Threads with active compile tasks:

VM state:not at safepoint (normal execution)

VM Mutex/Monitor currently owned by a thread: None

Heap address: 0x0000000081000000, size: 2032 MB, Compressed Oops mode: 32-bit
Narrow klass base: 0x0000000000000000, Narrow klass shift: 3
Compressed class space size: 1073741824 Address: 0x0000000100000000

Heap:
 garbage-first heap   total 131072K, used 29774K [0x0000000081000000, 0x0000000081100400, 0x0000000100000000)
  region size 1024K, 23 young (23552K), 4 survivors (4096K)
 Metaspace       used 25885K, capacity 27556K, committed 27776K, reserved 1073152K
  class space    used 3036K, capacity 3368K, committed 3456K, reserved 1048576K
Heap Regions: E=young(eden), S=young(survivor), O=old, HS=humongous(starts), HC=humongous(continues), CS=collection set, F=free, A=archive, TS=gc time stamp, AC=allocation context, TAMS=top-at-mark-start (previous, next)
|   0|0x0000000081000000, 0x0000000081100000, 0x0000000081100000|100%| O|  |TS  0|AC  0|TAMS 0x0000000081100000, 0x0000000081100000|
|   1|0x0000000081100000, 0x0000000081200000, 0x0000000081200000|100%| O|  |TS  0|AC  0|TAMS 0x0000000081200000, 0x0000000081200000|
|   2|0x0000000081200000, 0x0000000081300000, 0x0000000081300000|100%| O|  |TS  0|AC  0|TAMS 0x0000000081300000, 0x0000000081300000|
|   3|0x0000000081300000, 0x0000000081400000, 0x0000000081400000|100%| O|  |TS  0|AC  0|TAMS 0x0000000081400000, 0x0000000081400000|
|   4|0x0000000081400000, 0x0000000081500000, 0x0000000081500000|100%| O|  |TS  0|AC  0|TAMS 0x0000000081500000, 0x0000000081500000|
|   5|0x0000000081500000, 0x0000000081513a00, 0x0000000081600000|  7%| O|  |TS  0|AC  0|TAMS 0x0000000081513a00, 0x0000000081513a00|
|   6|0x0000000081600000, 0x0000000081700000, 0x0000000081700000|100%|HS|  |TS  0|AC  0|TAMS 0x0000000081600000, 0x0000000081600000|
|   7|0x0000000081700000, 0x0000000081800000, 0x0000000081800000|100%|HC|  |TS  0|AC  0|TAMS 0x0000000081700000, 0x0000000081700000|
|   8|0x0000000081800000, 0x0000000081800000, 0x0000000081900000|  0%| F|  |TS  0|AC  0|TAMS 0x0000000081800000, 0x0000000081800000|
|   9|0x0000000081900000, 0x0000000081900000, 0x0000000081a00000|  0%| F|  |TS  0|AC  0|TAMS 0x0000000081900000, 0x0000000081900000|
|  10|0x0000000081a00000, 0x0000000081a00000, 0x0000000081b00000|  0%| F|  |TS  0|AC  0|TAMS 0x0000000081a00000, 0x0000000081a00000|
|  11|0x0000000081b00000, 0x0000000081b00000, 0x0000000081c00000|  0%| F|  |TS  0|AC  0|TAMS 0x0000000081b00000, 0x0000000081b00000|
|  12|0x0000000081c00000, 0x0000000081c00000, 0x0000000081d00000|  0%| F|  |TS  0|AC  0|TAMS 0x0000000081c00000, 0x0000000081c00000|
|  13|0x0000000081d00000, 0x0000000081d00000, 0x0000000081e00000|  0%| F|  |TS  0|AC  0|TAMS 0x0000000081d00000, 0x0000000081d00000|
|  14|0x0000000081e00000, 0x0000000081e00000, 0x0000000081f00000|  0%| F|  |TS  0|AC  0|TAMS 0x0000000081e00000, 0x0000000081e00000|
|  15|0x0000000081f00000, 0x0000000081f00000, 0x0000000082000000|  0%| F|  |TS  0|AC  0|TAMS 0x0000000081f00000, 0x0000000081f00000|
|  16|0x0000000082000000, 0x0000000082000000, 0x0000000082100000|  0%| F|  |TS  0|AC  0|TAMS 0x0000000082000000, 0x0000000082000000|
|  17|0x0000000082100000, 0x0000000082100000, 0x0000000082200000|  0%| F|  |TS  0|AC  0|TAMS 0x0000000082100000, 0x0000000082100000|
|  18|0x0000000082200000, 0x0000000082200000, 0x0000000082300000|  0%| F|  |TS  0|AC  0|TAMS 0x0000000082200000, 0x0000000082200000|
|  19|0x0000000082300000, 0x0000000082300000, 0x0000000082400000|  0%| F|  |TS  0|AC  0|TAMS 0x0000000082300000, 0x0000000082300000|
|  20|0x0000000082400000, 0x0000000082400000, 0x0000000082500000|  0%| F|  |TS  0|AC  0|TAMS 0x0000000082400000, 0x0000000082400000|
|  21|0x0000000082500000, 0x0000000082500000, 0x0000000082600000|  0%| F|  |TS  0|AC  0|TAMS 0x0000000082500000, 0x0000000082500000|
|  22|0x0000000082600000, 0x0000000082600000, 0x0000000082700000|  0%| F|  |TS  0|AC  0|TAMS 0x0000000082600000, 0x0000000082600000|
|  23|0x0000000082700000, 0x0000000082700000, 0x0000000082800000|  0%| F|  |TS  0|AC  0|TAMS 0x0000000082700000, 0x0000000082700000|
|  24|0x0000000082800000, 0x0000000082800000, 0x0000000082900000|  0%| F|  |TS  0|AC  0|TAMS 0x0000000082800000, 0x0000000082800000|
|  25|0x0000000082900000, 0x0000000082900000, 0x0000000082a00000|  0%| F|  |TS  0|AC  0|TAMS 0x0000000082900000, 0x0000000082900000|
|  26|0x0000000082a00000, 0x0000000082a00000, 0x0000000082b00000|  0%| F|  |TS  0|AC  0|TAMS 0x0000000082a00000, 0x0000000082a00000|
|  27|0x0000000082b00000, 0x0000000082b00000, 0x0000000082c00000|  0%| F|  |TS  0|AC  0|TAMS 0x0000000082b00000, 0x0000000082b00000|
|  28|0x0000000082c00000, 0x0000000082c00000, 0x0000000082d00000|  0%| F|  |TS  0|AC  0|TAMS 0x0000000082c00000, 0x0000000082c00000|
|  29|0x0000000082d00000, 0x0000000082d00000, 0x0000000082e00000|  0%| F|  |TS  0|AC  0|TAMS 0x0000000082d00000, 0x0000000082d00000|
|  30|0x0000000082e00000, 0x0000000082e00000, 0x0000000082f00000|  0%| F|  |TS  0|AC  0|TAMS 0x0000000082e00000, 0x0000000082e00000|
|  31|0x0000000082f00000, 0x0000000082f00000, 0x0000000083000000|  0%| F|  |TS  0|AC  0|TAMS 0x0000000082f00000, 0x0000000082f00000|
|  32|0x0000000083000000, 0x0000000083000000, 0x0000000083100000|  0%| F|  |TS  0|AC  0|TAMS 0x0000000083000000, 0x0000000083000000|
|  33|0x0000000083100000, 0x0000000083100000, 0x0000000083200000|  0%| F|  |TS  0|AC  0|TAMS 0x0000000083100000, 0x0000000083100000|
|  34|0x0000000083200000, 0x0000000083200000, 0x0000000083300000|  0%| F|  |TS  0|AC  0|TAMS 0x0000000083200000, 0x0000000083200000|
|  35|0x0000000083300000, 0x0000000083300000, 0x0000000083400000|  0%| F|  |TS  0|AC  0|TAMS 0x0000000083300000, 0x0000000083300000|
|  36|0x0000000083400000, 0x0000000083400000, 0x0000000083500000|  0%| F|  |TS  0|AC  0|TAMS 0x0000000083400000, 0x0000000083400000|
|  37|0x0000000083500000, 0x0000000083500000, 0x0000000083600000|  0%| F|  |TS  0|AC  0|TAMS 0x0000000083500000, 0x0000000083500000|
|  38|0x0000000083600000, 0x0000000083600000, 0x0000000083700000|  0%| F|  |TS  0|AC  0|TAMS 0x0000000083600000, 0x0000000083600000|
|  39|0x0000000083700000, 0x0000000083700000, 0x0000000083800000|  0%| F|  |TS  0|AC  0|TAMS 0x0000000083700000, 0x0000000083700000|
|  40|0x0000000083800000, 0x0000000083800000, 0x0000000083900000|  0%| F|  |TS  0|AC  0|TAMS 0x0000000083800000, 0x0000000083800000|
|  41|0x0000000083900000, 0x0000000083900000, 0x0000000083a00000|  0%| F|  |TS  0|AC  0|TAMS 0x0000000083900000, 0x0000000083900000|
|  42|0x0000000083a00000, 0x0000000083a00000, 0x0000000083b00000|  0%| F|  |TS  0|AC  0|TAMS 0x0000000083a00000, 0x0000000083a00000|
|  43|0x0000000083b00000, 0x0000000083b00000, 0x0000000083c00000|  0%| F|  |TS  0|AC  0|TAMS 0x0000000083b00000, 0x0000000083b00000|
|  44|0x0000000083c00000, 0x0000000083c00000, 0x0000000083d00000|  0%| F|  |TS  0|AC  0|TAMS 0x0000000083c00000, 0x0000000083c00000|
|  45|0x0000000083d00000, 0x0000000083d00000, 0x0000000083e00000|  0%| F|  |TS  0|AC  0|TAMS 0x0000000083d00000, 0x0000000083d00000|
|  46|0x0000000083e00000, 0x0000000083e00000, 0x0000000083f00000|  0%| F|  |TS  0|AC  0|TAMS 0x0000000083e00000, 0x0000000083e00000|
|  47|0x0000000083f00000, 0x0000000083f00000, 0x0000000084000000|  0%| F|  |TS  0|AC  0|TAMS 0x0000000083f00000, 0x0000000083f00000|
|  48|0x0000000084000000, 0x0000000084000000, 0x0000000084100000|  0%| F|  |TS  0|AC  0|TAMS 0x0000000084000000, 0x0000000084000000|
|  49|0x0000000084100000, 0x0000000084100000, 0x0000000084200000|  0%| F|  |TS  0|AC  0|TAMS 0x0000000084100000, 0x0000000084100000|
|  50|0x0000000084200000, 0x0000000084200000, 0x0000000084300000|  0%| F|  |TS  0|AC  0|TAMS 0x0000000084200000, 0x0000000084200000|
|  51|0x0000000084300000, 0x0000000084300000, 0x0000000084400000|  0%| F|  |TS  0|AC  0|TAMS 0x0000000084300000, 0x0000000084300000|
|  52|0x0000000084400000, 0x0000000084400000, 0x0000000084500000|  0%| F|  |TS  0|AC  0|TAMS 0x0000000084400000, 0x0000000084400000|
|  53|0x0000000084500000, 0x0000000084500000, 0x0000000084600000|  0%| F|  |TS  0|AC  0|TAMS 0x0000000084500000, 0x0000000084500000|
|  54|0x0000000084600000, 0x0000000084600000, 0x0000000084700000|  0%| F|  |TS  0|AC  0|TAMS 0x0000000084600000, 0x0000000084600000|
|  55|0x0000000084700000, 0x0000000084700000, 0x0000000084800000|  0%| F|  |TS  0|AC  0|TAMS 0x0000000084700000, 0x0000000084700000|
|  56|0x0000000084800000, 0x0000000084800000, 0x0000000084900000|  0%| F|  |TS  0|AC  0|TAMS 0x0000000084800000, 0x0000000084800000|
|  57|0x0000000084900000, 0x0000000084900000, 0x0000000084a00000|  0%| F|  |TS  0|AC  0|TAMS 0x0000000084900000, 0x0000000084900000|
|  58|0x0000000084a00000, 0x0000000084a00000, 0x0000000084b00000|  0%| F|  |TS  0|AC  0|TAMS 0x0000000084a00000, 0x0000000084a00000|
|  59|0x0000000084b00000, 0x0000000084b00000, 0x0000000084c00000|  0%| F|  |TS  0|AC  0|TAMS 0x0000000084b00000, 0x0000000084b00000|
|  60|0x0000000084c00000, 0x0000000084c00000, 0x0000000084d00000|  0%| F|  |TS  0|AC  0|TAMS 0x0000000084c00000, 0x0000000084c00000|
|  61|0x0000000084d00000, 0x0000000084d00000, 0x0000000084e00000|  0%| F|  |TS  0|AC  0|TAMS 0x0000000084d00000, 0x0000000084d00000|
|  62|0x0000000084e00000, 0x0000000084e00000, 0x0000000084f00000|  0%| F|  |TS  0|AC  0|TAMS 0x0000000084e00000, 0x0000000084e00000|
|  63|0x0000000084f00000, 0x0000000084f00000, 0x0000000085000000|  0%| F|  |TS  0|AC  0|TAMS 0x0000000084f00000, 0x0000000084f00000|
|  64|0x0000000085000000, 0x0000000085000000, 0x0000000085100000|  0%| F|  |TS  0|AC  0|TAMS 0x0000000085000000, 0x0000000085000000|
|  65|0x0000000085100000, 0x0000000085100000, 0x0000000085200000|  0%| F|  |TS  0|AC  0|TAMS 0x0000000085100000, 0x0000000085100000|
|  66|0x0000000085200000, 0x0000000085200000, 0x0000000085300000|  0%| F|  |TS  0|AC  0|TAMS 0x0000000085200000, 0x0000000085200000|
|  67|0x0000000085300000, 0x0000000085300000, 0x0000000085400000|  0%| F|  |TS  0|AC  0|TAMS 0x0000000085300000, 0x0000000085300000|
|  68|0x0000000085400000, 0x0000000085400000, 0x0000000085500000|  0%| F|  |TS  0|AC  0|TAMS 0x0000000085400000, 0x0000000085400000|
|  69|0x0000000085500000, 0x0000000085500000, 0x0000000085600000|  0%| F|  |TS  0|AC  0|TAMS 0x0000000085500000, 0x0000000085500000|
|  70|0x0000000085600000, 0x0000000085600000, 0x0000000085700000|  0%| F|  |TS  0|AC  0|TAMS 0x0000000085600000, 0x0000000085600000|
|  71|0x0000000085700000, 0x0000000085700000, 0x0000000085800000|  0%| F|  |TS  0|AC  0|TAMS 0x0000000085700000, 0x0000000085700000|
|  72|0x0000000085800000, 0x0000000085800000, 0x0000000085900000|  0%| F|  |TS  0|AC  0|TAMS 0x0000000085800000, 0x0000000085800000|
|  73|0x0000000085900000, 0x0000000085900000, 0x0000000085a00000|  0%| F|  |TS  0|AC  0|TAMS 0x0000000085900000, 0x0000000085900000|
|  74|0x0000000085a00000, 0x0000000085a00000, 0x0000000085b00000|  0%| F|  |TS  0|AC  0|TAMS 0x0000000085a00000, 0x0000000085a00000|
|  75|0x0000000085b00000, 0x0000000085b00000, 0x0000000085c00000|  0%| F|  |TS  0|AC  0|TAMS 0x0000000085b00000, 0x0000000085b00000|
|  76|0x0000000085c00000, 0x0000000085c00000, 0x0000000085d00000|  0%| F|  |TS  0|AC  0|TAMS 0x0000000085c00000, 0x0000000085c00000|
|  77|0x0000000085d00000, 0x0000000085d00000, 0x0000000085e00000|  0%| F|  |TS  0|AC  0|TAMS 0x0000000085d00000, 0x0000000085d00000|
|  78|0x0000000085e00000, 0x0000000085e00000, 0x0000000085f00000|  0%| F|  |TS  0|AC  0|TAMS 0x0000000085e00000, 0x0000000085e00000|
|  79|0x0000000085f00000, 0x0000000085f00000, 0x0000000086000000|  0%| F|  |TS  0|AC  0|TAMS 0x0000000085f00000, 0x0000000085f00000|
|  80|0x0000000086000000, 0x0000000086000000, 0x0000000086100000|  0%| F|  |TS  0|AC  0|TAMS 0x0000000086000000, 0x0000000086000000|
|  81|0x0000000086100000, 0x0000000086100000, 0x0000000086200000|  0%| F|  |TS  0|AC  0|TAMS 0x0000000086100000, 0x0000000086100000|
|  82|0x0000000086200000, 0x0000000086200000, 0x0000000086300000|  0%| F|  |TS  0|AC  0|TAMS 0x0000000086200000, 0x0000000086200000|
|  83|0x0000000086300000, 0x0000000086300000, 0x0000000086400000|  0%| F|  |TS  0|AC  0|TAMS 0x0000000086300000, 0x0000000086300000|
|  84|0x0000000086400000, 0x0000000086400000, 0x0000000086500000|  0%| F|  |TS  0|AC  0|TAMS 0x0000000086400000, 0x0000000086400000|
|  85|0x0000000086500000, 0x0000000086500000, 0x0000000086600000|  0%| F|  |TS  0|AC  0|TAMS 0x0000000086500000, 0x0000000086500000|
|  86|0x0000000086600000, 0x0000000086600000, 0x0000000086700000|  0%| F|  |TS  0|AC  0|TAMS 0x0000000086600000, 0x0000000086600000|
|  87|0x0000000086700000, 0x0000000086700000, 0x0000000086800000|  0%| F|  |TS  0|AC  0|TAMS 0x0000000086700000, 0x0000000086700000|
|  88|0x0000000086800000, 0x0000000086800000, 0x0000000086900000|  0%| F|  |TS  0|AC  0|TAMS 0x0000000086800000, 0x0000000086800000|
|  89|0x0000000086900000, 0x0000000086900000, 0x0000000086a00000|  0%| F|  |TS  0|AC  0|TAMS 0x0000000086900000, 0x0000000086900000|
|  90|0x0000000086a00000, 0x0000000086a00000, 0x0000000086b00000|  0%| F|  |TS  0|AC  0|TAMS 0x0000000086a00000, 0x0000000086a00000|
|  91|0x0000000086b00000, 0x0000000086b00000, 0x0000000086c00000|  0%| F|  |TS  0|AC  0|TAMS 0x0000000086b00000, 0x0000000086b00000|
|  92|0x0000000086c00000, 0x0000000086c00000, 0x0000000086d00000|  0%| F|  |TS  0|AC  0|TAMS 0x0000000086c00000, 0x0000000086c00000|
|  93|0x0000000086d00000, 0x0000000086d00000, 0x0000000086e00000|  0%| F|  |TS  0|AC  0|TAMS 0x0000000086d00000, 0x0000000086d00000|
|  94|0x0000000086e00000, 0x0000000086e00000, 0x0000000086f00000|  0%| F|  |TS  0|AC  0|TAMS 0x0000000086e00000, 0x0000000086e00000|
|  95|0x0000000086f00000, 0x0000000086f00000, 0x0000000087000000|  0%| F|  |TS  0|AC  0|TAMS 0x0000000086f00000, 0x0000000086f00000|
|  96|0x0000000087000000, 0x0000000087000000, 0x0000000087100000|  0%| F|  |TS  0|AC  0|TAMS 0x0000000087000000, 0x0000000087000000|
|  97|0x0000000087100000, 0x0000000087100000, 0x0000000087200000|  0%| F|  |TS  0|AC  0|TAMS 0x0000000087100000, 0x0000000087100000|
|  98|0x0000000087200000, 0x0000000087200000, 0x0000000087300000|  0%| F|  |TS  0|AC  0|TAMS 0x0000000087200000, 0x0000000087200000|
|  99|0x0000000087300000, 0x0000000087300000, 0x0000000087400000|  0%| F|  |TS  0|AC  0|TAMS 0x0000000087300000, 0x0000000087300000|
| 100|0x0000000087400000, 0x0000000087400000, 0x0000000087500000|  0%| F|  |TS  0|AC  0|TAMS 0x0000000087400000, 0x0000000087400000|
| 101|0x0000000087500000, 0x0000000087500000, 0x0000000087600000|  0%| F|  |TS  0|AC  0|TAMS 0x0000000087500000, 0x0000000087500000|
| 102|0x0000000087600000, 0x0000000087600000, 0x0000000087700000|  0%| F|  |TS  0|AC  0|TAMS 0x0000000087600000, 0x0000000087600000|
| 103|0x0000000087700000, 0x0000000087700000, 0x0000000087800000|  0%| F|  |TS  0|AC  0|TAMS 0x0000000087700000, 0x0000000087700000|
| 104|0x0000000087800000, 0x0000000087800000, 0x0000000087900000|  0%| F|  |TS  0|AC  0|TAMS 0x0000000087800000, 0x0000000087800000|
| 105|0x0000000087900000, 0x00000000879ce890, 0x0000000087a00000| 80%| E|  |TS  0|AC  0|TAMS 0x0000000087900000, 0x0000000087900000|
| 106|0x0000000087a00000, 0x0000000087b00000, 0x0000000087b00000|100%| E|CS|TS  0|AC  0|TAMS 0x0000000087a00000, 0x0000000087a00000|
| 107|0x0000000087b00000, 0x0000000087c00000, 0x0000000087c00000|100%| E|CS|TS  0|AC  0|TAMS 0x0000000087b00000, 0x0000000087b00000|
| 108|0x0000000087c00000, 0x0000000087d00000, 0x0000000087d00000|100%| E|CS|TS  0|AC  0|TAMS 0x0000000087c00000, 0x0000000087c00000|
| 109|0x0000000087d00000, 0x0000000087e00000, 0x0000000087e00000|100%| S|CS|TS  0|AC  0|TAMS 0x0000000087d00000, 0x0000000087d00000|
| 110|0x0000000087e00000, 0x0000000087f00000, 0x0000000087f00000|100%| S|CS|TS  0|AC  0|TAMS 0x0000000087e00000, 0x0000000087e00000|
| 111|0x0000000087f00000, 0x0000000088000000, 0x0000000088000000|100%| S|CS|TS  0|AC  0|TAMS 0x0000000087f00000, 0x0000000087f00000|
| 112|0x0000000088000000, 0x0000000088100000, 0x0000000088100000|100%| S|CS|TS  0|AC  0|TAMS 0x0000000088000000, 0x0000000088000000|
| 113|0x0000000088100000, 0x0000000088200000, 0x0000000088200000|100%| E|CS|TS  0|AC  0|TAMS 0x0000000088100000, 0x0000000088100000|
| 114|0x0000000088200000, 0x0000000088300000, 0x0000000088300000|100%| E|CS|TS  0|AC  0|TAMS 0x0000000088200000, 0x0000000088200000|
| 115|0x0000000088300000, 0x0000000088400000, 0x0000000088400000|100%| E|CS|TS  0|AC  0|TAMS 0x0000000088300000, 0x0000000088300000|
| 116|0x0000000088400000, 0x0000000088500000, 0x0000000088500000|100%| E|CS|TS  0|AC  0|TAMS 0x0000000088400000, 0x0000000088400000|
| 117|0x0000000088500000, 0x0000000088600000, 0x0000000088600000|100%| E|CS|TS  0|AC  0|TAMS 0x0000000088500000, 0x0000000088500000|
| 118|0x0000000088600000, 0x0000000088700000, 0x0000000088700000|100%| E|CS|TS  0|AC  0|TAMS 0x0000000088600000, 0x0000000088600000|
| 119|0x0000000088700000, 0x0000000088800000, 0x0000000088800000|100%| E|CS|TS  0|AC  0|TAMS 0x0000000088700000, 0x0000000088700000|
| 120|0x0000000088800000, 0x0000000088900000, 0x0000000088900000|100%| E|CS|TS  0|AC  0|TAMS 0x0000000088800000, 0x0000000088800000|
| 121|0x0000000088900000, 0x0000000088a00000, 0x0000000088a00000|100%| E|CS|TS  0|AC  0|TAMS 0x0000000088900000, 0x0000000088900000|
| 122|0x0000000088a00000, 0x0000000088b00000, 0x0000000088b00000|100%| E|CS|TS  0|AC  0|TAMS 0x0000000088a00000, 0x0000000088a00000|
| 123|0x0000000088b00000, 0x0000000088c00000, 0x0000000088c00000|100%| E|CS|TS  0|AC  0|TAMS 0x0000000088b00000, 0x0000000088b00000|
| 124|0x0000000088c00000, 0x0000000088d00000, 0x0000000088d00000|100%| E|CS|TS  0|AC  0|TAMS 0x0000000088c00000, 0x0000000088c00000|
| 125|0x0000000088d00000, 0x0000000088e00000, 0x0000000088e00000|100%| E|CS|TS  0|AC  0|TAMS 0x0000000088d00000, 0x0000000088d00000|
| 126|0x0000000088e00000, 0x0000000088f00000, 0x0000000088f00000|100%| E|CS|TS  0|AC  0|TAMS 0x0000000088e00000, 0x0000000088e00000|
| 127|0x0000000088f00000, 0x0000000089000000, 0x0000000089000000|100%| E|CS|TS  0|AC  0|TAMS 0x0000000088f00000, 0x0000000088f00000|

Card table byte_map: [0x0000029177510000,0x0000029177910000] byte_map_base: 0x0000029177108000

Marking Bits (Prev, Next): (CMBitMap*) 0x000002915b71e2b8, (CMBitMap*) 0x000002915b71e280
 Prev Bits: [0x0000029179cd0000, 0x000002917bc90000)
 Next Bits: [0x0000029177d10000, 0x0000029179cd0000)

Polling page: 0x00000291595b0000

CodeHeap 'non-profiled nmethods': size=120064Kb used=1504Kb max_used=1504Kb free=118560Kb
 bounds [0x000002916f1b0000, 0x000002916f420000, 0x00000291766f0000]
CodeHeap 'profiled nmethods': size=120000Kb used=7540Kb max_used=7540Kb free=112459Kb
 bounds [0x0000029167c80000, 0x00000291683e0000, 0x000002916f1b0000]
CodeHeap 'non-nmethods': size=5696Kb used=1512Kb max_used=1536Kb free=4183Kb
 bounds [0x00000291676f0000, 0x0000029167960000, 0x0000029167c80000]
 total_blobs=4935 nmethods=3528 adapters=717
 compilation: enabled

Compilation events (10 events):
Event: 16.762 Thread 0x000002917ebf9800 3524       3       com.sun.javafx.sg.prism.NGRegion::getNormalizedFillRadii (43 bytes)
Event: 16.763 Thread 0x000002917ebf9800 nmethod 3524 0x00000291683dc590 code [0x00000291683dc780, 0x00000291683dcdc0]
Event: 16.990 Thread 0x000002917ebf9800 3525       3       java.util.stream.AbstractPipeline::isParallel (8 bytes)
Event: 16.990 Thread 0x000002917ebf9800 nmethod 3525 0x00000291683dcf10 code [0x00000291683dd0c0, 0x00000291683dd238]
Event: 17.001 Thread 0x000002917eb8d800 3526       4       com.sun.prism.impl.BaseGraphics::validateTransformAndPaint (71 bytes)
Event: 17.002 Thread 0x000002917ebf9000 3527       4       java.lang.Math::round (70 bytes)
Event: 17.004 Thread 0x000002917ebf9000 nmethod 3527 0x000002916f327410 code [0x000002916f3275a0, 0x000002916f327678]
Event: 17.008 Thread 0x000002917eb8d800 nmethod 3526 0x000002916f327710 code [0x000002916f3278c0, 0x000002916f327a18]
Event: 17.060 Thread 0x000002917ebf9000 3528       4       com.sun.javafx.event.CompositeEventDispatcher::dispatchCapturingEvent (35 bytes)
Event: 17.061 Thread 0x000002917ebf9000 nmethod 3528 0x000002916f327c10 code [0x000002916f327da0, 0x000002916f327e98]

GC Heap History (6 events):
Event: 0.573 GC heap before
{Heap before GC invocations=0 (full 0):
 garbage-first heap   total 131072K, used 14336K [0x0000000081000000, 0x0000000081100400, 0x0000000100000000)
  region size 1024K, 14 young (14336K), 0 survivors (0K)
 Metaspace       used 9518K, capacity 10056K, committed 10368K, reserved 1058816K
  class space    used 932K, capacity 1037K, committed 1152K, reserved 1048576K
}
Event: 0.576 GC heap after
{Heap after GC invocations=1 (full 0):
 garbage-first heap   total 131072K, used 3215K [0x0000000081000000, 0x0000000081100400, 0x0000000100000000)
  region size 1024K, 2 young (2048K), 2 survivors (2048K)
 Metaspace       used 9518K, capacity 10056K, committed 10368K, reserved 1058816K
  class space    used 932K, capacity 1037K, committed 1152K, reserved 1048576K
}
Event: 0.920 GC heap before
{Heap before GC invocations=1 (full 0):
 garbage-first heap   total 131072K, used 15503K [0x0000000081000000, 0x0000000081100400, 0x0000000100000000)
  region size 1024K, 14 young (14336K), 2 survivors (2048K)
 Metaspace       used 14487K, capacity 15168K, committed 15232K, reserved 1062912K
  class space    used 1454K, capacity 1604K, committed 1664K, reserved 1048576K
}
Event: 0.925 GC heap after
{Heap after GC invocations=2 (full 0):
 garbage-first heap   total 131072K, used 6404K [0x0000000081000000, 0x0000000081100400, 0x0000000100000000)
  region size 1024K, 2 young (2048K), 2 survivors (2048K)
 Metaspace       used 14487K, capacity 15168K, committed 15232K, reserved 1062912K
  class space    used 1454K, capacity 1604K, committed 1664K, reserved 1048576K
}
Event: 1.469 GC heap before
{Heap before GC invocations=2 (full 0):
 garbage-first heap   total 131072K, used 18692K [0x0000000081000000, 0x0000000081100400, 0x0000000100000000)
  region size 1024K, 15 young (15360K), 2 survivors (2048K)
 Metaspace       used 20031K, capacity 21202K, committed 21248K, reserved 1069056K
  class space    used 2287K, capacity 2523K, committed 2560K, reserved 1048576K
}
Event: 1.474 GC heap after
{Heap after GC invocations=3 (full 0):
 garbage-first heap   total 131072K, used 9294K [0x0000000081000000, 0x0000000081100400, 0x0000000100000000)
  region size 1024K, 4 young (4096K), 4 survivors (4096K)
 Metaspace       used 20031K, capacity 21202K, committed 21248K, reserved 1069056K
  class space    used 2287K, capacity 2523K, committed 2560K, reserved 1048576K
}

Deoptimization events (10 events):
Event: 1.465 Thread 0x000002917f28e800 Uncommon trap: reason=unstable_if action=reinterpret pc=0x000002916f23f5ac method=java.util.HashMap.hash(Ljava/lang/Object;)I @ 1 c2
Event: 1.465 Thread 0x000002917f28e800 Uncommon trap: reason=unstable_if action=reinterpret pc=0x000002916f209c70 method=java.util.HashMap.hash(Ljava/lang/Object;)I @ 1 c2
Event: 1.506 Thread 0x000002917f28e800 Uncommon trap: reason=intrinsic_or_type_checked_inlining action=make_not_entrant pc=0x000002916f237bd4 method=java.util.Arrays.copyOf([Ljava/lang/Object;ILjava/lang/Class;)[Ljava/lang/Object; @ 35 c2
Event: 1.667 Thread 0x000002917f28e800 Uncommon trap: reason=class_check action=maybe_recompile pc=0x000002916f1c1154 method=java.lang.String.equals(Ljava/lang/Object;)Z @ 8 c2
Event: 1.667 Thread 0x000002917f28e800 Uncommon trap: reason=class_check action=maybe_recompile pc=0x000002916f1c1154 method=java.lang.String.equals(Ljava/lang/Object;)Z @ 8 c2
Event: 1.668 Thread 0x000002917f28e800 Uncommon trap: reason=class_check action=maybe_recompile pc=0x000002916f1c1154 method=java.lang.String.equals(Ljava/lang/Object;)Z @ 8 c2
Event: 1.668 Thread 0x000002917f28e800 Uncommon trap: reason=class_check action=maybe_recompile pc=0x000002916f1c1154 method=java.lang.String.equals(Ljava/lang/Object;)Z @ 8 c2
Event: 2.536 Thread 0x000002917f28e800 Uncommon trap: reason=unstable_if action=reinterpret pc=0x000002916f2247bc method=jdk.internal.org.objectweb.asm.Type.getArgumentsAndReturnSizes(Ljava/lang/String;)I @ 47 c2
Event: 2.653 Thread 0x000002917f28e800 Uncommon trap: reason=unstable_if action=reinterpret pc=0x000002916f29779c method=java.lang.CharacterDataLatin1.isWhitespace(I)Z @ 14 c2
Event: 7.855 Thread 0x000002917f28e800 Uncommon trap: reason=unstable_if action=reinterpret pc=0x000002916f1e2744 method=java.lang.AbstractStringBuilder.append(Ljava/lang/String;)Ljava/lang/AbstractStringBuilder; @ 1 c2

Classes redefined (0 events):
No events

Internal exceptions (10 events):
Event: 2.999 Thread 0x000002917f205000 Exception <a 'java/lang/NoSuchMethodError'{0x0000000088516f88}: java.lang.invoke.DirectMethodHandle$Holder.invokeStaticInit(Ljava/lang/Object;I)Ljava/lang/Object;> (0x0000000088516f88) thrown at [t:/workspace/hotspot/src/share/vm/interpreter/linkResolver.
Event: 7.855 Thread 0x000002917f28e800 Implicit null exception at 0x000002916f1e2274 to 0x000002916f1e272d
Event: 7.855 Thread 0x000002917f28e800 Exception <a 'java/io/FileNotFoundException'{0x000000008810e388}> (0x000000008810e388) thrown at [t:/workspace/hotspot/src/share/vm/prims/jni.cpp, line 604]
Event: 7.855 Thread 0x000002917f28e800 Exception <a 'java/io/FileNotFoundException'{0x000000008810ecf8}> (0x000000008810ecf8) thrown at [t:/workspace/hotspot/src/share/vm/prims/jni.cpp, line 604]
Event: 12.925 Thread 0x000002917f28e800 Exception <a 'java/lang/NoSuchMethodError'{0x0000000087b2c040}: method resolution failed> (0x0000000087b2c040) thrown at [t:/workspace/hotspot/src/share/vm/prims/methodHandles.cpp, line 1256]
Event: 12.926 Thread 0x000002917f28e800 Exception <a 'java/lang/NoSuchMethodError'{0x0000000087b334f8}: java.lang.invoke.DirectMethodHandle$Holder.invokeStatic(Ljava/lang/Object;Ljava/lang/Object;IIIIILjava/lang/Object;)Ljava/lang/Object;> (0x0000000087b334f8) thrown at [t:/workspace/hotspot/sr
Event: 12.927 Thread 0x000002917f28e800 Exception <a 'java/lang/NoSuchMethodError'{0x0000000087b36fa8}: method resolution failed> (0x0000000087b36fa8) thrown at [t:/workspace/hotspot/src/share/vm/prims/methodHandles.cpp, line 1256]
Event: 12.927 Thread 0x000002917f28e800 Exception <a 'java/lang/NoSuchMethodError'{0x0000000087b3d968}: method resolution failed> (0x0000000087b3d968) thrown at [t:/workspace/hotspot/src/share/vm/prims/methodHandles.cpp, line 1256]
Event: 12.928 Thread 0x000002917f28e800 Exception <a 'java/lang/NoSuchMethodError'{0x0000000087b451f8}: java.lang.invoke.DirectMethodHandle$Holder.invokeStatic(Ljava/lang/Object;Ljava/lang/Object;Ljava/lang/Object;IIIII)Ljava/lang/Object;> (0x0000000087b451f8) thrown at [t:/workspace/hotspot/sr
Event: 12.929 Thread 0x000002917f28e800 Exception <a 'java/lang/NoSuchMethodError'{0x0000000087b48b80}: method resolution failed> (0x0000000087b48b80) thrown at [t:/workspace/hotspot/src/share/vm/prims/methodHandles.cpp, line 1256]

Events (10 events):
Event: 16.616 Executing VM operation: RevokeBias
Event: 16.616 Executing VM operation: RevokeBias done
Event: 16.634 Executing VM operation: RevokeBias
Event: 16.634 Executing VM operation: RevokeBias done
Event: 16.635 Executing VM operation: RevokeBias
Event: 16.635 Executing VM operation: RevokeBias done
Event: 17.101 loading class gnu/io/SerialPortEvent
Event: 17.101 loading class gnu/io/SerialPortEvent done
Event: 17.102 Executing VM operation: RevokeBias
Event: 17.102 Executing VM operation: RevokeBias done


Dynamic libraries:
0x00007ff7bf5a0000 - 0x00007ff7bf5de000 	C:\Program Files\Java\jdk-9.0.4\bin\java.exe
0x00007ffe0afe0000 - 0x00007ffe0b1c0000 	C:\WINDOWS\SYSTEM32\ntdll.dll
0x00007ffe085e0000 - 0x00007ffe0868e000 	C:\WINDOWS\System32\KERNEL32.DLL
0x00007ffe07da0000 - 0x00007ffe08006000 	C:\WINDOWS\System32\KERNELBASE.dll
0x00007ffe09df0000 - 0x00007ffe09e91000 	C:\WINDOWS\System32\ADVAPI32.dll
0x00007ffe086f0000 - 0x00007ffe0878d000 	C:\WINDOWS\System32\msvcrt.dll
0x00007ffe08920000 - 0x00007ffe0897b000 	C:\WINDOWS\System32\sechost.dll
0x00007ffe0a370000 - 0x00007ffe0a48f000 	C:\WINDOWS\System32\RPCRT4.dll
0x00007ffe08790000 - 0x00007ffe0891f000 	C:\WINDOWS\System32\USER32.dll
0x00007ffe08490000 - 0x00007ffe084b0000 	C:\WINDOWS\System32\win32u.dll
0x00007ffe0aa10000 - 0x00007ffe0aa38000 	C:\WINDOWS\System32\GDI32.dll
0x00007ffe07460000 - 0x00007ffe075f3000 	C:\WINDOWS\System32\gdi32full.dll
0x00007ffe08120000 - 0x00007ffe081bb000 	C:\WINDOWS\System32\msvcp_win.dll
0x00007ffe08390000 - 0x00007ffe08486000 	C:\WINDOWS\System32\ucrtbase.dll
0x00007ffdfd800000 - 0x00007ffdfda69000 	C:\WINDOWS\WinSxS\amd64_microsoft.windows.common-controls_6595b64144ccf1df_6.0.16299.309_none_15cfd4c4935e6b11\COMCTL32.dll
0x00007ffe0a060000 - 0x00007ffe0a368000 	C:\WINDOWS\System32\combase.dll
0x00007ffe073e0000 - 0x00007ffe07452000 	C:\WINDOWS\System32\bcryptPrimitives.dll
0x00007ffe02b90000 - 0x00007ffe02b9a000 	C:\WINDOWS\SYSTEM32\VERSION.dll
0x00007ffe08980000 - 0x00007ffe089ad000 	C:\WINDOWS\System32\IMM32.DLL
0x00007ffe02100000 - 0x00007ffe021ef000 	C:\Program Files\Java\jdk-9.0.4\bin\msvcr120.dll
0x00007ffdf35c0000 - 0x00007ffdf3666000 	C:\Program Files\Java\jdk-9.0.4\bin\msvcp120.dll
0x0000000059cc0000 - 0x000000005a6e5000 	C:\Program Files\Java\jdk-9.0.4\bin\server\jvm.dll
0x00007ffe0a7e0000 - 0x00007ffe0a7e8000 	C:\WINDOWS\System32\PSAPI.DLL
0x00007ffdfb8e0000 - 0x00007ffdfb8e9000 	C:\WINDOWS\SYSTEM32\WSOCK32.dll
0x00007ffe0a490000 - 0x00007ffe0a4fc000 	C:\WINDOWS\System32\WS2_32.dll
0x00007ffe05760000 - 0x00007ffe05783000 	C:\WINDOWS\SYSTEM32\WINMM.dll
0x00007ffe05730000 - 0x00007ffe0575a000 	C:\WINDOWS\SYSTEM32\WINMMBASE.dll
0x00007ffe07600000 - 0x00007ffe0764a000 	C:\WINDOWS\System32\cfgmgr32.dll
0x00007ffe05270000 - 0x00007ffe0527f000 	C:\Program Files\Java\jdk-9.0.4\bin\verify.dll
0x00007ffe03710000 - 0x00007ffe03737000 	C:\Program Files\Java\jdk-9.0.4\bin\java.dll
0x00007ffdf1b70000 - 0x00007ffdf1b9a000 	C:\Program Files\Java\jdk-9.0.4\bin\instrument.dll
0x00007ffe05250000 - 0x00007ffe05266000 	C:\Program Files\Java\jdk-9.0.4\bin\zip.dll
0x00007ffe04100000 - 0x00007ffe0410a000 	C:\Program Files\Java\jdk-9.0.4\bin\jimage.dll
0x00007ffe089b0000 - 0x00007ffe09de6000 	C:\WINDOWS\System32\SHELL32.dll
0x00007ffe09fb0000 - 0x00007ffe0a056000 	C:\WINDOWS\System32\shcore.dll
0x00007ffe07650000 - 0x00007ffe07d97000 	C:\WINDOWS\System32\windows.storage.dll
0x00007ffe08580000 - 0x00007ffe085d1000 	C:\WINDOWS\System32\shlwapi.dll
0x00007ffe073a0000 - 0x00007ffe073b1000 	C:\WINDOWS\System32\kernel.appcore.dll
0x00007ffe07350000 - 0x00007ffe0739c000 	C:\WINDOWS\System32\powrprof.dll
0x00007ffe07330000 - 0x00007ffe0734b000 	C:\WINDOWS\System32\profapi.dll
0x00007ffe03340000 - 0x00007ffe0335a000 	C:\Program Files\Java\jdk-9.0.4\bin\net.dll
0x00007ffe00f30000 - 0x00007ffe0100e000 	C:\WINDOWS\SYSTEM32\WINHTTP.dll
0x00007ffe06bc0000 - 0x00007ffe06c26000 	C:\WINDOWS\system32\mswsock.dll
0x00007ffe020e0000 - 0x00007ffe020f1000 	C:\Program Files\Java\jdk-9.0.4\bin\nio.dll
0x00007ffdf6070000 - 0x00007ffdf608a000 	D:\IntelliJ IDEA 2017.3.3\bin\breakgen64.dll
0x000002915b8c0000 - 0x000002915b8c3000 	C:\Program Files\Java\jdk-9.0.4\bin\api-ms-win-core-console-l1-1-0.dll
0x000002915b8d0000 - 0x000002915b8d3000 	C:\Program Files\Java\jdk-9.0.4\bin\api-ms-win-core-datetime-l1-1-0.dll
0x000002915b8e0000 - 0x000002915b8e3000 	C:\Program Files\Java\jdk-9.0.4\bin\api-ms-win-core-debug-l1-1-0.dll
0x000002917f940000 - 0x000002917f943000 	C:\Program Files\Java\jdk-9.0.4\bin\api-ms-win-core-errorhandling-l1-1-0.dll
0x000002917f950000 - 0x000002917f954000 	C:\Program Files\Java\jdk-9.0.4\bin\api-ms-win-core-file-l1-1-0.dll
0x000002917f960000 - 0x000002917f963000 	C:\Program Files\Java\jdk-9.0.4\bin\api-ms-win-core-file-l1-2-0.dll
0x000002917f970000 - 0x000002917f973000 	C:\Program Files\Java\jdk-9.0.4\bin\api-ms-win-core-file-l2-1-0.dll
0x000002917f980000 - 0x000002917f983000 	C:\Program Files\Java\jdk-9.0.4\bin\api-ms-win-core-handle-l1-1-0.dll
0x000002917f990000 - 0x000002917f993000 	C:\Program Files\Java\jdk-9.0.4\bin\api-ms-win-core-heap-l1-1-0.dll
0x000002917f9a0000 - 0x000002917f9a3000 	C:\Program Files\Java\jdk-9.0.4\bin\api-ms-win-core-interlocked-l1-1-0.dll
0x000002917f9b0000 - 0x000002917f9b3000 	C:\Program Files\Java\jdk-9.0.4\bin\api-ms-win-core-libraryloader-l1-1-0.dll
0x000002917f9c0000 - 0x000002917f9c3000 	C:\Program Files\Java\jdk-9.0.4\bin\api-ms-win-core-localization-l1-2-0.dll
0x000002917f9d0000 - 0x000002917f9d3000 	C:\Program Files\Java\jdk-9.0.4\bin\api-ms-win-core-memory-l1-1-0.dll
0x000002917f9e0000 - 0x000002917f9e3000 	C:\Program Files\Java\jdk-9.0.4\bin\api-ms-win-core-namedpipe-l1-1-0.dll
0x000002917f9f0000 - 0x000002917f9f3000 	C:\Program Files\Java\jdk-9.0.4\bin\api-ms-win-core-processenvironment-l1-1-0.dll
0x000002917fa00000 - 0x000002917fa03000 	C:\Program Files\Java\jdk-9.0.4\bin\api-ms-win-core-processthreads-l1-1-0.dll
0x000002917fa10000 - 0x000002917fa13000 	C:\Program Files\Java\jdk-9.0.4\bin\api-ms-win-core-processthreads-l1-1-1.dll
0x000002917fa20000 - 0x000002917fa23000 	C:\Program Files\Java\jdk-9.0.4\bin\api-ms-win-core-profile-l1-1-0.dll
0x000002917fa30000 - 0x000002917fa33000 	C:\Program Files\Java\jdk-9.0.4\bin\api-ms-win-core-rtlsupport-l1-1-0.dll
0x000002917fa40000 - 0x000002917fa43000 	C:\Program Files\Java\jdk-9.0.4\bin\api-ms-win-core-string-l1-1-0.dll
0x000002917fa50000 - 0x000002917fa53000 	C:\Program Files\Java\jdk-9.0.4\bin\api-ms-win-core-synch-l1-1-0.dll
0x000002917fa60000 - 0x000002917fa63000 	C:\Program Files\Java\jdk-9.0.4\bin\api-ms-win-core-synch-l1-2-0.dll
0x000002917fa70000 - 0x000002917fa73000 	C:\Program Files\Java\jdk-9.0.4\bin\api-ms-win-core-sysinfo-l1-1-0.dll
0x000002917fa80000 - 0x000002917fa83000 	C:\Program Files\Java\jdk-9.0.4\bin\api-ms-win-core-timezone-l1-1-0.dll
0x000002917fa90000 - 0x000002917fa93000 	C:\Program Files\Java\jdk-9.0.4\bin\api-ms-win-core-util-l1-1-0.dll
0x000002917faa0000 - 0x000002917faa3000 	C:\Program Files\Java\jdk-9.0.4\bin\api-ms-win-crt-conio-l1-1-0.dll
0x000002917fab0000 - 0x000002917fab4000 	C:\Program Files\Java\jdk-9.0.4\bin\api-ms-win-crt-convert-l1-1-0.dll
0x000002917fac0000 - 0x000002917fac3000 	C:\Program Files\Java\jdk-9.0.4\bin\api-ms-win-crt-environment-l1-1-0.dll
0x000002917fad0000 - 0x000002917fad3000 	C:\Program Files\Java\jdk-9.0.4\bin\api-ms-win-crt-filesystem-l1-1-0.dll
0x000002917fae0000 - 0x000002917fae3000 	C:\Program Files\Java\jdk-9.0.4\bin\api-ms-win-crt-heap-l1-1-0.dll
0x000002917faf0000 - 0x000002917faf3000 	C:\Program Files\Java\jdk-9.0.4\bin\api-ms-win-crt-locale-l1-1-0.dll
0x000002917fb00000 - 0x000002917fb05000 	C:\Program Files\Java\jdk-9.0.4\bin\api-ms-win-crt-math-l1-1-0.dll
0x000002917fb10000 - 0x000002917fb15000 	C:\Program Files\Java\jdk-9.0.4\bin\api-ms-win-crt-multibyte-l1-1-0.dll
0x000002917fb20000 - 0x000002917fb30000 	C:\Program Files\Java\jdk-9.0.4\bin\api-ms-win-crt-private-l1-1-0.dll
0x000002917fb30000 - 0x000002917fb33000 	C:\Program Files\Java\jdk-9.0.4\bin\api-ms-win-crt-process-l1-1-0.dll
0x000002917fb40000 - 0x000002917fb44000 	C:\Program Files\Java\jdk-9.0.4\bin\api-ms-win-crt-runtime-l1-1-0.dll
0x000002917fb50000 - 0x000002917fb54000 	C:\Program Files\Java\jdk-9.0.4\bin\api-ms-win-crt-stdio-l1-1-0.dll
0x000002917fb60000 - 0x000002917fb64000 	C:\Program Files\Java\jdk-9.0.4\bin\api-ms-win-crt-string-l1-1-0.dll
0x000002917fb70000 - 0x000002917fb73000 	C:\Program Files\Java\jdk-9.0.4\bin\api-ms-win-crt-time-l1-1-0.dll
0x000002917fb80000 - 0x000002917fb83000 	C:\Program Files\Java\jdk-9.0.4\bin\api-ms-win-crt-utility-l1-1-0.dll
0x00007ffddd940000 - 0x00007ffddda36000 	C:\Program Files\Java\jdk-9.0.4\bin\ucrtbase.dll
0x00007ffdf4ee0000 - 0x00007ffdf4ef6000 	C:\Program Files\Java\jdk-9.0.4\bin\vcruntime140.dll
0x00007ffde1d50000 - 0x00007ffde1dec000 	C:\Program Files\Java\jdk-9.0.4\bin\msvcp140.dll
0x00007ffde02b0000 - 0x00007ffde0301000 	C:\Program Files\Java\jdk-9.0.4\bin\concrt140.dll
0x00007ffde2610000 - 0x00007ffde2633000 	C:\Program Files\Java\jdk-9.0.4\bin\prism_d3d.dll
0x00007ffdfd3c0000 - 0x00007ffdfd555000 	C:\WINDOWS\system32\d3d9.dll
0x00007ffe05bd0000 - 0x00007ffe05bfa000 	C:\WINDOWS\SYSTEM32\dwmapi.dll
0x00007ffe05b00000 - 0x00007ffe05b95000 	C:\WINDOWS\system32\uxtheme.dll
0x00007ffe00600000 - 0x00007ffe006eb000 	C:\WINDOWS\System32\DriverStore\FileRepository\nv_dispi.inf_amd64_5601d21ccd639df9\nvldumdx.dll
0x00007ffe081c0000 - 0x00007ffe0838e000 	C:\WINDOWS\System32\crypt32.dll
0x00007ffe073c0000 - 0x00007ffe073d2000 	C:\WINDOWS\System32\MSASN1.dll
0x00007ffe080c0000 - 0x00007ffe08118000 	C:\WINDOWS\System32\WINTRUST.DLL
0x00007ffe0a7c0000 - 0x00007ffe0a7dd000 	C:\WINDOWS\System32\imagehlp.dll
0x00007ffe06d80000 - 0x00007ffe06d97000 	C:\WINDOWS\SYSTEM32\CRYPTSP.dll
0x00007ffe067c0000 - 0x00007ffe067f3000 	C:\WINDOWS\system32\rsaenh.dll
0x00007ffe06e90000 - 0x00007ffe06eb5000 	C:\WINDOWS\SYSTEM32\bcrypt.dll
0x00007ffe06da0000 - 0x00007ffe06dab000 	C:\WINDOWS\SYSTEM32\CRYPTBASE.dll
0x00007ffdd5e40000 - 0x00007ffdd704a000 	C:\WINDOWS\System32\DriverStore\FileRepository\nv_dispi.inf_amd64_5601d21ccd639df9\nvd3dumx.dll
0x00007ffdddce0000 - 0x00007ffdddf46000 	C:\WINDOWS\system32\nvspcap64.dll
0x00007ffe0a670000 - 0x00007ffe0a7b9000 	C:\WINDOWS\System32\ole32.dll
0x00007ffe084b0000 - 0x00007ffe08575000 	C:\WINDOWS\System32\OLEAUT32.dll
0x00007ffe06460000 - 0x00007ffe06491000 	C:\WINDOWS\SYSTEM32\ntmarta.dll
0x00007ffde0260000 - 0x00007ffde02aa000 	C:\Program Files\Java\jdk-9.0.4\bin\glass.dll
0x00007ffe09ea0000 - 0x00007ffe09faa000 	C:\WINDOWS\System32\COMDLG32.dll
0x00007ffe0a500000 - 0x00007ffe0a667000 	C:\WINDOWS\System32\MSCTF.dll
0x00007ffdfcf00000 - 0x00007ffdfcfeb000 	C:\Program Files (x86)\NVIDIA Corporation\3D Vision\nvSCPAPI64.dll
0x00007ffe0aaa0000 - 0x00007ffe0aeee000 	C:\WINDOWS\System32\SETUPAPI.dll
0x00007ffe06990000 - 0x00007ffe06a46000 	C:\WINDOWS\SYSTEM32\DNSAPI.dll
0x00007ffe0aef0000 - 0x00007ffe0aef8000 	C:\WINDOWS\System32\NSI.dll
0x00007ffe06950000 - 0x00007ffe06989000 	C:\WINDOWS\SYSTEM32\IPHLPAPI.DLL
0x000000005ef80000 - 0x000000005efa6000 	C:\Program Files\Bonjour\mdnsNSP.dll
0x00007ffdfd6a0000 - 0x00007ffdfd6aa000 	C:\Windows\System32\rasadhlp.dll
0x00007ffdfd790000 - 0x00007ffdfd800000 	C:\WINDOWS\System32\fwpuclnt.dll
0x00007ffdedc80000 - 0x00007ffdedc94000 	C:\Program Files\Java\jdk-9.0.4\bin\javafx_font.dll
0x00007ffdd7a20000 - 0x00007ffdd7bb9000 	C:\Program Files\Java\jdk-9.0.4\bin\awt.dll
0x00007ffe04b10000 - 0x00007ffe050c8000 	C:\WINDOWS\SYSTEM32\d2d1.dll
0x00007ffe05660000 - 0x00007ffe056e8000 	C:\WINDOWS\SYSTEM32\apphelp.dll
0x00007ffddf500000 - 0x00007ffddf59d000 	C:\Program Files\Java\jdk-9.0.4\bin\fontmanager.dll
0x00007ffded970000 - 0x00007ffdedc7f000 	C:\WINDOWS\SYSTEM32\dwrite.dll
0x00007ffe0af00000 - 0x00007ffe0af9e000 	C:\WINDOWS\System32\clbcatq.dll
0x00007ffe03480000 - 0x00007ffe0362b000 	C:\WINDOWS\SYSTEM32\WindowsCodecs.dll
0x00007ffdf13b0000 - 0x00007ffdf13ff000 	C:\WINDOWS\system32\dataexchange.dll
0x00007ffe04740000 - 0x00007ffe04a22000 	C:\WINDOWS\system32\d3d11.dll

VM Arguments:
jvm_args: -javaagent:D:\IntelliJ IDEA 2017.3.3\lib\idea_rt.jar=52532:D:\IntelliJ IDEA 2017.3.3\bin -Dfile.encoding=UTF-8 
java_command: sample.Main
java_class_path (initial): C:\Users\Luke\IdeaProjects\EducationalTool\out\production\EducationalTool;D:\mysql-connector-java-5.1.46\mysql-connector-java-5.1.46.jar;C:\Users\Luke\Documents\mfz-rxtx-2.2-20081207-win-x64\RXTXcomm.jar;D:\Downloads\JArduino-0.1.7\JArduino-0.1.7\jarduino.samples\lib\jmf.jar;D:\Downloads\JArduino-0.1.7\JArduino-0.1.7\jarduino.samples\lib\jstun.jar;D:\Downloads\JArduino-0.1.7\JArduino-0.1.7\jarduino.samples\lib\jcommon-1.0.15.jar;D:\Downloads\JArduino-0.1.7\JArduino-0.1.7\jarduino.samples\lib\jcommon-1.0.16.jar;D:\Downloads\JArduino-0.1.7\JArduino-0.1.7\jarduino.samples\lib\jfreechart-1.0.13.jar;D:\Downloads\JArduino-0.1.7\JArduino-0.1.7\jarduino.samples\lib\voiceclearly-1.0.0.jar;D:\Downloads\JArduino-0.1.7\JArduino-0.1.7\jarduino.samples\lib\twitter4j-core-2.2.2.jar;D:\Downloads\JArduino-0.1.7\JArduino-0.1.7\jarduino.samples\lib\org.kevoree.extra.osgi.rxtx-2.2.0.jar;D:\Downloads\JArduino-0.1.7\JArduino-0.1.7\jarduino.samples\lib\org.sintef.jarduino.gui-0.1.7-SNAPSHOT.jar;D:\Downloads\JArduino-0.1.7\JArduino-0.1.7\jarduino.samples\lib\org.sintef.jarduino.core-0.1.7-SNAPSHOT.jar
Launcher Type: SUN_STANDARD

Logging:
Log output configuration:
#0: stdout all=warning uptime,level,tags
#1: stderr all=off uptime,level,tags

Environment Variables:
JAVA_HOME=C:\Program Files (x86)\Java\jdk1.8.0_161
PATH=C:\Program Files (x86)\Common Files\Intel\Shared Libraries\redist\ia32\compiler;C:\Program Files (x86)\Common Files\Intel\Shared Libraries\redist\intel64\compiler;C:\ProgramData\Oracle\Java\javapath;C:\WINDOWS\system32;C:\WINDOWS;C:\WINDOWS\System32\Wbem;C:\WINDOWS\System32\WindowsPowerShell\v1.0\;C:\Program Files (x86)\Windows Live\Shared;C:\Program Files\PuTTY\;C:\Program Files\Git\cmd;C:\Program Files (x86)\NVIDIA Corporation\PhysX\Common;C:\RailsInstaller\Git\cmd;C:\RailsInstaller\Ruby2.3.3\bin;C:\Users\Luke\AppData\Local\Microsoft\WindowsApps;
USERNAME=Luke
OS=Windows_NT
PROCESSOR_IDENTIFIER=Intel64 Family 6 Model 94 Stepping 3, GenuineIntel



---------------  S Y S T E M  ---------------

OS: Windows 10 , 64 bit Build 16299 (10.0.16299.15)

CPU:total 4 (initial active 4) (4 cores per cpu, 1 threads per core) family 6 model 94 stepping 3, cmov, cx8, fxsr, mmx, sse, sse2, sse3, ssse3, sse4.1, sse4.2, popcnt, avx, avx2, aes, clmul, erms, rtm, 3dnowpref, lzcnt, tsc, tscinvbit, bmi1, bmi2, adx, fma

Memory: 4k page, physical 8320752k(3291660k free), swap 9762544k(2601388k free)

vm_info: Java HotSpot(TM) 64-Bit Server VM (9.0.4+11) for windows-amd64 JRE (9.0.4+11), built on Dec 20 2017 02:18:54 by "mach5one" with MS VC++ 12.0 (VS2013)

END.
