#
# A fatal error has been detected by the Java Runtime Environment:
#
#  EXCEPTION_ACCESS_VIOLATION (0xc0000005) at pc=0x0000000180005b00, pid=4544, tid=27888
#
# JRE version: Java(TM) SE Runtime Environment (9.0+11) (build 9.0.4+11)
# Java VM: Java HotSpot(TM) 64-Bit Server VM (9.0.4+11, mixed mode, tiered, compressed oops, g1 gc, windows-amd64)
# Problematic frame:
# C  0x0000000180005b00
#
# No core dump will be written. Minidumps are not enabled by default on client versions of Windows
#
# If you would like to submit a bug report, please visit:
#   http://bugreport.java.com/bugreport/crash.jsp
# The crash happened outside the Java Virtual Machine in native code.
# See problematic frame for where to report the bug.
#

---------------  S U M M A R Y ------------

Command Line: -javaagent:D:\IntelliJ IDEA 2017.3.3\lib\idea_rt.jar=59450:D:\IntelliJ IDEA 2017.3.3\bin -Dfile.encoding=UTF-8 sample.Main

Host: Intel(R) Core(TM) i5-6500 CPU @ 3.20GHz, 4 cores, 7G,  Windows 10 , 64 bit Build 16299 (10.0.16299.15)
Time: Tue Mar 27 12:59:13 2018 GMT Summer Time elapsed time: 16 seconds (0d 0h 0m 16s)

---------------  T H R E A D  ---------------

Current thread (0x0000021e2b0a8000):  JavaThread "Thread-3" [_thread_in_native, id=27888, stack(0x0000002064f00000,0x0000002065000000)]

Stack: [0x0000002064f00000,0x0000002065000000],  sp=0x0000002064ffe090,  free space=1016k
Native frames: (J=compiled Java code, j=interpreted, Vv=VM code, C=native code)
C  0x0000000180005b00
C  0x0000000180005f3f
C  0x0000021e138a921c

Java frames: (J=compiled Java code, j=interpreted, Vv=VM code)
j  gnu.io.RXTXPort.readByte()I+0
j  gnu.io.RXTXPort$SerialInputStream.read()I+81
j  org.sintef.jarduino.comm.Serial4JArduino$SerialReader.serialEvent(Lgnu/io/SerialPortEvent;)V+7
j  gnu.io.RXTXPort.sendEvent(IZ)Z+382
v  ~StubRoutines::call_stub
j  gnu.io.RXTXPort.eventLoop()V+0
j  gnu.io.RXTXPort$MonitorThread.run()V+12
v  ~StubRoutines::call_stub

siginfo: EXCEPTION_ACCESS_VIOLATION (0xc0000005), reading address 0x0000000064ffea38


Register to memory mapping:

RIP=0x0000000180005b00 is an unknown value
RAX=0x0000000000000001 is an unknown value
RBX=0x0000000000000000 is an unknown value
RCX=0x000000018001d4d5 is an unknown value
RDX=0xfffffffffffff665 is an unknown value
RSP=0x0000002064ffe090 is pointing into the stack for thread: 0x0000021e2b0a8000
RBP=
[error occurred during error reporting (printing register info), id 0xc0000005]

Registers:
RAX=0x0000000000000001, RBX=0x0000000000000000, RCX=0x000000018001d4d5, RDX=0xfffffffffffff665
RSP=0x0000002064ffe090, RBP=0x00000000ffffffff, RSI=0x0000000000000000, RDI=0x0000021e2b0a8218
R8 =0x0000000000000002, R9 =0xfffffffffffff63c, R10=0x0000000000000038, R11=0x8101010101010100
R12=0x0000000064ffea30, R13=0x0000000000000001, R14=0x0000002064ffe238, R15=0x0000000000000000
RIP=0x0000000180005b00, EFLAGS=0x0000000000010202

Top of Stack: (sp=0x0000002064ffe090)
0x0000002064ffe090:   0000000000000000 0000000000000000
0x0000002064ffe0a0:   0000002064ffe238 0000000000000000
0x0000002064ffe0b0:   0000021e2b0a8000 0000002064ffe238
0x0000002064ffe0c0:   0000021e35c0dce8 0000002064ffe238
0x0000002064ffe0d0:   ffffffffffffffff 0000000000000001
0x0000002064ffe0e0:   0000021e32ecbce0 0000000180005f3f
0x0000002064ffe0f0:   0000021e2b0a8218 0000021e2b0a8218
0x0000002064ffe100:   0000021e00000001 0000002064ffe120
0x0000002064ffe110:   0000021e00000001 0000021effffffff
0x0000002064ffe120:   0000021e2b0a5060 0000002064ffe238
0x0000002064ffe130:   0000002064ffe6a8 0000021e00000000
0x0000002064ffe140:   0000021e35c0dcf0 0000021e2b0a8000
0x0000002064ffe150:   0000021e35c0dcf0 0000021e2b0a8000
0x0000002064ffe160:   0000000000000148 0000021e138a9074
0x0000002064ffe170:   0000c40cb387bb15 0000021e2b0a8000
0x0000002064ffe180:   0000000000000000 0000000000000148 

Instructions: (pc=0x0000000180005b00)
0x0000000180005ae0:   15 23 7a 01 00 48 8d 48 60 e8 3a 5d 00 00 4c 8b
0x0000000180005af0:   e5 8b ac 24 88 00 00 00 44 8b ac 24 80 00 00 00
0x0000000180005b00:   45 8b 74 24 08 41 89 5c 24 08 41 8b fd 85 ed 78
0x0000000180005b10:   09 ff 15 e9 14 01 00 44 8b f8 45 85 ed 7e 4a 90 



---------------  P R O C E S S  ---------------

Java Threads: ( => current thread )
=>0x0000021e2b0a8000 JavaThread "Thread-3" [_thread_in_native, id=27888, stack(0x0000002064f00000,0x0000002065000000)]
  0x0000021e328be000 JavaThread "Prism Font Disposer" daemon [_thread_blocked, id=9124, stack(0x0000002064900000,0x0000002064a00000)]
  0x0000021e3092c800 JavaThread "Java2D Disposer" daemon [_thread_blocked, id=7744, stack(0x0000002064800000,0x0000002064900000)]
  0x0000021e2b899000 JavaThread "Thread-2" daemon [_thread_in_native, id=19428, stack(0x0000002064500000,0x0000002064600000)]
  0x0000021e2b7fb000 JavaThread "Abandoned connection cleanup thread" daemon [_thread_blocked, id=17312, stack(0x0000002064700000,0x0000002064800000)]
  0x0000021e2b810800 JavaThread "JavaFX-Launcher" [_thread_blocked, id=23076, stack(0x0000002064600000,0x0000002064700000)]
  0x0000021e2b4a6800 JavaThread "JavaFX Application Thread" [_thread_blocked, id=20816, stack(0x0000002064400000,0x0000002064500000)]
  0x0000021e2b4a5800 JavaThread "InvokeLaterDispatcher" daemon [_thread_blocked, id=8328, stack(0x0000002064300000,0x0000002064400000)]
  0x0000021e2b400800 JavaThread "QuantumRenderer-0" daemon [_thread_blocked, id=25064, stack(0x0000002064000000,0x0000002064100000)]
  0x0000021e2b1a4800 JavaThread "Service Thread" daemon [_thread_blocked, id=28772, stack(0x0000002063e00000,0x0000002063f00000)]
  0x0000021e2b1a4000 JavaThread "Monitor Ctrl-Break" daemon [_thread_in_native, id=15880, stack(0x0000002063d00000,0x0000002063e00000)]
  0x0000021e2adc8800 JavaThread "Common-Cleaner" daemon [_thread_blocked, id=13696, stack(0x0000002063c00000,0x0000002063d00000)]
  0x0000021e2ad8f800 JavaThread "Sweeper thread" daemon [_thread_blocked, id=25964, stack(0x0000002063b00000,0x0000002063c00000)]
  0x0000021e2ad31000 JavaThread "C1 CompilerThread2" daemon [_thread_blocked, id=19692, stack(0x0000002063a00000,0x0000002063b00000)]
  0x0000021e2ad2c000 JavaThread "C2 CompilerThread1" daemon [_thread_blocked, id=3988, stack(0x0000002063900000,0x0000002063a00000)]
  0x0000021e2ad28000 JavaThread "C2 CompilerThread0" daemon [_thread_blocked, id=25552, stack(0x0000002063800000,0x0000002063900000)]
  0x0000021e2ad24000 JavaThread "Attach Listener" daemon [_thread_blocked, id=11012, stack(0x0000002063700000,0x0000002063800000)]
  0x0000021e2ad23000 JavaThread "Signal Dispatcher" daemon [_thread_blocked, id=28564, stack(0x0000002063600000,0x0000002063700000)]
  0x0000021e2ad19800 JavaThread "Finalizer" daemon [_thread_blocked, id=21924, stack(0x0000002063500000,0x0000002063600000)]
  0x0000021e2ad06000 JavaThread "Reference Handler" daemon [_thread_blocked, id=17196, stack(0x0000002063400000,0x0000002063500000)]
  0x0000021e079e5800 JavaThread "main" [_thread_blocked, id=15296, stack(0x0000002062700000,0x0000002062800000)]

Other Threads:
  0x0000021e2ad01800 VMThread "VM Thread" [stack: 0x0000002063300000,0x0000002063400000] [id=28328]
  0x0000021e2b1b9000 WatcherThread [stack: 0x0000002063f00000,0x0000002064000000] [id=26556]
  0x0000021e079fc800 GCTaskThread "GC Thread#0" [stack: 0x0000002062800000,0x0000002062900000] [id=23016]
  0x0000021e079fe000 GCTaskThread "GC Thread#1" [stack: 0x0000002062900000,0x0000002062a00000] [id=13884]
  0x0000021e07a00800 GCTaskThread "GC Thread#2" [stack: 0x0000002062a00000,0x0000002062b00000] [id=24916]
  0x0000021e07a01800 GCTaskThread "GC Thread#3" [stack: 0x0000002062b00000,0x0000002062c00000] [id=17144]
  0x0000021e07a83800 ConcurrentGCThread "G1 Main Marker" [stack: 0x0000002063100000,0x0000002063200000] [id=15584]
  0x0000021e07a87800 ConcurrentGCThread "G1 Marker#0" [stack: 0x0000002063200000,0x0000002063300000] [id=29764]
  0x0000021e07a14000 ConcurrentGCThread "G1 Refine#0" [stack: 0x0000002062f00000,0x0000002063000000] [id=8880]
  0x0000021e07a13000 ConcurrentGCThread "G1 Refine#1" [stack: 0x0000002062e00000,0x0000002062f00000] [id=17720]
  0x0000021e07a09800 ConcurrentGCThread "G1 Refine#2" [stack: 0x0000002062d00000,0x0000002062e00000] [id=19212]
  0x0000021e07a06800 ConcurrentGCThread "G1 Refine#3" [stack: 0x0000002062c00000,0x0000002062d00000] [id=21440]
  0x0000021e07a15800 ConcurrentGCThread "G1 Young RemSet Sampling" [stack: 0x0000002063000000,0x0000002063100000] [id=828]

Threads with active compile tasks:

VM state:not at safepoint (normal execution)

VM Mutex/Monitor currently owned by a thread: None

Heap address: 0x0000000081000000, size: 2032 MB, Compressed Oops mode: 32-bit
Narrow klass base: 0x0000000000000000, Narrow klass shift: 3
Compressed class space size: 1073741824 Address: 0x0000000100000000

Heap:
 garbage-first heap   total 131072K, used 26624K [0x0000000081000000, 0x0000000081100400, 0x0000000100000000)
  region size 1024K, 20 young (20480K), 4 survivors (4096K)
 Metaspace       used 25370K, capacity 27016K, committed 27264K, reserved 1073152K
  class space    used 3026K, capacity 3364K, committed 3456K, reserved 1048576K
Heap Regions: E=young(eden), S=young(survivor), O=old, HS=humongous(starts), HC=humongous(continues), CS=collection set, F=free, A=archive, TS=gc time stamp, AC=allocation context, TAMS=top-at-mark-start (previous, next)
|   0|0x0000000081000000, 0x0000000081100000, 0x0000000081100000|100%| O|  |TS  0|AC  0|TAMS 0x0000000081100000, 0x0000000081100000|
|   1|0x0000000081100000, 0x0000000081200000, 0x0000000081200000|100%| O|  |TS  0|AC  0|TAMS 0x0000000081200000, 0x0000000081200000|
|   2|0x0000000081200000, 0x0000000081300000, 0x0000000081300000|100%| O|  |TS  0|AC  0|TAMS 0x0000000081300000, 0x0000000081300000|
|   3|0x0000000081300000, 0x0000000081400000, 0x0000000081400000|100%| O|  |TS  0|AC  0|TAMS 0x0000000081400000, 0x0000000081400000|
|   4|0x0000000081400000, 0x0000000081500000, 0x0000000081500000|100%| O|  |TS  0|AC  0|TAMS 0x0000000081500000, 0x0000000081500000|
|   5|0x0000000081500000, 0x0000000081600000, 0x0000000081600000|100%|HS|  |TS  0|AC  0|TAMS 0x0000000081500000, 0x0000000081500000|
|   6|0x0000000081600000, 0x0000000081700000, 0x0000000081700000|100%|HC|  |TS  0|AC  0|TAMS 0x0000000081600000, 0x0000000081600000|
|   7|0x0000000081700000, 0x0000000081700000, 0x0000000081800000|  0%| F|  |TS  0|AC  0|TAMS 0x0000000081700000, 0x0000000081700000|
|   8|0x0000000081800000, 0x0000000081800000, 0x0000000081900000|  0%| F|  |TS  0|AC  0|TAMS 0x0000000081800000, 0x0000000081800000|
|   9|0x0000000081900000, 0x0000000081900000, 0x0000000081a00000|  0%| F|  |TS  0|AC  0|TAMS 0x0000000081900000, 0x0000000081900000|
|  10|0x0000000081a00000, 0x0000000081a00000, 0x0000000081b00000|  0%| F|  |TS  0|AC  0|TAMS 0x0000000081a00000, 0x0000000081a00000|
|  11|0x0000000081b00000, 0x0000000081b00000, 0x0000000081c00000|  0%| F|  |TS  0|AC  0|TAMS 0x0000000081b00000, 0x0000000081b00000|
|  12|0x0000000081c00000, 0x0000000081c00000, 0x0000000081d00000|  0%| F|  |TS  0|AC  0|TAMS 0x0000000081c00000, 0x0000000081c00000|
|  13|0x0000000081d00000, 0x0000000081d00000, 0x0000000081e00000|  0%| F|  |TS  0|AC  0|TAMS 0x0000000081d00000, 0x0000000081d00000|
|  14|0x0000000081e00000, 0x0000000081e00000, 0x0000000081f00000|  0%| F|  |TS  0|AC  0|TAMS 0x0000000081e00000, 0x0000000081e00000|
|  15|0x0000000081f00000, 0x0000000081f00000, 0x0000000082000000|  0%| F|  |TS  0|AC  0|TAMS 0x0000000081f00000, 0x0000000081f00000|
|  16|0x0000000082000000, 0x0000000082000000, 0x0000000082100000|  0%| F|  |TS  0|AC  0|TAMS 0x0000000082000000, 0x0000000082000000|
|  17|0x0000000082100000, 0x0000000082100000, 0x0000000082200000|  0%| F|  |TS  0|AC  0|TAMS 0x0000000082100000, 0x0000000082100000|
|  18|0x0000000082200000, 0x0000000082200000, 0x0000000082300000|  0%| F|  |TS  0|AC  0|TAMS 0x0000000082200000, 0x0000000082200000|
|  19|0x0000000082300000, 0x0000000082300000, 0x0000000082400000|  0%| F|  |TS  0|AC  0|TAMS 0x0000000082300000, 0x0000000082300000|
|  20|0x0000000082400000, 0x0000000082400000, 0x0000000082500000|  0%| F|  |TS  0|AC  0|TAMS 0x0000000082400000, 0x0000000082400000|
|  21|0x0000000082500000, 0x0000000082500000, 0x0000000082600000|  0%| F|  |TS  0|AC  0|TAMS 0x0000000082500000, 0x0000000082500000|
|  22|0x0000000082600000, 0x0000000082600000, 0x0000000082700000|  0%| F|  |TS  0|AC  0|TAMS 0x0000000082600000, 0x0000000082600000|
|  23|0x0000000082700000, 0x0000000082700000, 0x0000000082800000|  0%| F|  |TS  0|AC  0|TAMS 0x0000000082700000, 0x0000000082700000|
|  24|0x0000000082800000, 0x0000000082800000, 0x0000000082900000|  0%| F|  |TS  0|AC  0|TAMS 0x0000000082800000, 0x0000000082800000|
|  25|0x0000000082900000, 0x0000000082900000, 0x0000000082a00000|  0%| F|  |TS  0|AC  0|TAMS 0x0000000082900000, 0x0000000082900000|
|  26|0x0000000082a00000, 0x0000000082a00000, 0x0000000082b00000|  0%| F|  |TS  0|AC  0|TAMS 0x0000000082a00000, 0x0000000082a00000|
|  27|0x0000000082b00000, 0x0000000082b00000, 0x0000000082c00000|  0%| F|  |TS  0|AC  0|TAMS 0x0000000082b00000, 0x0000000082b00000|
|  28|0x0000000082c00000, 0x0000000082c00000, 0x0000000082d00000|  0%| F|  |TS  0|AC  0|TAMS 0x0000000082c00000, 0x0000000082c00000|
|  29|0x0000000082d00000, 0x0000000082d00000, 0x0000000082e00000|  0%| F|  |TS  0|AC  0|TAMS 0x0000000082d00000, 0x0000000082d00000|
|  30|0x0000000082e00000, 0x0000000082e00000, 0x0000000082f00000|  0%| F|  |TS  0|AC  0|TAMS 0x0000000082e00000, 0x0000000082e00000|
|  31|0x0000000082f00000, 0x0000000082f00000, 0x0000000083000000|  0%| F|  |TS  0|AC  0|TAMS 0x0000000082f00000, 0x0000000082f00000|
|  32|0x0000000083000000, 0x0000000083000000, 0x0000000083100000|  0%| F|  |TS  0|AC  0|TAMS 0x0000000083000000, 0x0000000083000000|
|  33|0x0000000083100000, 0x0000000083100000, 0x0000000083200000|  0%| F|  |TS  0|AC  0|TAMS 0x0000000083100000, 0x0000000083100000|
|  34|0x0000000083200000, 0x0000000083200000, 0x0000000083300000|  0%| F|  |TS  0|AC  0|TAMS 0x0000000083200000, 0x0000000083200000|
|  35|0x0000000083300000, 0x0000000083300000, 0x0000000083400000|  0%| F|  |TS  0|AC  0|TAMS 0x0000000083300000, 0x0000000083300000|
|  36|0x0000000083400000, 0x0000000083400000, 0x0000000083500000|  0%| F|  |TS  0|AC  0|TAMS 0x0000000083400000, 0x0000000083400000|
|  37|0x0000000083500000, 0x0000000083500000, 0x0000000083600000|  0%| F|  |TS  0|AC  0|TAMS 0x0000000083500000, 0x0000000083500000|
|  38|0x0000000083600000, 0x0000000083600000, 0x0000000083700000|  0%| F|  |TS  0|AC  0|TAMS 0x0000000083600000, 0x0000000083600000|
|  39|0x0000000083700000, 0x0000000083700000, 0x0000000083800000|  0%| F|  |TS  0|AC  0|TAMS 0x0000000083700000, 0x0000000083700000|
|  40|0x0000000083800000, 0x0000000083800000, 0x0000000083900000|  0%| F|  |TS  0|AC  0|TAMS 0x0000000083800000, 0x0000000083800000|
|  41|0x0000000083900000, 0x0000000083900000, 0x0000000083a00000|  0%| F|  |TS  0|AC  0|TAMS 0x0000000083900000, 0x0000000083900000|
|  42|0x0000000083a00000, 0x0000000083a00000, 0x0000000083b00000|  0%| F|  |TS  0|AC  0|TAMS 0x0000000083a00000, 0x0000000083a00000|
|  43|0x0000000083b00000, 0x0000000083b00000, 0x0000000083c00000|  0%| F|  |TS  0|AC  0|TAMS 0x0000000083b00000, 0x0000000083b00000|
|  44|0x0000000083c00000, 0x0000000083c00000, 0x0000000083d00000|  0%| F|  |TS  0|AC  0|TAMS 0x0000000083c00000, 0x0000000083c00000|
|  45|0x0000000083d00000, 0x0000000083d00000, 0x0000000083e00000|  0%| F|  |TS  0|AC  0|TAMS 0x0000000083d00000, 0x0000000083d00000|
|  46|0x0000000083e00000, 0x0000000083e00000, 0x0000000083f00000|  0%| F|  |TS  0|AC  0|TAMS 0x0000000083e00000, 0x0000000083e00000|
|  47|0x0000000083f00000, 0x0000000083f00000, 0x0000000084000000|  0%| F|  |TS  0|AC  0|TAMS 0x0000000083f00000, 0x0000000083f00000|
|  48|0x0000000084000000, 0x0000000084000000, 0x0000000084100000|  0%| F|  |TS  0|AC  0|TAMS 0x0000000084000000, 0x0000000084000000|
|  49|0x0000000084100000, 0x0000000084100000, 0x0000000084200000|  0%| F|  |TS  0|AC  0|TAMS 0x0000000084100000, 0x0000000084100000|
|  50|0x0000000084200000, 0x0000000084200000, 0x0000000084300000|  0%| F|  |TS  0|AC  0|TAMS 0x0000000084200000, 0x0000000084200000|
|  51|0x0000000084300000, 0x0000000084300000, 0x0000000084400000|  0%| F|  |TS  0|AC  0|TAMS 0x0000000084300000, 0x0000000084300000|
|  52|0x0000000084400000, 0x0000000084400000, 0x0000000084500000|  0%| F|  |TS  0|AC  0|TAMS 0x0000000084400000, 0x0000000084400000|
|  53|0x0000000084500000, 0x0000000084500000, 0x0000000084600000|  0%| F|  |TS  0|AC  0|TAMS 0x0000000084500000, 0x0000000084500000|
|  54|0x0000000084600000, 0x0000000084600000, 0x0000000084700000|  0%| F|  |TS  0|AC  0|TAMS 0x0000000084600000, 0x0000000084600000|
|  55|0x0000000084700000, 0x0000000084700000, 0x0000000084800000|  0%| F|  |TS  0|AC  0|TAMS 0x0000000084700000, 0x0000000084700000|
|  56|0x0000000084800000, 0x0000000084800000, 0x0000000084900000|  0%| F|  |TS  0|AC  0|TAMS 0x0000000084800000, 0x0000000084800000|
|  57|0x0000000084900000, 0x0000000084900000, 0x0000000084a00000|  0%| F|  |TS  0|AC  0|TAMS 0x0000000084900000, 0x0000000084900000|
|  58|0x0000000084a00000, 0x0000000084a00000, 0x0000000084b00000|  0%| F|  |TS  0|AC  0|TAMS 0x0000000084a00000, 0x0000000084a00000|
|  59|0x0000000084b00000, 0x0000000084b00000, 0x0000000084c00000|  0%| F|  |TS  0|AC  0|TAMS 0x0000000084b00000, 0x0000000084b00000|
|  60|0x0000000084c00000, 0x0000000084c00000, 0x0000000084d00000|  0%| F|  |TS  0|AC  0|TAMS 0x0000000084c00000, 0x0000000084c00000|
|  61|0x0000000084d00000, 0x0000000084d00000, 0x0000000084e00000|  0%| F|  |TS  0|AC  0|TAMS 0x0000000084d00000, 0x0000000084d00000|
|  62|0x0000000084e00000, 0x0000000084e00000, 0x0000000084f00000|  0%| F|  |TS  0|AC  0|TAMS 0x0000000084e00000, 0x0000000084e00000|
|  63|0x0000000084f00000, 0x0000000084f00000, 0x0000000085000000|  0%| F|  |TS  0|AC  0|TAMS 0x0000000084f00000, 0x0000000084f00000|
|  64|0x0000000085000000, 0x0000000085000000, 0x0000000085100000|  0%| F|  |TS  0|AC  0|TAMS 0x0000000085000000, 0x0000000085000000|
|  65|0x0000000085100000, 0x0000000085100000, 0x0000000085200000|  0%| F|  |TS  0|AC  0|TAMS 0x0000000085100000, 0x0000000085100000|
|  66|0x0000000085200000, 0x0000000085200000, 0x0000000085300000|  0%| F|  |TS  0|AC  0|TAMS 0x0000000085200000, 0x0000000085200000|
|  67|0x0000000085300000, 0x0000000085300000, 0x0000000085400000|  0%| F|  |TS  0|AC  0|TAMS 0x0000000085300000, 0x0000000085300000|
|  68|0x0000000085400000, 0x0000000085400000, 0x0000000085500000|  0%| F|  |TS  0|AC  0|TAMS 0x0000000085400000, 0x0000000085400000|
|  69|0x0000000085500000, 0x0000000085500000, 0x0000000085600000|  0%| F|  |TS  0|AC  0|TAMS 0x0000000085500000, 0x0000000085500000|
|  70|0x0000000085600000, 0x0000000085600000, 0x0000000085700000|  0%| F|  |TS  0|AC  0|TAMS 0x0000000085600000, 0x0000000085600000|
|  71|0x0000000085700000, 0x0000000085700000, 0x0000000085800000|  0%| F|  |TS  0|AC  0|TAMS 0x0000000085700000, 0x0000000085700000|
|  72|0x0000000085800000, 0x0000000085800000, 0x0000000085900000|  0%| F|  |TS  0|AC  0|TAMS 0x0000000085800000, 0x0000000085800000|
|  73|0x0000000085900000, 0x0000000085900000, 0x0000000085a00000|  0%| F|  |TS  0|AC  0|TAMS 0x0000000085900000, 0x0000000085900000|
|  74|0x0000000085a00000, 0x0000000085a00000, 0x0000000085b00000|  0%| F|  |TS  0|AC  0|TAMS 0x0000000085a00000, 0x0000000085a00000|
|  75|0x0000000085b00000, 0x0000000085b00000, 0x0000000085c00000|  0%| F|  |TS  0|AC  0|TAMS 0x0000000085b00000, 0x0000000085b00000|
|  76|0x0000000085c00000, 0x0000000085c00000, 0x0000000085d00000|  0%| F|  |TS  0|AC  0|TAMS 0x0000000085c00000, 0x0000000085c00000|
|  77|0x0000000085d00000, 0x0000000085d00000, 0x0000000085e00000|  0%| F|  |TS  0|AC  0|TAMS 0x0000000085d00000, 0x0000000085d00000|
|  78|0x0000000085e00000, 0x0000000085e00000, 0x0000000085f00000|  0%| F|  |TS  0|AC  0|TAMS 0x0000000085e00000, 0x0000000085e00000|
|  79|0x0000000085f00000, 0x0000000085f00000, 0x0000000086000000|  0%| F|  |TS  0|AC  0|TAMS 0x0000000085f00000, 0x0000000085f00000|
|  80|0x0000000086000000, 0x0000000086000000, 0x0000000086100000|  0%| F|  |TS  0|AC  0|TAMS 0x0000000086000000, 0x0000000086000000|
|  81|0x0000000086100000, 0x0000000086100000, 0x0000000086200000|  0%| F|  |TS  0|AC  0|TAMS 0x0000000086100000, 0x0000000086100000|
|  82|0x0000000086200000, 0x0000000086200000, 0x0000000086300000|  0%| F|  |TS  0|AC  0|TAMS 0x0000000086200000, 0x0000000086200000|
|  83|0x0000000086300000, 0x0000000086300000, 0x0000000086400000|  0%| F|  |TS  0|AC  0|TAMS 0x0000000086300000, 0x0000000086300000|
|  84|0x0000000086400000, 0x0000000086400000, 0x0000000086500000|  0%| F|  |TS  0|AC  0|TAMS 0x0000000086400000, 0x0000000086400000|
|  85|0x0000000086500000, 0x0000000086500000, 0x0000000086600000|  0%| F|  |TS  0|AC  0|TAMS 0x0000000086500000, 0x0000000086500000|
|  86|0x0000000086600000, 0x0000000086600000, 0x0000000086700000|  0%| F|  |TS  0|AC  0|TAMS 0x0000000086600000, 0x0000000086600000|
|  87|0x0000000086700000, 0x0000000086700000, 0x0000000086800000|  0%| F|  |TS  0|AC  0|TAMS 0x0000000086700000, 0x0000000086700000|
|  88|0x0000000086800000, 0x0000000086800000, 0x0000000086900000|  0%| F|  |TS  0|AC  0|TAMS 0x0000000086800000, 0x0000000086800000|
|  89|0x0000000086900000, 0x0000000086900000, 0x0000000086a00000|  0%| F|  |TS  0|AC  0|TAMS 0x0000000086900000, 0x0000000086900000|
|  90|0x0000000086a00000, 0x0000000086a00000, 0x0000000086b00000|  0%| F|  |TS  0|AC  0|TAMS 0x0000000086a00000, 0x0000000086a00000|
|  91|0x0000000086b00000, 0x0000000086b00000, 0x0000000086c00000|  0%| F|  |TS  0|AC  0|TAMS 0x0000000086b00000, 0x0000000086b00000|
|  92|0x0000000086c00000, 0x0000000086c00000, 0x0000000086d00000|  0%| F|  |TS  0|AC  0|TAMS 0x0000000086c00000, 0x0000000086c00000|
|  93|0x0000000086d00000, 0x0000000086d00000, 0x0000000086e00000|  0%| F|  |TS  0|AC  0|TAMS 0x0000000086d00000, 0x0000000086d00000|
|  94|0x0000000086e00000, 0x0000000086e00000, 0x0000000086f00000|  0%| F|  |TS  0|AC  0|TAMS 0x0000000086e00000, 0x0000000086e00000|
|  95|0x0000000086f00000, 0x0000000086f00000, 0x0000000087000000|  0%| F|  |TS  0|AC  0|TAMS 0x0000000086f00000, 0x0000000086f00000|
|  96|0x0000000087000000, 0x0000000087000000, 0x0000000087100000|  0%| F|  |TS  0|AC  0|TAMS 0x0000000087000000, 0x0000000087000000|
|  97|0x0000000087100000, 0x0000000087100000, 0x0000000087200000|  0%| F|  |TS  0|AC  0|TAMS 0x0000000087100000, 0x0000000087100000|
|  98|0x0000000087200000, 0x0000000087200000, 0x0000000087300000|  0%| F|  |TS  0|AC  0|TAMS 0x0000000087200000, 0x0000000087200000|
|  99|0x0000000087300000, 0x0000000087300000, 0x0000000087400000|  0%| F|  |TS  0|AC  0|TAMS 0x0000000087300000, 0x0000000087300000|
| 100|0x0000000087400000, 0x0000000087400000, 0x0000000087500000|  0%| F|  |TS  0|AC  0|TAMS 0x0000000087400000, 0x0000000087400000|
| 101|0x0000000087500000, 0x0000000087500000, 0x0000000087600000|  0%| F|  |TS  0|AC  0|TAMS 0x0000000087500000, 0x0000000087500000|
| 102|0x0000000087600000, 0x0000000087600000, 0x0000000087700000|  0%| F|  |TS  0|AC  0|TAMS 0x0000000087600000, 0x0000000087600000|
| 103|0x0000000087700000, 0x0000000087700000, 0x0000000087800000|  0%| F|  |TS  0|AC  0|TAMS 0x0000000087700000, 0x0000000087700000|
| 104|0x0000000087800000, 0x0000000087800000, 0x0000000087900000|  0%| F|  |TS  0|AC  0|TAMS 0x0000000087800000, 0x0000000087800000|
| 105|0x0000000087900000, 0x0000000087900000, 0x0000000087a00000|  0%| F|  |TS  0|AC  0|TAMS 0x0000000087900000, 0x0000000087900000|
| 106|0x0000000087a00000, 0x0000000087a00000, 0x0000000087b00000|  0%| F|  |TS  0|AC  0|TAMS 0x0000000087a00000, 0x0000000087a00000|
| 107|0x0000000087b00000, 0x0000000087b00000, 0x0000000087c00000|  0%| F|  |TS  0|AC  0|TAMS 0x0000000087b00000, 0x0000000087b00000|
| 108|0x0000000087c00000, 0x0000000087d00000, 0x0000000087d00000|100%| S|CS|TS  0|AC  0|TAMS 0x0000000087c00000, 0x0000000087c00000|
| 109|0x0000000087d00000, 0x0000000087e00000, 0x0000000087e00000|100%| S|CS|TS  0|AC  0|TAMS 0x0000000087d00000, 0x0000000087d00000|
| 110|0x0000000087e00000, 0x0000000087f00000, 0x0000000087f00000|100%| S|CS|TS  0|AC  0|TAMS 0x0000000087e00000, 0x0000000087e00000|
| 111|0x0000000087f00000, 0x0000000088000000, 0x0000000088000000|100%| S|CS|TS  0|AC  0|TAMS 0x0000000087f00000, 0x0000000087f00000|
| 112|0x0000000088000000, 0x000000008807c7d8, 0x0000000088100000| 48%| E|  |TS  0|AC  0|TAMS 0x0000000088000000, 0x0000000088000000|
| 113|0x0000000088100000, 0x0000000088200000, 0x0000000088200000|100%| E|CS|TS  0|AC  0|TAMS 0x0000000088100000, 0x0000000088100000|
| 114|0x0000000088200000, 0x0000000088300000, 0x0000000088300000|100%| E|CS|TS  0|AC  0|TAMS 0x0000000088200000, 0x0000000088200000|
| 115|0x0000000088300000, 0x0000000088400000, 0x0000000088400000|100%| E|CS|TS  0|AC  0|TAMS 0x0000000088300000, 0x0000000088300000|
| 116|0x0000000088400000, 0x0000000088500000, 0x0000000088500000|100%| E|CS|TS  0|AC  0|TAMS 0x0000000088400000, 0x0000000088400000|
| 117|0x0000000088500000, 0x0000000088600000, 0x0000000088600000|100%| E|CS|TS  0|AC  0|TAMS 0x0000000088500000, 0x0000000088500000|
| 118|0x0000000088600000, 0x0000000088700000, 0x0000000088700000|100%| E|CS|TS  0|AC  0|TAMS 0x0000000088600000, 0x0000000088600000|
| 119|0x0000000088700000, 0x0000000088800000, 0x0000000088800000|100%| E|CS|TS  0|AC  0|TAMS 0x0000000088700000, 0x0000000088700000|
| 120|0x0000000088800000, 0x0000000088900000, 0x0000000088900000|100%| E|CS|TS  0|AC  0|TAMS 0x0000000088800000, 0x0000000088800000|
| 121|0x0000000088900000, 0x0000000088a00000, 0x0000000088a00000|100%| E|CS|TS  0|AC  0|TAMS 0x0000000088900000, 0x0000000088900000|
| 122|0x0000000088a00000, 0x0000000088b00000, 0x0000000088b00000|100%| E|CS|TS  0|AC  0|TAMS 0x0000000088a00000, 0x0000000088a00000|
| 123|0x0000000088b00000, 0x0000000088c00000, 0x0000000088c00000|100%| E|CS|TS  0|AC  0|TAMS 0x0000000088b00000, 0x0000000088b00000|
| 124|0x0000000088c00000, 0x0000000088d00000, 0x0000000088d00000|100%| E|CS|TS  0|AC  0|TAMS 0x0000000088c00000, 0x0000000088c00000|
| 125|0x0000000088d00000, 0x0000000088e00000, 0x0000000088e00000|100%| E|CS|TS  0|AC  0|TAMS 0x0000000088d00000, 0x0000000088d00000|
| 126|0x0000000088e00000, 0x0000000088f00000, 0x0000000088f00000|100%| E|CS|TS  0|AC  0|TAMS 0x0000000088e00000, 0x0000000088e00000|
| 127|0x0000000088f00000, 0x0000000089000000, 0x0000000089000000|100%| E|CS|TS  0|AC  0|TAMS 0x0000000088f00000, 0x0000000088f00000|

Card table byte_map: [0x0000021e236b0000,0x0000021e23ab0000] byte_map_base: 0x0000021e232a8000

Marking Bits (Prev, Next): (CMBitMap*) 0x0000021e07a82e78, (CMBitMap*) 0x0000021e07a82e40
 Prev Bits: [0x0000021e25e70000, 0x0000021e27e30000)
 Next Bits: [0x0000021e23eb0000, 0x0000021e25e70000)

Polling page: 0x0000021e078d0000

CodeHeap 'non-profiled nmethods': size=120064Kb used=1304Kb max_used=1304Kb free=118759Kb
 bounds [0x0000021e1b350000, 0x0000021e1b5c0000, 0x0000021e22890000]
CodeHeap 'profiled nmethods': size=120000Kb used=6312Kb max_used=6312Kb free=113687Kb
 bounds [0x0000021e13e20000, 0x0000021e14450000, 0x0000021e1b350000]
CodeHeap 'non-nmethods': size=5696Kb used=1508Kb max_used=1538Kb free=4187Kb
 bounds [0x0000021e13890000, 0x0000021e13b00000, 0x0000021e13e20000]
 total_blobs=4361 nmethods=3020 adapters=717
 compilation: enabled

Compilation events (10 events):
Event: 16.341 Thread 0x0000021e2ad31000 nmethod 3016 0x0000021e14447110 code [0x0000021e14447340, 0x0000021e14447ef0]
Event: 16.341 Thread 0x0000021e2ad31000 3017       3       com.sun.javafx.geom.Path2D::appendOvalQuadrant (567 bytes)
Event: 16.343 Thread 0x0000021e2ad31000 nmethod 3017 0x0000021e14448110 code [0x0000021e144483a0, 0x0000021e144492b0]
Event: 16.344 Thread 0x0000021e2ad31000 3018       3       com.sun.javafx.sg.prism.NGGroup::needsBlending (15 bytes)
Event: 16.344 Thread 0x0000021e2ad31000 nmethod 3018 0x0000021e14449490 code [0x0000021e14449640, 0x0000021e14449898]
Event: 16.347 Thread 0x0000021e2ad31000 3019       3       java.lang.Math::floor (5 bytes)
Event: 16.347 Thread 0x0000021e2ad31000 nmethod 3019 0x0000021e14449910 code [0x0000021e14449b00, 0x0000021e14449cd0]
Event: 16.347 Thread 0x0000021e2ad31000 3020       3       java.lang.StrictMath::floor (12 bytes)
Event: 16.347 Thread 0x0000021e2ad31000 nmethod 3020 0x0000021e14449d90 code [0x0000021e14449f60, 0x0000021e1444a0f0]
Event: 16.348 Thread 0x0000021e2ad28000 nmethod 3014 0x0000021e1b495c90 code [0x0000021e1b495e40, 0x0000021e1b496078]

GC Heap History (6 events):
Event: 0.514 GC heap before
{Heap before GC invocations=0 (full 0):
 garbage-first heap   total 131072K, used 14336K [0x0000000081000000, 0x0000000081100400, 0x0000000100000000)
  region size 1024K, 14 young (14336K), 0 survivors (0K)
 Metaspace       used 10048K, capacity 10640K, committed 10880K, reserved 1058816K
  class space    used 977K, capacity 1104K, committed 1152K, reserved 1048576K
}
Event: 0.519 GC heap after
{Heap after GC invocations=1 (full 0):
 garbage-first heap   total 131072K, used 3480K [0x0000000081000000, 0x0000000081100400, 0x0000000100000000)
  region size 1024K, 2 young (2048K), 2 survivors (2048K)
 Metaspace       used 10048K, capacity 10640K, committed 10880K, reserved 1058816K
  class space    used 977K, capacity 1104K, committed 1152K, reserved 1048576K
}
Event: 0.803 GC heap before
{Heap before GC invocations=1 (full 0):
 garbage-first heap   total 131072K, used 13720K [0x0000000081000000, 0x0000000081100400, 0x0000000100000000)
  region size 1024K, 12 young (12288K), 2 survivors (2048K)
 Metaspace       used 13721K, capacity 14342K, committed 14592K, reserved 1062912K
  class space    used 1315K, capacity 1451K, committed 1536K, reserved 1048576K
}
Event: 0.809 GC heap after
{Heap after GC invocations=2 (full 0):
 garbage-first heap   total 131072K, used 6331K [0x0000000081000000, 0x0000000081100400, 0x0000000100000000)
  region size 1024K, 2 young (2048K), 2 survivors (2048K)
 Metaspace       used 13721K, capacity 14342K, committed 14592K, reserved 1062912K
  class space    used 1315K, capacity 1451K, committed 1536K, reserved 1048576K
}
Event: 1.342 GC heap before
{Heap before GC invocations=2 (full 0):
 garbage-first heap   total 131072K, used 19643K [0x0000000081000000, 0x0000000081100400, 0x0000000100000000)
  region size 1024K, 16 young (16384K), 2 survivors (2048K)
 Metaspace       used 20088K, capacity 21234K, committed 21248K, reserved 1069056K
  class space    used 2293K, capacity 2555K, committed 2560K, reserved 1048576K
}
Event: 1.347 GC heap after
{Heap after GC invocations=3 (full 0):
 garbage-first heap   total 131072K, used 9216K [0x0000000081000000, 0x0000000081100400, 0x0000000100000000)
  region size 1024K, 4 young (4096K), 4 survivors (4096K)
 Metaspace       used 20088K, capacity 21234K, committed 21248K, reserved 1069056K
  class space    used 2293K, capacity 2555K, committed 2560K, reserved 1048576K
}

Deoptimization events (10 events):
Event: 1.318 Thread 0x0000021e2b4a6800 Uncommon trap: reason=unstable_if action=reinterpret pc=0x0000021e1b3e172c method=java.util.HashMap.hash(Ljava/lang/Object;)I @ 1 c2
Event: 1.318 Thread 0x0000021e2b4a6800 Uncommon trap: reason=unstable_if action=reinterpret pc=0x0000021e1b3a9b70 method=java.util.HashMap.hash(Ljava/lang/Object;)I @ 1 c2
Event: 1.405 Thread 0x0000021e2b4a6800 Uncommon trap: reason=intrinsic_or_type_checked_inlining action=make_not_entrant pc=0x0000021e1b3d54d4 method=java.util.Arrays.copyOf([Ljava/lang/Object;ILjava/lang/Class;)[Ljava/lang/Object; @ 35 c2
Event: 1.473 Thread 0x0000021e2b4a6800 Uncommon trap: reason=class_check action=maybe_recompile pc=0x0000021e1b360ed4 method=java.lang.String.equals(Ljava/lang/Object;)Z @ 8 c2
Event: 1.473 Thread 0x0000021e2b4a6800 Uncommon trap: reason=class_check action=maybe_recompile pc=0x0000021e1b360ed4 method=java.lang.String.equals(Ljava/lang/Object;)Z @ 8 c2
Event: 1.473 Thread 0x0000021e2b4a6800 Uncommon trap: reason=class_check action=maybe_recompile pc=0x0000021e1b360ed4 method=java.lang.String.equals(Ljava/lang/Object;)Z @ 8 c2
Event: 1.474 Thread 0x0000021e2b4a6800 Uncommon trap: reason=class_check action=maybe_recompile pc=0x0000021e1b360ed4 method=java.lang.String.equals(Ljava/lang/Object;)Z @ 8 c2
Event: 2.846 Thread 0x0000021e2b4a6800 Uncommon trap: reason=unstable_if action=reinterpret pc=0x0000021e1b3c4774 method=jdk.internal.org.objectweb.asm.Type.getArgumentsAndReturnSizes(Ljava/lang/String;)I @ 47 c2
Event: 2.969 Thread 0x0000021e2b4a6800 Uncommon trap: reason=unstable_if action=reinterpret pc=0x0000021e1b436a9c method=java.lang.CharacterDataLatin1.isWhitespace(I)Z @ 14 c2
Event: 5.965 Thread 0x0000021e2b4a6800 Uncommon trap: reason=unstable_if action=reinterpret pc=0x0000021e1b391444 method=java.lang.AbstractStringBuilder.append(Ljava/lang/String;)Ljava/lang/AbstractStringBuilder; @ 1 c2

Classes redefined (0 events):
No events

Internal exceptions (10 events):
Event: 3.104 Thread 0x0000021e2b400800 Exception <a 'java/lang/NoSuchMethodError'{0x000000008858b2b0}: java.lang.invoke.DirectMethodHandle$Holder.invokeStaticInit(Ljava/lang/Object;I)Ljava/lang/Object;> (0x000000008858b2b0) thrown at [t:/workspace/hotspot/src/share/vm/interpreter/linkResolver.
Event: 4.405 Thread 0x0000021e2b4a6800 Exception <a 'java/lang/NoSuchMethodError'{0x0000000088461fd0}: method resolution failed> (0x0000000088461fd0) thrown at [t:/workspace/hotspot/src/share/vm/prims/methodHandles.cpp, line 1256]
Event: 4.406 Thread 0x0000021e2b4a6800 Exception <a 'java/lang/NoSuchMethodError'{0x0000000088469488}: java.lang.invoke.DirectMethodHandle$Holder.invokeStatic(Ljava/lang/Object;Ljava/lang/Object;IIIIILjava/lang/Object;)Ljava/lang/Object;> (0x0000000088469488) thrown at [t:/workspace/hotspot/sr
Event: 4.406 Thread 0x0000021e2b4a6800 Exception <a 'java/lang/NoSuchMethodError'{0x000000008846cf38}: method resolution failed> (0x000000008846cf38) thrown at [t:/workspace/hotspot/src/share/vm/prims/methodHandles.cpp, line 1256]
Event: 4.407 Thread 0x0000021e2b4a6800 Exception <a 'java/lang/NoSuchMethodError'{0x00000000884738f8}: method resolution failed> (0x00000000884738f8) thrown at [t:/workspace/hotspot/src/share/vm/prims/methodHandles.cpp, line 1256]
Event: 4.407 Thread 0x0000021e2b4a6800 Exception <a 'java/lang/NoSuchMethodError'{0x000000008847b188}: java.lang.invoke.DirectMethodHandle$Holder.invokeStatic(Ljava/lang/Object;Ljava/lang/Object;Ljava/lang/Object;IIIII)Ljava/lang/Object;> (0x000000008847b188) thrown at [t:/workspace/hotspot/sr
Event: 4.408 Thread 0x0000021e2b4a6800 Exception <a 'java/lang/NoSuchMethodError'{0x00000000883c6118}: method resolution failed> (0x00000000883c6118) thrown at [t:/workspace/hotspot/src/share/vm/prims/methodHandles.cpp, line 1256]
Event: 5.965 Thread 0x0000021e2b4a6800 Implicit null exception at 0x0000021e1b390f74 to 0x0000021e1b39142d
Event: 5.965 Thread 0x0000021e2b4a6800 Exception <a 'java/io/FileNotFoundException'{0x0000000088169e88}> (0x0000000088169e88) thrown at [t:/workspace/hotspot/src/share/vm/prims/jni.cpp, line 604]
Event: 5.966 Thread 0x0000021e2b4a6800 Exception <a 'java/io/FileNotFoundException'{0x000000008816a7f8}> (0x000000008816a7f8) thrown at [t:/workspace/hotspot/src/share/vm/prims/jni.cpp, line 604]

Events (10 events):
Event: 5.986 loading class org/sintef/jarduino/msg/Eeprom_readMsg
Event: 5.986 loading class org/sintef/jarduino/msg/Eeprom_readMsg done
Event: 5.986 loading class org/sintef/jarduino/msg/Eeprom_sync_writeMsg
Event: 5.986 loading class org/sintef/jarduino/msg/Eeprom_sync_writeMsg done
Event: 5.987 loading class org/sintef/jarduino/msg/Eeprom_writeMsg
Event: 5.987 loading class org/sintef/jarduino/msg/Eeprom_writeMsg done
Event: 16.442 loading class gnu/io/SerialPortEvent
Event: 16.442 loading class gnu/io/SerialPortEvent done
Event: 16.442 Executing VM operation: RevokeBias
Event: 16.442 Executing VM operation: RevokeBias done


Dynamic libraries:
0x00007ff7391f0000 - 0x00007ff73922e000 	C:\Program Files\Java\jdk-9.0.4\bin\java.exe
0x00007ffe5a000000 - 0x00007ffe5a1e0000 	C:\WINDOWS\SYSTEM32\ntdll.dll
0x00007ffe59e10000 - 0x00007ffe59ebe000 	C:\WINDOWS\System32\KERNEL32.DLL
0x00007ffe56610000 - 0x00007ffe56876000 	C:\WINDOWS\System32\KERNELBASE.dll
0x00007ffe574d0000 - 0x00007ffe57571000 	C:\WINDOWS\System32\ADVAPI32.dll
0x00007ffe590e0000 - 0x00007ffe5917d000 	C:\WINDOWS\System32\msvcrt.dll
0x00007ffe59820000 - 0x00007ffe5987b000 	C:\WINDOWS\System32\sechost.dll
0x00007ffe59cd0000 - 0x00007ffe59def000 	C:\WINDOWS\System32\RPCRT4.dll
0x00007ffe57630000 - 0x00007ffe577bf000 	C:\WINDOWS\System32\USER32.dll
0x00007ffe56fd0000 - 0x00007ffe56ff0000 	C:\WINDOWS\System32\win32u.dll
0x00007ffe59c70000 - 0x00007ffe59c98000 	C:\WINDOWS\System32\GDI32.dll
0x00007ffe572e0000 - 0x00007ffe57473000 	C:\WINDOWS\System32\gdi32full.dll
0x00007ffe57240000 - 0x00007ffe572db000 	C:\WINDOWS\System32\msvcp_win.dll
0x00007ffe56510000 - 0x00007ffe56606000 	C:\WINDOWS\System32\ucrtbase.dll
0x00007ffe4b300000 - 0x00007ffe4b569000 	C:\WINDOWS\WinSxS\amd64_microsoft.windows.common-controls_6595b64144ccf1df_6.0.16299.309_none_15cfd4c4935e6b11\COMCTL32.dll
0x00007ffe51380000 - 0x00007ffe5138a000 	C:\WINDOWS\SYSTEM32\VERSION.dll
0x00007ffe577c0000 - 0x00007ffe57ac8000 	C:\WINDOWS\System32\combase.dll
0x00007ffe56ff0000 - 0x00007ffe57062000 	C:\WINDOWS\System32\bcryptPrimitives.dll
0x00007ffe59ca0000 - 0x00007ffe59ccd000 	C:\WINDOWS\System32\IMM32.DLL
0x00007ffe4e720000 - 0x00007ffe4e80f000 	C:\Program Files\Java\jdk-9.0.4\bin\msvcr120.dll
0x00007ffe4e670000 - 0x00007ffe4e716000 	C:\Program Files\Java\jdk-9.0.4\bin\msvcp120.dll
0x000000006e5c0000 - 0x000000006efe5000 	C:\Program Files\Java\jdk-9.0.4\bin\server\jvm.dll
0x00007ffe59180000 - 0x00007ffe59188000 	C:\WINDOWS\System32\PSAPI.DLL
0x00007ffe4b1a0000 - 0x00007ffe4b1a9000 	C:\WINDOWS\SYSTEM32\WSOCK32.dll
0x00007ffe54610000 - 0x00007ffe54633000 	C:\WINDOWS\SYSTEM32\WINMM.dll
0x00007ffe59c00000 - 0x00007ffe59c6c000 	C:\WINDOWS\System32\WS2_32.dll
0x00007ffe545b0000 - 0x00007ffe545da000 	C:\WINDOWS\SYSTEM32\WINMMBASE.dll
0x00007ffe57480000 - 0x00007ffe574ca000 	C:\WINDOWS\System32\cfgmgr32.dll
0x00007ffe530d0000 - 0x00007ffe530df000 	C:\Program Files\Java\jdk-9.0.4\bin\verify.dll
0x00007ffe43550000 - 0x00007ffe43577000 	C:\Program Files\Java\jdk-9.0.4\bin\java.dll
0x00007ffe419a0000 - 0x00007ffe419ca000 	C:\Program Files\Java\jdk-9.0.4\bin\instrument.dll
0x00007ffe503f0000 - 0x00007ffe50406000 	C:\Program Files\Java\jdk-9.0.4\bin\zip.dll
0x00007ffe4f790000 - 0x00007ffe4f79a000 	C:\Program Files\Java\jdk-9.0.4\bin\jimage.dll
0x00007ffe57ad0000 - 0x00007ffe58f06000 	C:\WINDOWS\System32\SHELL32.dll
0x00007ffe57580000 - 0x00007ffe57626000 	C:\WINDOWS\System32\shcore.dll
0x00007ffe56880000 - 0x00007ffe56fc7000 	C:\WINDOWS\System32\windows.storage.dll
0x00007ffe59b20000 - 0x00007ffe59b71000 	C:\WINDOWS\System32\shlwapi.dll
0x00007ffe563e0000 - 0x00007ffe563f1000 	C:\WINDOWS\System32\kernel.appcore.dll
0x00007ffe56370000 - 0x00007ffe563bc000 	C:\WINDOWS\System32\powrprof.dll
0x00007ffe563c0000 - 0x00007ffe563db000 	C:\WINDOWS\System32\profapi.dll
0x00007ffe43a60000 - 0x00007ffe43a7a000 	C:\Program Files\Java\jdk-9.0.4\bin\net.dll
0x00007ffe4fc00000 - 0x00007ffe4fcde000 	C:\WINDOWS\SYSTEM32\WINHTTP.dll
0x00007ffe55be0000 - 0x00007ffe55c46000 	C:\WINDOWS\system32\mswsock.dll
0x00007ffe43460000 - 0x00007ffe43471000 	C:\Program Files\Java\jdk-9.0.4\bin\nio.dll
0x00007ffe41980000 - 0x00007ffe4199a000 	D:\IntelliJ IDEA 2017.3.3\bin\breakgen64.dll
0x0000021e07970000 - 0x0000021e07973000 	C:\Program Files\Java\jdk-9.0.4\bin\api-ms-win-core-console-l1-1-0.dll
0x0000021e07980000 - 0x0000021e07983000 	C:\Program Files\Java\jdk-9.0.4\bin\api-ms-win-core-datetime-l1-1-0.dll
0x0000021e07990000 - 0x0000021e07993000 	C:\Program Files\Java\jdk-9.0.4\bin\api-ms-win-core-debug-l1-1-0.dll
0x0000021e2baf0000 - 0x0000021e2baf3000 	C:\Program Files\Java\jdk-9.0.4\bin\api-ms-win-core-errorhandling-l1-1-0.dll
0x0000021e2bb00000 - 0x0000021e2bb04000 	C:\Program Files\Java\jdk-9.0.4\bin\api-ms-win-core-file-l1-1-0.dll
0x0000021e2bb10000 - 0x0000021e2bb13000 	C:\Program Files\Java\jdk-9.0.4\bin\api-ms-win-core-file-l1-2-0.dll
0x0000021e2bb20000 - 0x0000021e2bb23000 	C:\Program Files\Java\jdk-9.0.4\bin\api-ms-win-core-file-l2-1-0.dll
0x0000021e2bb30000 - 0x0000021e2bb33000 	C:\Program Files\Java\jdk-9.0.4\bin\api-ms-win-core-handle-l1-1-0.dll
0x0000021e2bb40000 - 0x0000021e2bb43000 	C:\Program Files\Java\jdk-9.0.4\bin\api-ms-win-core-heap-l1-1-0.dll
0x0000021e2bb50000 - 0x0000021e2bb53000 	C:\Program Files\Java\jdk-9.0.4\bin\api-ms-win-core-interlocked-l1-1-0.dll
0x0000021e2bb60000 - 0x0000021e2bb63000 	C:\Program Files\Java\jdk-9.0.4\bin\api-ms-win-core-libraryloader-l1-1-0.dll
0x0000021e2bb70000 - 0x0000021e2bb73000 	C:\Program Files\Java\jdk-9.0.4\bin\api-ms-win-core-localization-l1-2-0.dll
0x0000021e2bb80000 - 0x0000021e2bb83000 	C:\Program Files\Java\jdk-9.0.4\bin\api-ms-win-core-memory-l1-1-0.dll
0x0000021e2bb90000 - 0x0000021e2bb93000 	C:\Program Files\Java\jdk-9.0.4\bin\api-ms-win-core-namedpipe-l1-1-0.dll
0x0000021e2bba0000 - 0x0000021e2bba3000 	C:\Program Files\Java\jdk-9.0.4\bin\api-ms-win-core-processenvironment-l1-1-0.dll
0x0000021e2bbb0000 - 0x0000021e2bbb3000 	C:\Program Files\Java\jdk-9.0.4\bin\api-ms-win-core-processthreads-l1-1-0.dll
0x0000021e2bbc0000 - 0x0000021e2bbc3000 	C:\Program Files\Java\jdk-9.0.4\bin\api-ms-win-core-processthreads-l1-1-1.dll
0x0000021e2bbd0000 - 0x0000021e2bbd3000 	C:\Program Files\Java\jdk-9.0.4\bin\api-ms-win-core-profile-l1-1-0.dll
0x0000021e2bbe0000 - 0x0000021e2bbe3000 	C:\Program Files\Java\jdk-9.0.4\bin\api-ms-win-core-rtlsupport-l1-1-0.dll
0x0000021e2bbf0000 - 0x0000021e2bbf3000 	C:\Program Files\Java\jdk-9.0.4\bin\api-ms-win-core-string-l1-1-0.dll
0x0000021e2bc00000 - 0x0000021e2bc03000 	C:\Program Files\Java\jdk-9.0.4\bin\api-ms-win-core-synch-l1-1-0.dll
0x0000021e2bc10000 - 0x0000021e2bc13000 	C:\Program Files\Java\jdk-9.0.4\bin\api-ms-win-core-synch-l1-2-0.dll
0x0000021e2bc20000 - 0x0000021e2bc23000 	C:\Program Files\Java\jdk-9.0.4\bin\api-ms-win-core-sysinfo-l1-1-0.dll
0x0000021e2bc30000 - 0x0000021e2bc33000 	C:\Program Files\Java\jdk-9.0.4\bin\api-ms-win-core-timezone-l1-1-0.dll
0x0000021e2bc40000 - 0x0000021e2bc43000 	C:\Program Files\Java\jdk-9.0.4\bin\api-ms-win-core-util-l1-1-0.dll
0x0000021e2bc50000 - 0x0000021e2bc53000 	C:\Program Files\Java\jdk-9.0.4\bin\api-ms-win-crt-conio-l1-1-0.dll
0x0000021e2bc60000 - 0x0000021e2bc64000 	C:\Program Files\Java\jdk-9.0.4\bin\api-ms-win-crt-convert-l1-1-0.dll
0x0000021e2bc70000 - 0x0000021e2bc73000 	C:\Program Files\Java\jdk-9.0.4\bin\api-ms-win-crt-environment-l1-1-0.dll
0x0000021e2bc80000 - 0x0000021e2bc83000 	C:\Program Files\Java\jdk-9.0.4\bin\api-ms-win-crt-filesystem-l1-1-0.dll
0x0000021e2bc90000 - 0x0000021e2bc93000 	C:\Program Files\Java\jdk-9.0.4\bin\api-ms-win-crt-heap-l1-1-0.dll
0x0000021e2bca0000 - 0x0000021e2bca3000 	C:\Program Files\Java\jdk-9.0.4\bin\api-ms-win-crt-locale-l1-1-0.dll
0x0000021e2bcb0000 - 0x0000021e2bcb5000 	C:\Program Files\Java\jdk-9.0.4\bin\api-ms-win-crt-math-l1-1-0.dll
0x0000021e2bcc0000 - 0x0000021e2bcc5000 	C:\Program Files\Java\jdk-9.0.4\bin\api-ms-win-crt-multibyte-l1-1-0.dll
0x0000021e2bcd0000 - 0x0000021e2bce0000 	C:\Program Files\Java\jdk-9.0.4\bin\api-ms-win-crt-private-l1-1-0.dll
0x0000021e2bce0000 - 0x0000021e2bce3000 	C:\Program Files\Java\jdk-9.0.4\bin\api-ms-win-crt-process-l1-1-0.dll
0x0000021e2bcf0000 - 0x0000021e2bcf4000 	C:\Program Files\Java\jdk-9.0.4\bin\api-ms-win-crt-runtime-l1-1-0.dll
0x0000021e2bd00000 - 0x0000021e2bd04000 	C:\Program Files\Java\jdk-9.0.4\bin\api-ms-win-crt-stdio-l1-1-0.dll
0x0000021e2bd10000 - 0x0000021e2bd14000 	C:\Program Files\Java\jdk-9.0.4\bin\api-ms-win-crt-string-l1-1-0.dll
0x0000021e2bd20000 - 0x0000021e2bd23000 	C:\Program Files\Java\jdk-9.0.4\bin\api-ms-win-crt-time-l1-1-0.dll
0x0000021e2bd30000 - 0x0000021e2bd33000 	C:\Program Files\Java\jdk-9.0.4\bin\api-ms-win-crt-utility-l1-1-0.dll
0x00007ffe3d080000 - 0x00007ffe3d176000 	C:\Program Files\Java\jdk-9.0.4\bin\ucrtbase.dll
0x00007ffe41960000 - 0x00007ffe41976000 	C:\Program Files\Java\jdk-9.0.4\bin\vcruntime140.dll
0x00007ffe35d30000 - 0x00007ffe35dcc000 	C:\Program Files\Java\jdk-9.0.4\bin\msvcp140.dll
0x00007ffe41890000 - 0x00007ffe418e1000 	C:\Program Files\Java\jdk-9.0.4\bin\concrt140.dll
0x00007ffe41840000 - 0x00007ffe41863000 	C:\Program Files\Java\jdk-9.0.4\bin\prism_d3d.dll
0x00007ffe4b820000 - 0x00007ffe4b9b5000 	C:\WINDOWS\system32\d3d9.dll
0x00007ffe54d70000 - 0x00007ffe54d9a000 	C:\WINDOWS\SYSTEM32\dwmapi.dll
0x00007ffe54b20000 - 0x00007ffe54bb5000 	C:\WINDOWS\system32\uxtheme.dll
0x00007ffe4eee0000 - 0x00007ffe4efcb000 	C:\WINDOWS\System32\DriverStore\FileRepository\nv_dispi.inf_amd64_5601d21ccd639df9\nvldumdx.dll
0x00007ffe57070000 - 0x00007ffe5723e000 	C:\WINDOWS\System32\crypt32.dll
0x00007ffe56350000 - 0x00007ffe56362000 	C:\WINDOWS\System32\MSASN1.dll
0x00007ffe56400000 - 0x00007ffe56458000 	C:\WINDOWS\System32\WINTRUST.DLL
0x00007ffe59df0000 - 0x00007ffe59e0d000 	C:\WINDOWS\System32\imagehlp.dll
0x00007ffe55db0000 - 0x00007ffe55dc7000 	C:\WINDOWS\SYSTEM32\CRYPTSP.dll
0x00007ffe557e0000 - 0x00007ffe55813000 	C:\WINDOWS\system32\rsaenh.dll
0x00007ffe55eb0000 - 0x00007ffe55ed5000 	C:\WINDOWS\SYSTEM32\bcrypt.dll
0x00007ffe55da0000 - 0x00007ffe55dab000 	C:\WINDOWS\SYSTEM32\CRYPTBASE.dll
0x00007ffe24f00000 - 0x00007ffe2610a000 	C:\WINDOWS\System32\DriverStore\FileRepository\nv_dispi.inf_amd64_5601d21ccd639df9\nvd3dumx.dll
0x00007ffe41d80000 - 0x00007ffe41fd9000 	C:\WINDOWS\system32\nvspcap64.dll
0x00007ffe591a0000 - 0x00007ffe592e9000 	C:\WINDOWS\System32\ole32.dll
0x00007ffe55480000 - 0x00007ffe554b1000 	C:\WINDOWS\SYSTEM32\ntmarta.dll
0x00007ffe417d0000 - 0x00007ffe4181a000 	C:\Program Files\Java\jdk-9.0.4\bin\glass.dll
0x00007ffe59ec0000 - 0x00007ffe59fca000 	C:\WINDOWS\System32\COMDLG32.dll
0x00007ffe592f0000 - 0x00007ffe593b5000 	C:\WINDOWS\System32\OLEAUT32.dll
0x00007ffe58f70000 - 0x00007ffe590d7000 	C:\WINDOWS\System32\MSCTF.dll
0x00007ffe4a830000 - 0x00007ffe4a91b000 	C:\Program Files (x86)\NVIDIA Corporation\3D Vision\nvSCPAPI64.dll
0x00007ffe593d0000 - 0x00007ffe5981e000 	C:\WINDOWS\System32\SETUPAPI.dll
0x00007ffe559b0000 - 0x00007ffe55a66000 	C:\WINDOWS\SYSTEM32\DNSAPI.dll
0x00007ffe593c0000 - 0x00007ffe593c8000 	C:\WINDOWS\System32\NSI.dll
0x00007ffe55970000 - 0x00007ffe559a9000 	C:\WINDOWS\SYSTEM32\IPHLPAPI.DLL
0x0000000074e80000 - 0x0000000074ea6000 	C:\Program Files\Bonjour\mdnsNSP.dll
0x00007ffe4ec00000 - 0x00007ffe4ec0a000 	C:\Windows\System32\rasadhlp.dll
0x00007ffe4ed20000 - 0x00007ffe4ed90000 	C:\WINDOWS\System32\fwpuclnt.dll
0x00007ffe41770000 - 0x00007ffe41784000 	C:\Program Files\Java\jdk-9.0.4\bin\javafx_font.dll
0x00007ffe2c2d0000 - 0x00007ffe2c469000 	C:\Program Files\Java\jdk-9.0.4\bin\awt.dll
0x00007ffe53ab0000 - 0x00007ffe54068000 	C:\WINDOWS\SYSTEM32\d2d1.dll
0x00007ffe54830000 - 0x00007ffe548b8000 	C:\WINDOWS\SYSTEM32\apphelp.dll
0x00007ffe31f00000 - 0x00007ffe31f9d000 	C:\Program Files\Java\jdk-9.0.4\bin\fontmanager.dll
0x00007ffe40480000 - 0x00007ffe4078f000 	C:\WINDOWS\SYSTEM32\dwrite.dll
0x00007ffe59a80000 - 0x00007ffe59b1e000 	C:\WINDOWS\System32\clbcatq.dll
0x00007ffe52320000 - 0x00007ffe524cb000 	C:\WINDOWS\SYSTEM32\WindowsCodecs.dll
0x00007ffe484f0000 - 0x00007ffe4853f000 	C:\WINDOWS\system32\dataexchange.dll
0x00007ffe537c0000 - 0x00007ffe53aa2000 	C:\WINDOWS\system32\d3d11.dll

VM Arguments:
jvm_args: -javaagent:D:\IntelliJ IDEA 2017.3.3\lib\idea_rt.jar=59450:D:\IntelliJ IDEA 2017.3.3\bin -Dfile.encoding=UTF-8 
java_command: sample.Main
java_class_path (initial): C:\Users\Luke\IdeaProjects\EducationalTool\out\production\EducationalTool;D:\mysql-connector-java-5.1.46\mysql-connector-java-5.1.46.jar;C:\Users\Luke\Documents\mfz-rxtx-2.2-20081207-win-x64\RXTXcomm.jar;D:\Downloads\JArduino-0.1.7\JArduino-0.1.7\jarduino.samples\lib\jmf.jar;D:\Downloads\JArduino-0.1.7\JArduino-0.1.7\jarduino.samples\lib\jstun.jar;D:\Downloads\JArduino-0.1.7\JArduino-0.1.7\jarduino.samples\lib\jcommon-1.0.15.jar;D:\Downloads\JArduino-0.1.7\JArduino-0.1.7\jarduino.samples\lib\jcommon-1.0.16.jar;D:\Downloads\JArduino-0.1.7\JArduino-0.1.7\jarduino.samples\lib\jfreechart-1.0.13.jar;D:\Downloads\JArduino-0.1.7\JArduino-0.1.7\jarduino.samples\lib\voiceclearly-1.0.0.jar;D:\Downloads\JArduino-0.1.7\JArduino-0.1.7\jarduino.samples\lib\twitter4j-core-2.2.2.jar;D:\Downloads\JArduino-0.1.7\JArduino-0.1.7\jarduino.samples\lib\org.kevoree.extra.osgi.rxtx-2.2.0.jar;D:\Downloads\JArduino-0.1.7\JArduino-0.1.7\jarduino.samples\lib\org.sintef.jarduino.gui-0.1.7-SNAPSHOT.jar;D:\Downloads\JArduino-0.1.7\JArduino-0.1.7\jarduino.samples\lib\org.sintef.jarduino.core-0.1.7-SNAPSHOT.jar
Launcher Type: SUN_STANDARD

Logging:
Log output configuration:
#0: stdout all=warning uptime,level,tags
#1: stderr all=off uptime,level,tags

Environment Variables:
JAVA_HOME=C:\Program Files (x86)\Java\jdk1.8.0_161
PATH=C:\Program Files (x86)\Common Files\Intel\Shared Libraries\redist\ia32\compiler;C:\Program Files (x86)\Common Files\Intel\Shared Libraries\redist\intel64\compiler;C:\ProgramData\Oracle\Java\javapath;C:\WINDOWS\system32;C:\WINDOWS;C:\WINDOWS\System32\Wbem;C:\WINDOWS\System32\WindowsPowerShell\v1.0\;C:\Program Files (x86)\Windows Live\Shared;C:\Program Files\PuTTY\;C:\Program Files\Git\cmd;C:\Program Files (x86)\NVIDIA Corporation\PhysX\Common;C:\RailsInstaller\Git\cmd;C:\RailsInstaller\Ruby2.3.3\bin;C:\Users\Luke\AppData\Local\Microsoft\WindowsApps;
USERNAME=Luke
OS=Windows_NT
PROCESSOR_IDENTIFIER=Intel64 Family 6 Model 94 Stepping 3, GenuineIntel



---------------  S Y S T E M  ---------------

OS: Windows 10 , 64 bit Build 16299 (10.0.16299.15)

CPU:total 4 (initial active 4) (4 cores per cpu, 1 threads per core) family 6 model 94 stepping 3, cmov, cx8, fxsr, mmx, sse, sse2, sse3, ssse3, sse4.1, sse4.2, popcnt, avx, avx2, aes, clmul, erms, rtm, 3dnowpref, lzcnt, tsc, tscinvbit, bmi1, bmi2, adx, fma

Memory: 4k page, physical 8320752k(4188272k free), swap 9893616k(3994796k free)

vm_info: Java HotSpot(TM) 64-Bit Server VM (9.0.4+11) for windows-amd64 JRE (9.0.4+11), built on Dec 20 2017 02:18:54 by "mach5one" with MS VC++ 12.0 (VS2013)

END.
