#
# A fatal error has been detected by the Java Runtime Environment:
#
#  EXCEPTION_ACCESS_VIOLATION (0xc0000005) at pc=0x0000000180005b00, pid=1000, tid=5212
#
# JRE version: Java(TM) SE Runtime Environment (9.0+11) (build 9.0.4+11)
# Java VM: Java HotSpot(TM) 64-Bit Server VM (9.0.4+11, mixed mode, tiered, compressed oops, g1 gc, windows-amd64)
# Problematic frame:
# C  [rxtxSerial.dll+0x5b00]
#
# No core dump will be written. Minidumps are not enabled by default on client versions of Windows
#
# If you would like to submit a bug report, please visit:
#   http://bugreport.java.com/bugreport/crash.jsp
# The crash happened outside the Java Virtual Machine in native code.
# See problematic frame for where to report the bug.
#

---------------  S U M M A R Y ------------

Command Line: -javaagent:D:\IntelliJ IDEA 2017.3.3\lib\idea_rt.jar=57294:D:\IntelliJ IDEA 2017.3.3\bin -Dfile.encoding=UTF-8 org.sintef.jarduino.examples.digital.Button

Host: Intel(R) Core(TM) i5-6500 CPU @ 3.20GHz, 4 cores, 7G,  Windows 10 , 64 bit Build 16299 (10.0.16299.15)
Time: Fri Mar 30 19:02:14 2018 GMT Summer Time elapsed time: 3 seconds (0d 0h 0m 3s)

---------------  T H R E A D  ---------------

Current thread (0x000001ba6019b000):  JavaThread "Thread-2" [_thread_in_native, id=5212, stack(0x0000001784140000,0x0000001784240000)]

Stack: [0x0000001784140000,0x0000001784240000],  sp=0x000000178423e8d0,  free space=1018k
Native frames: (J=compiled Java code, j=interpreted, Vv=VM code, C=native code)
C  [rxtxSerial.dll+0x5b00]
C  [rxtxSerial.dll+0x5f3f]
C  0x000001ba46a1921c

Java frames: (J=compiled Java code, j=interpreted, Vv=VM code)
j  gnu.io.RXTXPort.readByte()I+0
j  gnu.io.RXTXPort$SerialInputStream.read()I+81
j  org.sintef.jarduino.comm.Serial4JArduino$SerialReader.serialEvent(Lgnu/io/SerialPortEvent;)V+7
j  gnu.io.RXTXPort.sendEvent(IZ)Z+382
v  ~StubRoutines::call_stub
j  gnu.io.RXTXPort.eventLoop()V+0
j  gnu.io.RXTXPort$MonitorThread.run()V+12
v  ~StubRoutines::call_stub

siginfo: EXCEPTION_ACCESS_VIOLATION (0xc0000005), reading address 0xffffffff8423f278


Register to memory mapping:

RIP=0x0000000180005b00 rxtxSerial.dll
RAX=0x0000000000000001 is an unknown value
RBX=0x0000000000000000 is an unknown value
RCX=0x000000018001d4d5 rxtxSerial.dll
RDX=0xfffffffffffff665 is an unknown value
RSP=0x000000178423e8d0 is pointing into the stack for thread: 0x000001ba6019b000
RBP=
[error occurred during error reporting (printing register info), id 0xc0000005]

Registers:
RAX=0x0000000000000001, RBX=0x0000000000000000, RCX=0x000000018001d4d5, RDX=0xfffffffffffff665
RSP=0x000000178423e8d0, RBP=0x00000000ffffffff, RSI=0x0000000000000000, RDI=0x000001ba6019b218
R8 =0x0000000000000002, R9 =0xfffffffffffff63c, R10=0x000000000000000c, R11=0x8101010101010100
R12=0xffffffff8423f270, R13=0x0000000000000001, R14=0x000000178423ea78, R15=0x0000000000000000
RIP=0x0000000180005b00, EFLAGS=0x0000000000010202

Top of Stack: (sp=0x000000178423e8d0)
0x000000178423e8d0:   0000000000000000 0000000000000000
0x000000178423e8e0:   000000178423ea78 0000000000000000
0x000000178423e8f0:   000001ba6019b000 000000178423ea78
0x000000178423e900:   000001ba5da87608 000000178423ea78
0x000000178423e910:   ffffffffffffffff 0000000000000001
0x000000178423e920:   000001ba60598420 0000000180005f3f
0x000000178423e930:   000001ba6019b218 000001ba6019b218
0x000000178423e940:   000001ba00000001 000000178423e960
0x000000178423e950:   000001ba00000001 000001baffffffff
0x000000178423e960:   000001ba601af160 000000178423ea78
0x000000178423e970:   000000178423eee8 000001ba00000000
0x000000178423e980:   000001ba5da87610 000001ba6019b000
0x000000178423e990:   000001ba5da87610 000001ba6019b000
0x000000178423e9a0:   0000000000000148 000001ba46a19074
0x000000178423e9b0:   0000c88f71c43706 000001ba6019b000
0x000000178423e9c0:   0000000000000000 0000000000000148 

Instructions: (pc=0x0000000180005b00)
0x0000000180005ae0:   15 23 7a 01 00 48 8d 48 60 e8 3a 5d 00 00 4c 8b
0x0000000180005af0:   e5 8b ac 24 88 00 00 00 44 8b ac 24 80 00 00 00
0x0000000180005b00:   45 8b 74 24 08 41 89 5c 24 08 41 8b fd 85 ed 78
0x0000000180005b10:   09 ff 15 e9 14 01 00 44 8b f8 45 85 ed 7e 4a 90 



---------------  P R O C E S S  ---------------

Java Threads: ( => current thread )
  0x000001ba6014d000 JavaThread "DestroyJavaVM" [_thread_blocked, id=11704, stack(0x0000001781e00000,0x0000001781f00000)]
  0x000001ba601a3000 JavaThread "Thread-3" [_thread_blocked, id=9060, stack(0x0000001784240000,0x0000001784340000)]
=>0x000001ba6019b000 JavaThread "Thread-2" [_thread_in_native, id=5212, stack(0x0000001784140000,0x0000001784240000)]
  0x000001ba601ab800 JavaThread "TimerQueue" daemon [_thread_blocked, id=12504, stack(0x0000001784040000,0x0000001784140000)]
  0x000001ba6056e000 JavaThread "D3D Screen Updater" daemon [_thread_blocked, id=14136, stack(0x0000001783f00000,0x0000001784000000)]
  0x000001ba5eab1800 JavaThread "AWT-EventQueue-0" [_thread_blocked, id=11040, stack(0x0000001783e00000,0x0000001783f00000)]
  0x000001ba5e518000 JavaThread "AWT-Windows" daemon [_thread_in_native, id=10164, stack(0x0000001783b00000,0x0000001783c00000)]
  0x000001ba5e517000 JavaThread "AWT-Shutdown" [_thread_blocked, id=14712, stack(0x0000001783a00000,0x0000001783b00000)]
  0x000001ba5e516800 JavaThread "Java2D Disposer" daemon [_thread_blocked, id=3460, stack(0x0000001783900000,0x0000001783a00000)]
  0x000001ba5e4a9000 JavaThread "Service Thread" daemon [_thread_blocked, id=292, stack(0x0000001783500000,0x0000001783600000)]
  0x000001ba5e4a8800 JavaThread "Monitor Ctrl-Break" daemon [_thread_in_native, id=14212, stack(0x0000001783400000,0x0000001783500000)]
  0x000001ba5df7c800 JavaThread "Common-Cleaner" daemon [_thread_blocked, id=13800, stack(0x0000001783300000,0x0000001783400000)]
  0x000001ba5df34800 JavaThread "Sweeper thread" daemon [_thread_blocked, id=9180, stack(0x0000001783200000,0x0000001783300000)]
  0x000001ba5ded9000 JavaThread "C1 CompilerThread2" daemon [_thread_blocked, id=9700, stack(0x0000001783100000,0x0000001783200000)]
  0x000001ba5decd000 JavaThread "C2 CompilerThread1" daemon [_thread_blocked, id=7444, stack(0x0000001783000000,0x0000001783100000)]
  0x000001ba5dec9800 JavaThread "C2 CompilerThread0" daemon [_thread_blocked, id=1620, stack(0x0000001782f00000,0x0000001783000000)]
  0x000001ba5dec5800 JavaThread "Attach Listener" daemon [_thread_blocked, id=11500, stack(0x0000001782e00000,0x0000001782f00000)]
  0x000001ba5dec4800 JavaThread "Signal Dispatcher" daemon [_thread_blocked, id=15248, stack(0x0000001782d00000,0x0000001782e00000)]
  0x000001ba5de79000 JavaThread "Finalizer" daemon [_thread_blocked, id=7456, stack(0x0000001782c00000,0x0000001782d00000)]
  0x000001ba5de70000 JavaThread "Reference Handler" daemon [_thread_blocked, id=4784, stack(0x0000001782b00000,0x0000001782c00000)]

Other Threads:
  0x000001ba5de6b800 VMThread "VM Thread" [stack: 0x0000001782a00000,0x0000001782b00000] [id=332]
  0x000001ba5e316800 WatcherThread [stack: 0x0000001783600000,0x0000001783700000] [id=9392]
  0x000001ba3aafb000 GCTaskThread "GC Thread#0" [stack: 0x0000001781f00000,0x0000001782000000] [id=11140]
  0x000001ba3aafc800 GCTaskThread "GC Thread#1" [stack: 0x0000001782000000,0x0000001782100000] [id=14208]
  0x000001ba3aaff000 GCTaskThread "GC Thread#2" [stack: 0x0000001782100000,0x0000001782200000] [id=9812]
  0x000001ba3ab00000 GCTaskThread "GC Thread#3" [stack: 0x0000001782200000,0x0000001782300000] [id=7400]
  0x000001ba3ab87800 ConcurrentGCThread "G1 Main Marker" [stack: 0x0000001782800000,0x0000001782900000] [id=8524]
  0x000001ba3ab8a800 ConcurrentGCThread "G1 Marker#0" [stack: 0x0000001782900000,0x0000001782a00000] [id=9516]
  0x000001ba3ab15800 ConcurrentGCThread "G1 Refine#0" [stack: 0x0000001782600000,0x0000001782700000] [id=208]
  0x000001ba3ab14800 ConcurrentGCThread "G1 Refine#1" [stack: 0x0000001782500000,0x0000001782600000] [id=5232]
  0x000001ba3ab13800 ConcurrentGCThread "G1 Refine#2" [stack: 0x0000001782400000,0x0000001782500000] [id=14904]
  0x000001ba3ab0b000 ConcurrentGCThread "G1 Refine#3" [stack: 0x0000001782300000,0x0000001782400000] [id=876]
  0x000001ba3ab16800 ConcurrentGCThread "G1 Young RemSet Sampling" [stack: 0x0000001782700000,0x0000001782800000] [id=5344]

Threads with active compile tasks:

VM state:not at safepoint (normal execution)

VM Mutex/Monitor currently owned by a thread: None

Heap address: 0x0000000081000000, size: 2032 MB, Compressed Oops mode: 32-bit
Narrow klass base: 0x0000000000000000, Narrow klass shift: 3
Compressed class space size: 1073741824 Address: 0x0000000100000000

Heap:
 garbage-first heap   total 131072K, used 13211K [0x0000000081000000, 0x0000000081100400, 0x0000000100000000)
  region size 1024K, 13 young (13312K), 2 survivors (2048K)
 Metaspace       used 17013K, capacity 17934K, committed 18048K, reserved 1064960K
  class space    used 1950K, capacity 2151K, committed 2176K, reserved 1048576K
Heap Regions: E=young(eden), S=young(survivor), O=old, HS=humongous(starts), HC=humongous(continues), CS=collection set, F=free, A=archive, TS=gc time stamp, AC=allocation context, TAMS=top-at-mark-start (previous, next)
|   0|0x0000000081000000, 0x00000000810e6e00, 0x0000000081100000| 90%| O|  |TS  1|AC  0|TAMS 0x0000000081000000, 0x0000000081000000|
|   1|0x0000000081100000, 0x0000000081100000, 0x0000000081200000|  0%| F|  |TS  0|AC  0|TAMS 0x0000000081100000, 0x0000000081100000|
|   2|0x0000000081200000, 0x0000000081200000, 0x0000000081300000|  0%| F|  |TS  0|AC  0|TAMS 0x0000000081200000, 0x0000000081200000|
|   3|0x0000000081300000, 0x0000000081300000, 0x0000000081400000|  0%| F|  |TS  0|AC  0|TAMS 0x0000000081300000, 0x0000000081300000|
|   4|0x0000000081400000, 0x0000000081400000, 0x0000000081500000|  0%| F|  |TS  0|AC  0|TAMS 0x0000000081400000, 0x0000000081400000|
|   5|0x0000000081500000, 0x0000000081500000, 0x0000000081600000|  0%| F|  |TS  0|AC  0|TAMS 0x0000000081500000, 0x0000000081500000|
|   6|0x0000000081600000, 0x0000000081600000, 0x0000000081700000|  0%| F|  |TS  0|AC  0|TAMS 0x0000000081600000, 0x0000000081600000|
|   7|0x0000000081700000, 0x0000000081700000, 0x0000000081800000|  0%| F|  |TS  0|AC  0|TAMS 0x0000000081700000, 0x0000000081700000|
|   8|0x0000000081800000, 0x0000000081800000, 0x0000000081900000|  0%| F|  |TS  0|AC  0|TAMS 0x0000000081800000, 0x0000000081800000|
|   9|0x0000000081900000, 0x0000000081900000, 0x0000000081a00000|  0%| F|  |TS  0|AC  0|TAMS 0x0000000081900000, 0x0000000081900000|
|  10|0x0000000081a00000, 0x0000000081a00000, 0x0000000081b00000|  0%| F|  |TS  0|AC  0|TAMS 0x0000000081a00000, 0x0000000081a00000|
|  11|0x0000000081b00000, 0x0000000081b00000, 0x0000000081c00000|  0%| F|  |TS  0|AC  0|TAMS 0x0000000081b00000, 0x0000000081b00000|
|  12|0x0000000081c00000, 0x0000000081c00000, 0x0000000081d00000|  0%| F|  |TS  0|AC  0|TAMS 0x0000000081c00000, 0x0000000081c00000|
|  13|0x0000000081d00000, 0x0000000081d00000, 0x0000000081e00000|  0%| F|  |TS  0|AC  0|TAMS 0x0000000081d00000, 0x0000000081d00000|
|  14|0x0000000081e00000, 0x0000000081e00000, 0x0000000081f00000|  0%| F|  |TS  0|AC  0|TAMS 0x0000000081e00000, 0x0000000081e00000|
|  15|0x0000000081f00000, 0x0000000081f00000, 0x0000000082000000|  0%| F|  |TS  0|AC  0|TAMS 0x0000000081f00000, 0x0000000081f00000|
|  16|0x0000000082000000, 0x0000000082000000, 0x0000000082100000|  0%| F|  |TS  0|AC  0|TAMS 0x0000000082000000, 0x0000000082000000|
|  17|0x0000000082100000, 0x0000000082100000, 0x0000000082200000|  0%| F|  |TS  0|AC  0|TAMS 0x0000000082100000, 0x0000000082100000|
|  18|0x0000000082200000, 0x0000000082200000, 0x0000000082300000|  0%| F|  |TS  0|AC  0|TAMS 0x0000000082200000, 0x0000000082200000|
|  19|0x0000000082300000, 0x0000000082300000, 0x0000000082400000|  0%| F|  |TS  0|AC  0|TAMS 0x0000000082300000, 0x0000000082300000|
|  20|0x0000000082400000, 0x0000000082400000, 0x0000000082500000|  0%| F|  |TS  0|AC  0|TAMS 0x0000000082400000, 0x0000000082400000|
|  21|0x0000000082500000, 0x0000000082500000, 0x0000000082600000|  0%| F|  |TS  0|AC  0|TAMS 0x0000000082500000, 0x0000000082500000|
|  22|0x0000000082600000, 0x0000000082600000, 0x0000000082700000|  0%| F|  |TS  0|AC  0|TAMS 0x0000000082600000, 0x0000000082600000|
|  23|0x0000000082700000, 0x0000000082700000, 0x0000000082800000|  0%| F|  |TS  0|AC  0|TAMS 0x0000000082700000, 0x0000000082700000|
|  24|0x0000000082800000, 0x0000000082800000, 0x0000000082900000|  0%| F|  |TS  0|AC  0|TAMS 0x0000000082800000, 0x0000000082800000|
|  25|0x0000000082900000, 0x0000000082900000, 0x0000000082a00000|  0%| F|  |TS  0|AC  0|TAMS 0x0000000082900000, 0x0000000082900000|
|  26|0x0000000082a00000, 0x0000000082a00000, 0x0000000082b00000|  0%| F|  |TS  0|AC  0|TAMS 0x0000000082a00000, 0x0000000082a00000|
|  27|0x0000000082b00000, 0x0000000082b00000, 0x0000000082c00000|  0%| F|  |TS  0|AC  0|TAMS 0x0000000082b00000, 0x0000000082b00000|
|  28|0x0000000082c00000, 0x0000000082c00000, 0x0000000082d00000|  0%| F|  |TS  0|AC  0|TAMS 0x0000000082c00000, 0x0000000082c00000|
|  29|0x0000000082d00000, 0x0000000082d00000, 0x0000000082e00000|  0%| F|  |TS  0|AC  0|TAMS 0x0000000082d00000, 0x0000000082d00000|
|  30|0x0000000082e00000, 0x0000000082e00000, 0x0000000082f00000|  0%| F|  |TS  0|AC  0|TAMS 0x0000000082e00000, 0x0000000082e00000|
|  31|0x0000000082f00000, 0x0000000082f00000, 0x0000000083000000|  0%| F|  |TS  0|AC  0|TAMS 0x0000000082f00000, 0x0000000082f00000|
|  32|0x0000000083000000, 0x0000000083000000, 0x0000000083100000|  0%| F|  |TS  0|AC  0|TAMS 0x0000000083000000, 0x0000000083000000|
|  33|0x0000000083100000, 0x0000000083100000, 0x0000000083200000|  0%| F|  |TS  0|AC  0|TAMS 0x0000000083100000, 0x0000000083100000|
|  34|0x0000000083200000, 0x0000000083200000, 0x0000000083300000|  0%| F|  |TS  0|AC  0|TAMS 0x0000000083200000, 0x0000000083200000|
|  35|0x0000000083300000, 0x0000000083300000, 0x0000000083400000|  0%| F|  |TS  0|AC  0|TAMS 0x0000000083300000, 0x0000000083300000|
|  36|0x0000000083400000, 0x0000000083400000, 0x0000000083500000|  0%| F|  |TS  0|AC  0|TAMS 0x0000000083400000, 0x0000000083400000|
|  37|0x0000000083500000, 0x0000000083500000, 0x0000000083600000|  0%| F|  |TS  0|AC  0|TAMS 0x0000000083500000, 0x0000000083500000|
|  38|0x0000000083600000, 0x0000000083600000, 0x0000000083700000|  0%| F|  |TS  0|AC  0|TAMS 0x0000000083600000, 0x0000000083600000|
|  39|0x0000000083700000, 0x0000000083700000, 0x0000000083800000|  0%| F|  |TS  0|AC  0|TAMS 0x0000000083700000, 0x0000000083700000|
|  40|0x0000000083800000, 0x0000000083800000, 0x0000000083900000|  0%| F|  |TS  0|AC  0|TAMS 0x0000000083800000, 0x0000000083800000|
|  41|0x0000000083900000, 0x0000000083900000, 0x0000000083a00000|  0%| F|  |TS  0|AC  0|TAMS 0x0000000083900000, 0x0000000083900000|
|  42|0x0000000083a00000, 0x0000000083a00000, 0x0000000083b00000|  0%| F|  |TS  0|AC  0|TAMS 0x0000000083a00000, 0x0000000083a00000|
|  43|0x0000000083b00000, 0x0000000083b00000, 0x0000000083c00000|  0%| F|  |TS  0|AC  0|TAMS 0x0000000083b00000, 0x0000000083b00000|
|  44|0x0000000083c00000, 0x0000000083c00000, 0x0000000083d00000|  0%| F|  |TS  0|AC  0|TAMS 0x0000000083c00000, 0x0000000083c00000|
|  45|0x0000000083d00000, 0x0000000083d00000, 0x0000000083e00000|  0%| F|  |TS  0|AC  0|TAMS 0x0000000083d00000, 0x0000000083d00000|
|  46|0x0000000083e00000, 0x0000000083e00000, 0x0000000083f00000|  0%| F|  |TS  0|AC  0|TAMS 0x0000000083e00000, 0x0000000083e00000|
|  47|0x0000000083f00000, 0x0000000083f00000, 0x0000000084000000|  0%| F|  |TS  0|AC  0|TAMS 0x0000000083f00000, 0x0000000083f00000|
|  48|0x0000000084000000, 0x0000000084000000, 0x0000000084100000|  0%| F|  |TS  0|AC  0|TAMS 0x0000000084000000, 0x0000000084000000|
|  49|0x0000000084100000, 0x0000000084100000, 0x0000000084200000|  0%| F|  |TS  0|AC  0|TAMS 0x0000000084100000, 0x0000000084100000|
|  50|0x0000000084200000, 0x0000000084200000, 0x0000000084300000|  0%| F|  |TS  0|AC  0|TAMS 0x0000000084200000, 0x0000000084200000|
|  51|0x0000000084300000, 0x0000000084300000, 0x0000000084400000|  0%| F|  |TS  0|AC  0|TAMS 0x0000000084300000, 0x0000000084300000|
|  52|0x0000000084400000, 0x0000000084400000, 0x0000000084500000|  0%| F|  |TS  0|AC  0|TAMS 0x0000000084400000, 0x0000000084400000|
|  53|0x0000000084500000, 0x0000000084500000, 0x0000000084600000|  0%| F|  |TS  0|AC  0|TAMS 0x0000000084500000, 0x0000000084500000|
|  54|0x0000000084600000, 0x0000000084600000, 0x0000000084700000|  0%| F|  |TS  0|AC  0|TAMS 0x0000000084600000, 0x0000000084600000|
|  55|0x0000000084700000, 0x0000000084700000, 0x0000000084800000|  0%| F|  |TS  0|AC  0|TAMS 0x0000000084700000, 0x0000000084700000|
|  56|0x0000000084800000, 0x0000000084800000, 0x0000000084900000|  0%| F|  |TS  0|AC  0|TAMS 0x0000000084800000, 0x0000000084800000|
|  57|0x0000000084900000, 0x0000000084900000, 0x0000000084a00000|  0%| F|  |TS  0|AC  0|TAMS 0x0000000084900000, 0x0000000084900000|
|  58|0x0000000084a00000, 0x0000000084a00000, 0x0000000084b00000|  0%| F|  |TS  0|AC  0|TAMS 0x0000000084a00000, 0x0000000084a00000|
|  59|0x0000000084b00000, 0x0000000084b00000, 0x0000000084c00000|  0%| F|  |TS  0|AC  0|TAMS 0x0000000084b00000, 0x0000000084b00000|
|  60|0x0000000084c00000, 0x0000000084c00000, 0x0000000084d00000|  0%| F|  |TS  0|AC  0|TAMS 0x0000000084c00000, 0x0000000084c00000|
|  61|0x0000000084d00000, 0x0000000084d00000, 0x0000000084e00000|  0%| F|  |TS  0|AC  0|TAMS 0x0000000084d00000, 0x0000000084d00000|
|  62|0x0000000084e00000, 0x0000000084e00000, 0x0000000084f00000|  0%| F|  |TS  0|AC  0|TAMS 0x0000000084e00000, 0x0000000084e00000|
|  63|0x0000000084f00000, 0x0000000084f00000, 0x0000000085000000|  0%| F|  |TS  0|AC  0|TAMS 0x0000000084f00000, 0x0000000084f00000|
|  64|0x0000000085000000, 0x0000000085000000, 0x0000000085100000|  0%| F|  |TS  0|AC  0|TAMS 0x0000000085000000, 0x0000000085000000|
|  65|0x0000000085100000, 0x0000000085100000, 0x0000000085200000|  0%| F|  |TS  0|AC  0|TAMS 0x0000000085100000, 0x0000000085100000|
|  66|0x0000000085200000, 0x0000000085200000, 0x0000000085300000|  0%| F|  |TS  0|AC  0|TAMS 0x0000000085200000, 0x0000000085200000|
|  67|0x0000000085300000, 0x0000000085300000, 0x0000000085400000|  0%| F|  |TS  0|AC  0|TAMS 0x0000000085300000, 0x0000000085300000|
|  68|0x0000000085400000, 0x0000000085400000, 0x0000000085500000|  0%| F|  |TS  0|AC  0|TAMS 0x0000000085400000, 0x0000000085400000|
|  69|0x0000000085500000, 0x0000000085500000, 0x0000000085600000|  0%| F|  |TS  0|AC  0|TAMS 0x0000000085500000, 0x0000000085500000|
|  70|0x0000000085600000, 0x0000000085600000, 0x0000000085700000|  0%| F|  |TS  0|AC  0|TAMS 0x0000000085600000, 0x0000000085600000|
|  71|0x0000000085700000, 0x0000000085700000, 0x0000000085800000|  0%| F|  |TS  0|AC  0|TAMS 0x0000000085700000, 0x0000000085700000|
|  72|0x0000000085800000, 0x0000000085800000, 0x0000000085900000|  0%| F|  |TS  0|AC  0|TAMS 0x0000000085800000, 0x0000000085800000|
|  73|0x0000000085900000, 0x0000000085900000, 0x0000000085a00000|  0%| F|  |TS  0|AC  0|TAMS 0x0000000085900000, 0x0000000085900000|
|  74|0x0000000085a00000, 0x0000000085a00000, 0x0000000085b00000|  0%| F|  |TS  0|AC  0|TAMS 0x0000000085a00000, 0x0000000085a00000|
|  75|0x0000000085b00000, 0x0000000085b00000, 0x0000000085c00000|  0%| F|  |TS  0|AC  0|TAMS 0x0000000085b00000, 0x0000000085b00000|
|  76|0x0000000085c00000, 0x0000000085c00000, 0x0000000085d00000|  0%| F|  |TS  0|AC  0|TAMS 0x0000000085c00000, 0x0000000085c00000|
|  77|0x0000000085d00000, 0x0000000085d00000, 0x0000000085e00000|  0%| F|  |TS  0|AC  0|TAMS 0x0000000085d00000, 0x0000000085d00000|
|  78|0x0000000085e00000, 0x0000000085e00000, 0x0000000085f00000|  0%| F|  |TS  0|AC  0|TAMS 0x0000000085e00000, 0x0000000085e00000|
|  79|0x0000000085f00000, 0x0000000085f00000, 0x0000000086000000|  0%| F|  |TS  0|AC  0|TAMS 0x0000000085f00000, 0x0000000085f00000|
|  80|0x0000000086000000, 0x0000000086000000, 0x0000000086100000|  0%| F|  |TS  0|AC  0|TAMS 0x0000000086000000, 0x0000000086000000|
|  81|0x0000000086100000, 0x0000000086100000, 0x0000000086200000|  0%| F|  |TS  0|AC  0|TAMS 0x0000000086100000, 0x0000000086100000|
|  82|0x0000000086200000, 0x0000000086200000, 0x0000000086300000|  0%| F|  |TS  0|AC  0|TAMS 0x0000000086200000, 0x0000000086200000|
|  83|0x0000000086300000, 0x0000000086300000, 0x0000000086400000|  0%| F|  |TS  0|AC  0|TAMS 0x0000000086300000, 0x0000000086300000|
|  84|0x0000000086400000, 0x0000000086400000, 0x0000000086500000|  0%| F|  |TS  0|AC  0|TAMS 0x0000000086400000, 0x0000000086400000|
|  85|0x0000000086500000, 0x0000000086500000, 0x0000000086600000|  0%| F|  |TS  0|AC  0|TAMS 0x0000000086500000, 0x0000000086500000|
|  86|0x0000000086600000, 0x0000000086600000, 0x0000000086700000|  0%| F|  |TS  0|AC  0|TAMS 0x0000000086600000, 0x0000000086600000|
|  87|0x0000000086700000, 0x0000000086700000, 0x0000000086800000|  0%| F|  |TS  0|AC  0|TAMS 0x0000000086700000, 0x0000000086700000|
|  88|0x0000000086800000, 0x0000000086800000, 0x0000000086900000|  0%| F|  |TS  0|AC  0|TAMS 0x0000000086800000, 0x0000000086800000|
|  89|0x0000000086900000, 0x0000000086900000, 0x0000000086a00000|  0%| F|  |TS  0|AC  0|TAMS 0x0000000086900000, 0x0000000086900000|
|  90|0x0000000086a00000, 0x0000000086a00000, 0x0000000086b00000|  0%| F|  |TS  0|AC  0|TAMS 0x0000000086a00000, 0x0000000086a00000|
|  91|0x0000000086b00000, 0x0000000086b00000, 0x0000000086c00000|  0%| F|  |TS  0|AC  0|TAMS 0x0000000086b00000, 0x0000000086b00000|
|  92|0x0000000086c00000, 0x0000000086c00000, 0x0000000086d00000|  0%| F|  |TS  0|AC  0|TAMS 0x0000000086c00000, 0x0000000086c00000|
|  93|0x0000000086d00000, 0x0000000086d00000, 0x0000000086e00000|  0%| F|  |TS  0|AC  0|TAMS 0x0000000086d00000, 0x0000000086d00000|
|  94|0x0000000086e00000, 0x0000000086e00000, 0x0000000086f00000|  0%| F|  |TS  0|AC  0|TAMS 0x0000000086e00000, 0x0000000086e00000|
|  95|0x0000000086f00000, 0x0000000086f00000, 0x0000000087000000|  0%| F|  |TS  0|AC  0|TAMS 0x0000000086f00000, 0x0000000086f00000|
|  96|0x0000000087000000, 0x0000000087000000, 0x0000000087100000|  0%| F|  |TS  0|AC  0|TAMS 0x0000000087000000, 0x0000000087000000|
|  97|0x0000000087100000, 0x0000000087100000, 0x0000000087200000|  0%| F|  |TS  0|AC  0|TAMS 0x0000000087100000, 0x0000000087100000|
|  98|0x0000000087200000, 0x0000000087200000, 0x0000000087300000|  0%| F|  |TS  0|AC  0|TAMS 0x0000000087200000, 0x0000000087200000|
|  99|0x0000000087300000, 0x0000000087300000, 0x0000000087400000|  0%| F|  |TS  0|AC  0|TAMS 0x0000000087300000, 0x0000000087300000|
| 100|0x0000000087400000, 0x0000000087400000, 0x0000000087500000|  0%| F|  |TS  0|AC  0|TAMS 0x0000000087400000, 0x0000000087400000|
| 101|0x0000000087500000, 0x0000000087500000, 0x0000000087600000|  0%| F|  |TS  0|AC  0|TAMS 0x0000000087500000, 0x0000000087500000|
| 102|0x0000000087600000, 0x0000000087600000, 0x0000000087700000|  0%| F|  |TS  0|AC  0|TAMS 0x0000000087600000, 0x0000000087600000|
| 103|0x0000000087700000, 0x0000000087700000, 0x0000000087800000|  0%| F|  |TS  0|AC  0|TAMS 0x0000000087700000, 0x0000000087700000|
| 104|0x0000000087800000, 0x0000000087800000, 0x0000000087900000|  0%| F|  |TS  0|AC  0|TAMS 0x0000000087800000, 0x0000000087800000|
| 105|0x0000000087900000, 0x0000000087900000, 0x0000000087a00000|  0%| F|  |TS  0|AC  0|TAMS 0x0000000087900000, 0x0000000087900000|
| 106|0x0000000087a00000, 0x0000000087a00000, 0x0000000087b00000|  0%| F|  |TS  0|AC  0|TAMS 0x0000000087a00000, 0x0000000087a00000|
| 107|0x0000000087b00000, 0x0000000087b00000, 0x0000000087c00000|  0%| F|  |TS  0|AC  0|TAMS 0x0000000087b00000, 0x0000000087b00000|
| 108|0x0000000087c00000, 0x0000000087c00000, 0x0000000087d00000|  0%| F|  |TS  0|AC  0|TAMS 0x0000000087c00000, 0x0000000087c00000|
| 109|0x0000000087d00000, 0x0000000087d00000, 0x0000000087e00000|  0%| F|  |TS  0|AC  0|TAMS 0x0000000087d00000, 0x0000000087d00000|
| 110|0x0000000087e00000, 0x0000000087e00000, 0x0000000087f00000|  0%| F|  |TS  0|AC  0|TAMS 0x0000000087e00000, 0x0000000087e00000|
| 111|0x0000000087f00000, 0x0000000087f00000, 0x0000000088000000|  0%| F|  |TS  0|AC  0|TAMS 0x0000000087f00000, 0x0000000087f00000|
| 112|0x0000000088000000, 0x0000000088100000, 0x0000000088100000|100%| S|CS|TS  1|AC  0|TAMS 0x0000000088000000, 0x0000000088000000|
| 113|0x0000000088100000, 0x0000000088200000, 0x0000000088200000|100%| S|CS|TS  1|AC  0|TAMS 0x0000000088100000, 0x0000000088100000|
| 114|0x0000000088200000, 0x0000000088200000, 0x0000000088300000|  0%| F|  |TS  1|AC  0|TAMS 0x0000000088200000, 0x0000000088200000|
| 115|0x0000000088300000, 0x0000000088300000, 0x0000000088400000|  0%| F|  |TS  1|AC  0|TAMS 0x0000000088300000, 0x0000000088300000|
| 116|0x0000000088400000, 0x0000000088400000, 0x0000000088500000|  0%| F|  |TS  1|AC  0|TAMS 0x0000000088400000, 0x0000000088400000|
| 117|0x0000000088500000, 0x0000000088515060, 0x0000000088600000|  8%| E|  |TS  1|AC  0|TAMS 0x0000000088500000, 0x0000000088500000|
| 118|0x0000000088600000, 0x0000000088700000, 0x0000000088700000|100%| E|CS|TS  1|AC  0|TAMS 0x0000000088600000, 0x0000000088600000|
| 119|0x0000000088700000, 0x0000000088800000, 0x0000000088800000|100%| E|CS|TS  1|AC  0|TAMS 0x0000000088700000, 0x0000000088700000|
| 120|0x0000000088800000, 0x0000000088900000, 0x0000000088900000|100%| E|CS|TS  1|AC  0|TAMS 0x0000000088800000, 0x0000000088800000|
| 121|0x0000000088900000, 0x0000000088a00000, 0x0000000088a00000|100%| E|CS|TS  1|AC  0|TAMS 0x0000000088900000, 0x0000000088900000|
| 122|0x0000000088a00000, 0x0000000088b00000, 0x0000000088b00000|100%| E|CS|TS  1|AC  0|TAMS 0x0000000088a00000, 0x0000000088a00000|
| 123|0x0000000088b00000, 0x0000000088c00000, 0x0000000088c00000|100%| E|CS|TS  1|AC  0|TAMS 0x0000000088b00000, 0x0000000088b00000|
| 124|0x0000000088c00000, 0x0000000088d00000, 0x0000000088d00000|100%| E|CS|TS  1|AC  0|TAMS 0x0000000088c00000, 0x0000000088c00000|
| 125|0x0000000088d00000, 0x0000000088e00000, 0x0000000088e00000|100%| E|CS|TS  1|AC  0|TAMS 0x0000000088d00000, 0x0000000088d00000|
| 126|0x0000000088e00000, 0x0000000088f00000, 0x0000000088f00000|100%| E|CS|TS  1|AC  0|TAMS 0x0000000088e00000, 0x0000000088e00000|
| 127|0x0000000088f00000, 0x0000000089000000, 0x0000000089000000|100%| E|CS|TS  1|AC  0|TAMS 0x0000000088f00000, 0x0000000088f00000|

Card table byte_map: [0x000001ba56840000,0x000001ba56c40000] byte_map_base: 0x000001ba56438000

Marking Bits (Prev, Next): (CMBitMap*) 0x000001ba3ab86ed0, (CMBitMap*) 0x000001ba3ab86f08
 Prev Bits: [0x000001ba57040000, 0x000001ba59000000)
 Next Bits: [0x000001ba59000000, 0x000001ba5afc0000)

Polling page: 0x000001ba388f0000

CodeHeap 'non-profiled nmethods': size=120064Kb used=475Kb max_used=475Kb free=119588Kb
 bounds [0x000001ba4e4c0000, 0x000001ba4e730000, 0x000001ba55a00000]
CodeHeap 'profiled nmethods': size=120000Kb used=2311Kb max_used=2311Kb free=117688Kb
 bounds [0x000001ba46f90000, 0x000001ba47200000, 0x000001ba4e4c0000]
CodeHeap 'non-nmethods': size=5696Kb used=1360Kb max_used=1373Kb free=4335Kb
 bounds [0x000001ba46a00000, 0x000001ba46c70000, 0x000001ba46f90000]
 total_blobs=2093 nmethods=1276 adapters=506
 compilation: enabled

Compilation events (10 events):
Event: 2.857 Thread 0x000001ba5ded9000 1273       3       sun.net.www.ParseUtil::firstEncodeIndex (95 bytes)
Event: 2.858 Thread 0x000001ba5ded9000 nmethod 1273 0x000001ba471ced90 code [0x000001ba471cefe0, 0x000001ba471cfbd0]
Event: 2.858 Thread 0x000001ba5ded9000 1274       3       java.io.WinNTFileSystem::prefixLength (91 bytes)
Event: 2.859 Thread 0x000001ba5ded9000 nmethod 1274 0x000001ba471cff90 code [0x000001ba471d02a0, 0x000001ba471d1840]
Event: 2.859 Thread 0x000001ba5ded9000 1275       1       java.net.URL::getUserInfo (5 bytes)
Event: 2.859 Thread 0x000001ba5ded9000 nmethod 1275 0x000001ba4e535d10 code [0x000001ba4e535ec0, 0x000001ba4e535fd8]
Event: 2.859 Thread 0x000001ba5dec9800 nmethod 1269 0x000001ba4e536090 code [0x000001ba4e536220, 0x000001ba4e536398]
Event: 2.859 Thread 0x000001ba5decd000 nmethod 1267 0x000001ba4e536490 code [0x000001ba4e536620, 0x000001ba4e536a38]
Event: 2.859 Thread 0x000001ba5ded9000 1276       1       jdk.internal.loader.URLClassPath$JarLoader::access$700 (5 bytes)
Event: 2.859 Thread 0x000001ba5ded9000 nmethod 1276 0x000001ba4e536c10 code [0x000001ba4e536dc0, 0x000001ba4e536eb8]

GC Heap History (2 events):
Event: 0.511 GC heap before
{Heap before GC invocations=0 (full 0):
 garbage-first heap   total 131072K, used 14336K [0x0000000081000000, 0x0000000081100400, 0x0000000100000000)
  region size 1024K, 14 young (14336K), 0 survivors (0K)
 Metaspace       used 10605K, capacity 11198K, committed 11520K, reserved 1058816K
  class space    used 1046K, capacity 1203K, committed 1280K, reserved 1048576K
}
Event: 0.514 GC heap after
{Heap after GC invocations=1 (full 0):
 garbage-first heap   total 131072K, used 2971K [0x0000000081000000, 0x0000000081100400, 0x0000000100000000)
  region size 1024K, 2 young (2048K), 2 survivors (2048K)
 Metaspace       used 10605K, capacity 11198K, committed 11520K, reserved 1058816K
  class space    used 1046K, capacity 1203K, committed 1280K, reserved 1048576K
}

Deoptimization events (10 events):
Event: 0.557 Thread 0x000001ba3aae5000 Uncommon trap: reason=unstable_if action=reinterpret pc=0x000001ba4e4cc228 method=java.util.HashMap.hash(Ljava/lang/Object;)I @ 1 c2
Event: 0.710 Thread 0x000001ba3aae5000 Uncommon trap: reason=class_check action=maybe_recompile pc=0x000001ba4e5016c0 method=java.util.HashMap.getNode(ILjava/lang/Object;)Ljava/util/HashMap$Node; @ 126 c2
Event: 0.710 Thread 0x000001ba3aae5000 Uncommon trap: reason=class_check action=maybe_recompile pc=0x000001ba4e5016c0 method=java.util.HashMap.getNode(ILjava/lang/Object;)Ljava/util/HashMap$Node; @ 126 c2
Event: 0.719 Thread 0x000001ba3aae5000 Uncommon trap: reason=class_check action=maybe_recompile pc=0x000001ba4e51cb74 method=java.util.HashMap.getNode(ILjava/lang/Object;)Ljava/util/HashMap$Node; @ 126 c2
Event: 0.720 Thread 0x000001ba3aae5000 Uncommon trap: reason=class_check action=maybe_recompile pc=0x000001ba4e51cb74 method=java.util.HashMap.getNode(ILjava/lang/Object;)Ljava/util/HashMap$Node; @ 126 c2
Event: 0.720 Thread 0x000001ba3aae5000 Uncommon trap: reason=class_check action=maybe_recompile pc=0x000001ba4e5016c0 method=java.util.HashMap.getNode(ILjava/lang/Object;)Ljava/util/HashMap$Node; @ 126 c2
Event: 1.888 Thread 0x000001ba5eab1800 Uncommon trap: reason=class_check action=maybe_recompile pc=0x000001ba4e4d11d4 method=java.lang.String.equals(Ljava/lang/Object;)Z @ 8 c2
Event: 1.889 Thread 0x000001ba5eab1800 Uncommon trap: reason=class_check action=maybe_recompile pc=0x000001ba4e4d11d4 method=java.lang.String.equals(Ljava/lang/Object;)Z @ 8 c2
Event: 1.889 Thread 0x000001ba5eab1800 Uncommon trap: reason=class_check action=maybe_recompile pc=0x000001ba4e4d11d4 method=java.lang.String.equals(Ljava/lang/Object;)Z @ 8 c2
Event: 1.889 Thread 0x000001ba5eab1800 Uncommon trap: reason=class_check action=maybe_recompile pc=0x000001ba4e4d11d4 method=java.lang.String.equals(Ljava/lang/Object;)Z @ 8 c2

Classes redefined (0 events):
No events

Internal exceptions (10 events):
Event: 0.471 Thread 0x000001ba3aae5000 Exception <a 'java/lang/NoSuchMethodError'{0x0000000088208650}: method resolution failed> (0x0000000088208650) thrown at [t:/workspace/hotspot/src/share/vm/prims/methodHandles.cpp, line 1256]
Event: 0.509 Thread 0x000001ba3aae5000 Exception <a 'java/lang/ClassNotFoundException'{0x00000000882fb3e8}: com/sun/swing/internal/plaf/metal/resources/spi/metalProvider> (0x00000000882fb3e8) thrown at [t:/workspace/hotspot/src/share/vm/classfile/systemDictionary.cpp, line 218]
Event: 0.515 Thread 0x000001ba3aae5000 Exception <a 'java/lang/ClassNotFoundException'{0x0000000088f826b8}: com/sun/swing/internal/plaf/basic/resources/spi/basicProvider> (0x0000000088f826b8) thrown at [t:/workspace/hotspot/src/share/vm/classfile/systemDictionary.cpp, line 218]
Event: 0.522 Thread 0x000001ba3aae5000 Implicit null exception at 0x000001ba4e4fb558 to 0x000001ba4e4fb5e6
Event: 0.546 Thread 0x000001ba3aae5000 Exception <a 'java/lang/NoSuchMethodError'{0x0000000088ffd4a8}: java.lang.invoke.DirectMethodHandle$Holder.invokeStatic(Ljava/lang/Object;Ljava/lang/Object;Ljava/lang/Object;Ljava/lang/Object;Ljava/lang/Object;Ljava/lang/Object;Ljava/lang/Object;Ljava/lan
Event: 0.547 Thread 0x000001ba3aae5000 Exception <a 'java/lang/NoSuchMethodError'{0x0000000088e1d338}: java.lang.invoke.DirectMethodHandle$Holder.invokeStatic(Ljava/lang/Object;Ljava/lang/Object;Ljava/lang/Object;Ljava/lang/Object;Ljava/lang/Object;Ljava/lang/Object;Ljava/lang/Object;Ljava/lan
Event: 0.549 Thread 0x000001ba3aae5000 Exception <a 'java/lang/NoSuchMethodError'{0x0000000088e3d740}: java.lang.invoke.DirectMethodHandle$Holder.invokeStatic(Ljava/lang/Object;Ljava/lang/Object;Ljava/lang/Object;Ljava/lang/Object;Ljava/lang/Object;Ljava/lang/Object;Ljava/lang/Object;Ljava/lan
Event: 0.552 Thread 0x000001ba3aae5000 Exception <a 'java/lang/NoSuchMethodError'{0x0000000088e5f4a8}: java.lang.invoke.DirectMethodHandle$Holder.invokeStatic(Ljava/lang/Object;Ljava/lang/Object;Ljava/lang/Object;Ljava/lang/Object;Ljava/lang/Object;Ljava/lang/Object;Ljava/lang/Object;Ljava/lan
Event: 0.557 Thread 0x000001ba3aae5000 Implicit null exception at 0x000001ba4e4cc1af to 0x000001ba4e4cc219
Event: 0.767 Thread 0x000001ba3aae5000 Exception <a 'java/lang/NoSuchMethodError'{0x000000008886ae48}: java.lang.invoke.DirectMethodHandle$Holder.invokeStaticInit(Ljava/lang/Object;)V> (0x000000008886ae48) thrown at [t:/workspace/hotspot/src/share/vm/interpreter/linkResolver.cpp, line 731]

Events (10 events):
Event: 2.858 loading class org/sintef/jarduino/msg/PongMsg
Event: 2.858 loading class org/sintef/jarduino/msg/PongMsg done
Event: 2.859 loading class org/sintef/jarduino/msg/InterruptNotificationMsg
Event: 2.859 loading class org/sintef/jarduino/msg/InterruptNotificationMsg done
Event: 2.859 loading class org/sintef/jarduino/msg/Eeprom_valueMsg
Event: 2.859 loading class org/sintef/jarduino/msg/Eeprom_valueMsg done
Event: 2.859 loading class org/sintef/jarduino/msg/Eeprom_write_ackMsg
Event: 2.859 loading class org/sintef/jarduino/msg/Eeprom_write_ackMsg done
Event: 3.455 loading class gnu/io/SerialPortEvent
Event: 3.455 loading class gnu/io/SerialPortEvent done


Dynamic libraries:
0x00007ff772f60000 - 0x00007ff772f9e000 	C:\Program Files\Java\jdk-9.0.4\bin\java.exe
0x00007ffe0afe0000 - 0x00007ffe0b1c0000 	C:\WINDOWS\SYSTEM32\ntdll.dll
0x00007ffe085e0000 - 0x00007ffe0868e000 	C:\WINDOWS\System32\KERNEL32.DLL
0x00007ffe07da0000 - 0x00007ffe08006000 	C:\WINDOWS\System32\KERNELBASE.dll
0x00007ffe09df0000 - 0x00007ffe09e91000 	C:\WINDOWS\System32\ADVAPI32.dll
0x00007ffe086f0000 - 0x00007ffe0878d000 	C:\WINDOWS\System32\msvcrt.dll
0x00007ffe08920000 - 0x00007ffe0897b000 	C:\WINDOWS\System32\sechost.dll
0x00007ffe0a370000 - 0x00007ffe0a48f000 	C:\WINDOWS\System32\RPCRT4.dll
0x00007ffe08790000 - 0x00007ffe0891f000 	C:\WINDOWS\System32\USER32.dll
0x00007ffe08490000 - 0x00007ffe084b0000 	C:\WINDOWS\System32\win32u.dll
0x00007ffe0aa10000 - 0x00007ffe0aa38000 	C:\WINDOWS\System32\GDI32.dll
0x00007ffe07460000 - 0x00007ffe075f3000 	C:\WINDOWS\System32\gdi32full.dll
0x00007ffe08120000 - 0x00007ffe081bb000 	C:\WINDOWS\System32\msvcp_win.dll
0x00007ffe08390000 - 0x00007ffe08486000 	C:\WINDOWS\System32\ucrtbase.dll
0x00007ffdfd800000 - 0x00007ffdfda69000 	C:\WINDOWS\WinSxS\amd64_microsoft.windows.common-controls_6595b64144ccf1df_6.0.16299.309_none_15cfd4c4935e6b11\COMCTL32.dll
0x00007ffe0a060000 - 0x00007ffe0a368000 	C:\WINDOWS\System32\combase.dll
0x00007ffe02b90000 - 0x00007ffe02b9a000 	C:\WINDOWS\SYSTEM32\VERSION.dll
0x00007ffe073e0000 - 0x00007ffe07452000 	C:\WINDOWS\System32\bcryptPrimitives.dll
0x00007ffe08980000 - 0x00007ffe089ad000 	C:\WINDOWS\System32\IMM32.DLL
0x00007ffdf29c0000 - 0x00007ffdf2aaf000 	C:\Program Files\Java\jdk-9.0.4\bin\msvcr120.dll
0x00007ffde8b00000 - 0x00007ffde8ba6000 	C:\Program Files\Java\jdk-9.0.4\bin\msvcp120.dll
0x00000000585b0000 - 0x0000000058fd5000 	C:\Program Files\Java\jdk-9.0.4\bin\server\jvm.dll
0x00007ffe0a7e0000 - 0x00007ffe0a7e8000 	C:\WINDOWS\System32\PSAPI.DLL
0x00007ffe05760000 - 0x00007ffe05783000 	C:\WINDOWS\SYSTEM32\WINMM.dll
0x00007ffe05730000 - 0x00007ffe0575a000 	C:\WINDOWS\SYSTEM32\WINMMBASE.dll
0x00007ffe07600000 - 0x00007ffe0764a000 	C:\WINDOWS\System32\cfgmgr32.dll
0x00007ffdfb8e0000 - 0x00007ffdfb8e9000 	C:\WINDOWS\SYSTEM32\WSOCK32.dll
0x00007ffe0a490000 - 0x00007ffe0a4fc000 	C:\WINDOWS\System32\WS2_32.dll
0x00007ffe05890000 - 0x00007ffe0589f000 	C:\Program Files\Java\jdk-9.0.4\bin\verify.dll
0x00007ffdfdea0000 - 0x00007ffdfdec7000 	C:\Program Files\Java\jdk-9.0.4\bin\java.dll
0x00007ffdf5e00000 - 0x00007ffdf5e2a000 	C:\Program Files\Java\jdk-9.0.4\bin\instrument.dll
0x00007ffdfde50000 - 0x00007ffdfde66000 	C:\Program Files\Java\jdk-9.0.4\bin\zip.dll
0x00007ffe02120000 - 0x00007ffe0212a000 	C:\Program Files\Java\jdk-9.0.4\bin\jimage.dll
0x00007ffe089b0000 - 0x00007ffe09de6000 	C:\WINDOWS\System32\SHELL32.dll
0x00007ffe09fb0000 - 0x00007ffe0a056000 	C:\WINDOWS\System32\shcore.dll
0x00007ffe07650000 - 0x00007ffe07d97000 	C:\WINDOWS\System32\windows.storage.dll
0x00007ffe08580000 - 0x00007ffe085d1000 	C:\WINDOWS\System32\shlwapi.dll
0x00007ffe073a0000 - 0x00007ffe073b1000 	C:\WINDOWS\System32\kernel.appcore.dll
0x00007ffe07350000 - 0x00007ffe0739c000 	C:\WINDOWS\System32\powrprof.dll
0x00007ffe07330000 - 0x00007ffe0734b000 	C:\WINDOWS\System32\profapi.dll
0x00007ffdfde00000 - 0x00007ffdfde1a000 	C:\Program Files\Java\jdk-9.0.4\bin\net.dll
0x00007ffe00f30000 - 0x00007ffe0100e000 	C:\WINDOWS\SYSTEM32\WINHTTP.dll
0x00007ffe06bc0000 - 0x00007ffe06c26000 	C:\WINDOWS\system32\mswsock.dll
0x00007ffdf80e0000 - 0x00007ffdf80f1000 	C:\Program Files\Java\jdk-9.0.4\bin\nio.dll
0x00007ffdf2d20000 - 0x00007ffdf2d3a000 	D:\IntelliJ IDEA 2017.3.3\bin\breakgen64.dll
0x0000000180000000 - 0x0000000180025000 	C:\Windows\System32\rxtxSerial.dll
0x00007ffddd990000 - 0x00007ffdddb29000 	C:\Program Files\Java\jdk-9.0.4\bin\awt.dll
0x00007ffe084b0000 - 0x00007ffe08575000 	C:\WINDOWS\System32\OLEAUT32.dll
0x00007ffe04b10000 - 0x00007ffe050c8000 	C:\WINDOWS\SYSTEM32\d2d1.dll
0x00007ffe081c0000 - 0x00007ffe0838e000 	C:\WINDOWS\System32\CRYPT32.dll
0x00007ffe073c0000 - 0x00007ffe073d2000 	C:\WINDOWS\System32\MSASN1.dll
0x00007ffe05660000 - 0x00007ffe056e8000 	C:\WINDOWS\SYSTEM32\apphelp.dll
0x00007ffe05b00000 - 0x00007ffe05b95000 	C:\WINDOWS\system32\uxtheme.dll
0x00007ffe0a500000 - 0x00007ffe0a667000 	C:\WINDOWS\System32\MSCTF.dll
0x00007ffe05bd0000 - 0x00007ffe05bfa000 	C:\WINDOWS\system32\dwmapi.dll
0x00007ffe0a670000 - 0x00007ffe0a7b9000 	C:\WINDOWS\System32\ole32.dll
0x00007ffde0e80000 - 0x00007ffde0f1d000 	C:\Program Files\Java\jdk-9.0.4\bin\fontmanager.dll
0x00007ffdddec0000 - 0x00007ffdddfde000 	C:\WINDOWS\system32\opengl32.dll
0x00007ffde70a0000 - 0x00007ffde70cc000 	C:\WINDOWS\SYSTEM32\GLU32.dll
0x00007ffdf5e30000 - 0x00007ffdf5fc5000 	C:\WINDOWS\system32\d3d9.dll
0x00007ffe017a0000 - 0x00007ffe0188b000 	C:\WINDOWS\System32\DriverStore\FileRepository\nv_dispi.inf_amd64_5601d21ccd639df9\nvldumdx.dll
0x00007ffe080c0000 - 0x00007ffe08118000 	C:\WINDOWS\System32\WINTRUST.DLL
0x00007ffe0a7c0000 - 0x00007ffe0a7dd000 	C:\WINDOWS\System32\imagehlp.dll
0x00007ffe06d80000 - 0x00007ffe06d97000 	C:\WINDOWS\SYSTEM32\CRYPTSP.dll
0x00007ffe067c0000 - 0x00007ffe067f3000 	C:\WINDOWS\system32\rsaenh.dll
0x00007ffe06e90000 - 0x00007ffe06eb5000 	C:\WINDOWS\SYSTEM32\bcrypt.dll
0x00007ffe06da0000 - 0x00007ffe06dab000 	C:\WINDOWS\SYSTEM32\CRYPTBASE.dll
0x00007ffdd2270000 - 0x00007ffdd347a000 	C:\WINDOWS\System32\DriverStore\FileRepository\nv_dispi.inf_amd64_5601d21ccd639df9\nvd3dumx.dll
0x00007ffdfe430000 - 0x00007ffdfe696000 	C:\WINDOWS\system32\nvspcap64.dll
0x00007ffe06460000 - 0x00007ffe06491000 	C:\WINDOWS\SYSTEM32\ntmarta.dll
0x00007ffdfcf00000 - 0x00007ffdfcfeb000 	C:\Program Files (x86)\NVIDIA Corporation\3D Vision\nvSCPAPI64.dll
0x00007ffe0aaa0000 - 0x00007ffe0aeee000 	C:\WINDOWS\System32\SETUPAPI.dll
0x00007ffde94c0000 - 0x00007ffde9502000 	C:\Program Files\Java\jdk-9.0.4\bin\t2k.dll
0x00007ffdfec10000 - 0x00007ffdfeca8000 	C:\WINDOWS\System32\TextInputFramework.dll
0x00007ffe04a30000 - 0x00007ffe04b0c000 	C:\WINDOWS\System32\CoreMessaging.dll
0x00007ffe028a0000 - 0x00007ffe02b8e000 	C:\WINDOWS\System32\CoreUIComponents.dll
0x00007ffe02e60000 - 0x00007ffe02f96000 	C:\WINDOWS\SYSTEM32\wintypes.dll
0x00007ffdf9820000 - 0x00007ffdf99e8000 	C:\WINDOWS\SYSTEM32\dbghelp.dll

VM Arguments:
jvm_args: -javaagent:D:\IntelliJ IDEA 2017.3.3\lib\idea_rt.jar=57294:D:\IntelliJ IDEA 2017.3.3\bin -Dfile.encoding=UTF-8 
java_command: org.sintef.jarduino.examples.digital.Button
java_class_path (initial): C:\Users\Luke\IdeaProjects\JArduino-0.1.7\jarduino.samples\out\production\main;C:\Users\Luke\IdeaProjects\JArduino-0.1.7\jarduino.samples\lib\org.sintef.jarduino.gui-0.1.7-SNAPSHOT.jar;C:\Users\Luke\IdeaProjects\JArduino-0.1.7\jarduino.samples\lib\org.kevoree.extra.osgi.rxtx-2.2.0.jar;C:\Users\Luke\IdeaProjects\JArduino-0.1.7\jarduino.samples\lib\twitter4j-core-2.2.2.jar;C:\Users\Luke\IdeaProjects\JArduino-0.1.7\jarduino.samples\lib\voiceclearly-1.0.0.jar;C:\Users\Luke\IdeaProjects\JArduino-0.1.7\jarduino.samples\lib\jcommon-1.0.15.jar;C:\Users\Luke\IdeaProjects\JArduino-0.1.7\jarduino.samples\lib\jcommon-1.0.16.jar;C:\Users\Luke\IdeaProjects\JArduino-0.1.7\jarduino.samples\lib\jfreechart-1.0.13.jar;C:\Users\Luke\IdeaProjects\JArduino-0.1.7\jarduino.samples\lib\org.sintef.jarduino.core-0.1.7-SNAPSHOT.jar;C:\Users\Luke\IdeaProjects\JArduino-0.1.7\jarduino.samples\lib\jmf.jar;C:\Users\Luke\IdeaProjects\JArduino-0.1.7\jarduino.samples\lib\jstun.jar
Launcher Type: SUN_STANDARD

Logging:
Log output configuration:
#0: stdout all=warning uptime,level,tags
#1: stderr all=off uptime,level,tags

Environment Variables:
JAVA_HOME=C:\Program Files\Java\jre-9.0.4
PATH=C:\Program Files (x86)\Common Files\Intel\Shared Libraries\redist\ia32\compiler;C:\Program Files (x86)\Common Files\Intel\Shared Libraries\redist\intel64\compiler;C:\ProgramData\Oracle\Java\javapath;C:\WINDOWS\system32;C:\WINDOWS;C:\WINDOWS\System32\Wbem;C:\WINDOWS\System32\WindowsPowerShell\v1.0\;C:\Program Files (x86)\Windows Live\Shared;C:\Program Files\PuTTY\;C:\Program Files\Git\cmd;C:\Program Files (x86)\NVIDIA Corporation\PhysX\Common;C:\RailsInstaller\Git\cmd;C:\RailsInstaller\Ruby2.3.3\bin;C:\Users\Luke\AppData\Local\Microsoft\WindowsApps;
USERNAME=Luke
OS=Windows_NT
PROCESSOR_IDENTIFIER=Intel64 Family 6 Model 94 Stepping 3, GenuineIntel



---------------  S Y S T E M  ---------------

OS: Windows 10 , 64 bit Build 16299 (10.0.16299.15)

CPU:total 4 (initial active 4) (4 cores per cpu, 1 threads per core) family 6 model 94 stepping 3, cmov, cx8, fxsr, mmx, sse, sse2, sse3, ssse3, sse4.1, sse4.2, popcnt, avx, avx2, aes, clmul, erms, rtm, 3dnowpref, lzcnt, tsc, tscinvbit, bmi1, bmi2, adx, fma

Memory: 4k page, physical 8320752k(2309656k free), swap 9950240k(1311912k free)

vm_info: Java HotSpot(TM) 64-Bit Server VM (9.0.4+11) for windows-amd64 JRE (9.0.4+11), built on Dec 20 2017 02:18:54 by "mach5one" with MS VC++ 12.0 (VS2013)

END.
